Linux 6.1.166-197.305.amzn2023.x86_64 (ip-172-31-36-198.ec2.internal) 	04/22/26 	_x86_64_	(2 CPU)

17:19:52        IFACE   rxpck/s   txpck/s    rxkB/s    txkB/s   rxcmp/s   txcmp/s  rxmcst/s   %ifutil
17:19:53           lo      0.00      0.00      0.00      0.00      0.00      0.00      0.00      0.00
17:19:53         ens5    827.00    631.00    164.95    410.12      0.00      0.00      0.00      0.00

17:19:53        IFACE   rxpck/s   txpck/s    rxkB/s    txkB/s   rxcmp/s   txcmp/s  rxmcst/s   %ifutil
17:19:54           lo      0.00      0.00      0.00      0.00      0.00      0.00      0.00      0.00
17:19:54         ens5   2354.00   1909.00    582.60   1050.43      0.00      0.00      0.00      0.00

17:19:54        IFACE   rxpck/s   txpck/s    rxkB/s    txkB/s   rxcmp/s   txcmp/s  rxmcst/s   %ifutil
17:19:55           lo      0.00      0.00      0.00      0.00      0.00      0.00      0.00      0.00
17:19:55         ens5   2125.00   1676.00    574.29    957.26      0.00      0.00      0.00      0.00

17:19:55        IFACE   rxpck/s   txpck/s    rxkB/s    txkB/s   rxcmp/s   txcmp/s  rxmcst/s   %ifutil
17:19:56           lo      0.00      0.00      0.00      0.00      0.00      0.00      0.00      0.00
17:19:56         ens5   1693.00   1289.00    503.67    774.62      0.00      0.00      0.00      0.00

17:19:56        IFACE   rxpck/s   txpck/s    rxkB/s    txkB/s   rxcmp/s   txcmp/s  rxmcst/s   %ifutil
17:19:57           lo      0.00      0.00      0.00      0.00      0.00      0.00      0.00      0.00
17:19:57         ens5   2619.00   1906.00    727.93   1031.73      0.00      0.00      0.00      0.00

17:19:57        IFACE   rxpck/s   txpck/s    rxkB/s    txkB/s   rxcmp/s   txcmp/s  rxmcst/s   %ifutil
17:19:58           lo      0.00      0.00      0.00      0.00      0.00      0.00      0.00      0.00
17:19:58         ens5   1704.00   1285.00    389.56    693.75      0.00      0.00      0.00      0.00

17:19:58        IFACE   rxpck/s   txpck/s    rxkB/s    txkB/s   rxcmp/s   txcmp/s  rxmcst/s   %ifutil
17:19:59           lo      0.00      0.00      0.00      0.00      0.00      0.00      0.00      0.00
17:19:59         ens5   1923.00   1440.00    451.96    773.12      0.00      0.00      0.00      0.00

17:19:59        IFACE   rxpck/s   txpck/s    rxkB/s    txkB/s   rxcmp/s   txcmp/s  rxmcst/s   %ifutil
17:20:00           lo      0.00      0.00      0.00      0.00      0.00      0.00      0.00      0.00
17:20:00         ens5   2472.00   1812.00    579.62    987.35      0.00      0.00      0.00      0.00

17:20:00        IFACE   rxpck/s   txpck/s    rxkB/s    txkB/s   rxcmp/s   txcmp/s  rxmcst/s   %ifutil
17:20:01           lo      0.00      0.00      0.00      0.00      0.00      0.00      0.00      0.00
17:20:01         ens5   2210.00   1630.00    527.82    869.29      0.00      0.00      0.00      0.00

17:20:01        IFACE   rxpck/s   txpck/s    rxkB/s    txkB/s   rxcmp/s   txcmp/s  rxmcst/s   %ifutil
17:20:02           lo      0.00      0.00      0.00      0.00      0.00      0.00      0.00      0.00
17:20:02         ens5   1277.00   1035.00    291.65    511.47      0.00      0.00      0.00      0.00

17:20:02        IFACE   rxpck/s   txpck/s    rxkB/s    txkB/s   rxcmp/s   txcmp/s  rxmcst/s   %ifutil
17:20:03           lo      0.00      0.00      0.00      0.00      0.00      0.00      0.00      0.00
17:20:03         ens5   2339.00   1728.00    532.55    933.06      0.00      0.00      0.00      0.00

17:20:03        IFACE   rxpck/s   txpck/s    rxkB/s    txkB/s   rxcmp/s   txcmp/s  rxmcst/s   %ifutil
17:20:04           lo      0.00      0.00      0.00      0.00      0.00      0.00      0.00      0.00
17:20:04         ens5   2194.00   1623.00    511.26    918.25      0.00      0.00      0.00      0.00

17:20:04        IFACE   rxpck/s   txpck/s    rxkB/s    txkB/s   rxcmp/s   txcmp/s  rxmcst/s   %ifutil
17:20:05           lo      0.00      0.00      0.00      0.00      0.00      0.00      0.00      0.00
17:20:05         ens5   1420.00   1102.00    384.61    664.43      0.00      0.00      0.00      0.00

17:20:05        IFACE   rxpck/s   txpck/s    rxkB/s    txkB/s   rxcmp/s   txcmp/s  rxmcst/s   %ifutil
17:20:06           lo      0.00      0.00      0.00      0.00      0.00      0.00      0.00      0.00
17:20:06         ens5   2393.00   1791.00    675.95   1080.82      0.00      0.00      0.00      0.00

17:20:06        IFACE   rxpck/s   txpck/s    rxkB/s    txkB/s   rxcmp/s   txcmp/s  rxmcst/s   %ifutil
17:20:07           lo      0.00      0.00      0.00      0.00      0.00      0.00      0.00      0.00
17:20:07         ens5   2374.00   1798.00    682.50    985.20      0.00      0.00      0.00      0.00

17:20:07        IFACE   rxpck/s   txpck/s    rxkB/s    txkB/s   rxcmp/s   txcmp/s  rxmcst/s   %ifutil
17:20:08           lo      0.00      0.00      0.00      0.00      0.00      0.00      0.00      0.00
17:20:08         ens5   1419.00   1069.00    414.38    586.83      0.00      0.00      0.00      0.00

17:20:08        IFACE   rxpck/s   txpck/s    rxkB/s    txkB/s   rxcmp/s   txcmp/s  rxmcst/s   %ifutil
17:20:09           lo      0.00      0.00      0.00      0.00      0.00      0.00      0.00      0.00
17:20:09         ens5   2035.00   1535.00    463.29    790.17      0.00      0.00      0.00      0.00

17:20:09        IFACE   rxpck/s   txpck/s    rxkB/s    txkB/s   rxcmp/s   txcmp/s  rxmcst/s   %ifutil
17:20:10           lo      0.00      0.00      0.00      0.00      0.00      0.00      0.00      0.00
17:20:10         ens5   2547.00   1892.00    601.61    995.61      0.00      0.00      0.00      0.00

17:20:10        IFACE   rxpck/s   txpck/s    rxkB/s    txkB/s   rxcmp/s   txcmp/s  rxmcst/s   %ifutil
17:20:11           lo      0.00      0.00      0.00      0.00      0.00      0.00      0.00      0.00
17:20:11         ens5   1804.00   1347.00    423.54    711.11      0.00      0.00      0.00      0.00

17:20:11        IFACE   rxpck/s   txpck/s    rxkB/s    txkB/s   rxcmp/s   txcmp/s  rxmcst/s   %ifutil
17:20:12           lo      0.00      0.00      0.00      0.00      0.00      0.00      0.00      0.00
17:20:12         ens5   1905.00   1436.00    444.57    755.97      0.00      0.00      0.00      0.00

17:20:12        IFACE   rxpck/s   txpck/s    rxkB/s    txkB/s   rxcmp/s   txcmp/s  rxmcst/s   %ifutil
17:20:13           lo      0.00      0.00      0.00      0.00      0.00      0.00      0.00      0.00
17:20:13         ens5   2508.00   1883.00    601.30   1011.82      0.00      0.00      0.00      0.00

17:20:13        IFACE   rxpck/s   txpck/s    rxkB/s    txkB/s   rxcmp/s   txcmp/s  rxmcst/s   %ifutil
17:20:14           lo      0.00      0.00      0.00      0.00      0.00      0.00      0.00      0.00
17:20:14         ens5   2101.00   1581.00    496.29    869.76      0.00      0.00      0.00      0.00

17:20:14        IFACE   rxpck/s   txpck/s    rxkB/s    txkB/s   rxcmp/s   txcmp/s  rxmcst/s   %ifutil
17:20:15           lo      0.00      0.00      0.00      0.00      0.00      0.00      0.00      0.00
17:20:15         ens5   1538.00   1189.00    418.55    685.52      0.00      0.00      0.00      0.00

17:20:15        IFACE   rxpck/s   txpck/s    rxkB/s    txkB/s   rxcmp/s   txcmp/s  rxmcst/s   %ifutil
17:20:16           lo      0.00      0.00      0.00      0.00      0.00      0.00      0.00      0.00
17:20:16         ens5   2433.00   1838.00    683.20   1112.57      0.00      0.00      0.00      0.00

17:20:16        IFACE   rxpck/s   txpck/s    rxkB/s    txkB/s   rxcmp/s   txcmp/s  rxmcst/s   %ifutil
17:20:17           lo      0.00      0.00      0.00      0.00      0.00      0.00      0.00      0.00
17:20:17         ens5   2159.00   1610.00    618.44    884.99      0.00      0.00      0.00      0.00

17:20:17        IFACE   rxpck/s   txpck/s    rxkB/s    txkB/s   rxcmp/s   txcmp/s  rxmcst/s   %ifutil
17:20:18           lo      0.00      0.00      0.00      0.00      0.00      0.00      0.00      0.00
17:20:18         ens5   1513.00   1126.00    360.23    587.27      0.00      0.00      0.00      0.00

17:20:18        IFACE   rxpck/s   txpck/s    rxkB/s    txkB/s   rxcmp/s   txcmp/s  rxmcst/s   %ifutil
17:20:19           lo      0.00      0.00      0.00      0.00      0.00      0.00      0.00      0.00
17:20:19         ens5   2407.00   1794.00    590.19    987.69      0.00      0.00      0.00      0.00

17:20:19        IFACE   rxpck/s   txpck/s    rxkB/s    txkB/s   rxcmp/s   txcmp/s  rxmcst/s   %ifutil
17:20:20           lo      0.00      0.00      0.00      0.00      0.00      0.00      0.00      0.00
17:20:20         ens5   2600.00   1911.00    616.40   1021.60      0.00      0.00      0.00      0.00

17:20:20        IFACE   rxpck/s   txpck/s    rxkB/s    txkB/s   rxcmp/s   txcmp/s  rxmcst/s   %ifutil
17:20:21           lo      0.00      0.00      0.00      0.00      0.00      0.00      0.00      0.00
17:20:21         ens5   1570.00   1190.00    390.49    652.51      0.00      0.00      0.00      0.00

17:20:21        IFACE   rxpck/s   txpck/s    rxkB/s    txkB/s   rxcmp/s   txcmp/s  rxmcst/s   %ifutil
17:20:22           lo      0.00      0.00      0.00      0.00      0.00      0.00      0.00      0.00
17:20:22         ens5   2131.00   1600.00    507.97    837.44      0.00      0.00      0.00      0.00

17:20:22        IFACE   rxpck/s   txpck/s    rxkB/s    txkB/s   rxcmp/s   txcmp/s  rxmcst/s   %ifutil
17:20:23           lo      0.00      0.00      0.00      0.00      0.00      0.00      0.00      0.00
17:20:23         ens5   2537.00   1885.00    607.92   1014.09      0.00      0.00      0.00      0.00

17:20:23        IFACE   rxpck/s   txpck/s    rxkB/s    txkB/s   rxcmp/s   txcmp/s  rxmcst/s   %ifutil
17:20:24           lo      0.00      0.00      0.00      0.00      0.00      0.00      0.00      0.00
17:20:24         ens5   1701.00   1310.00    404.97    747.49      0.00      0.00      0.00      0.00

17:20:24        IFACE   rxpck/s   txpck/s    rxkB/s    txkB/s   rxcmp/s   txcmp/s  rxmcst/s   %ifutil
17:20:25           lo      0.00      0.00      0.00      0.00      0.00      0.00      0.00      0.00
17:20:25         ens5   1794.00   1362.00    485.13    809.34      0.00      0.00      0.00      0.00

17:20:25        IFACE   rxpck/s   txpck/s    rxkB/s    txkB/s   rxcmp/s   txcmp/s  rxmcst/s   %ifutil
17:20:26           lo      0.00      0.00      0.00      0.00      0.00      0.00      0.00      0.00
17:20:26         ens5   2487.00   1855.00    687.26   1098.12      0.00      0.00      0.00      0.00

17:20:26        IFACE   rxpck/s   txpck/s    rxkB/s    txkB/s   rxcmp/s   txcmp/s  rxmcst/s   %ifutil
17:20:27           lo      0.00      0.00      0.00      0.00      0.00      0.00      0.00      0.00
17:20:27         ens5   2126.00   1556.00    592.23    813.28      0.00      0.00      0.00      0.00

17:20:27        IFACE   rxpck/s   txpck/s    rxkB/s    txkB/s   rxcmp/s   txcmp/s  rxmcst/s   %ifutil
17:20:28           lo      0.00      0.00      0.00      0.00      0.00      0.00      0.00      0.00
17:20:28         ens5   1615.00   1202.00    378.51    637.29      0.00      0.00      0.00      0.00

17:20:28        IFACE   rxpck/s   txpck/s    rxkB/s    txkB/s   rxcmp/s   txcmp/s  rxmcst/s   %ifutil
17:20:29           lo      0.00      0.00      0.00      0.00      0.00      0.00      0.00      0.00
17:20:29         ens5   2445.00   1800.00    594.33   1005.34      0.00      0.00      0.00      0.00

17:20:29        IFACE   rxpck/s   txpck/s    rxkB/s    txkB/s   rxcmp/s   txcmp/s  rxmcst/s   %ifutil
17:20:30           lo      0.00      0.00      0.00      0.00      0.00      0.00      0.00      0.00
17:20:30         ens5   2160.00   1643.00    501.64    853.29      0.00      0.00      0.00      0.00

17:20:30        IFACE   rxpck/s   txpck/s    rxkB/s    txkB/s   rxcmp/s   txcmp/s  rxmcst/s   %ifutil
17:20:31           lo      0.00      0.00      0.00      0.00      0.00      0.00      0.00      0.00
17:20:31         ens5    864.00    729.00    216.44    375.83      0.00      0.00      0.00      0.00

17:20:31        IFACE   rxpck/s   txpck/s    rxkB/s    txkB/s   rxcmp/s   txcmp/s  rxmcst/s   %ifutil
17:20:32           lo      0.00      0.00      0.00      0.00      0.00      0.00      0.00      0.00
17:20:32         ens5   1308.00   1031.00    328.98    564.41      0.00      0.00      0.00      0.00

17:20:32        IFACE   rxpck/s   txpck/s    rxkB/s    txkB/s   rxcmp/s   txcmp/s  rxmcst/s   %ifutil
17:20:33           lo      0.00      0.00      0.00      0.00      0.00      0.00      0.00      0.00
17:20:33         ens5   1443.00   1087.00    364.22    596.44      0.00      0.00      0.00      0.00

17:20:33        IFACE   rxpck/s   txpck/s    rxkB/s    txkB/s   rxcmp/s   txcmp/s  rxmcst/s   %ifutil
17:20:34           lo      0.00      0.00      0.00      0.00      0.00      0.00      0.00      0.00
17:20:34         ens5   1214.00   1087.00    298.71    624.17      0.00      0.00      0.00      0.00

17:20:34        IFACE   rxpck/s   txpck/s    rxkB/s    txkB/s   rxcmp/s   txcmp/s  rxmcst/s   %ifutil
17:20:35           lo      0.00      0.00      0.00      0.00      0.00      0.00      0.00      0.00
17:20:35         ens5   2252.00   1796.00    613.96   1016.64      0.00      0.00      0.00      0.00

17:20:35        IFACE   rxpck/s   txpck/s    rxkB/s    txkB/s   rxcmp/s   txcmp/s  rxmcst/s   %ifutil
17:20:36           lo      0.00      0.00      0.00      0.00      0.00      0.00      0.00      0.00
17:20:36         ens5   2416.83   1824.75    663.66   1080.81      0.00      0.00      0.00      0.00

17:20:36        IFACE   rxpck/s   txpck/s    rxkB/s    txkB/s   rxcmp/s   txcmp/s  rxmcst/s   %ifutil
17:20:37           lo      0.00      0.00      0.00      0.00      0.00      0.00      0.00      0.00
17:20:37         ens5   1391.00   1084.00    403.52    578.20      0.00      0.00      0.00      0.00

17:20:37        IFACE   rxpck/s   txpck/s    rxkB/s    txkB/s   rxcmp/s   txcmp/s  rxmcst/s   %ifutil
17:20:38           lo      0.00      0.00      0.00      0.00      0.00      0.00      0.00      0.00
17:20:38         ens5   2510.00   1881.00    580.52    975.34      0.00      0.00      0.00      0.00

17:20:38        IFACE   rxpck/s   txpck/s    rxkB/s    txkB/s   rxcmp/s   txcmp/s  rxmcst/s   %ifutil
17:20:39           lo      0.00      0.00      0.00      0.00      0.00      0.00      0.00      0.00
17:20:39         ens5   2596.00   1940.00    627.97   1037.17      0.00      0.00      0.00      0.00

17:20:39        IFACE   rxpck/s   txpck/s    rxkB/s    txkB/s   rxcmp/s   txcmp/s  rxmcst/s   %ifutil
17:20:40           lo      0.00      0.00      0.00      0.00      0.00      0.00      0.00      0.00
17:20:40         ens5   1489.00   1140.00    358.22    621.31      0.00      0.00      0.00      0.00

17:20:40        IFACE   rxpck/s   txpck/s    rxkB/s    txkB/s   rxcmp/s   txcmp/s  rxmcst/s   %ifutil
17:20:41           lo      0.00      0.00      0.00      0.00      0.00      0.00      0.00      0.00
17:20:41         ens5   2033.00   1590.00    480.95    838.94      0.00      0.00      0.00      0.00

17:20:41        IFACE   rxpck/s   txpck/s    rxkB/s    txkB/s   rxcmp/s   txcmp/s  rxmcst/s   %ifutil
17:20:42           lo      0.00      0.00      0.00      0.00      0.00      0.00      0.00      0.00
17:20:42         ens5   2487.00   1851.00    610.30   1015.65      0.00      0.00      0.00      0.00

17:20:42        IFACE   rxpck/s   txpck/s    rxkB/s    txkB/s   rxcmp/s   txcmp/s  rxmcst/s   %ifutil
17:20:43           lo      0.00      0.00      0.00      0.00      0.00      0.00      0.00      0.00
17:20:43         ens5   1717.00   1305.00    401.42    683.52      0.00      0.00      0.00      0.00

17:20:43        IFACE   rxpck/s   txpck/s    rxkB/s    txkB/s   rxcmp/s   txcmp/s  rxmcst/s   %ifutil
17:20:44           lo      0.00      0.00      0.00      0.00      0.00      0.00      0.00      0.00
17:20:44         ens5   1910.00   1447.00    463.41    853.96      0.00      0.00      0.00      0.00

17:20:44        IFACE   rxpck/s   txpck/s    rxkB/s    txkB/s   rxcmp/s   txcmp/s  rxmcst/s   %ifutil
17:20:45           lo      0.00      0.00      0.00      0.00      0.00      0.00      0.00      0.00
17:20:45         ens5   2458.00   1849.00    622.45   1085.56      0.00      0.00      0.00      0.00

17:20:45        IFACE   rxpck/s   txpck/s    rxkB/s    txkB/s   rxcmp/s   txcmp/s  rxmcst/s   %ifutil
17:20:46           lo      0.00      0.00      0.00      0.00      0.00      0.00      0.00      0.00
17:20:46         ens5   1821.00   1431.00    485.73    849.72      0.00      0.00      0.00      0.00

17:20:46        IFACE   rxpck/s   txpck/s    rxkB/s    txkB/s   rxcmp/s   txcmp/s  rxmcst/s   %ifutil
17:20:47           lo      0.00      0.00      0.00      0.00      0.00      0.00      0.00      0.00
17:20:47         ens5   1731.00   1334.00    559.25    746.01      0.00      0.00      0.00      0.00

17:20:47        IFACE   rxpck/s   txpck/s    rxkB/s    txkB/s   rxcmp/s   txcmp/s  rxmcst/s   %ifutil
17:20:48           lo      0.00      0.00      0.00      0.00      0.00      0.00      0.00      0.00
17:20:48         ens5   2493.00   1852.00    608.32   1028.90      0.00      0.00      0.00      0.00

17:20:48        IFACE   rxpck/s   txpck/s    rxkB/s    txkB/s   rxcmp/s   txcmp/s  rxmcst/s   %ifutil
17:20:49           lo      0.00      0.00      0.00      0.00      0.00      0.00      0.00      0.00
17:20:49         ens5   1925.00   1473.00    484.95    809.35      0.00      0.00      0.00      0.00

17:20:49        IFACE   rxpck/s   txpck/s    rxkB/s    txkB/s   rxcmp/s   txcmp/s  rxmcst/s   %ifutil
17:20:50           lo      0.00      0.00      0.00      0.00      0.00      0.00      0.00      0.00
17:20:50         ens5   1656.00   1283.00    384.59    692.68      0.00      0.00      0.00      0.00

17:20:50        IFACE   rxpck/s   txpck/s    rxkB/s    txkB/s   rxcmp/s   txcmp/s  rxmcst/s   %ifutil
17:20:51           lo      0.00      0.00      0.00      0.00      0.00      0.00      0.00      0.00
17:20:51         ens5   2534.00   1908.00    605.31   1029.76      0.00      0.00      0.00      0.00

17:20:51        IFACE   rxpck/s   txpck/s    rxkB/s    txkB/s   rxcmp/s   txcmp/s  rxmcst/s   %ifutil
17:20:52           lo      0.00      0.00      0.00      0.00      0.00      0.00      0.00      0.00
17:20:52         ens5   2181.00   1670.00    514.28    880.05      0.00      0.00      0.00      0.00

17:20:52        IFACE   rxpck/s   txpck/s    rxkB/s    txkB/s   rxcmp/s   txcmp/s  rxmcst/s   %ifutil
17:20:53           lo      0.00      0.00      0.00      0.00      0.00      0.00      0.00      0.00
17:20:53         ens5   1397.00   1083.00    336.31    596.47      0.00      0.00      0.00      0.00

17:20:53        IFACE   rxpck/s   txpck/s    rxkB/s    txkB/s   rxcmp/s   txcmp/s  rxmcst/s   %ifutil
17:20:54           lo      0.00      0.00      0.00      0.00      0.00      0.00      0.00      0.00
17:20:54         ens5   2497.00   1850.00    608.54   1053.05      0.00      0.00      0.00      0.00

17:20:54        IFACE   rxpck/s   txpck/s    rxkB/s    txkB/s   rxcmp/s   txcmp/s  rxmcst/s   %ifutil
17:20:55           lo      0.00      0.00      0.00      0.00      0.00      0.00      0.00      0.00
17:20:55         ens5   2308.00   1741.00    599.61   1010.87      0.00      0.00      0.00      0.00

17:20:55        IFACE   rxpck/s   txpck/s    rxkB/s    txkB/s   rxcmp/s   txcmp/s  rxmcst/s   %ifutil
17:20:56           lo      0.00      0.00      0.00      0.00      0.00      0.00      0.00      0.00
17:20:56         ens5   1350.00   1069.00    443.99    707.67      0.00      0.00      0.00      0.00

17:20:56        IFACE   rxpck/s   txpck/s    rxkB/s    txkB/s   rxcmp/s   txcmp/s  rxmcst/s   %ifutil
17:20:57           lo      0.00      0.00      0.00      0.00      0.00      0.00      0.00      0.00
17:20:57         ens5   2364.00   1753.00    658.62    961.54      0.00      0.00      0.00      0.00

17:20:57        IFACE   rxpck/s   txpck/s    rxkB/s    txkB/s   rxcmp/s   txcmp/s  rxmcst/s   %ifutil
17:20:58           lo      0.00      0.00      0.00      0.00      0.00      0.00      0.00      0.00
17:20:58         ens5   2460.00   1874.00    625.24   1030.29      0.00      0.00      0.00      0.00

17:20:58        IFACE   rxpck/s   txpck/s    rxkB/s    txkB/s   rxcmp/s   txcmp/s  rxmcst/s   %ifutil
17:20:59           lo      0.00      0.00      0.00      0.00      0.00      0.00      0.00      0.00
17:20:59         ens5   1537.00   1185.00    374.07    636.99      0.00      0.00      0.00      0.00

17:20:59        IFACE   rxpck/s   txpck/s    rxkB/s    txkB/s   rxcmp/s   txcmp/s  rxmcst/s   %ifutil
17:21:00           lo      0.00      0.00      0.00      0.00      0.00      0.00      0.00      0.00
17:21:00         ens5   2008.00   1498.00    489.58    833.42      0.00      0.00      0.00      0.00

17:21:00        IFACE   rxpck/s   txpck/s    rxkB/s    txkB/s   rxcmp/s   txcmp/s  rxmcst/s   %ifutil
17:21:01           lo      0.00      0.00      0.00      0.00      0.00      0.00      0.00      0.00
17:21:01         ens5   2455.00   1836.00    593.19   1007.88      0.00      0.00      0.00      0.00

17:21:01        IFACE   rxpck/s   txpck/s    rxkB/s    txkB/s   rxcmp/s   txcmp/s  rxmcst/s   %ifutil
17:21:02           lo      0.00      0.00      0.00      0.00      0.00      0.00      0.00      0.00
17:21:02         ens5   1772.00   1338.00    425.12    738.49      0.00      0.00      0.00      0.00

17:21:02        IFACE   rxpck/s   txpck/s    rxkB/s    txkB/s   rxcmp/s   txcmp/s  rxmcst/s   %ifutil
17:21:03           lo      0.00      0.00      0.00      0.00      0.00      0.00      0.00      0.00
17:21:03         ens5   1538.00   1181.00    373.04    619.59      0.00      0.00      0.00      0.00

17:21:03        IFACE   rxpck/s   txpck/s    rxkB/s    txkB/s   rxcmp/s   txcmp/s  rxmcst/s   %ifutil
17:21:04           lo      0.00      0.00      0.00      0.00      0.00      0.00      0.00      0.00
17:21:04         ens5   2363.00   1804.00    592.46   1064.20      0.00      0.00      0.00      0.00

17:21:04        IFACE   rxpck/s   txpck/s    rxkB/s    txkB/s   rxcmp/s   txcmp/s  rxmcst/s   %ifutil
17:21:05           lo      0.00      0.00      0.00      0.00      0.00      0.00      0.00      0.00
17:21:05         ens5   2172.00   1644.00    588.32    981.92      0.00      0.00      0.00      0.00

17:21:05        IFACE   rxpck/s   txpck/s    rxkB/s    txkB/s   rxcmp/s   txcmp/s  rxmcst/s   %ifutil
17:21:06           lo      0.00      0.00      0.00      0.00      0.00      0.00      0.00      0.00
17:21:06         ens5   1361.00   1102.00    438.50    682.67      0.00      0.00      0.00      0.00

17:21:06        IFACE   rxpck/s   txpck/s    rxkB/s    txkB/s   rxcmp/s   txcmp/s  rxmcst/s   %ifutil
17:21:07           lo      0.00      0.00      0.00      0.00      0.00      0.00      0.00      0.00
17:21:07         ens5   2270.00   1728.00    631.36    957.31      0.00      0.00      0.00      0.00

17:21:07        IFACE   rxpck/s   txpck/s    rxkB/s    txkB/s   rxcmp/s   txcmp/s  rxmcst/s   %ifutil
17:21:08           lo      0.00      0.00      0.00      0.00      0.00      0.00      0.00      0.00
17:21:08         ens5   2415.00   1865.00    595.52   1013.80      0.00      0.00      0.00      0.00

17:21:08        IFACE   rxpck/s   txpck/s    rxkB/s    txkB/s   rxcmp/s   txcmp/s  rxmcst/s   %ifutil
17:21:09           lo      0.00      0.00      0.00      0.00      0.00      0.00      0.00      0.00
17:21:09         ens5    863.00    739.00    224.51    389.68      0.00      0.00      0.00      0.00

17:21:09        IFACE   rxpck/s   txpck/s    rxkB/s    txkB/s   rxcmp/s   txcmp/s  rxmcst/s   %ifutil
17:21:10           lo      0.00      0.00      0.00      0.00      0.00      0.00      0.00      0.00
17:21:10         ens5   2073.00   1591.00    523.44    871.60      0.00      0.00      0.00      0.00

17:21:10        IFACE   rxpck/s   txpck/s    rxkB/s    txkB/s   rxcmp/s   txcmp/s  rxmcst/s   %ifutil
17:21:11           lo      0.00      0.00      0.00      0.00      0.00      0.00      0.00      0.00
17:21:11         ens5   1219.00    939.00    299.32    584.68      0.00      0.00      0.00      0.00

17:21:11        IFACE   rxpck/s   txpck/s    rxkB/s    txkB/s   rxcmp/s   txcmp/s  rxmcst/s   %ifutil
17:21:12           lo      0.00      0.00      0.00      0.00      0.00      0.00      0.00      0.00
17:21:12         ens5   1269.00    967.00    318.34    552.62      0.00      0.00      0.00      0.00

17:21:12        IFACE   rxpck/s   txpck/s    rxkB/s    txkB/s   rxcmp/s   txcmp/s  rxmcst/s   %ifutil
17:21:13           lo      0.00      0.00      0.00      0.00      0.00      0.00      0.00      0.00
17:21:13         ens5   1183.00    937.00    298.48    550.11      0.00      0.00      0.00      0.00

17:21:13        IFACE   rxpck/s   txpck/s    rxkB/s    txkB/s   rxcmp/s   txcmp/s  rxmcst/s   %ifutil
17:21:14           lo      0.00      0.00      0.00      0.00      0.00      0.00      0.00      0.00
17:21:14         ens5   2035.00   1726.00    536.65    996.95      0.00      0.00      0.00      0.00

17:21:14        IFACE   rxpck/s   txpck/s    rxkB/s    txkB/s   rxcmp/s   txcmp/s  rxmcst/s   %ifutil
17:21:15           lo      0.00      0.00      0.00      0.00      0.00      0.00      0.00      0.00
17:21:15         ens5   2451.00   1863.00    656.57   1106.70      0.00      0.00      0.00      0.00

17:21:15        IFACE   rxpck/s   txpck/s    rxkB/s    txkB/s   rxcmp/s   txcmp/s  rxmcst/s   %ifutil
17:21:16           lo      0.00      0.00      0.00      0.00      0.00      0.00      0.00      0.00
17:21:16         ens5   1751.00   1354.00    472.93    829.83      0.00      0.00      0.00      0.00

17:21:16        IFACE   rxpck/s   txpck/s    rxkB/s    txkB/s   rxcmp/s   txcmp/s  rxmcst/s   %ifutil
17:21:17           lo      0.00      0.00      0.00      0.00      0.00      0.00      0.00      0.00
17:21:17         ens5   1517.00   1187.00    507.39    697.40      0.00      0.00      0.00      0.00

17:21:17        IFACE   rxpck/s   txpck/s    rxkB/s    txkB/s   rxcmp/s   txcmp/s  rxmcst/s   %ifutil
17:21:18           lo      0.00      0.00      0.00      0.00      0.00      0.00      0.00      0.00
17:21:18         ens5   2464.00   1814.00    603.64    966.05      0.00      0.00      0.00      0.00

17:21:18        IFACE   rxpck/s   txpck/s    rxkB/s    txkB/s   rxcmp/s   txcmp/s  rxmcst/s   %ifutil
17:21:19           lo      0.00      0.00      0.00      0.00      0.00      0.00      0.00      0.00
17:21:19         ens5   1410.00   1079.00    341.30    567.98      0.00      0.00      0.00      0.00

17:21:19        IFACE   rxpck/s   txpck/s    rxkB/s    txkB/s   rxcmp/s   txcmp/s  rxmcst/s   %ifutil
17:21:20           lo      0.00      0.00      0.00      0.00      0.00      0.00      0.00      0.00
17:21:20         ens5   1931.00   1472.00    455.18    812.87      0.00      0.00      0.00      0.00

17:21:20        IFACE   rxpck/s   txpck/s    rxkB/s    txkB/s   rxcmp/s   txcmp/s  rxmcst/s   %ifutil
17:21:21           lo      0.00      0.00      0.00      0.00      0.00      0.00      0.00      0.00
17:21:21         ens5   2499.00   1906.00    596.15   1029.52      0.00      0.00      0.00      0.00

17:21:21        IFACE   rxpck/s   txpck/s    rxkB/s    txkB/s   rxcmp/s   txcmp/s  rxmcst/s   %ifutil
17:21:22           lo      0.00      0.00      0.00      0.00      0.00      0.00      0.00      0.00
17:21:22         ens5   1502.00   1176.00    356.36    620.47      0.00      0.00      0.00      0.00

17:21:22        IFACE   rxpck/s   txpck/s    rxkB/s    txkB/s   rxcmp/s   txcmp/s  rxmcst/s   %ifutil
17:21:23           lo      0.00      0.00      0.00      0.00      0.00      0.00      0.00      0.00
17:21:23         ens5   1781.00   1371.00    428.00    765.82      0.00      0.00      0.00      0.00

17:21:23        IFACE   rxpck/s   txpck/s    rxkB/s    txkB/s   rxcmp/s   txcmp/s  rxmcst/s   %ifutil
17:21:24           lo      0.00      0.00      0.00      0.00      0.00      0.00      0.00      0.00
17:21:24         ens5   2364.00   1784.00    570.01   1038.79      0.00      0.00      0.00      0.00

17:21:24        IFACE   rxpck/s   txpck/s    rxkB/s    txkB/s   rxcmp/s   txcmp/s  rxmcst/s   %ifutil
17:21:25           lo      0.00      0.00      0.00      0.00      0.00      0.00      0.00      0.00
17:21:25         ens5   1382.00   1078.00    375.39    652.08      0.00      0.00      0.00      0.00

17:21:25        IFACE   rxpck/s   txpck/s    rxkB/s    txkB/s   rxcmp/s   txcmp/s  rxmcst/s   %ifutil
17:21:26           lo      0.00      0.00      0.00      0.00      0.00      0.00      0.00      0.00
17:21:26         ens5   1884.00   1452.00    565.40    926.92      0.00      0.00      0.00      0.00

17:21:26        IFACE   rxpck/s   txpck/s    rxkB/s    txkB/s   rxcmp/s   txcmp/s  rxmcst/s   %ifutil
17:21:27           lo      0.00      0.00      0.00      0.00      0.00      0.00      0.00      0.00
17:21:27         ens5   2484.00   1910.00    686.80   1006.95      0.00      0.00      0.00      0.00

17:21:27        IFACE   rxpck/s   txpck/s    rxkB/s    txkB/s   rxcmp/s   txcmp/s  rxmcst/s   %ifutil
17:21:28           lo      0.00      0.00      0.00      0.00      0.00      0.00      0.00      0.00
17:21:28         ens5   1326.00   1065.00    317.44    550.94      0.00      0.00      0.00      0.00

17:21:28        IFACE   rxpck/s   txpck/s    rxkB/s    txkB/s   rxcmp/s   txcmp/s  rxmcst/s   %ifutil
17:21:29           lo      0.00      0.00      0.00      0.00      0.00      0.00      0.00      0.00
17:21:29         ens5   2200.00   1690.00    559.63    925.99      0.00      0.00      0.00      0.00

17:21:29        IFACE   rxpck/s   txpck/s    rxkB/s    txkB/s   rxcmp/s   txcmp/s  rxmcst/s   %ifutil
17:21:30           lo      0.00      0.00      0.00      0.00      0.00      0.00      0.00      0.00
17:21:30         ens5   2447.00   1865.00    608.38   1022.35      0.00      0.00      0.00      0.00

17:21:30        IFACE   rxpck/s   txpck/s    rxkB/s    txkB/s   rxcmp/s   txcmp/s  rxmcst/s   %ifutil
17:21:31           lo      0.00      0.00      0.00      0.00      0.00      0.00      0.00      0.00
17:21:31         ens5   1432.00   1110.00    350.63    604.56      0.00      0.00      0.00      0.00

17:21:31        IFACE   rxpck/s   txpck/s    rxkB/s    txkB/s   rxcmp/s   txcmp/s  rxmcst/s   %ifutil
17:21:32           lo      0.00      0.00      0.00      0.00      0.00      0.00      0.00      0.00
17:21:32         ens5   2102.00   1576.00    507.16    871.21      0.00      0.00      0.00      0.00

17:21:32        IFACE   rxpck/s   txpck/s    rxkB/s    txkB/s   rxcmp/s   txcmp/s  rxmcst/s   %ifutil
17:21:33           lo      0.00      0.00      0.00      0.00      0.00      0.00      0.00      0.00
17:21:33         ens5   2602.00   1771.00    741.30   1119.53      0.00      0.00      0.00      0.00

17:21:33        IFACE   rxpck/s   txpck/s    rxkB/s    txkB/s   rxcmp/s   txcmp/s  rxmcst/s   %ifutil
17:21:34           lo      0.00      0.00      0.00      0.00      0.00      0.00      0.00      0.00
17:21:34         ens5   1524.00   1190.00    380.78    721.38      0.00      0.00      0.00      0.00

17:21:34        IFACE   rxpck/s   txpck/s    rxkB/s    txkB/s   rxcmp/s   txcmp/s  rxmcst/s   %ifutil
17:21:35           lo      0.00      0.00      0.00      0.00      0.00      0.00      0.00      0.00
17:21:35         ens5   1805.00   1427.00    484.28    817.71      0.00      0.00      0.00      0.00

17:21:35        IFACE   rxpck/s   txpck/s    rxkB/s    txkB/s   rxcmp/s   txcmp/s  rxmcst/s   %ifutil
17:21:36           lo      0.00      0.00      0.00      0.00      0.00      0.00      0.00      0.00
17:21:36         ens5   2259.00   1713.00    642.04   1086.55      0.00      0.00      0.00      0.00

17:21:36        IFACE   rxpck/s   txpck/s    rxkB/s    txkB/s   rxcmp/s   txcmp/s  rxmcst/s   %ifutil
17:21:37           lo      0.00      0.00      0.00      0.00      0.00      0.00      0.00      0.00
17:21:37         ens5   1239.00    943.00    378.13    510.39      0.00      0.00      0.00      0.00

17:21:37        IFACE   rxpck/s   txpck/s    rxkB/s    txkB/s   rxcmp/s   txcmp/s  rxmcst/s   %ifutil
17:21:38           lo      0.00      0.00      0.00      0.00      0.00      0.00      0.00      0.00
17:21:38         ens5   1913.00   1481.00    468.11    795.16      0.00      0.00      0.00      0.00

17:21:38        IFACE   rxpck/s   txpck/s    rxkB/s    txkB/s   rxcmp/s   txcmp/s  rxmcst/s   %ifutil
17:21:39           lo      0.00      0.00      0.00      0.00      0.00      0.00      0.00      0.00
17:21:39         ens5   2500.00   1880.00    614.29   1059.86      0.00      0.00      0.00      0.00

17:21:39        IFACE   rxpck/s   txpck/s    rxkB/s    txkB/s   rxcmp/s   txcmp/s  rxmcst/s   %ifutil
17:21:40           lo      0.00      0.00      0.00      0.00      0.00      0.00      0.00      0.00
17:21:40         ens5   1843.00   1424.00    446.21    781.79      0.00      0.00      0.00      0.00

17:21:40        IFACE   rxpck/s   txpck/s    rxkB/s    txkB/s   rxcmp/s   txcmp/s  rxmcst/s   %ifutil
17:21:41           lo      0.00      0.00      0.00      0.00      0.00      0.00      0.00      0.00
17:21:41         ens5   1429.00   1122.00    366.50    609.38      0.00      0.00      0.00      0.00

17:21:41        IFACE   rxpck/s   txpck/s    rxkB/s    txkB/s   rxcmp/s   txcmp/s  rxmcst/s   %ifutil
17:21:42           lo      0.00      0.00      0.00      0.00      0.00      0.00      0.00      0.00
17:21:42         ens5   2460.00   1882.00    607.36   1018.59      0.00      0.00      0.00      0.00

17:21:42        IFACE   rxpck/s   txpck/s    rxkB/s    txkB/s   rxcmp/s   txcmp/s  rxmcst/s   %ifutil
17:21:43           lo      0.00      0.00      0.00      0.00      0.00      0.00      0.00      0.00
17:21:43         ens5   1706.00   1289.00    443.13    689.90      0.00      0.00      0.00      0.00

17:21:43        IFACE   rxpck/s   txpck/s    rxkB/s    txkB/s   rxcmp/s   txcmp/s  rxmcst/s   %ifutil
17:21:44           lo      0.00      0.00      0.00      0.00      0.00      0.00      0.00      0.00
17:21:44         ens5   1602.00   1111.00   1954.06    699.91      0.00      0.00      0.00      0.00

17:21:44        IFACE   rxpck/s   txpck/s    rxkB/s    txkB/s   rxcmp/s   txcmp/s  rxmcst/s   %ifutil
17:21:45           lo      0.00      0.00      0.00      0.00      0.00      0.00      0.00      0.00
17:21:45         ens5   2728.00   1804.00   3786.76   1110.95      0.00      0.00      0.00      0.00

17:21:45        IFACE   rxpck/s   txpck/s    rxkB/s    txkB/s   rxcmp/s   txcmp/s  rxmcst/s   %ifutil
17:21:46           lo      0.00      0.00      0.00      0.00      0.00      0.00      0.00      0.00
17:21:46         ens5   1935.00   1488.00    574.70    937.26      0.00      0.00      0.00      0.00

17:21:46        IFACE   rxpck/s   txpck/s    rxkB/s    txkB/s   rxcmp/s   txcmp/s  rxmcst/s   %ifutil
17:21:47           lo      0.00      0.00      0.00      0.00      0.00      0.00      0.00      0.00
17:21:47         ens5   1493.00   1160.00    463.07    642.03      0.00      0.00      0.00      0.00

17:21:47        IFACE   rxpck/s   txpck/s    rxkB/s    txkB/s   rxcmp/s   txcmp/s  rxmcst/s   %ifutil
17:21:48           lo      0.00      0.00      0.00      0.00      0.00      0.00      0.00      0.00
17:21:48         ens5   2414.00   1865.00    590.08   1010.39      0.00      0.00      0.00      0.00

17:21:48        IFACE   rxpck/s   txpck/s    rxkB/s    txkB/s   rxcmp/s   txcmp/s  rxmcst/s   %ifutil
17:21:49           lo      0.00      0.00      0.00      0.00      0.00      0.00      0.00      0.00
17:21:49         ens5   2341.00   1730.00    575.36    965.87      0.00      0.00      0.00      0.00

17:21:49        IFACE   rxpck/s   txpck/s    rxkB/s    txkB/s   rxcmp/s   txcmp/s  rxmcst/s   %ifutil
17:21:50           lo      0.00      0.00      0.00      0.00      0.00      0.00      0.00      0.00
17:21:50         ens5   1278.00   1014.00    313.51    560.74      0.00      0.00      0.00      0.00

17:21:50        IFACE   rxpck/s   txpck/s    rxkB/s    txkB/s   rxcmp/s   txcmp/s  rxmcst/s   %ifutil
17:21:51           lo      0.00      0.00      0.00      0.00      0.00      0.00      0.00      0.00
17:21:51         ens5   1221.00    934.00    286.46    555.42      0.00      0.00      0.00      0.00

17:21:51        IFACE   rxpck/s   txpck/s    rxkB/s    txkB/s   rxcmp/s   txcmp/s  rxmcst/s   %ifutil
17:21:52           lo      0.00      0.00      0.00      0.00      0.00      0.00      0.00      0.00
17:21:52         ens5   1200.00    893.00    304.91    526.63      0.00      0.00      0.00      0.00

17:21:52        IFACE   rxpck/s   txpck/s    rxkB/s    txkB/s   rxcmp/s   txcmp/s  rxmcst/s   %ifutil
17:21:53           lo      0.00      0.00      0.00      0.00      0.00      0.00      0.00      0.00
17:21:53         ens5   1030.00    860.00    261.00    480.63      0.00      0.00      0.00      0.00
