Linux 6.1.166-197.305.amzn2023.x86_64 (ip-172-31-43-117.ec2.internal) 	04/21/26 	_x86_64_	(2 CPU)

18:03:36        IFACE   rxpck/s   txpck/s    rxkB/s    txkB/s   rxcmp/s   txcmp/s  rxmcst/s   %ifutil
18:03:37           lo      0.00      0.00      0.00      0.00      0.00      0.00      0.00      0.00
18:03:37         ens5    477.00    540.00    307.50    149.47      0.00      0.00      0.00      0.00

18:03:37        IFACE   rxpck/s   txpck/s    rxkB/s    txkB/s   rxcmp/s   txcmp/s  rxmcst/s   %ifutil
18:03:38           lo      0.00      0.00      0.00      0.00      0.00      0.00      0.00      0.00
18:03:38         ens5    488.00    763.00    393.27    468.97      0.00      0.00      0.00      0.00

18:03:38        IFACE   rxpck/s   txpck/s    rxkB/s    txkB/s   rxcmp/s   txcmp/s  rxmcst/s   %ifutil
18:03:39           lo      0.00      0.00      0.00      0.00      0.00      0.00      0.00      0.00
18:03:39         ens5    598.00    972.00    518.02    629.41      0.00      0.00      0.00      0.00

18:03:39        IFACE   rxpck/s   txpck/s    rxkB/s    txkB/s   rxcmp/s   txcmp/s  rxmcst/s   %ifutil
18:03:40           lo      0.00      0.00      0.00      0.00      0.00      0.00      0.00      0.00
18:03:40         ens5    317.00    486.00    325.61    305.75      0.00      0.00      0.00      0.00

18:03:40        IFACE   rxpck/s   txpck/s    rxkB/s    txkB/s   rxcmp/s   txcmp/s  rxmcst/s   %ifutil
18:03:41           lo      0.00      0.00      0.00      0.00      0.00      0.00      0.00      0.00
18:03:41         ens5    564.00    829.00    632.33    667.84      0.00      0.00      0.00      0.00

18:03:41        IFACE   rxpck/s   txpck/s    rxkB/s    txkB/s   rxcmp/s   txcmp/s  rxmcst/s   %ifutil
18:03:42           lo      0.00      0.00      0.00      0.00      0.00      0.00      0.00      0.00
18:03:42         ens5    549.00    792.00    515.77    551.13      0.00      0.00      0.00      0.00

18:03:42        IFACE   rxpck/s   txpck/s    rxkB/s    txkB/s   rxcmp/s   txcmp/s  rxmcst/s   %ifutil
18:03:43           lo      0.00      0.00      0.00      0.00      0.00      0.00      0.00      0.00
18:03:43         ens5    357.00    551.00    280.64    333.91      0.00      0.00      0.00      0.00

18:03:43        IFACE   rxpck/s   txpck/s    rxkB/s    txkB/s   rxcmp/s   txcmp/s  rxmcst/s   %ifutil
18:03:44           lo      0.00      0.00      0.00      0.00      0.00      0.00      0.00      0.00
18:03:44         ens5    610.00    951.00    515.65    592.93      0.00      0.00      0.00      0.00

18:03:44        IFACE   rxpck/s   txpck/s    rxkB/s    txkB/s   rxcmp/s   txcmp/s  rxmcst/s   %ifutil
18:03:45           lo      0.00      0.00      0.00      0.00      0.00      0.00      0.00      0.00
18:03:45         ens5    490.00    759.00    449.91    532.05      0.00      0.00      0.00      0.00

18:03:45        IFACE   rxpck/s   txpck/s    rxkB/s    txkB/s   rxcmp/s   txcmp/s  rxmcst/s   %ifutil
18:03:46           lo      0.00      0.00      0.00      0.00      0.00      0.00      0.00      0.00
18:03:46         ens5    391.00    568.00    326.82    372.42      0.00      0.00      0.00      0.00

18:03:46        IFACE   rxpck/s   txpck/s    rxkB/s    txkB/s   rxcmp/s   txcmp/s  rxmcst/s   %ifutil
18:03:47           lo      0.00      0.00      0.00      0.00      0.00      0.00      0.00      0.00
18:03:47         ens5    688.00   1065.00    595.91    714.76      0.00      0.00      0.00      0.00

18:03:47        IFACE   rxpck/s   txpck/s    rxkB/s    txkB/s   rxcmp/s   txcmp/s  rxmcst/s   %ifutil
18:03:48           lo      0.00      0.00      0.00      0.00      0.00      0.00      0.00      0.00
18:03:48         ens5    477.00    733.00    398.55    483.83      0.00      0.00      0.00      0.00

18:03:48        IFACE   rxpck/s   txpck/s    rxkB/s    txkB/s   rxcmp/s   txcmp/s  rxmcst/s   %ifutil
18:03:49           lo      0.00      0.00      0.00      0.00      0.00      0.00      0.00      0.00
18:03:49         ens5    446.00    595.00    376.21    416.12      0.00      0.00      0.00      0.00

18:03:49        IFACE   rxpck/s   txpck/s    rxkB/s    txkB/s   rxcmp/s   txcmp/s  rxmcst/s   %ifutil
18:03:50           lo      0.00      0.00      0.00      0.00      0.00      0.00      0.00      0.00
18:03:50         ens5    681.00   1057.00    593.86    689.44      0.00      0.00      0.00      0.00

18:03:50        IFACE   rxpck/s   txpck/s    rxkB/s    txkB/s   rxcmp/s   txcmp/s  rxmcst/s   %ifutil
18:03:51           lo      0.00      0.00      0.00      0.00      0.00      0.00      0.00      0.00
18:03:51         ens5    411.00    581.00    500.84    488.40      0.00      0.00      0.00      0.00

18:03:51        IFACE   rxpck/s   txpck/s    rxkB/s    txkB/s   rxcmp/s   txcmp/s  rxmcst/s   %ifutil
18:03:52           lo      0.00      0.00      0.00      0.00      0.00      0.00      0.00      0.00
18:03:52         ens5    565.00    843.00    507.11    550.23      0.00      0.00      0.00      0.00

18:03:52        IFACE   rxpck/s   txpck/s    rxkB/s    txkB/s   rxcmp/s   txcmp/s  rxmcst/s   %ifutil
18:03:53           lo      0.00      0.00      0.00      0.00      0.00      0.00      0.00      0.00
18:03:53         ens5    650.00    953.00    553.75    665.54      0.00      0.00      0.00      0.00

18:03:53        IFACE   rxpck/s   txpck/s    rxkB/s    txkB/s   rxcmp/s   txcmp/s  rxmcst/s   %ifutil
18:03:54           lo      0.00      0.00      0.00      0.00      0.00      0.00      0.00      0.00
18:03:54         ens5    346.00    556.00    308.51    341.73      0.00      0.00      0.00      0.00

18:03:54        IFACE   rxpck/s   txpck/s    rxkB/s    txkB/s   rxcmp/s   txcmp/s  rxmcst/s   %ifutil
18:03:55           lo      0.00      0.00      0.00      0.00      0.00      0.00      0.00      0.00
18:03:55         ens5    897.00   1179.00    629.22    681.43      0.00      0.00      0.00      0.00

18:03:55        IFACE   rxpck/s   txpck/s    rxkB/s    txkB/s   rxcmp/s   txcmp/s  rxmcst/s   %ifutil
18:03:56           lo      0.00      0.00      0.00      0.00      0.00      0.00      0.00      0.00
18:03:56         ens5    551.00    809.00    479.01    569.93      0.00      0.00      0.00      0.00

18:03:56        IFACE   rxpck/s   txpck/s    rxkB/s    txkB/s   rxcmp/s   txcmp/s  rxmcst/s   %ifutil
18:03:57           lo      0.00      0.00      0.00      0.00      0.00      0.00      0.00      0.00
18:03:57         ens5    413.00    561.00    333.86    367.98      0.00      0.00      0.00      0.00

18:03:57        IFACE   rxpck/s   txpck/s    rxkB/s    txkB/s   rxcmp/s   txcmp/s  rxmcst/s   %ifutil
18:03:58           lo      0.00      0.00      0.00      0.00      0.00      0.00      0.00      0.00
18:03:58         ens5    696.00   1045.00    618.49    739.32      0.00      0.00      0.00      0.00

18:03:58        IFACE   rxpck/s   txpck/s    rxkB/s    txkB/s   rxcmp/s   txcmp/s  rxmcst/s   %ifutil
18:03:59           lo      0.00      0.00      0.00      0.00      0.00      0.00      0.00      0.00
18:03:59         ens5    489.00    745.00    462.22    503.04      0.00      0.00      0.00      0.00

18:03:59        IFACE   rxpck/s   txpck/s    rxkB/s    txkB/s   rxcmp/s   txcmp/s  rxmcst/s   %ifutil
18:04:00           lo      0.00      0.00      0.00      0.00      0.00      0.00      0.00      0.00
18:04:00         ens5    518.00    743.00    477.10    496.27      0.00      0.00      0.00      0.00

18:04:00        IFACE   rxpck/s   txpck/s    rxkB/s    txkB/s   rxcmp/s   txcmp/s  rxmcst/s   %ifutil
18:04:01           lo      0.00      0.00      0.00      0.00      0.00      0.00      0.00      0.00
18:04:01         ens5    649.00    969.00    723.61    786.24      0.00      0.00      0.00      0.00

18:04:01        IFACE   rxpck/s   txpck/s    rxkB/s    txkB/s   rxcmp/s   txcmp/s  rxmcst/s   %ifutil
18:04:02           lo      0.00      0.00      0.00      0.00      0.00      0.00      0.00      0.00
18:04:02         ens5    425.00    642.00    382.03    393.82      0.00      0.00      0.00      0.00

18:04:02        IFACE   rxpck/s   txpck/s    rxkB/s    txkB/s   rxcmp/s   txcmp/s  rxmcst/s   %ifutil
18:04:03           lo      0.00      0.00      0.00      0.00      0.00      0.00      0.00      0.00
18:04:03         ens5    608.00    927.00    494.12    581.00      0.00      0.00      0.00      0.00

18:04:03        IFACE   rxpck/s   txpck/s    rxkB/s    txkB/s   rxcmp/s   txcmp/s  rxmcst/s   %ifutil
18:04:04           lo      0.00      0.00      0.00      0.00      0.00      0.00      0.00      0.00
18:04:04         ens5    566.00    905.00    525.44    629.68      0.00      0.00      0.00      0.00

18:04:04        IFACE   rxpck/s   txpck/s    rxkB/s    txkB/s   rxcmp/s   txcmp/s  rxmcst/s   %ifutil
18:04:05           lo      0.00      0.00      0.00      0.00      0.00      0.00      0.00      0.00
18:04:05         ens5    378.00    598.00    319.59    362.59      0.00      0.00      0.00      0.00

18:04:05        IFACE   rxpck/s   txpck/s    rxkB/s    txkB/s   rxcmp/s   txcmp/s  rxmcst/s   %ifutil
18:04:06           lo      0.00      0.00      0.00      0.00      0.00      0.00      0.00      0.00
18:04:06         ens5    614.00    976.00    525.16    615.78      0.00      0.00      0.00      0.00

18:04:06        IFACE   rxpck/s   txpck/s    rxkB/s    txkB/s   rxcmp/s   txcmp/s  rxmcst/s   %ifutil
18:04:07           lo      0.00      0.00      0.00      0.00      0.00      0.00      0.00      0.00
18:04:07         ens5    523.00    810.00    453.84    537.76      0.00      0.00      0.00      0.00

18:04:07        IFACE   rxpck/s   txpck/s    rxkB/s    txkB/s   rxcmp/s   txcmp/s  rxmcst/s   %ifutil
18:04:08           lo      0.00      0.00      0.00      0.00      0.00      0.00      0.00      0.00
18:04:08         ens5    467.00    705.00    364.58    429.59      0.00      0.00      0.00      0.00

18:04:08        IFACE   rxpck/s   txpck/s    rxkB/s    txkB/s   rxcmp/s   txcmp/s  rxmcst/s   %ifutil
18:04:09           lo      0.00      0.00      0.00      0.00      0.00      0.00      0.00      0.00
18:04:09         ens5    660.00    998.00    578.64    647.57      0.00      0.00      0.00      0.00

18:04:09        IFACE   rxpck/s   txpck/s    rxkB/s    txkB/s   rxcmp/s   txcmp/s  rxmcst/s   %ifutil
18:04:10           lo      0.00      0.00      0.00      0.00      0.00      0.00      0.00      0.00
18:04:10         ens5    432.00    635.00    412.91    442.02      0.00      0.00      0.00      0.00

18:04:10        IFACE   rxpck/s   txpck/s    rxkB/s    txkB/s   rxcmp/s   txcmp/s  rxmcst/s   %ifutil
18:04:11           lo      0.00      0.00      0.00      0.00      0.00      0.00      0.00      0.00
18:04:11         ens5    478.00    678.00    534.91    539.99      0.00      0.00      0.00      0.00

18:04:11        IFACE   rxpck/s   txpck/s    rxkB/s    txkB/s   rxcmp/s   txcmp/s  rxmcst/s   %ifutil
18:04:12           lo      0.00      0.00      0.00      0.00      0.00      0.00      0.00      0.00
18:04:12         ens5    683.00   1081.00    620.51    690.54      0.00      0.00      0.00      0.00

18:04:12        IFACE   rxpck/s   txpck/s    rxkB/s    txkB/s   rxcmp/s   txcmp/s  rxmcst/s   %ifutil
18:04:13           lo      0.00      0.00      0.00      0.00      0.00      0.00      0.00      0.00
18:04:13         ens5    433.00    630.00    364.92    427.93      0.00      0.00      0.00      0.00

18:04:13        IFACE   rxpck/s   txpck/s    rxkB/s    txkB/s   rxcmp/s   txcmp/s  rxmcst/s   %ifutil
18:04:14           lo      0.00      0.00      0.00      0.00      0.00      0.00      0.00      0.00
18:04:14         ens5    538.00    567.00    464.93    524.59      0.00      0.00      0.00      0.00

18:04:14        IFACE   rxpck/s   txpck/s    rxkB/s    txkB/s   rxcmp/s   txcmp/s  rxmcst/s   %ifutil
18:04:15           lo      0.00      0.00      0.00      0.00      0.00      0.00      0.00      0.00
18:04:15         ens5    674.00    988.00    571.12    681.45      0.00      0.00      0.00      0.00

18:04:15        IFACE   rxpck/s   txpck/s    rxkB/s    txkB/s   rxcmp/s   txcmp/s  rxmcst/s   %ifutil
18:04:16           lo      0.00      0.00      0.00      0.00      0.00      0.00      0.00      0.00
18:04:16         ens5    380.00    593.00    326.59    381.26      0.00      0.00      0.00      0.00

18:04:16        IFACE   rxpck/s   txpck/s    rxkB/s    txkB/s   rxcmp/s   txcmp/s  rxmcst/s   %ifutil
18:04:17           lo      0.00      0.00      0.00      0.00      0.00      0.00      0.00      0.00
18:04:17         ens5    622.00    903.00    536.27    622.77      0.00      0.00      0.00      0.00

18:04:17        IFACE   rxpck/s   txpck/s    rxkB/s    txkB/s   rxcmp/s   txcmp/s  rxmcst/s   %ifutil
18:04:18           lo      0.00      0.00      0.00      0.00      0.00      0.00      0.00      0.00
18:04:18         ens5    585.00    890.00    454.53    541.27      0.00      0.00      0.00      0.00

18:04:18        IFACE   rxpck/s   txpck/s    rxkB/s    txkB/s   rxcmp/s   txcmp/s  rxmcst/s   %ifutil
18:04:19           lo      0.00      0.00      0.00      0.00      0.00      0.00      0.00      0.00
18:04:19         ens5    410.00    622.00    397.82    411.25      0.00      0.00      0.00      0.00

18:04:19        IFACE   rxpck/s   txpck/s    rxkB/s    txkB/s   rxcmp/s   txcmp/s  rxmcst/s   %ifutil
18:04:20           lo      0.00      0.00      0.00      0.00      0.00      0.00      0.00      0.00
18:04:20         ens5    723.00   1132.00    645.63    741.31      0.00      0.00      0.00      0.00

18:04:20        IFACE   rxpck/s   txpck/s    rxkB/s    txkB/s   rxcmp/s   txcmp/s  rxmcst/s   %ifutil
18:04:21           lo      0.00      0.00      0.00      0.00      0.00      0.00      0.00      0.00
18:04:21         ens5    468.00    685.00    534.11    536.65      0.00      0.00      0.00      0.00

18:04:21        IFACE   rxpck/s   txpck/s    rxkB/s    txkB/s   rxcmp/s   txcmp/s  rxmcst/s   %ifutil
18:04:22           lo      0.00      0.00      0.00      0.00      0.00      0.00      0.00      0.00
18:04:22         ens5    629.00    926.00    556.06    579.20      0.00      0.00      0.00      0.00

18:04:22        IFACE   rxpck/s   txpck/s    rxkB/s    txkB/s   rxcmp/s   txcmp/s  rxmcst/s   %ifutil
18:04:23           lo      0.00      0.00      0.00      0.00      0.00      0.00      0.00      0.00
18:04:23         ens5    680.00   1030.00    596.09    702.81      0.00      0.00      0.00      0.00

18:04:23        IFACE   rxpck/s   txpck/s    rxkB/s    txkB/s   rxcmp/s   txcmp/s  rxmcst/s   %ifutil
18:04:24           lo      0.00      0.00      0.00      0.00      0.00      0.00      0.00      0.00
18:04:24         ens5    422.00    631.00    365.23    399.05      0.00      0.00      0.00      0.00

18:04:24        IFACE   rxpck/s   txpck/s    rxkB/s    txkB/s   rxcmp/s   txcmp/s  rxmcst/s   %ifutil
18:04:25           lo      0.00      0.00      0.00      0.00      0.00      0.00      0.00      0.00
18:04:25         ens5    723.00   1098.00    613.84    721.55      0.00      0.00      0.00      0.00

18:04:25        IFACE   rxpck/s   txpck/s    rxkB/s    txkB/s   rxcmp/s   txcmp/s  rxmcst/s   %ifutil
18:04:26           lo      0.00      0.00      0.00      0.00      0.00      0.00      0.00      0.00
18:04:26         ens5    512.00    790.00    452.57    541.33      0.00      0.00      0.00      0.00

18:04:26        IFACE   rxpck/s   txpck/s    rxkB/s    txkB/s   rxcmp/s   txcmp/s  rxmcst/s   %ifutil
18:04:27           lo      0.00      0.00      0.00      0.00      0.00      0.00      0.00      0.00
18:04:27         ens5    538.00    833.00    468.05    528.48      0.00      0.00      0.00      0.00

18:04:27        IFACE   rxpck/s   txpck/s    rxkB/s    txkB/s   rxcmp/s   txcmp/s  rxmcst/s   %ifutil
18:04:28           lo      0.00      0.00      0.00      0.00      0.00      0.00      0.00      0.00
18:04:28         ens5    707.00   1036.00    597.99    676.17      0.00      0.00      0.00      0.00

18:04:28        IFACE   rxpck/s   txpck/s    rxkB/s    txkB/s   rxcmp/s   txcmp/s  rxmcst/s   %ifutil
18:04:29           lo      0.00      0.00      0.00      0.00      0.00      0.00      0.00      0.00
18:04:29         ens5    368.00    540.00    347.22    361.60      0.00      0.00      0.00      0.00

18:04:29        IFACE   rxpck/s   txpck/s    rxkB/s    txkB/s   rxcmp/s   txcmp/s  rxmcst/s   %ifutil
18:04:30           lo      0.00      0.00      0.00      0.00      0.00      0.00      0.00      0.00
18:04:30         ens5    656.00    967.00    574.69    660.78      0.00      0.00      0.00      0.00

18:04:30        IFACE   rxpck/s   txpck/s    rxkB/s    txkB/s   rxcmp/s   txcmp/s  rxmcst/s   %ifutil
18:04:31           lo      0.00      0.00      0.00      0.00      0.00      0.00      0.00      0.00
18:04:31         ens5    520.00    793.00    578.52    616.65      0.00      0.00      0.00      0.00

18:04:31        IFACE   rxpck/s   txpck/s    rxkB/s    txkB/s   rxcmp/s   txcmp/s  rxmcst/s   %ifutil
18:04:32           lo      0.00      0.00      0.00      0.00      0.00      0.00      0.00      0.00
18:04:32         ens5    235.00    326.00    272.73    230.08      0.00      0.00      0.00      0.00

18:04:32        IFACE   rxpck/s   txpck/s    rxkB/s    txkB/s   rxcmp/s   txcmp/s  rxmcst/s   %ifutil
18:04:33           lo      0.00      0.00      0.00      0.00      0.00      0.00      0.00      0.00
18:04:33         ens5    694.00   1084.00    605.53    728.65      0.00      0.00      0.00      0.00

18:04:33        IFACE   rxpck/s   txpck/s    rxkB/s    txkB/s   rxcmp/s   txcmp/s  rxmcst/s   %ifutil
18:04:34           lo      0.00      0.00      0.00      0.00      0.00      0.00      0.00      0.00
18:04:34         ens5    449.00    694.00    396.05    455.60      0.00      0.00      0.00      0.00

18:04:34        IFACE   rxpck/s   txpck/s    rxkB/s    txkB/s   rxcmp/s   txcmp/s  rxmcst/s   %ifutil
18:04:35           lo      0.00      0.00      0.00      0.00      0.00      0.00      0.00      0.00
18:04:35         ens5    614.00    905.00    509.87    593.79      0.00      0.00      0.00      0.00

18:04:35        IFACE   rxpck/s   txpck/s    rxkB/s    txkB/s   rxcmp/s   txcmp/s  rxmcst/s   %ifutil
18:04:36           lo      0.00      0.00      0.00      0.00      0.00      0.00      0.00      0.00
18:04:36         ens5    606.00    943.00    541.69    639.44      0.00      0.00      0.00      0.00

18:04:36        IFACE   rxpck/s   txpck/s    rxkB/s    txkB/s   rxcmp/s   txcmp/s  rxmcst/s   %ifutil
18:04:37           lo      0.00      0.00      0.00      0.00      0.00      0.00      0.00      0.00
18:04:37         ens5    417.00    629.00    361.97    418.87      0.00      0.00      0.00      0.00

18:04:37        IFACE   rxpck/s   txpck/s    rxkB/s    txkB/s   rxcmp/s   txcmp/s  rxmcst/s   %ifutil
18:04:38           lo      0.00      0.00      0.00      0.00      0.00      0.00      0.00      0.00
18:04:38         ens5    713.00   1088.00    593.09    713.23      0.00      0.00      0.00      0.00

18:04:38        IFACE   rxpck/s   txpck/s    rxkB/s    txkB/s   rxcmp/s   txcmp/s  rxmcst/s   %ifutil
18:04:39           lo      0.00      0.00      0.00      0.00      0.00      0.00      0.00      0.00
18:04:39         ens5    520.00    789.00    472.97    525.24      0.00      0.00      0.00      0.00

18:04:39        IFACE   rxpck/s   txpck/s    rxkB/s    txkB/s   rxcmp/s   txcmp/s  rxmcst/s   %ifutil
18:04:40           lo      0.00      0.00      0.00      0.00      0.00      0.00      0.00      0.00
18:04:40         ens5    567.00    885.00    491.92    557.40      0.00      0.00      0.00      0.00

18:04:40        IFACE   rxpck/s   txpck/s    rxkB/s    txkB/s   rxcmp/s   txcmp/s  rxmcst/s   %ifutil
18:04:41           lo      0.00      0.00      0.00      0.00      0.00      0.00      0.00      0.00
18:04:41         ens5    638.00    987.00    703.44    772.96      0.00      0.00      0.00      0.00

18:04:41        IFACE   rxpck/s   txpck/s    rxkB/s    txkB/s   rxcmp/s   txcmp/s  rxmcst/s   %ifutil
18:04:42           lo      0.00      0.00      0.00      0.00      0.00      0.00      0.00      0.00
18:04:42         ens5    405.00    594.00    400.51    402.53      0.00      0.00      0.00      0.00

18:04:42        IFACE   rxpck/s   txpck/s    rxkB/s    txkB/s   rxcmp/s   txcmp/s  rxmcst/s   %ifutil
18:04:43           lo      0.00      0.00      0.00      0.00      0.00      0.00      0.00      0.00
18:04:43         ens5    648.00   1025.00    562.41    694.44      0.00      0.00      0.00      0.00

18:04:43        IFACE   rxpck/s   txpck/s    rxkB/s    txkB/s   rxcmp/s   txcmp/s  rxmcst/s   %ifutil
18:04:44           lo      0.00      0.00      0.00      0.00      0.00      0.00      0.00      0.00
18:04:44         ens5    525.00    820.00    459.09    546.33      0.00      0.00      0.00      0.00

18:04:44        IFACE   rxpck/s   txpck/s    rxkB/s    txkB/s   rxcmp/s   txcmp/s  rxmcst/s   %ifutil
18:04:45           lo      0.00      0.00      0.00      0.00      0.00      0.00      0.00      0.00
18:04:45         ens5    525.00    768.00    459.93    530.91      0.00      0.00      0.00      0.00

18:04:45        IFACE   rxpck/s   txpck/s    rxkB/s    txkB/s   rxcmp/s   txcmp/s  rxmcst/s   %ifutil
18:04:46           lo      0.00      0.00      0.00      0.00      0.00      0.00      0.00      0.00
18:04:46         ens5    747.00   1146.00    616.64    737.37      0.00      0.00      0.00      0.00

18:04:46        IFACE   rxpck/s   txpck/s    rxkB/s    txkB/s   rxcmp/s   txcmp/s  rxmcst/s   %ifutil
18:04:47           lo      0.00      0.00      0.00      0.00      0.00      0.00      0.00      0.00
18:04:47         ens5    388.00    589.00    334.26    373.75      0.00      0.00      0.00      0.00

18:04:47        IFACE   rxpck/s   txpck/s    rxkB/s    txkB/s   rxcmp/s   txcmp/s  rxmcst/s   %ifutil
18:04:48           lo      0.00      0.00      0.00      0.00      0.00      0.00      0.00      0.00
18:04:48         ens5    693.00   1060.00    571.92    682.43      0.00      0.00      0.00      0.00

18:04:48        IFACE   rxpck/s   txpck/s    rxkB/s    txkB/s   rxcmp/s   txcmp/s  rxmcst/s   %ifutil
18:04:49           lo      0.00      0.00      0.00      0.00      0.00      0.00      0.00      0.00
18:04:49         ens5    570.00    853.00    507.66    563.08      0.00      0.00      0.00      0.00

18:04:49        IFACE   rxpck/s   txpck/s    rxkB/s    txkB/s   rxcmp/s   txcmp/s  rxmcst/s   %ifutil
18:04:50           lo      0.00      0.00      0.00      0.00      0.00      0.00      0.00      0.00
18:04:50         ens5    518.00    750.00    469.50    519.17      0.00      0.00      0.00      0.00

18:04:50        IFACE   rxpck/s   txpck/s    rxkB/s    txkB/s   rxcmp/s   txcmp/s  rxmcst/s   %ifutil
18:04:51           lo      0.00      0.00      0.00      0.00      0.00      0.00      0.00      0.00
18:04:51         ens5    723.00   1059.00    749.08    817.87      0.00      0.00      0.00      0.00

18:04:51        IFACE   rxpck/s   txpck/s    rxkB/s    txkB/s   rxcmp/s   txcmp/s  rxmcst/s   %ifutil
18:04:52           lo      0.00      0.00      0.00      0.00      0.00      0.00      0.00      0.00
18:04:52         ens5    388.00    588.00    385.38    412.32      0.00      0.00      0.00      0.00

18:04:52        IFACE   rxpck/s   txpck/s    rxkB/s    txkB/s   rxcmp/s   txcmp/s  rxmcst/s   %ifutil
18:04:53           lo      0.00      0.00      0.00      0.00      0.00      0.00      0.00      0.00
18:04:53         ens5    690.00   1002.00    568.41    651.30      0.00      0.00      0.00      0.00

18:04:53        IFACE   rxpck/s   txpck/s    rxkB/s    txkB/s   rxcmp/s   txcmp/s  rxmcst/s   %ifutil
18:04:54           lo      0.00      0.00      0.00      0.00      0.00      0.00      0.00      0.00
18:04:54         ens5    569.00    888.00    504.59    606.69      0.00      0.00      0.00      0.00

18:04:54        IFACE   rxpck/s   txpck/s    rxkB/s    txkB/s   rxcmp/s   txcmp/s  rxmcst/s   %ifutil
18:04:55           lo      0.00      0.00      0.00      0.00      0.00      0.00      0.00      0.00
18:04:55         ens5    488.00    732.00    414.16    477.94      0.00      0.00      0.00      0.00

18:04:55        IFACE   rxpck/s   txpck/s    rxkB/s    txkB/s   rxcmp/s   txcmp/s  rxmcst/s   %ifutil
18:04:56           lo      0.00      0.00      0.00      0.00      0.00      0.00      0.00      0.00
18:04:56         ens5    726.00   1133.00    627.25    756.72      0.00      0.00      0.00      0.00

18:04:56        IFACE   rxpck/s   txpck/s    rxkB/s    txkB/s   rxcmp/s   txcmp/s  rxmcst/s   %ifutil
18:04:57           lo      0.00      0.00      0.00      0.00      0.00      0.00      0.00      0.00
18:04:57         ens5    440.00    696.00    381.02    444.30      0.00      0.00      0.00      0.00

18:04:57        IFACE   rxpck/s   txpck/s    rxkB/s    txkB/s   rxcmp/s   txcmp/s  rxmcst/s   %ifutil
18:04:58           lo      0.00      0.00      0.00      0.00      0.00      0.00      0.00      0.00
18:04:58         ens5    685.00   1011.00    556.83    677.70      0.00      0.00      0.00      0.00

18:04:58        IFACE   rxpck/s   txpck/s    rxkB/s    txkB/s   rxcmp/s   txcmp/s  rxmcst/s   %ifutil
18:04:59           lo      0.00      0.00      0.00      0.00      0.00      0.00      0.00      0.00
18:04:59         ens5    607.00    943.00    543.72    610.04      0.00      0.00      0.00      0.00

18:04:59        IFACE   rxpck/s   txpck/s    rxkB/s    txkB/s   rxcmp/s   txcmp/s  rxmcst/s   %ifutil
18:05:00           lo      0.00      0.00      0.00      0.00      0.00      0.00      0.00      0.00
18:05:00         ens5    475.00    699.00    425.61    459.63      0.00      0.00      0.00      0.00

18:05:00        IFACE   rxpck/s   txpck/s    rxkB/s    txkB/s   rxcmp/s   txcmp/s  rxmcst/s   %ifutil
18:05:01           lo      0.00      0.00      0.00      0.00      0.00      0.00      0.00      0.00
18:05:01         ens5    689.00   1008.00    712.65    786.09      0.00      0.00      0.00      0.00

18:05:01        IFACE   rxpck/s   txpck/s    rxkB/s    txkB/s   rxcmp/s   txcmp/s  rxmcst/s   %ifutil
18:05:02           lo      0.00      0.00      0.00      0.00      0.00      0.00      0.00      0.00
18:05:02         ens5    458.00    689.00    437.42    460.52      0.00      0.00      0.00      0.00

18:05:02        IFACE   rxpck/s   txpck/s    rxkB/s    txkB/s   rxcmp/s   txcmp/s  rxmcst/s   %ifutil
18:05:03           lo      0.00      0.00      0.00      0.00      0.00      0.00      0.00      0.00
18:05:03         ens5    600.00    906.00    489.71    589.84      0.00      0.00      0.00      0.00

18:05:03        IFACE   rxpck/s   txpck/s    rxkB/s    txkB/s   rxcmp/s   txcmp/s  rxmcst/s   %ifutil
18:05:04           lo      0.00      0.00      0.00      0.00      0.00      0.00      0.00      0.00
18:05:04         ens5    648.00    981.00    570.20    692.17      0.00      0.00      0.00      0.00

18:05:04        IFACE   rxpck/s   txpck/s    rxkB/s    txkB/s   rxcmp/s   txcmp/s  rxmcst/s   %ifutil
18:05:05           lo      0.00      0.00      0.00      0.00      0.00      0.00      0.00      0.00
18:05:05         ens5    394.00    606.00    334.43    398.95      0.00      0.00      0.00      0.00

18:05:05        IFACE   rxpck/s   txpck/s    rxkB/s    txkB/s   rxcmp/s   txcmp/s  rxmcst/s   %ifutil
18:05:06           lo      0.00      0.00      0.00      0.00      0.00      0.00      0.00      0.00
18:05:06         ens5    702.00   1068.00    627.75    750.20      0.00      0.00      0.00      0.00

18:05:06        IFACE   rxpck/s   txpck/s    rxkB/s    txkB/s   rxcmp/s   txcmp/s  rxmcst/s   %ifutil
18:05:07           lo      0.00      0.00      0.00      0.00      0.00      0.00      0.00      0.00
18:05:07         ens5    564.00    842.00    463.38    536.73      0.00      0.00      0.00      0.00

18:05:07        IFACE   rxpck/s   txpck/s    rxkB/s    txkB/s   rxcmp/s   txcmp/s  rxmcst/s   %ifutil
18:05:08           lo      0.00      0.00      0.00      0.00      0.00      0.00      0.00      0.00
18:05:08         ens5    570.00    819.00    448.23    524.43      0.00      0.00      0.00      0.00

18:05:08        IFACE   rxpck/s   txpck/s    rxkB/s    txkB/s   rxcmp/s   txcmp/s  rxmcst/s   %ifutil
18:05:09           lo      0.00      0.00      0.00      0.00      0.00      0.00      0.00      0.00
18:05:09         ens5    742.00   1046.00    651.74    741.83      0.00      0.00      0.00      0.00

18:05:09        IFACE   rxpck/s   txpck/s    rxkB/s    txkB/s   rxcmp/s   txcmp/s  rxmcst/s   %ifutil
18:05:10           lo      0.00      0.00      0.00      0.00      0.00      0.00      0.00      0.00
18:05:10         ens5    412.00    594.00    398.04    436.48      0.00      0.00      0.00      0.00

18:05:10        IFACE   rxpck/s   txpck/s    rxkB/s    txkB/s   rxcmp/s   txcmp/s  rxmcst/s   %ifutil
18:05:11           lo      0.00      0.00      0.00      0.00      0.00      0.00      0.00      0.00
18:05:11         ens5    676.00    656.00    686.46    684.89      0.00      0.00      0.00      0.00

18:05:11        IFACE   rxpck/s   txpck/s    rxkB/s    txkB/s   rxcmp/s   txcmp/s  rxmcst/s   %ifutil
18:05:12           lo      0.00      0.00      0.00      0.00      0.00      0.00      0.00      0.00
18:05:12         ens5    575.00    642.00    544.13    568.38      0.00      0.00      0.00      0.00

18:05:12        IFACE   rxpck/s   txpck/s    rxkB/s    txkB/s   rxcmp/s   txcmp/s  rxmcst/s   %ifutil
18:05:13           lo      0.00      0.00      0.00      0.00      0.00      0.00      0.00      0.00
18:05:13         ens5    470.00    730.00    395.97    486.02      0.00      0.00      0.00      0.00

18:05:13        IFACE   rxpck/s   txpck/s    rxkB/s    txkB/s   rxcmp/s   txcmp/s  rxmcst/s   %ifutil
18:05:14           lo      0.00      0.00      0.00      0.00      0.00      0.00      0.00      0.00
18:05:14         ens5    713.00   1098.00    632.42    762.87      0.00      0.00      0.00      0.00

18:05:14        IFACE   rxpck/s   txpck/s    rxkB/s    txkB/s   rxcmp/s   txcmp/s  rxmcst/s   %ifutil
18:05:15           lo      0.00      0.00      0.00      0.00      0.00      0.00      0.00      0.00
18:05:15         ens5    483.00    748.00    407.45    477.14      0.00      0.00      0.00      0.00

18:05:15        IFACE   rxpck/s   txpck/s    rxkB/s    txkB/s   rxcmp/s   txcmp/s  rxmcst/s   %ifutil
18:05:16           lo      0.00      0.00      0.00      0.00      0.00      0.00      0.00      0.00
18:05:16         ens5    607.00    925.00    500.47    588.56      0.00      0.00      0.00      0.00

18:05:16        IFACE   rxpck/s   txpck/s    rxkB/s    txkB/s   rxcmp/s   txcmp/s  rxmcst/s   %ifutil
18:05:17           lo      0.00      0.00      0.00      0.00      0.00      0.00      0.00      0.00
18:05:17         ens5    669.00   1020.00    566.57    660.09      0.00      0.00      0.00      0.00

18:05:17        IFACE   rxpck/s   txpck/s    rxkB/s    txkB/s   rxcmp/s   txcmp/s  rxmcst/s   %ifutil
18:05:18           lo      0.00      0.00      0.00      0.00      0.00      0.00      0.00      0.00
18:05:18         ens5    417.00    647.00    345.52    405.86      0.00      0.00      0.00      0.00

18:05:18        IFACE   rxpck/s   txpck/s    rxkB/s    txkB/s   rxcmp/s   txcmp/s  rxmcst/s   %ifutil
18:05:19           lo      0.00      0.00      0.00      0.00      0.00      0.00      0.00      0.00
18:05:19         ens5    678.00   1022.00    634.12    725.29      0.00      0.00      0.00      0.00

18:05:19        IFACE   rxpck/s   txpck/s    rxkB/s    txkB/s   rxcmp/s   txcmp/s  rxmcst/s   %ifutil
18:05:20           lo      0.00      0.00      0.00      0.00      0.00      0.00      0.00      0.00
18:05:20         ens5    536.00    807.00    481.24    542.45      0.00      0.00      0.00      0.00

18:05:20        IFACE   rxpck/s   txpck/s    rxkB/s    txkB/s   rxcmp/s   txcmp/s  rxmcst/s   %ifutil
18:05:21           lo      0.00      0.00      0.00      0.00      0.00      0.00      0.00      0.00
18:05:21         ens5    517.00    774.00    558.73    569.77      0.00      0.00      0.00      0.00

18:05:21        IFACE   rxpck/s   txpck/s    rxkB/s    txkB/s   rxcmp/s   txcmp/s  rxmcst/s   %ifutil
18:05:22           lo      0.00      0.00      0.00      0.00      0.00      0.00      0.00      0.00
18:05:22         ens5    703.00   1092.00    654.84    753.88      0.00      0.00      0.00      0.00

18:05:22        IFACE   rxpck/s   txpck/s    rxkB/s    txkB/s   rxcmp/s   txcmp/s  rxmcst/s   %ifutil
18:05:23           lo      0.00      0.00      0.00      0.00      0.00      0.00      0.00      0.00
18:05:23         ens5    420.00    656.00    375.32    425.38      0.00      0.00      0.00      0.00

18:05:23        IFACE   rxpck/s   txpck/s    rxkB/s    txkB/s   rxcmp/s   txcmp/s  rxmcst/s   %ifutil
18:05:24           lo      0.00      0.00      0.00      0.00      0.00      0.00      0.00      0.00
18:05:24         ens5    669.00   1027.00    554.20    631.55      0.00      0.00      0.00      0.00

18:05:24        IFACE   rxpck/s   txpck/s    rxkB/s    txkB/s   rxcmp/s   txcmp/s  rxmcst/s   %ifutil
18:05:25           lo      0.00      0.00      0.00      0.00      0.00      0.00      0.00      0.00
18:05:25         ens5    573.00    899.00    493.08    571.20      0.00      0.00      0.00      0.00

18:05:25        IFACE   rxpck/s   txpck/s    rxkB/s    txkB/s   rxcmp/s   txcmp/s  rxmcst/s   %ifutil
18:05:26           lo      0.00      0.00      0.00      0.00      0.00      0.00      0.00      0.00
18:05:26         ens5    466.00    684.00    399.16    475.76      0.00      0.00      0.00      0.00

18:05:26        IFACE   rxpck/s   txpck/s    rxkB/s    txkB/s   rxcmp/s   txcmp/s  rxmcst/s   %ifutil
18:05:27           lo      0.00      0.00      0.00      0.00      0.00      0.00      0.00      0.00
18:05:27         ens5    710.00   1041.00    607.56    726.84      0.00      0.00      0.00      0.00

18:05:27        IFACE   rxpck/s   txpck/s    rxkB/s    txkB/s   rxcmp/s   txcmp/s  rxmcst/s   %ifutil
18:05:28           lo      0.00      0.00      0.00      0.00      0.00      0.00      0.00      0.00
18:05:28         ens5    361.00    565.00    322.41    370.92      0.00      0.00      0.00      0.00

18:05:28        IFACE   rxpck/s   txpck/s    rxkB/s    txkB/s   rxcmp/s   txcmp/s  rxmcst/s   %ifutil
18:05:29           lo      0.00      0.00      0.00      0.00      0.00      0.00      0.00      0.00
18:05:29         ens5    282.00    441.00    310.37    289.18      0.00      0.00      0.00      0.00

18:05:29        IFACE   rxpck/s   txpck/s    rxkB/s    txkB/s   rxcmp/s   txcmp/s  rxmcst/s   %ifutil
18:05:30           lo      0.00      0.00      0.00      0.00      0.00      0.00      0.00      0.00
18:05:30         ens5    565.00    905.00    551.41    630.30      0.00      0.00      0.00      0.00

18:05:30        IFACE   rxpck/s   txpck/s    rxkB/s    txkB/s   rxcmp/s   txcmp/s  rxmcst/s   %ifutil
18:05:31           lo      0.00      0.00      0.00      0.00      0.00      0.00      0.00      0.00
18:05:31         ens5    441.00    670.00    502.88    502.37      0.00      0.00      0.00      0.00

18:05:31        IFACE   rxpck/s   txpck/s    rxkB/s    txkB/s   rxcmp/s   txcmp/s  rxmcst/s   %ifutil
18:05:32           lo      0.00      0.00      0.00      0.00      0.00      0.00      0.00      0.00
18:05:32         ens5    531.00    788.00    501.73    511.24      0.00      0.00      0.00      0.00

18:05:32        IFACE   rxpck/s   txpck/s    rxkB/s    txkB/s   rxcmp/s   txcmp/s  rxmcst/s   %ifutil
18:05:33           lo      0.00      0.00      0.00      0.00      0.00      0.00      0.00      0.00
18:05:33         ens5    647.00   1008.00    545.78    635.66      0.00      0.00      0.00      0.00

18:05:33        IFACE   rxpck/s   txpck/s    rxkB/s    txkB/s   rxcmp/s   txcmp/s  rxmcst/s   %ifutil
18:05:34           lo      0.00      0.00      0.00      0.00      0.00      0.00      0.00      0.00
18:05:34         ens5    404.00    627.00    335.18    370.61      0.00      0.00      0.00      0.00

18:05:34        IFACE   rxpck/s   txpck/s    rxkB/s    txkB/s   rxcmp/s   txcmp/s  rxmcst/s   %ifutil
18:05:35           lo      0.00      0.00      0.00      0.00      0.00      0.00      0.00      0.00
18:05:35         ens5    604.00    974.00    502.41    589.51      0.00      0.00      0.00      0.00

18:05:35        IFACE   rxpck/s   txpck/s    rxkB/s    txkB/s   rxcmp/s   txcmp/s  rxmcst/s   %ifutil
18:05:36           lo      0.00      0.00      0.00      0.00      0.00      0.00      0.00      0.00
18:05:36         ens5    616.00    961.00    518.93    636.22      0.00      0.00      0.00      0.00

18:05:36        IFACE   rxpck/s   txpck/s    rxkB/s    txkB/s   rxcmp/s   txcmp/s  rxmcst/s   %ifutil
18:05:37           lo      0.00      0.00      0.00      0.00      0.00      0.00      0.00      0.00
18:05:37         ens5    380.00    558.00    289.83    299.95      0.00      0.00      0.00      0.00
