procs -----------memory---------- ---swap-- -----io---- -system-- ------cpu-----
 r  b   swpd   free   buff  cache   si   so    bi    bo   in   cs us sy id wa st
 3  1      0 5271800   2168 1614180    0    0    19  1425  778  463  8  2 84  7  0
 0  1      0 5270036   2168 1614148    0    0     0  4384 13840 22025 13  5 58 24  0
 3  0      0 5269280   2168 1614148    0    0     0  2896 9179 15424  6  4 75 16  0
 0  0      0 5267768   2168 1614148    0    0     0  4736 11419 18522  9  3 68 19  0
 0  1      0 5266760   2168 1614148    0    0     0  2688 7517 12665  9  0 79 12  0
 0  1      0 5266004   2168 1614148    0    0     0  3440 11119 18025  8  2 71 19  0
 0  0      0 5265248   2168 1614148    0    0     0  2296 8612 13945  5  2 80 13  0
 0  0      0 5263484   2168 1614152    0    0     0  3656 12158 19373 12  6 63 20  0
 3  0      0 5261972   2168 1614152    0    0     0  3980 13061 20564 16  3 58 23  0
 0  1      0 5261972   2168 1614152    0    0     0  2868 10462 17060  7  5 71 17  0
 0  1      0 5261972   2168 1614152    0    0     0 10588 11550 18821  8  2 69 21  0
 0  0      0 5261972   2168 1614152    0    0     0  4192 13814 22388 13  4 60 23  0
 1  0      0 5261972   2168 1614152    0    0     0  3500 10492 17106 12  3 68 18  0
 4  0      0 5261972   2168 1614152    0    0     0  4280 10135 16568  9  4 70 18  0
 2  1      0 5261972   2168 1614152    0    0     0  4576 13303 21329 13  6 58 22  0
 2  1      0 5261972   2168 1614156    0    0     0  3464 11864 19567  9  3 67 21  0
 0  0      0 5261972   2168 1614156    0    0     0  2848 9890 16425  9  4 71 17  0
 1  0      0 5261972   2168 1614156    0    0     0  4088 13626 21855 13  5 60 22  0
 0  0      0 5261720   2168 1614156    0    0     0  3900 12553 20420 12  5 59 23  1
 0  0      0 5260964   2168 1614156    0    0     0  2524 9640 15481 13  5 69 14  0
 0  1      0 5260208   2168 1614156    0    0     0  3976 13319 21639 17  3 58 22  0
procs -----------memory---------- ---swap-- -----io---- -system-- ------cpu-----
 r  b   swpd   free   buff  cache   si   so    bi    bo   in   cs us sy id wa st
 2  1      0 5259200   2168 1614156    0    0     0  3996 13343 21313 11  6 61 22  0
 0  0      0 5258192   2168 1614156    0    0     0  2844 9100 14956  9  4 72 14  0
 0  0      0 5255164   2168 1614160    0    0     0  4808 11896 19567 10  6 64 21  0
 0  1      0 5251636   2168 1614160    0    0     0  4552 13130 21269 20  4 55 21  0
 0  0      0 5251636   2168 1614160    0    0     0  2828 9989 16316 13  4 68 15  0
 0  1      0 5251636   2168 1614160    0    0     0  3232 11430 18554  9  2 69 19  0
 0  0      0 5251636   2168 1614160    0    0     0  4072 13659 22110 13  8 57 23  0
 0  1      0 5251636   2168 1614164    0    0     0  3248 11347 18714  6  3 71 20  0
 0  0      0 5251636   2168 1614164    0    0     0  2968 10156 16509  9  2 72 17  0
 2  1      0 5250628   2168 1614164    0    0     0  4292 14204 23202  9  4 61 26  0
 2  0      0 5324464   2168 1624884    0    0     0 14804 12250 18928 21  8 47 24  0
 0  0      0 5316656   2168 1617320    0    0     0 44460 5830 6992 36  9 37 18  0
 3  0      0 5267264   2168 1617320    0    0     0  4388 9150 13953 20 10 54 16  0
 1  0      0 5261468   2168 1617320    0    0     0  4448 13104 20862 10  4 63 24  0
 0  0      0 5257184   2168 1617320    0    0     0  3064 10363 16933  9  3 71 17  0
 0  0      0 5251892   2168 1617320    0    0     0  3028 11013 18003  7  2 72 19  0
 0  1      0 5247356   2168 1617320    0    0     0  4136 14127 22932 16  2 58 24  0
 0  0      0 5240048   2168 1617320    0    0     0  3432 11574 18889 12  2 66 20  0
 1  1      0 5238032   2168 1617320    0    0     0  2680 9929 16258  8  2 73 17  0
 1  0      0 5230220   2168 1617320    0    0     0  3956 13106 21008 13  7 59 21  0
 0  0      0 5227448   2168 1617324    0    0     0  4016 13445 21641 12  5 60 23  0
procs -----------memory---------- ---swap-- -----io---- -system-- ------cpu-----
 r  b   swpd   free   buff  cache   si   so    bi    bo   in   cs us sy id wa st
 0  0      0 5220644   2168 1617328    0    0     0  1380 4228 7133  5  2 88  5  0
 0  0      0 5212328   2168 1617332    0    0     0  3316 6549 10820  5  3 82 10  0
 0  1      0 5205272   2168 1617332    0    0     0  3060 8883 14543 11  1 74 14  0
 0  1      0 5194184   2168 1617332    0    0     0  2420 9429 15689 14  6 67 14  0
 0  0      0 5182340   2168 1617332    0    0     0  3648 12308 18825 21  3 56 20  0
 4  0      0 5173268   2168 1617332    0    0     0  3668 11962 19145 15  6 59 21  0
 1  0      0 5165456   2168 1617332    0    0     0  2584 9199 14773 12  3 70 15  0
 2  0      0 5155376   2168 1617332    0    0     0  2680 8679 14209 11  3 71 15  0
 2  1      0 5145044   2168 1617332    0    0     0  3724 12525 20009 17  5 57 21  0
 0  1      0 5135216   2168 1617332    0    0     0  3656 11861 18919 13  5 61 21  0
 2  0      0 5117072   2168 1617332    0    0     0  2052 6237 9811 18  3 69 10  0
 2  0      0 5115312   2168 1617332    0    0     0  4864 10637 16873 20  3 57 20  0
 0  0      0 5107248   2168 1617332    0    0     0  4140 12436 19797 23  4 54 19  0
 1  1      0 5103216   2168 1617336    0    0     0  2684 9507 15546 13  3 69 15  0
 1  0      0 5101704   2168 1617336    0    0     0  2988 10305 16748 10  4 69 17  0
 0  0      0 5099940   2168 1617336    0    0     0  3992 13568 21935 13  1 63 23  0
 0  1      0 5098176   2168 1617336    0    0     0  3676 12187 19796  9  6 64 21  0
 0  0      0 5096916   2168 1617336    0    0     0  2560 9122 15311  8  4 74 15  0
 0  1      0 5095152   2168 1617336    0    0     0  4056 13373 21759 11  4 62 24  0
 1  1      0 5093384   2168 1617336    0    0     0  4104 13959 22657 14  4 59 23  0
 0  0      0 5091620   2168 1617336    0    0     0  2928 9233 15162  9  2 74 15  0
procs -----------memory---------- ---swap-- -----io---- -system-- ------cpu-----
 r  b   swpd   free   buff  cache   si   so    bi    bo   in   cs us sy id wa st
 0  0      0 5088596   2168 1617340    0    0     0  4504 11207 18076 10  4 67 19  0
 0  1      0 5086076   2168 1617340    0    0     0  4512 13262 21508 15  4 59 23  0
 0  0      0 5085068   2168 1617340    0    0     0  3004 10316 17005 10  3 70 17  0
 0  1      0 5083304   2168 1617340    0    0     0  3240 10970 18004 10  5 67 19  0
 3  1      0 5081792   2168 1617340    0    0     0  4136 13991 22473 13  4 59 24  0
 0  1      0 5080028   2168 1617344    0    0     0  3776 12598 20456 12  2 64 23  0
 0  0      0 5079020   2168 1617344    0    0     0  2564 9258 15421  5  3 76 16  0
 1  1      0 5072468   2168 1627632    0    0     0 16608 11244 16017 32  5 40 23  0
 0  1      0 5100692   2168 1619076    0    0     0 54152 10851 14754 50  9 17 24  0
 2  0      0 5100696   2168 1619028    0    0     0  2728 8972 14776 13  1 72 14  0
 0  0      0 5100696   2168 1619028    0    0     0  4836 11880 19203 13  6 61 20  0
 1  1      0 5100696   2168 1619028    0    0     0  4632 13467 21936 15  4 57 23  0
 0  1      0 5100696   2168 1619028    0    0     0  2764 10227 16722  8  5 71 16  0
 0  1      0 5100696   2168 1619028    0    0     0  3336 11583 18748 10  3 68 19  0
 1  0      0 5100444   2168 1619028    0    0     0  4132 13174 21125 15  2 59 24  0
 0  1      0 5097424   2168 1619028    0    0     0  3440 11918 19496 13  6 62 20  0
 3  0      0 5097424   2168 1619028    0    0     0  2776 10314 16927  8  3 72 17  0
 0  0      0 5097424   2168 1619032    0    0     0  3532 11945 19550 12  2 66 20  0
 0  0      0 5096920   2168 1619032    0    0     0  2248 7361 12183  4  4 81 11  0
 0  0      0 5095912   2168 1619032    0    0     0  3112 8950 14743  7  4 74 15  0
 0  1      0 5094400   2168 1619032    0    0     0  8920 10036 16551  8  3 72 17  0
procs -----------memory---------- ---swap-- -----io---- -system-- ------cpu-----
 r  b   swpd   free   buff  cache   si   so    bi    bo   in   cs us sy id wa st
 1  1      0 5092636   2168 1619036    0    0     0  4552 13399 21625 13  3 61 23  0
 0  0      0 5092384   2168 1619036    0    0     0  3780 11953 18848 13  2 63 22  0
 0  1      0 5092384   2168 1619036    0    0     0  2504 9183 15343  9  3 73 15  0
 0  0      0 5092384   2168 1619036    0    0     0  3940 13227 21616 11  7 59 22  0
 0  1      0 5092384   2168 1619040    0    0     0  3736 12616 20433  7  5 66 22  0
 0  0      0 5092384   2168 1619040    0    0     0  2784 9873 16005 10  3 71 16  0
 0  0      0 5092384   2168 1619040    0    0     0  2132 6877 11457  4  3 82 11  0
 0  1      0 5092384   2168 1619040    0    0     0  2144 5881 9957  6  2 83 10  0
 0  0      0 5092384   2168 1619040    0    0     0  1472 3943 6531  2  2 91  6  0
 0  0      0 5092132   2168 1619040    0    0     0  2824 4215 7224  2  1 90  7  0
 0  0      0 5091124   2168 1619044    0    0     0  2620 5900 9920  5  4 81  9  0
 0  0      0 5090872   2168 1619044    0    0     0  1552 4387 7332  5  1 87  6  0
 0  0      0 5090368   2168 1619044    0    0     0  1300 4185 7044  5  1 89  6  0
 0  1      0 5089612   2168 1619044    0    0     0  2248 6410 10718  6  2 82 11  0
 0  0      0 5088856   2168 1619044    0    0     0  3088 10647 17176 11  4 69 17  0
 0  1      0 5088352   2168 1619044    0    0     0  2720 9464 15417 10  3 72 16  0
 0  0      0 5087596   2168 1619044    0    0     0  3996 13456 21754 11  6 60 23  0
 0  0      0 5086588   2168 1619044    0    0     0  3620 12400 19947 17  5 59 19  0
 0  0      0 5085832   2168 1619044    0    0     0  2772 8431 14045  8  4 75 14  0
 2  1      0 5082556   2168 1619048    0    0     0  5140 12819 20807 12  4 62 23  0
 0  1      0 5080332   2168 1619048    0    0     0  4528 12999 21053 13  2 61 24  0
procs -----------memory---------- ---swap-- -----io---- -system-- ------cpu-----
 r  b   swpd   free   buff  cache   si   so    bi    bo   in   cs us sy id wa st
 0  0      0 5079324   2168 1619048    0    0     0  2484 9107 15055  7  2 76 15  0
 0  0      0 5078064   2168 1619048    0    0     0  3684 12137 19620 12  8 60 21  0
 0  0      0 5077056   2168 1619052    0    0     0  4016 13276 21442 17  5 57 21  0
 0  1      0 5076552   2168 1619052    0    0     0  2900 10543 17330  9  2 72 17  0
 0  1      0 5075544   2168 1619052    0    0     0  3468 10846 18130  9  5 67 20  0
 1  1      0 5089656   2168 1626280    0    0     0 14580 11297 16388 31  5 41 23  0
 1  0      0 5033696   2168 1625180    0    0     0 50348 9419 9596 42 13 21 25  0
 0  0      0 5051616   2168 1620304    0    0     0 22964 8634 13419 20  7 53 21  0
 3  1      0 5051612   2168 1620308    0    0     0  5592 13245 21107 12  7 64 18  0
 0  0      0 5051612   2168 1620308    0    0     0  4172 12621 20428 11  4 63 21  0
 0  1      0 5051612   2168 1620308    0    0     0  2580 9453 15921  6  3 74 16  0
 0  1      0 5051612   2168 1620308    0    0     0  3856 12909 21008  8  6 64 22  0
 0  1      0 5051608   2168 1620308    0    0     0  4060 13235 21556 12  4 61 23  0
 0  0      0 5051608   2168 1620308    0    0     0  2900 10495 17374  8  4 70 18  0
 0  0      0 5051608   2168 1620308    0    0     0  3232 11339 18319 10  1 71 19  0
 0  0      0 5051608   2168 1620312    0    0     0  3488 11434 18194 13  3 66 18  0
 0  1      0 5051608   2168 1620312    0    0     0  2160 6398 10863  6  4 79 10  0
