Linux 6.1.166-197.305.amzn2023.x86_64 (ip-172-31-36-198.ec2.internal) 	04/22/26 	_x86_64_	(2 CPU)

17:17:36        IFACE   rxpck/s   txpck/s    rxkB/s    txkB/s   rxcmp/s   txcmp/s  rxmcst/s   %ifutil
17:17:37           lo      0.00      0.00      0.00      0.00      0.00      0.00      0.00      0.00
17:17:37         ens5    720.00    643.00    134.48    155.59      0.00      0.00      0.00      0.00

17:17:37        IFACE   rxpck/s   txpck/s    rxkB/s    txkB/s   rxcmp/s   txcmp/s  rxmcst/s   %ifutil
17:17:38           lo      0.00      0.00      0.00      0.00      0.00      0.00      0.00      0.00
17:17:38         ens5   3852.00   3352.00    696.85    859.86      0.00      0.00      0.00      0.00

17:17:38        IFACE   rxpck/s   txpck/s    rxkB/s    txkB/s   rxcmp/s   txcmp/s  rxmcst/s   %ifutil
17:17:39           lo      0.00      0.00      0.00      0.00      0.00      0.00      0.00      0.00
17:17:39         ens5   2608.00   2233.00    482.20    583.42      0.00      0.00      0.00      0.00

17:17:39        IFACE   rxpck/s   txpck/s    rxkB/s    txkB/s   rxcmp/s   txcmp/s  rxmcst/s   %ifutil
17:17:40           lo      0.00      0.00      0.00      0.00      0.00      0.00      0.00      0.00
17:17:40         ens5   2935.00   2594.00    543.53    657.29      0.00      0.00      0.00      0.00

17:17:40        IFACE   rxpck/s   txpck/s    rxkB/s    txkB/s   rxcmp/s   txcmp/s  rxmcst/s   %ifutil
17:17:41           lo      0.00      0.00      0.00      0.00      0.00      0.00      0.00      0.00
17:17:41         ens5   3778.00   3401.00    712.35    881.82      0.00      0.00      0.00      0.00

17:17:41        IFACE   rxpck/s   txpck/s    rxkB/s    txkB/s   rxcmp/s   txcmp/s  rxmcst/s   %ifutil
17:17:42           lo      0.00      0.00      0.00      0.00      0.00      0.00      0.00      0.00
17:17:42         ens5   2565.00   2199.00    507.32    582.84      0.00      0.00      0.00      0.00

17:17:42        IFACE   rxpck/s   txpck/s    rxkB/s    txkB/s   rxcmp/s   txcmp/s  rxmcst/s   %ifutil
17:17:43           lo      0.00      0.00      0.00      0.00      0.00      0.00      0.00      0.00
17:17:43         ens5   3020.00   2659.00    557.49    678.82      0.00      0.00      0.00      0.00

17:17:43        IFACE   rxpck/s   txpck/s    rxkB/s    txkB/s   rxcmp/s   txcmp/s  rxmcst/s   %ifutil
17:17:44           lo      0.00      0.00      0.00      0.00      0.00      0.00      0.00      0.00
17:17:44         ens5   3771.00   3286.00    695.71    908.70      0.00      0.00      0.00      0.00

17:17:44        IFACE   rxpck/s   txpck/s    rxkB/s    txkB/s   rxcmp/s   txcmp/s  rxmcst/s   %ifutil
17:17:45           lo      0.00      0.00      0.00      0.00      0.00      0.00      0.00      0.00
17:17:45         ens5   2388.00   2056.00    561.64    705.26      0.00      0.00      0.00      0.00

17:17:45        IFACE   rxpck/s   txpck/s    rxkB/s    txkB/s   rxcmp/s   txcmp/s  rxmcst/s   %ifutil
17:17:46           lo      0.00      0.00      0.00      0.00      0.00      0.00      0.00      0.00
17:17:46         ens5   2925.00   2626.00    685.10    716.93      0.00      0.00      0.00      0.00

17:17:46        IFACE   rxpck/s   txpck/s    rxkB/s    txkB/s   rxcmp/s   txcmp/s  rxmcst/s   %ifutil
17:17:47           lo      0.00      0.00      0.00      0.00      0.00      0.00      0.00      0.00
17:17:47         ens5   3790.00   3312.00    698.36    843.65      0.00      0.00      0.00      0.00

17:17:47        IFACE   rxpck/s   txpck/s    rxkB/s    txkB/s   rxcmp/s   txcmp/s  rxmcst/s   %ifutil
17:17:48           lo      0.00      0.00      0.00      0.00      0.00      0.00      0.00      0.00
17:17:48         ens5   2244.00   1936.00    415.90    501.59      0.00      0.00      0.00      0.00

17:17:48        IFACE   rxpck/s   txpck/s    rxkB/s    txkB/s   rxcmp/s   txcmp/s  rxmcst/s   %ifutil
17:17:49           lo      0.00      0.00      0.00      0.00      0.00      0.00      0.00      0.00
17:17:49         ens5   3328.00   2887.00    618.81    738.38      0.00      0.00      0.00      0.00

17:17:49        IFACE   rxpck/s   txpck/s    rxkB/s    txkB/s   rxcmp/s   txcmp/s  rxmcst/s   %ifutil
17:17:50           lo      0.00      0.00      0.00      0.00      0.00      0.00      0.00      0.00
17:17:50         ens5   3889.00   3374.00    691.38    856.00      0.00      0.00      0.00      0.00

17:17:50        IFACE   rxpck/s   txpck/s    rxkB/s    txkB/s   rxcmp/s   txcmp/s  rxmcst/s   %ifutil
17:17:51           lo      0.00      0.00      0.00      0.00      0.00      0.00      0.00      0.00
17:17:51         ens5   2271.00   1944.00    420.44    505.25      0.00      0.00      0.00      0.00

17:17:51        IFACE   rxpck/s   txpck/s    rxkB/s    txkB/s   rxcmp/s   txcmp/s  rxmcst/s   %ifutil
17:17:52           lo      0.00      0.00      0.00      0.00      0.00      0.00      0.00      0.00
17:17:52         ens5   3243.00   2850.00    593.41    733.75      0.00      0.00      0.00      0.00

17:17:52        IFACE   rxpck/s   txpck/s    rxkB/s    txkB/s   rxcmp/s   txcmp/s  rxmcst/s   %ifutil
17:17:53           lo      0.00      0.00      0.00      0.00      0.00      0.00      0.00      0.00
17:17:53         ens5   3840.00   3321.00    704.91    845.34      0.00      0.00      0.00      0.00

17:17:53        IFACE   rxpck/s   txpck/s    rxkB/s    txkB/s   rxcmp/s   txcmp/s  rxmcst/s   %ifutil
17:17:54           lo      0.00      0.00      0.00      0.00      0.00      0.00      0.00      0.00
17:17:54         ens5   2107.00   1815.00    356.40    527.39      0.00      0.00      0.00      0.00

17:17:54        IFACE   rxpck/s   txpck/s    rxkB/s    txkB/s   rxcmp/s   txcmp/s  rxmcst/s   %ifutil
17:17:55           lo      0.00      0.00      0.00      0.00      0.00      0.00      0.00      0.00
17:17:55         ens5   3428.00   3013.00    735.19    933.79      0.00      0.00      0.00      0.00

17:17:55        IFACE   rxpck/s   txpck/s    rxkB/s    txkB/s   rxcmp/s   txcmp/s  rxmcst/s   %ifutil
17:17:56           lo      0.00      0.00      0.00      0.00      0.00      0.00      0.00      0.00
17:17:56         ens5   3648.00   3180.00    816.07    862.37      0.00      0.00      0.00      0.00

17:17:56        IFACE   rxpck/s   txpck/s    rxkB/s    txkB/s   rxcmp/s   txcmp/s  rxmcst/s   %ifutil
17:17:57           lo      0.00      0.00      0.00      0.00      0.00      0.00      0.00      0.00
17:17:57         ens5   2284.00   1923.00    414.63    501.49      0.00      0.00      0.00      0.00

17:17:57        IFACE   rxpck/s   txpck/s    rxkB/s    txkB/s   rxcmp/s   txcmp/s  rxmcst/s   %ifutil
17:17:58           lo      0.00      0.00      0.00      0.00      0.00      0.00      0.00      0.00
17:17:58         ens5   3566.00   3126.00    644.21    796.99      0.00      0.00      0.00      0.00

17:17:58        IFACE   rxpck/s   txpck/s    rxkB/s    txkB/s   rxcmp/s   txcmp/s  rxmcst/s   %ifutil
17:17:59           lo      0.00      0.00      0.00      0.00      0.00      0.00      0.00      0.00
17:17:59         ens5   3729.00   3246.00    694.00    848.50      0.00      0.00      0.00      0.00

17:17:59        IFACE   rxpck/s   txpck/s    rxkB/s    txkB/s   rxcmp/s   txcmp/s  rxmcst/s   %ifutil
17:18:00           lo      0.00      0.00      0.00      0.00      0.00      0.00      0.00      0.00
17:18:00         ens5   2045.00   1744.00    369.33    456.40      0.00      0.00      0.00      0.00

17:18:00        IFACE   rxpck/s   txpck/s    rxkB/s    txkB/s   rxcmp/s   txcmp/s  rxmcst/s   %ifutil
17:18:01           lo      0.00      0.00      0.00      0.00      0.00      0.00      0.00      0.00
17:18:01         ens5   3420.00   2964.00    618.83    762.17      0.00      0.00      0.00      0.00

17:18:01        IFACE   rxpck/s   txpck/s    rxkB/s    txkB/s   rxcmp/s   txcmp/s  rxmcst/s   %ifutil
17:18:02           lo      0.00      0.00      0.00      0.00      0.00      0.00      0.00      0.00
17:18:02         ens5   3559.00   3086.00    645.89    793.45      0.00      0.00      0.00      0.00

17:18:02        IFACE   rxpck/s   txpck/s    rxkB/s    txkB/s   rxcmp/s   txcmp/s  rxmcst/s   %ifutil
17:18:03           lo      0.00      0.00      0.00      0.00      0.00      0.00      0.00      0.00
17:18:03         ens5   2034.00   1744.00    369.59    450.70      0.00      0.00      0.00      0.00

17:18:03        IFACE   rxpck/s   txpck/s    rxkB/s    txkB/s   rxcmp/s   txcmp/s  rxmcst/s   %ifutil
17:18:04           lo      0.00      0.00      0.00      0.00      0.00      0.00      0.00      0.00
17:18:04         ens5   3142.00   2758.00    586.08    765.37      0.00      0.00      0.00      0.00

17:18:04        IFACE   rxpck/s   txpck/s    rxkB/s    txkB/s   rxcmp/s   txcmp/s  rxmcst/s   %ifutil
17:18:05           lo      0.00      0.00      0.00      0.00      0.00      0.00      0.00      0.00
17:18:05         ens5   3793.00   3380.00    808.36   1026.93      0.00      0.00      0.00      0.00

17:18:05        IFACE   rxpck/s   txpck/s    rxkB/s    txkB/s   rxcmp/s   txcmp/s  rxmcst/s   %ifutil
17:18:06           lo      0.00      0.00      0.00      0.00      0.00      0.00      0.00      0.00
17:18:06         ens5   2197.00   1860.00    558.81    539.80      0.00      0.00      0.00      0.00

17:18:06        IFACE   rxpck/s   txpck/s    rxkB/s    txkB/s   rxcmp/s   txcmp/s  rxmcst/s   %ifutil
17:18:07           lo      0.00      0.00      0.00      0.00      0.00      0.00      0.00      0.00
17:18:07         ens5   3420.00   2970.00    639.90    742.23      0.00      0.00      0.00      0.00

17:18:07        IFACE   rxpck/s   txpck/s    rxkB/s    txkB/s   rxcmp/s   txcmp/s  rxmcst/s   %ifutil
17:18:08           lo      0.00      0.00      0.00      0.00      0.00      0.00      0.00      0.00
17:18:08         ens5   3861.00   3382.00    722.86    879.78      0.00      0.00      0.00      0.00

17:18:08        IFACE   rxpck/s   txpck/s    rxkB/s    txkB/s   rxcmp/s   txcmp/s  rxmcst/s   %ifutil
17:18:09           lo      0.00      0.00      0.00      0.00      0.00      0.00      0.00      0.00
17:18:09         ens5   2205.00   1892.00    399.74    495.17      0.00      0.00      0.00      0.00

17:18:09        IFACE   rxpck/s   txpck/s    rxkB/s    txkB/s   rxcmp/s   txcmp/s  rxmcst/s   %ifutil
17:18:10           lo      0.00      0.00      0.00      0.00      0.00      0.00      0.00      0.00
17:18:10         ens5   3485.00   3033.00    644.17    774.81      0.00      0.00      0.00      0.00

17:18:10        IFACE   rxpck/s   txpck/s    rxkB/s    txkB/s   rxcmp/s   txcmp/s  rxmcst/s   %ifutil
17:18:11           lo      0.00      0.00      0.00      0.00      0.00      0.00      0.00      0.00
17:18:11         ens5   4023.00   3511.00    756.69    899.23      0.00      0.00      0.00      0.00

17:18:11        IFACE   rxpck/s   txpck/s    rxkB/s    txkB/s   rxcmp/s   txcmp/s  rxmcst/s   %ifutil
17:18:12           lo      0.00      0.00      0.00      0.00      0.00      0.00      0.00      0.00
17:18:12         ens5   2170.00   1814.00    406.67    485.72      0.00      0.00      0.00      0.00

17:18:12        IFACE   rxpck/s   txpck/s    rxkB/s    txkB/s   rxcmp/s   txcmp/s  rxmcst/s   %ifutil
17:18:13           lo      0.00      0.00      0.00      0.00      0.00      0.00      0.00      0.00
17:18:13         ens5   3521.00   3095.00    655.09    786.21      0.00      0.00      0.00      0.00

17:18:13        IFACE   rxpck/s   txpck/s    rxkB/s    txkB/s   rxcmp/s   txcmp/s  rxmcst/s   %ifutil
17:18:14           lo      0.00      0.00      0.00      0.00      0.00      0.00      0.00      0.00
17:18:14         ens5   3671.00   3203.00    647.69    877.97      0.00      0.00      0.00      0.00

17:18:14        IFACE   rxpck/s   txpck/s    rxkB/s    txkB/s   rxcmp/s   txcmp/s  rxmcst/s   %ifutil
17:18:15           lo      0.00      0.00      0.00      0.00      0.00      0.00      0.00      0.00
17:18:15         ens5   2133.00   1825.00    503.59    644.76      0.00      0.00      0.00      0.00

17:18:15        IFACE   rxpck/s   txpck/s    rxkB/s    txkB/s   rxcmp/s   txcmp/s  rxmcst/s   %ifutil
17:18:16           lo      0.00      0.00      0.00      0.00      0.00      0.00      0.00      0.00
17:18:16         ens5   2514.00   2150.00    585.20    604.17      0.00      0.00      0.00      0.00

17:18:16        IFACE   rxpck/s   txpck/s    rxkB/s    txkB/s   rxcmp/s   txcmp/s  rxmcst/s   %ifutil
17:18:17           lo      0.00      0.00      0.00      0.00      0.00      0.00      0.00      0.00
17:18:17         ens5   1611.00   1372.00    301.80    373.53      0.00      0.00      0.00      0.00

17:18:17        IFACE   rxpck/s   txpck/s    rxkB/s    txkB/s   rxcmp/s   txcmp/s  rxmcst/s   %ifutil
17:18:18           lo      0.00      0.00      0.00      0.00      0.00      0.00      0.00      0.00
17:18:18         ens5   1675.00   1427.00    324.41    383.03      0.00      0.00      0.00      0.00

17:18:18        IFACE   rxpck/s   txpck/s    rxkB/s    txkB/s   rxcmp/s   txcmp/s  rxmcst/s   %ifutil
17:18:19           lo      0.00      0.00      0.00      0.00      0.00      0.00      0.00      0.00
17:18:19         ens5   3658.00   3224.00    666.02    837.32      0.00      0.00      0.00      0.00

17:18:19        IFACE   rxpck/s   txpck/s    rxkB/s    txkB/s   rxcmp/s   txcmp/s  rxmcst/s   %ifutil
17:18:20           lo      0.00      0.00      0.00      0.00      0.00      0.00      0.00      0.00
17:18:20         ens5   3675.00   3199.00    666.65    812.75      0.00      0.00      0.00      0.00

17:18:20        IFACE   rxpck/s   txpck/s    rxkB/s    txkB/s   rxcmp/s   txcmp/s  rxmcst/s   %ifutil
17:18:21           lo      0.00      0.00      0.00      0.00      0.00      0.00      0.00      0.00
17:18:21         ens5   2212.00   1900.00    405.76    480.20      0.00      0.00      0.00      0.00

17:18:21        IFACE   rxpck/s   txpck/s    rxkB/s    txkB/s   rxcmp/s   txcmp/s  rxmcst/s   %ifutil
17:18:22           lo      0.00      0.00      0.00      0.00      0.00      0.00      0.00      0.00
17:18:22         ens5   3987.00   3517.00    736.98    902.43      0.00      0.00      0.00      0.00

17:18:22        IFACE   rxpck/s   txpck/s    rxkB/s    txkB/s   rxcmp/s   txcmp/s  rxmcst/s   %ifutil
17:18:23           lo      0.00      0.00      0.00      0.00      0.00      0.00      0.00      0.00
17:18:23         ens5   2639.00   2647.00    509.77    678.55      0.00      0.00      0.00      0.00

17:18:23        IFACE   rxpck/s   txpck/s    rxkB/s    txkB/s   rxcmp/s   txcmp/s  rxmcst/s   %ifutil
17:18:24           lo      0.00      0.00      0.00      0.00      0.00      0.00      0.00      0.00
17:18:24         ens5   2127.00   1915.00    377.33    544.64      0.00      0.00      0.00      0.00

17:18:24        IFACE   rxpck/s   txpck/s    rxkB/s    txkB/s   rxcmp/s   txcmp/s  rxmcst/s   %ifutil
17:18:25           lo      0.00      0.00      0.00      0.00      0.00      0.00      0.00      0.00
17:18:25         ens5   3906.00   3436.00    849.06   1051.35      0.00      0.00      0.00      0.00

17:18:25        IFACE   rxpck/s   txpck/s    rxkB/s    txkB/s   rxcmp/s   txcmp/s  rxmcst/s   %ifutil
17:18:26           lo      0.00      0.00      0.00      0.00      0.00      0.00      0.00      0.00
17:18:26         ens5   3279.00   2837.00    747.80    783.06      0.00      0.00      0.00      0.00

17:18:26        IFACE   rxpck/s   txpck/s    rxkB/s    txkB/s   rxcmp/s   txcmp/s  rxmcst/s   %ifutil
17:18:27           lo      0.00      0.00      0.00      0.00      0.00      0.00      0.00      0.00
17:18:27         ens5   2204.00   1922.00    388.54    489.71      0.00      0.00      0.00      0.00

17:18:27        IFACE   rxpck/s   txpck/s    rxkB/s    txkB/s   rxcmp/s   txcmp/s  rxmcst/s   %ifutil
17:18:28           lo      0.00      0.00      0.00      0.00      0.00      0.00      0.00      0.00
17:18:28         ens5   3894.00   3420.00    722.72    892.83      0.00      0.00      0.00      0.00

17:18:28        IFACE   rxpck/s   txpck/s    rxkB/s    txkB/s   rxcmp/s   txcmp/s  rxmcst/s   %ifutil
17:18:29           lo      0.00      0.00      0.00      0.00      0.00      0.00      0.00      0.00
17:18:29         ens5   3159.00   2761.00    582.93    718.45      0.00      0.00      0.00      0.00

17:18:29        IFACE   rxpck/s   txpck/s    rxkB/s    txkB/s   rxcmp/s   txcmp/s  rxmcst/s   %ifutil
17:18:30           lo      0.00      0.00      0.00      0.00      0.00      0.00      0.00      0.00
17:18:30         ens5   2271.00   1987.00    408.20    521.03      0.00      0.00      0.00      0.00

17:18:30        IFACE   rxpck/s   txpck/s    rxkB/s    txkB/s   rxcmp/s   txcmp/s  rxmcst/s   %ifutil
17:18:31           lo      0.00      0.00      0.00      0.00      0.00      0.00      0.00      0.00
17:18:31         ens5   3853.00   3420.00    710.89    871.79      0.00      0.00      0.00      0.00

17:18:31        IFACE   rxpck/s   txpck/s    rxkB/s    txkB/s   rxcmp/s   txcmp/s  rxmcst/s   %ifutil
17:18:32           lo      0.00      0.00      0.00      0.00      0.00      0.00      0.00      0.00
17:18:32         ens5   3469.00   3005.00    626.32    773.24      0.00      0.00      0.00      0.00

17:18:32        IFACE   rxpck/s   txpck/s    rxkB/s    txkB/s   rxcmp/s   txcmp/s  rxmcst/s   %ifutil
17:18:33           lo      0.00      0.00      0.00      0.00      0.00      0.00      0.00      0.00
17:18:33         ens5   2180.00   1865.00    397.39    489.89      0.00      0.00      0.00      0.00

17:18:33        IFACE   rxpck/s   txpck/s    rxkB/s    txkB/s   rxcmp/s   txcmp/s  rxmcst/s   %ifutil
17:18:34           lo      0.00      0.00      0.00      0.00      0.00      0.00      0.00      0.00
17:18:34         ens5   3859.00   3372.00    686.91    923.86      0.00      0.00      0.00      0.00

17:18:34        IFACE   rxpck/s   txpck/s    rxkB/s    txkB/s   rxcmp/s   txcmp/s  rxmcst/s   %ifutil
17:18:35           lo      0.00      0.00      0.00      0.00      0.00      0.00      0.00      0.00
17:18:35         ens5   3274.00   2828.00    717.71    909.90      0.00      0.00      0.00      0.00

17:18:35        IFACE   rxpck/s   txpck/s    rxkB/s    txkB/s   rxcmp/s   txcmp/s  rxmcst/s   %ifutil
17:18:36           lo      0.00      0.00      0.00      0.00      0.00      0.00      0.00      0.00
17:18:36         ens5   2320.00   1919.00    542.33    540.10      0.00      0.00      0.00      0.00

17:18:36        IFACE   rxpck/s   txpck/s    rxkB/s    txkB/s   rxcmp/s   txcmp/s  rxmcst/s   %ifutil
17:18:37           lo      0.00      0.00      0.00      0.00      0.00      0.00      0.00      0.00
17:18:37         ens5   3723.76   3269.31    689.30    862.58      0.00      0.00      0.00      0.00

17:18:37        IFACE   rxpck/s   txpck/s    rxkB/s    txkB/s   rxcmp/s   txcmp/s  rxmcst/s   %ifutil
17:18:38           lo      0.00      0.00      0.00      0.00      0.00      0.00      0.00      0.00
17:18:38         ens5   3330.00   2934.00    588.28    747.24      0.00      0.00      0.00      0.00

17:18:38        IFACE   rxpck/s   txpck/s    rxkB/s    txkB/s   rxcmp/s   txcmp/s  rxmcst/s   %ifutil
17:18:39           lo      0.00      0.00      0.00      0.00      0.00      0.00      0.00      0.00
17:18:39         ens5   2162.00   1803.00    388.72    475.23      0.00      0.00      0.00      0.00

17:18:39        IFACE   rxpck/s   txpck/s    rxkB/s    txkB/s   rxcmp/s   txcmp/s  rxmcst/s   %ifutil
17:18:40           lo      0.00      0.00      0.00      0.00      0.00      0.00      0.00      0.00
17:18:40         ens5   3771.00   3309.00    678.61    857.29      0.00      0.00      0.00      0.00

17:18:40        IFACE   rxpck/s   txpck/s    rxkB/s    txkB/s   rxcmp/s   txcmp/s  rxmcst/s   %ifutil
17:18:41           lo      0.00      0.00      0.00      0.00      0.00      0.00      0.00      0.00
17:18:41         ens5   3465.00   3015.00    633.57    781.04      0.00      0.00      0.00      0.00

17:18:41        IFACE   rxpck/s   txpck/s    rxkB/s    txkB/s   rxcmp/s   txcmp/s  rxmcst/s   %ifutil
17:18:42           lo      0.00      0.00      0.00      0.00      0.00      0.00      0.00      0.00
17:18:42         ens5   2148.00   1853.00    388.56    489.30      0.00      0.00      0.00      0.00

17:18:42        IFACE   rxpck/s   txpck/s    rxkB/s    txkB/s   rxcmp/s   txcmp/s  rxmcst/s   %ifutil
17:18:43           lo      0.00      0.00      0.00      0.00      0.00      0.00      0.00      0.00
17:18:43         ens5   3708.00   3243.00    668.48    843.47      0.00      0.00      0.00      0.00

17:18:43        IFACE   rxpck/s   txpck/s    rxkB/s    txkB/s   rxcmp/s   txcmp/s  rxmcst/s   %ifutil
17:18:44           lo      0.00      0.00      0.00      0.00      0.00      0.00      0.00      0.00
17:18:44         ens5   3488.00   3022.00    647.67    854.70      0.00      0.00      0.00      0.00

17:18:44        IFACE   rxpck/s   txpck/s    rxkB/s    txkB/s   rxcmp/s   txcmp/s  rxmcst/s   %ifutil
17:18:45           lo      0.00      0.00      0.00      0.00      0.00      0.00      0.00      0.00
17:18:45         ens5   2170.00   1867.00    500.73    664.81      0.00      0.00      0.00      0.00

17:18:45        IFACE   rxpck/s   txpck/s    rxkB/s    txkB/s   rxcmp/s   txcmp/s  rxmcst/s   %ifutil
17:18:46           lo      0.00      0.00      0.00      0.00      0.00      0.00      0.00      0.00
17:18:46         ens5   3629.00   3245.00    791.19    887.33      0.00      0.00      0.00      0.00

17:18:46        IFACE   rxpck/s   txpck/s    rxkB/s    txkB/s   rxcmp/s   txcmp/s  rxmcst/s   %ifutil
17:18:47           lo      0.00      0.00      0.00      0.00      0.00      0.00      0.00      0.00
17:18:47         ens5   3404.00   3001.00    623.43    783.69      0.00      0.00      0.00      0.00

17:18:47        IFACE   rxpck/s   txpck/s    rxkB/s    txkB/s   rxcmp/s   txcmp/s  rxmcst/s   %ifutil
17:18:48           lo      0.00      0.00      0.00      0.00      0.00      0.00      0.00      0.00
17:18:48         ens5   2154.00   1856.00    404.61    490.72      0.00      0.00      0.00      0.00

17:18:48        IFACE   rxpck/s   txpck/s    rxkB/s    txkB/s   rxcmp/s   txcmp/s  rxmcst/s   %ifutil
17:18:49           lo      0.00      0.00      0.00      0.00      0.00      0.00      0.00      0.00
17:18:49         ens5   3637.00   3216.00    667.53    836.10      0.00      0.00      0.00      0.00

17:18:49        IFACE   rxpck/s   txpck/s    rxkB/s    txkB/s   rxcmp/s   txcmp/s  rxmcst/s   %ifutil
17:18:50           lo      0.00      0.00      0.00      0.00      0.00      0.00      0.00      0.00
17:18:50         ens5   3804.00   3304.00    726.38    861.11      0.00      0.00      0.00      0.00

17:18:50        IFACE   rxpck/s   txpck/s    rxkB/s    txkB/s   rxcmp/s   txcmp/s  rxmcst/s   %ifutil
17:18:51           lo      0.00      0.00      0.00      0.00      0.00      0.00      0.00      0.00
17:18:51         ens5   2112.00   1812.00    393.55    497.49      0.00      0.00      0.00      0.00

17:18:51        IFACE   rxpck/s   txpck/s    rxkB/s    txkB/s   rxcmp/s   txcmp/s  rxmcst/s   %ifutil
17:18:52           lo      0.00      0.00      0.00      0.00      0.00      0.00      0.00      0.00
17:18:52         ens5   3674.00   3218.00    679.62    837.54      0.00      0.00      0.00      0.00

17:18:52        IFACE   rxpck/s   txpck/s    rxkB/s    txkB/s   rxcmp/s   txcmp/s  rxmcst/s   %ifutil
17:18:53           lo      0.00      0.00      0.00      0.00      0.00      0.00      0.00      0.00
17:18:53         ens5   3505.00   3075.00    641.75    806.79      0.00      0.00      0.00      0.00

17:18:53        IFACE   rxpck/s   txpck/s    rxkB/s    txkB/s   rxcmp/s   txcmp/s  rxmcst/s   %ifutil
17:18:54           lo      0.00      0.00      0.00      0.00      0.00      0.00      0.00      0.00
17:18:54         ens5   2012.00   1747.00    379.49    527.87      0.00      0.00      0.00      0.00

17:18:54        IFACE   rxpck/s   txpck/s    rxkB/s    txkB/s   rxcmp/s   txcmp/s  rxmcst/s   %ifutil
17:18:55           lo      0.00      0.00      0.00      0.00      0.00      0.00      0.00      0.00
17:18:55         ens5   3689.00   3251.00    777.86   1004.43      0.00      0.00      0.00      0.00

17:18:55        IFACE   rxpck/s   txpck/s    rxkB/s    txkB/s   rxcmp/s   txcmp/s  rxmcst/s   %ifutil
17:18:56           lo      0.00      0.00      0.00      0.00      0.00      0.00      0.00      0.00
17:18:56         ens5   3328.00   2905.00    760.70    798.83      0.00      0.00      0.00      0.00

17:18:56        IFACE   rxpck/s   txpck/s    rxkB/s    txkB/s   rxcmp/s   txcmp/s  rxmcst/s   %ifutil
17:18:57           lo      0.00      0.00      0.00      0.00      0.00      0.00      0.00      0.00
17:18:57         ens5   2227.00   1906.00    417.16    502.75      0.00      0.00      0.00      0.00

17:18:57        IFACE   rxpck/s   txpck/s    rxkB/s    txkB/s   rxcmp/s   txcmp/s  rxmcst/s   %ifutil
17:18:58           lo      0.00      0.00      0.00      0.00      0.00      0.00      0.00      0.00
17:18:58         ens5   3735.00   3282.00    679.56    865.31      0.00      0.00      0.00      0.00

17:18:58        IFACE   rxpck/s   txpck/s    rxkB/s    txkB/s   rxcmp/s   txcmp/s  rxmcst/s   %ifutil
17:18:59           lo      0.00      0.00      0.00      0.00      0.00      0.00      0.00      0.00
17:18:59         ens5   3574.00   3108.00    685.86    822.82      0.00      0.00      0.00      0.00

17:18:59        IFACE   rxpck/s   txpck/s    rxkB/s    txkB/s   rxcmp/s   txcmp/s  rxmcst/s   %ifutil
17:19:00           lo      0.00      0.00      0.00      0.00      0.00      0.00      0.00      0.00
17:19:00         ens5   2232.00   1862.00    415.37    495.47      0.00      0.00      0.00      0.00

17:19:00        IFACE   rxpck/s   txpck/s    rxkB/s    txkB/s   rxcmp/s   txcmp/s  rxmcst/s   %ifutil
17:19:01           lo      0.00      0.00      0.00      0.00      0.00      0.00      0.00      0.00
17:19:01         ens5   3669.00   3262.00    694.78    857.25      0.00      0.00      0.00      0.00

17:19:01        IFACE   rxpck/s   txpck/s    rxkB/s    txkB/s   rxcmp/s   txcmp/s  rxmcst/s   %ifutil
17:19:02           lo      0.00      0.00      0.00      0.00      0.00      0.00      0.00      0.00
17:19:02         ens5   3572.00   3114.00    661.59    813.75      0.00      0.00      0.00      0.00

17:19:02        IFACE   rxpck/s   txpck/s    rxkB/s    txkB/s   rxcmp/s   txcmp/s  rxmcst/s   %ifutil
17:19:03           lo      0.00      0.00      0.00      0.00      0.00      0.00      0.00      0.00
17:19:03         ens5   2050.00   1762.00    375.94    471.53      0.00      0.00      0.00      0.00

17:19:03        IFACE   rxpck/s   txpck/s    rxkB/s    txkB/s   rxcmp/s   txcmp/s  rxmcst/s   %ifutil
17:19:04           lo      0.00      0.00      0.00      0.00      0.00      0.00      0.00      0.00
17:19:04         ens5   3008.00   2357.00    749.08    935.85      0.00      0.00      0.00      0.00

17:19:04        IFACE   rxpck/s   txpck/s    rxkB/s    txkB/s   rxcmp/s   txcmp/s  rxmcst/s   %ifutil
17:19:05           lo      0.00      0.00      0.00      0.00      0.00      0.00      0.00      0.00
17:19:05         ens5   2590.00   1939.00    711.45   1205.31      0.00      0.00      0.00      0.00

17:19:05        IFACE   rxpck/s   txpck/s    rxkB/s    txkB/s   rxcmp/s   txcmp/s  rxmcst/s   %ifutil
17:19:06           lo      0.00      0.00      0.00      0.00      0.00      0.00      0.00      0.00
17:19:06         ens5   1470.00   1085.00    484.07    612.00      0.00      0.00      0.00      0.00

17:19:06        IFACE   rxpck/s   txpck/s    rxkB/s    txkB/s   rxcmp/s   txcmp/s  rxmcst/s   %ifutil
17:19:07           lo      0.00      0.00      0.00      0.00      0.00      0.00      0.00      0.00
17:19:07         ens5   2285.00   1695.00    543.20    914.97      0.00      0.00      0.00      0.00

17:19:07        IFACE   rxpck/s   txpck/s    rxkB/s    txkB/s   rxcmp/s   txcmp/s  rxmcst/s   %ifutil
17:19:08           lo      0.00      0.00      0.00      0.00      0.00      0.00      0.00      0.00
17:19:08         ens5   2708.00   1971.00    645.31   1071.11      0.00      0.00      0.00      0.00

17:19:08        IFACE   rxpck/s   txpck/s    rxkB/s    txkB/s   rxcmp/s   txcmp/s  rxmcst/s   %ifutil
17:19:09           lo      0.00      0.00      0.00      0.00      0.00      0.00      0.00      0.00
17:19:09         ens5   1930.00   1371.00    487.45    780.93      0.00      0.00      0.00      0.00

17:19:09        IFACE   rxpck/s   txpck/s    rxkB/s    txkB/s   rxcmp/s   txcmp/s  rxmcst/s   %ifutil
17:19:10           lo      0.00      0.00      0.00      0.00      0.00      0.00      0.00      0.00
17:19:10         ens5   1938.00   1437.00    445.65    760.68      0.00      0.00      0.00      0.00

17:19:10        IFACE   rxpck/s   txpck/s    rxkB/s    txkB/s   rxcmp/s   txcmp/s  rxmcst/s   %ifutil
17:19:11           lo      0.00      0.00      0.00      0.00      0.00      0.00      0.00      0.00
17:19:11         ens5   2520.00   1905.00    591.57   1017.86      0.00      0.00      0.00      0.00

17:19:11        IFACE   rxpck/s   txpck/s    rxkB/s    txkB/s   rxcmp/s   txcmp/s  rxmcst/s   %ifutil
17:19:12           lo      0.00      0.00      0.00      0.00      0.00      0.00      0.00      0.00
17:19:12         ens5   2342.00   1750.00    562.60    935.47      0.00      0.00      0.00      0.00

17:19:12        IFACE   rxpck/s   txpck/s    rxkB/s    txkB/s   rxcmp/s   txcmp/s  rxmcst/s   %ifutil
17:19:13           lo      0.00      0.00      0.00      0.00      0.00      0.00      0.00      0.00
17:19:13         ens5   1493.00   1105.00    345.17    624.40      0.00      0.00      0.00      0.00

17:19:13        IFACE   rxpck/s   txpck/s    rxkB/s    txkB/s   rxcmp/s   txcmp/s  rxmcst/s   %ifutil
17:19:14           lo      0.00      0.00      0.00      0.00      0.00      0.00      0.00      0.00
17:19:14         ens5   2483.00   1898.00    580.45   1082.42      0.00      0.00      0.00      0.00

17:19:14        IFACE   rxpck/s   txpck/s    rxkB/s    txkB/s   rxcmp/s   txcmp/s  rxmcst/s   %ifutil
17:19:15           lo      0.00      0.00      0.00      0.00      0.00      0.00      0.00      0.00
17:19:15         ens5   2564.00   1929.00    715.76   1168.98      0.00      0.00      0.00      0.00

17:19:15        IFACE   rxpck/s   txpck/s    rxkB/s    txkB/s   rxcmp/s   txcmp/s  rxmcst/s   %ifutil
17:19:16           lo      0.00      0.00      0.00      0.00      0.00      0.00      0.00      0.00
17:19:16         ens5   1451.00   1039.00    473.08    627.61      0.00      0.00      0.00      0.00

17:19:16        IFACE   rxpck/s   txpck/s    rxkB/s    txkB/s   rxcmp/s   txcmp/s  rxmcst/s   %ifutil
17:19:17           lo      0.00      0.00      0.00      0.00      0.00      0.00      0.00      0.00
17:19:17         ens5   2133.00   1615.00    491.28    875.75      0.00      0.00      0.00      0.00

17:19:17        IFACE   rxpck/s   txpck/s    rxkB/s    txkB/s   rxcmp/s   txcmp/s  rxmcst/s   %ifutil
17:19:18           lo      0.00      0.00      0.00      0.00      0.00      0.00      0.00      0.00
17:19:18         ens5   2584.00   1906.00    619.92   1065.04      0.00      0.00      0.00      0.00

17:19:18        IFACE   rxpck/s   txpck/s    rxkB/s    txkB/s   rxcmp/s   txcmp/s  rxmcst/s   %ifutil
17:19:19           lo      0.00      0.00      0.00      0.00      0.00      0.00      0.00      0.00
17:19:19         ens5   1934.00   1461.00    470.48    800.87      0.00      0.00      0.00      0.00

17:19:19        IFACE   rxpck/s   txpck/s    rxkB/s    txkB/s   rxcmp/s   txcmp/s  rxmcst/s   %ifutil
17:19:20           lo      0.00      0.00      0.00      0.00      0.00      0.00      0.00      0.00
17:19:20         ens5   1771.00   1295.00    404.40    733.93      0.00      0.00      0.00      0.00

17:19:20        IFACE   rxpck/s   txpck/s    rxkB/s    txkB/s   rxcmp/s   txcmp/s  rxmcst/s   %ifutil
17:19:21           lo      0.00      0.00      0.00      0.00      0.00      0.00      0.00      0.00
17:19:21         ens5   2626.00   1956.00    616.65   1043.65      0.00      0.00      0.00      0.00

17:19:21        IFACE   rxpck/s   txpck/s    rxkB/s    txkB/s   rxcmp/s   txcmp/s  rxmcst/s   %ifutil
17:19:22           lo      0.00      0.00      0.00      0.00      0.00      0.00      0.00      0.00
17:19:22         ens5   2367.00   1758.00    561.06    962.67      0.00      0.00      0.00      0.00

17:19:22        IFACE   rxpck/s   txpck/s    rxkB/s    txkB/s   rxcmp/s   txcmp/s  rxmcst/s   %ifutil
17:19:23           lo      0.00      0.00      0.00      0.00      0.00      0.00      0.00      0.00
17:19:23         ens5   1420.00   1032.00    323.38    578.71      0.00      0.00      0.00      0.00

17:19:23        IFACE   rxpck/s   txpck/s    rxkB/s    txkB/s   rxcmp/s   txcmp/s  rxmcst/s   %ifutil
17:19:24           lo      0.00      0.00      0.00      0.00      0.00      0.00      0.00      0.00
17:19:24         ens5   1502.00   1109.00    355.16    707.64      0.00      0.00      0.00      0.00

17:19:24        IFACE   rxpck/s   txpck/s    rxkB/s    txkB/s   rxcmp/s   txcmp/s  rxmcst/s   %ifutil
17:19:25           lo      0.00      0.00      0.00      0.00      0.00      0.00      0.00      0.00
17:19:25         ens5    932.00    697.00    335.55    643.03      0.00      0.00      0.00      0.00

17:19:25        IFACE   rxpck/s   txpck/s    rxkB/s    txkB/s   rxcmp/s   txcmp/s  rxmcst/s   %ifutil
17:19:26           lo      0.00      0.00      0.00      0.00      0.00      0.00      0.00      0.00
17:19:26         ens5   1347.00   1143.00    454.65    664.39      0.00      0.00      0.00      0.00

17:19:26        IFACE   rxpck/s   txpck/s    rxkB/s    txkB/s   rxcmp/s   txcmp/s  rxmcst/s   %ifutil
17:19:27           lo      0.00      0.00      0.00      0.00      0.00      0.00      0.00      0.00
17:19:27         ens5   2260.00   1942.00    558.33   1046.39      0.00      0.00      0.00      0.00

17:19:27        IFACE   rxpck/s   txpck/s    rxkB/s    txkB/s   rxcmp/s   txcmp/s  rxmcst/s   %ifutil
17:19:28           lo      0.00      0.00      0.00      0.00      0.00      0.00      0.00      0.00
17:19:28         ens5   2380.00   1803.00    551.48    944.58      0.00      0.00      0.00      0.00

17:19:28        IFACE   rxpck/s   txpck/s    rxkB/s    txkB/s   rxcmp/s   txcmp/s  rxmcst/s   %ifutil
17:19:29           lo      0.00      0.00      0.00      0.00      0.00      0.00      0.00      0.00
17:19:29         ens5   1488.00   1091.00    343.50    613.31      0.00      0.00      0.00      0.00

17:19:29        IFACE   rxpck/s   txpck/s    rxkB/s    txkB/s   rxcmp/s   txcmp/s  rxmcst/s   %ifutil
17:19:30           lo      0.00      0.00      0.00      0.00      0.00      0.00      0.00      0.00
17:19:30         ens5   2566.00   1905.00    605.80   1003.31      0.00      0.00      0.00      0.00

17:19:30        IFACE   rxpck/s   txpck/s    rxkB/s    txkB/s   rxcmp/s   txcmp/s  rxmcst/s   %ifutil
17:19:31           lo      0.00      0.00      0.00      0.00      0.00      0.00      0.00      0.00
17:19:31         ens5   2628.00   1972.00    601.58   1041.72      0.00      0.00      0.00      0.00

17:19:31        IFACE   rxpck/s   txpck/s    rxkB/s    txkB/s   rxcmp/s   txcmp/s  rxmcst/s   %ifutil
17:19:32           lo      0.00      0.00      0.00      0.00      0.00      0.00      0.00      0.00
17:19:32         ens5   1567.00   1175.00    365.56    633.06      0.00      0.00      0.00      0.00

17:19:32        IFACE   rxpck/s   txpck/s    rxkB/s    txkB/s   rxcmp/s   txcmp/s  rxmcst/s   %ifutil
17:19:33           lo      0.00      0.00      0.00      0.00      0.00      0.00      0.00      0.00
17:19:33         ens5   2169.00   1644.00    520.40    908.69      0.00      0.00      0.00      0.00

17:19:33        IFACE   rxpck/s   txpck/s    rxkB/s    txkB/s   rxcmp/s   txcmp/s  rxmcst/s   %ifutil
17:19:34           lo      0.00      0.00      0.00      0.00      0.00      0.00      0.00      0.00
17:19:34         ens5   2634.00   1907.00    656.39   1080.17      0.00      0.00      0.00      0.00

17:19:34        IFACE   rxpck/s   txpck/s    rxkB/s    txkB/s   rxcmp/s   txcmp/s  rxmcst/s   %ifutil
17:19:35           lo      0.00      0.00      0.00      0.00      0.00      0.00      0.00      0.00
17:19:35         ens5   1994.00   1496.00    596.28    955.96      0.00      0.00      0.00      0.00

17:19:35        IFACE   rxpck/s   txpck/s    rxkB/s    txkB/s   rxcmp/s   txcmp/s  rxmcst/s   %ifutil
17:19:36           lo      0.00      0.00      0.00      0.00      0.00      0.00      0.00      0.00
17:19:36         ens5   1726.00   1295.00    535.60    735.41      0.00      0.00      0.00      0.00

17:19:36        IFACE   rxpck/s   txpck/s    rxkB/s    txkB/s   rxcmp/s   txcmp/s  rxmcst/s   %ifutil
17:19:37           lo      0.00      0.00      0.00      0.00      0.00      0.00      0.00      0.00
17:19:37         ens5   2503.00   1888.00    608.47   1047.42      0.00      0.00      0.00      0.00
