Linux 6.1.166-197.305.amzn2023.x86_64 (ip-172-31-35-124.ec2.internal) 	04/22/26 	_x86_64_	(2 CPU)

16:38:59        IFACE   rxpck/s   txpck/s    rxkB/s    txkB/s   rxcmp/s   txcmp/s  rxmcst/s   %ifutil
16:39:00           lo      0.00      0.00      0.00      0.00      0.00      0.00      0.00      0.00
16:39:00         ens5   1192.00   1176.00    562.07    162.02      0.00      0.00      0.00      0.00

16:39:00        IFACE   rxpck/s   txpck/s    rxkB/s    txkB/s   rxcmp/s   txcmp/s  rxmcst/s   %ifutil
16:39:01           lo      0.00      0.00      0.00      0.00      0.00      0.00      0.00      0.00
16:39:01         ens5    814.00    852.00    371.91    130.35      0.00      0.00      0.00      0.00

16:39:01        IFACE   rxpck/s   txpck/s    rxkB/s    txkB/s   rxcmp/s   txcmp/s  rxmcst/s   %ifutil
16:39:02           lo      0.00      0.00      0.00      0.00      0.00      0.00      0.00      0.00
16:39:02         ens5   1093.00   1108.00    519.74    191.81      0.00      0.00      0.00      0.00

16:39:02        IFACE   rxpck/s   txpck/s    rxkB/s    txkB/s   rxcmp/s   txcmp/s  rxmcst/s   %ifutil
16:39:03           lo      0.00      0.00      0.00      0.00      0.00      0.00      0.00      0.00
16:39:03         ens5    791.00    860.00    358.62    143.19      0.00      0.00      0.00      0.00

16:39:03        IFACE   rxpck/s   txpck/s    rxkB/s    txkB/s   rxcmp/s   txcmp/s  rxmcst/s   %ifutil
16:39:04           lo      0.00      0.00      0.00      0.00      0.00      0.00      0.00      0.00
16:39:04         ens5   1149.00   1248.00    586.41    287.90      0.00      0.00      0.00      0.00

16:39:04        IFACE   rxpck/s   txpck/s    rxkB/s    txkB/s   rxcmp/s   txcmp/s  rxmcst/s   %ifutil
16:39:05           lo      0.00      0.00      0.00      0.00      0.00      0.00      0.00      0.00
16:39:05         ens5   1375.00   1476.00    700.05    415.83      0.00      0.00      0.00      0.00

16:39:05        IFACE   rxpck/s   txpck/s    rxkB/s    txkB/s   rxcmp/s   txcmp/s  rxmcst/s   %ifutil
16:39:06           lo      0.00      0.00      0.00      0.00      0.00      0.00      0.00      0.00
16:39:06         ens5   1233.00   1355.00    583.40    288.01      0.00      0.00      0.00      0.00

16:39:06        IFACE   rxpck/s   txpck/s    rxkB/s    txkB/s   rxcmp/s   txcmp/s  rxmcst/s   %ifutil
16:39:07           lo      0.00      0.00      0.00      0.00      0.00      0.00      0.00      0.00
16:39:07         ens5    869.00    967.00    415.63    410.83      0.00      0.00      0.00      0.00

16:39:07        IFACE   rxpck/s   txpck/s    rxkB/s    txkB/s   rxcmp/s   txcmp/s  rxmcst/s   %ifutil
16:39:08           lo      0.00      0.00      0.00      0.00      0.00      0.00      0.00      0.00
16:39:08         ens5   1210.00   1318.00    551.17    210.40      0.00      0.00      0.00      0.00

16:39:08        IFACE   rxpck/s   txpck/s    rxkB/s    txkB/s   rxcmp/s   txcmp/s  rxmcst/s   %ifutil
16:39:09           lo      0.00      0.00      0.00      0.00      0.00      0.00      0.00      0.00
16:39:09         ens5    875.00    954.00    382.12    147.48      0.00      0.00      0.00      0.00

16:39:09        IFACE   rxpck/s   txpck/s    rxkB/s    txkB/s   rxcmp/s   txcmp/s  rxmcst/s   %ifutil
16:39:10           lo      0.00      0.00      0.00      0.00      0.00      0.00      0.00      0.00
16:39:10         ens5   1178.00   1280.00    540.85    203.34      0.00      0.00      0.00      0.00

16:39:10        IFACE   rxpck/s   txpck/s    rxkB/s    txkB/s   rxcmp/s   txcmp/s  rxmcst/s   %ifutil
16:39:11           lo      0.00      0.00      0.00      0.00      0.00      0.00      0.00      0.00
16:39:11         ens5    968.00   1054.00    417.96    182.35      0.00      0.00      0.00      0.00

16:39:11        IFACE   rxpck/s   txpck/s    rxkB/s    txkB/s   rxcmp/s   txcmp/s  rxmcst/s   %ifutil
16:39:12           lo      0.00      0.00      0.00      0.00      0.00      0.00      0.00      0.00
16:39:12         ens5   1255.00   1328.00    547.82    209.05      0.00      0.00      0.00      0.00

16:39:12        IFACE   rxpck/s   txpck/s    rxkB/s    txkB/s   rxcmp/s   txcmp/s  rxmcst/s   %ifutil
16:39:13           lo      0.00      0.00      0.00      0.00      0.00      0.00      0.00      0.00
16:39:13         ens5    918.00   1006.00    410.40    165.85      0.00      0.00      0.00      0.00

16:39:13        IFACE   rxpck/s   txpck/s    rxkB/s    txkB/s   rxcmp/s   txcmp/s  rxmcst/s   %ifutil
16:39:14           lo      0.00      0.00      0.00      0.00      0.00      0.00      0.00      0.00
16:39:14         ens5   1224.00   1300.00    607.55    289.13      0.00      0.00      0.00      0.00

16:39:14        IFACE   rxpck/s   txpck/s    rxkB/s    txkB/s   rxcmp/s   txcmp/s  rxmcst/s   %ifutil
16:39:15           lo      0.00      0.00      0.00      0.00      0.00      0.00      0.00      0.00
16:39:15         ens5    912.00   1010.00    451.08    248.49      0.00      0.00      0.00      0.00

16:39:15        IFACE   rxpck/s   txpck/s    rxkB/s    txkB/s   rxcmp/s   txcmp/s  rxmcst/s   %ifutil
16:39:16           lo      0.00      0.00      0.00      0.00      0.00      0.00      0.00      0.00
16:39:16         ens5   1195.00   1276.00    578.51    250.79      0.00      0.00      0.00      0.00

16:39:16        IFACE   rxpck/s   txpck/s    rxkB/s    txkB/s   rxcmp/s   txcmp/s  rxmcst/s   %ifutil
16:39:17           lo      0.00      0.00      0.00      0.00      0.00      0.00      0.00      0.00
16:39:17         ens5    904.00   1005.00    439.30    432.55      0.00      0.00      0.00      0.00

16:39:17        IFACE   rxpck/s   txpck/s    rxkB/s    txkB/s   rxcmp/s   txcmp/s  rxmcst/s   %ifutil
16:39:18           lo      0.00      0.00      0.00      0.00      0.00      0.00      0.00      0.00
16:39:18         ens5   1180.00   1289.00    535.83    204.88      0.00      0.00      0.00      0.00

16:39:18        IFACE   rxpck/s   txpck/s    rxkB/s    txkB/s   rxcmp/s   txcmp/s  rxmcst/s   %ifutil
16:39:19           lo      0.00      0.00      0.00      0.00      0.00      0.00      0.00      0.00
16:39:19         ens5    973.00   1048.00    417.10    180.17      0.00      0.00      0.00      0.00

16:39:19        IFACE   rxpck/s   txpck/s    rxkB/s    txkB/s   rxcmp/s   txcmp/s  rxmcst/s   %ifutil
16:39:20           lo      0.00      0.00      0.00      0.00      0.00      0.00      0.00      0.00
16:39:20         ens5   1263.00   1380.00    567.12    229.56      0.00      0.00      0.00      0.00

16:39:20        IFACE   rxpck/s   txpck/s    rxkB/s    txkB/s   rxcmp/s   txcmp/s  rxmcst/s   %ifutil
16:39:21           lo      0.00      0.00      0.00      0.00      0.00      0.00      0.00      0.00
16:39:21         ens5    916.00   1003.00    405.89    164.38      0.00      0.00      0.00      0.00

16:39:21        IFACE   rxpck/s   txpck/s    rxkB/s    txkB/s   rxcmp/s   txcmp/s  rxmcst/s   %ifutil
16:39:22           lo      0.00      0.00      0.00      0.00      0.00      0.00      0.00      0.00
16:39:22         ens5   1274.00   1374.00    565.30    230.93      0.00      0.00      0.00      0.00

16:39:22        IFACE   rxpck/s   txpck/s    rxkB/s    txkB/s   rxcmp/s   txcmp/s  rxmcst/s   %ifutil
16:39:23           lo      0.00      0.00      0.00      0.00      0.00      0.00      0.00      0.00
16:39:23         ens5    677.00    740.00    309.81    119.15      0.00      0.00      0.00      0.00

16:39:23        IFACE   rxpck/s   txpck/s    rxkB/s    txkB/s   rxcmp/s   txcmp/s  rxmcst/s   %ifutil
16:39:24           lo      0.00      0.00      0.00      0.00      0.00      0.00      0.00      0.00
16:39:24         ens5    765.00    845.00    437.70    218.61      0.00      0.00      0.00      0.00

16:39:24        IFACE   rxpck/s   txpck/s    rxkB/s    txkB/s   rxcmp/s   txcmp/s  rxmcst/s   %ifutil
16:39:25           lo      0.00      0.00      0.00      0.00      0.00      0.00      0.00      0.00
16:39:25         ens5    944.00   1030.00    458.46    238.36      0.00      0.00      0.00      0.00

16:39:25        IFACE   rxpck/s   txpck/s    rxkB/s    txkB/s   rxcmp/s   txcmp/s  rxmcst/s   %ifutil
16:39:26           lo      0.00      0.00      0.00      0.00      0.00      0.00      0.00      0.00
16:39:26         ens5   1223.00   1303.00    572.00    265.88      0.00      0.00      0.00      0.00

16:39:26        IFACE   rxpck/s   txpck/s    rxkB/s    txkB/s   rxcmp/s   txcmp/s  rxmcst/s   %ifutil
16:39:27           lo      0.00      0.00      0.00      0.00      0.00      0.00      0.00      0.00
16:39:27         ens5    839.00    950.00    426.59    419.28      0.00      0.00      0.00      0.00

16:39:27        IFACE   rxpck/s   txpck/s    rxkB/s    txkB/s   rxcmp/s   txcmp/s  rxmcst/s   %ifutil
16:39:28           lo      0.00      0.00      0.00      0.00      0.00      0.00      0.00      0.00
16:39:28         ens5   1230.00   1316.00    547.04    208.67      0.00      0.00      0.00      0.00

16:39:28        IFACE   rxpck/s   txpck/s    rxkB/s    txkB/s   rxcmp/s   txcmp/s  rxmcst/s   %ifutil
16:39:29           lo      0.00      0.00      0.00      0.00      0.00      0.00      0.00      0.00
16:39:29         ens5    821.00    888.00    385.82    133.33      0.00      0.00      0.00      0.00

16:39:29        IFACE   rxpck/s   txpck/s    rxkB/s    txkB/s   rxcmp/s   txcmp/s  rxmcst/s   %ifutil
16:39:30           lo      0.00      0.00      0.00      0.00      0.00      0.00      0.00      0.00
16:39:30         ens5   1201.00   1300.00    553.25    209.60      0.00      0.00      0.00      0.00

16:39:30        IFACE   rxpck/s   txpck/s    rxkB/s    txkB/s   rxcmp/s   txcmp/s  rxmcst/s   %ifutil
16:39:31           lo      0.00      0.00      0.00      0.00      0.00      0.00      0.00      0.00
16:39:31         ens5    910.00    983.00    400.61    151.83      0.00      0.00      0.00      0.00

16:39:31        IFACE   rxpck/s   txpck/s    rxkB/s    txkB/s   rxcmp/s   txcmp/s  rxmcst/s   %ifutil
16:39:32           lo      0.00      0.00      0.00      0.00      0.00      0.00      0.00      0.00
16:39:32         ens5   1320.00   1435.00    573.64    247.07      0.00      0.00      0.00      0.00

16:39:32        IFACE   rxpck/s   txpck/s    rxkB/s    txkB/s   rxcmp/s   txcmp/s  rxmcst/s   %ifutil
16:39:33           lo      0.00      0.00      0.00      0.00      0.00      0.00      0.00      0.00
16:39:33         ens5    907.00    969.00    432.17    144.96      0.00      0.00      0.00      0.00

16:39:33        IFACE   rxpck/s   txpck/s    rxkB/s    txkB/s   rxcmp/s   txcmp/s  rxmcst/s   %ifutil
16:39:34           lo      0.00      0.00      0.00      0.00      0.00      0.00      0.00      0.00
16:39:34         ens5   1242.00   1272.00    731.12    296.22      0.00      0.00      0.00      0.00

16:39:34        IFACE   rxpck/s   txpck/s    rxkB/s    txkB/s   rxcmp/s   txcmp/s  rxmcst/s   %ifutil
16:39:35           lo      0.00      0.00      0.00      0.00      0.00      0.00      0.00      0.00
16:39:35         ens5    813.00    895.00    482.65    225.71      0.00      0.00      0.00      0.00

16:39:35        IFACE   rxpck/s   txpck/s    rxkB/s    txkB/s   rxcmp/s   txcmp/s  rxmcst/s   %ifutil
16:39:36           lo      0.00      0.00      0.00      0.00      0.00      0.00      0.00      0.00
16:39:36         ens5   1247.00   1351.00    669.80    285.14      0.00      0.00      0.00      0.00

16:39:36        IFACE   rxpck/s   txpck/s    rxkB/s    txkB/s   rxcmp/s   txcmp/s  rxmcst/s   %ifutil
16:39:37           lo      0.00      0.00      0.00      0.00      0.00      0.00      0.00      0.00
16:39:37         ens5    872.00    968.00    463.73    415.22      0.00      0.00      0.00      0.00

16:39:37        IFACE   rxpck/s   txpck/s    rxkB/s    txkB/s   rxcmp/s   txcmp/s  rxmcst/s   %ifutil
16:39:38           lo      0.00      0.00      0.00      0.00      0.00      0.00      0.00      0.00
16:39:38         ens5   1127.00   1285.00   1006.85   1850.54      0.00      0.00      0.00      0.00

16:39:38        IFACE   rxpck/s   txpck/s    rxkB/s    txkB/s   rxcmp/s   txcmp/s  rxmcst/s   %ifutil
16:39:39           lo      0.00      0.00      0.00      0.00      0.00      0.00      0.00      0.00
16:39:39         ens5    790.00    913.00    370.61    165.18      0.00      0.00      0.00      0.00

16:39:39        IFACE   rxpck/s   txpck/s    rxkB/s    txkB/s   rxcmp/s   txcmp/s  rxmcst/s   %ifutil
16:39:40           lo      0.00      0.00      0.00      0.00      0.00      0.00      0.00      0.00
16:39:40         ens5   1043.00   1025.00   1446.89    150.92      0.00      0.00      0.00      0.00

16:39:40        IFACE   rxpck/s   txpck/s    rxkB/s    txkB/s   rxcmp/s   txcmp/s  rxmcst/s   %ifutil
16:39:41           lo      0.00      0.00      0.00      0.00      0.00      0.00      0.00      0.00
16:39:41         ens5    712.00    536.00   2566.49     85.55      0.00      0.00      0.00      0.00

16:39:41        IFACE   rxpck/s   txpck/s    rxkB/s    txkB/s   rxcmp/s   txcmp/s  rxmcst/s   %ifutil
16:39:42           lo      0.00      0.00      0.00      0.00      0.00      0.00      0.00      0.00
16:39:42         ens5    613.00    678.00   1099.29    349.10      0.00      0.00      0.00      0.00

16:39:42        IFACE   rxpck/s   txpck/s    rxkB/s    txkB/s   rxcmp/s   txcmp/s  rxmcst/s   %ifutil
16:39:43           lo      0.00      0.00      0.00      0.00      0.00      0.00      0.00      0.00
16:39:43         ens5   1281.00   1457.00    598.47    921.13      0.00      0.00      0.00      0.00

16:39:43        IFACE   rxpck/s   txpck/s    rxkB/s    txkB/s   rxcmp/s   txcmp/s  rxmcst/s   %ifutil
16:39:44           lo      0.00      0.00      0.00      0.00      0.00      0.00      0.00      0.00
16:39:44         ens5   1321.00   1468.00    575.81    581.53      0.00      0.00      0.00      0.00

16:39:44        IFACE   rxpck/s   txpck/s    rxkB/s    txkB/s   rxcmp/s   txcmp/s  rxmcst/s   %ifutil
16:39:45           lo      0.00      0.00      0.00      0.00      0.00      0.00      0.00      0.00
16:39:45         ens5    860.00    947.00    512.36    325.03      0.00      0.00      0.00      0.00

16:39:45        IFACE   rxpck/s   txpck/s    rxkB/s    txkB/s   rxcmp/s   txcmp/s  rxmcst/s   %ifutil
16:39:46           lo      0.00      0.00      0.00      0.00      0.00      0.00      0.00      0.00
16:39:46         ens5   1177.00   1261.00    554.47    274.21      0.00      0.00      0.00      0.00

16:39:46        IFACE   rxpck/s   txpck/s    rxkB/s    txkB/s   rxcmp/s   txcmp/s  rxmcst/s   %ifutil
16:39:47           lo      0.00      0.00      0.00      0.00      0.00      0.00      0.00      0.00
16:39:47         ens5    959.00   1069.00    500.85    444.86      0.00      0.00      0.00      0.00

16:39:47        IFACE   rxpck/s   txpck/s    rxkB/s    txkB/s   rxcmp/s   txcmp/s  rxmcst/s   %ifutil
16:39:48           lo      0.00      0.00      0.00      0.00      0.00      0.00      0.00      0.00
16:39:48         ens5   1159.00   1221.00    533.88    185.96      0.00      0.00      0.00      0.00

16:39:48        IFACE   rxpck/s   txpck/s    rxkB/s    txkB/s   rxcmp/s   txcmp/s  rxmcst/s   %ifutil
16:39:49           lo      0.00      0.00      0.00      0.00      0.00      0.00      0.00      0.00
16:39:49         ens5    849.00    936.00    398.00    151.01      0.00      0.00      0.00      0.00

16:39:49        IFACE   rxpck/s   txpck/s    rxkB/s    txkB/s   rxcmp/s   txcmp/s  rxmcst/s   %ifutil
16:39:50           lo      0.00      0.00      0.00      0.00      0.00      0.00      0.00      0.00
16:39:50         ens5   1266.00   1367.00    560.83    222.40      0.00      0.00      0.00      0.00

16:39:50        IFACE   rxpck/s   txpck/s    rxkB/s    txkB/s   rxcmp/s   txcmp/s  rxmcst/s   %ifutil
16:39:51           lo      0.00      0.00      0.00      0.00      0.00      0.00      0.00      0.00
16:39:51         ens5    890.00    970.00    396.81    157.62      0.00      0.00      0.00      0.00

16:39:51        IFACE   rxpck/s   txpck/s    rxkB/s    txkB/s   rxcmp/s   txcmp/s  rxmcst/s   %ifutil
16:39:52           lo      0.00      0.00      0.00      0.00      0.00      0.00      0.00      0.00
16:39:52         ens5    951.00   1041.00    439.72    178.86      0.00      0.00      0.00      0.00

16:39:52        IFACE   rxpck/s   txpck/s    rxkB/s    txkB/s   rxcmp/s   txcmp/s  rxmcst/s   %ifutil
16:39:53           lo      0.00      0.00      0.00      0.00      0.00      0.00      0.00      0.00
16:39:53         ens5    688.00    761.00    316.05    125.78      0.00      0.00      0.00      0.00

16:39:53        IFACE   rxpck/s   txpck/s    rxkB/s    txkB/s   rxcmp/s   txcmp/s  rxmcst/s   %ifutil
16:39:54           lo      0.00      0.00      0.00      0.00      0.00      0.00      0.00      0.00
16:39:54         ens5    898.00    965.00    452.37    241.06      0.00      0.00      0.00      0.00

16:39:54        IFACE   rxpck/s   txpck/s    rxkB/s    txkB/s   rxcmp/s   txcmp/s  rxmcst/s   %ifutil
16:39:55           lo      0.00      0.00      0.00      0.00      0.00      0.00      0.00      0.00
16:39:55         ens5   1212.00   1304.00    599.18    289.53      0.00      0.00      0.00      0.00

16:39:55        IFACE   rxpck/s   txpck/s    rxkB/s    txkB/s   rxcmp/s   txcmp/s  rxmcst/s   %ifutil
16:39:56           lo      0.00      0.00      0.00      0.00      0.00      0.00      0.00      0.00
16:39:56         ens5    936.63   1019.80    426.91    302.66      0.00      0.00      0.00      0.00

16:39:56        IFACE   rxpck/s   txpck/s    rxkB/s    txkB/s   rxcmp/s   txcmp/s  rxmcst/s   %ifutil
16:39:57           lo      0.00      0.00      0.00      0.00      0.00      0.00      0.00      0.00
16:39:57         ens5   1307.00   1402.00    594.64    398.53      0.00      0.00      0.00      0.00

16:39:57        IFACE   rxpck/s   txpck/s    rxkB/s    txkB/s   rxcmp/s   txcmp/s  rxmcst/s   %ifutil
16:39:58           lo      0.00      0.00      0.00      0.00      0.00      0.00      0.00      0.00
16:39:58         ens5    846.00    918.00    379.10    140.11      0.00      0.00      0.00      0.00

16:39:58        IFACE   rxpck/s   txpck/s    rxkB/s    txkB/s   rxcmp/s   txcmp/s  rxmcst/s   %ifutil
16:39:59           lo      0.00      0.00      0.00      0.00      0.00      0.00      0.00      0.00
16:39:59         ens5   1240.00   1352.00    551.42    222.35      0.00      0.00      0.00      0.00

16:39:59        IFACE   rxpck/s   txpck/s    rxkB/s    txkB/s   rxcmp/s   txcmp/s  rxmcst/s   %ifutil
16:40:00           lo      0.00      0.00      0.00      0.00      0.00      0.00      0.00      0.00
16:40:00         ens5    827.00    886.00    378.48    135.83      0.00      0.00      0.00      0.00

16:40:00        IFACE   rxpck/s   txpck/s    rxkB/s    txkB/s   rxcmp/s   txcmp/s  rxmcst/s   %ifutil
16:40:01           lo      0.00      0.00      0.00      0.00      0.00      0.00      0.00      0.00
16:40:01         ens5   1225.00   1326.00    554.17    211.65      0.00      0.00      0.00      0.00

16:40:01        IFACE   rxpck/s   txpck/s    rxkB/s    txkB/s   rxcmp/s   txcmp/s  rxmcst/s   %ifutil
16:40:02           lo      0.00      0.00      0.00      0.00      0.00      0.00      0.00      0.00
16:40:02         ens5    872.00    933.00    399.60    148.89      0.00      0.00      0.00      0.00

16:40:02        IFACE   rxpck/s   txpck/s    rxkB/s    txkB/s   rxcmp/s   txcmp/s  rxmcst/s   %ifutil
16:40:03           lo      0.00      0.00      0.00      0.00      0.00      0.00      0.00      0.00
16:40:03         ens5   1059.00   1149.00    471.32    183.30      0.00      0.00      0.00      0.00

16:40:03        IFACE   rxpck/s   txpck/s    rxkB/s    txkB/s   rxcmp/s   txcmp/s  rxmcst/s   %ifutil
16:40:04           lo      0.00      0.00      0.00      0.00      0.00      0.00      0.00      0.00
16:40:04         ens5    898.00    930.00    490.03    242.24      0.00      0.00      0.00      0.00

16:40:04        IFACE   rxpck/s   txpck/s    rxkB/s    txkB/s   rxcmp/s   txcmp/s  rxmcst/s   %ifutil
16:40:05           lo      0.00      0.00      0.00      0.00      0.00      0.00      0.00      0.00
16:40:05         ens5   1000.00   1115.00    507.96    274.09      0.00      0.00      0.00      0.00

16:40:05        IFACE   rxpck/s   txpck/s    rxkB/s    txkB/s   rxcmp/s   txcmp/s  rxmcst/s   %ifutil
16:40:06           lo      0.00      0.00      0.00      0.00      0.00      0.00      0.00      0.00
16:40:06         ens5   1118.00   1230.00    500.06    258.68      0.00      0.00      0.00      0.00

16:40:06        IFACE   rxpck/s   txpck/s    rxkB/s    txkB/s   rxcmp/s   txcmp/s  rxmcst/s   %ifutil
16:40:07           lo      0.00      0.00      0.00      0.00      0.00      0.00      0.00      0.00
16:40:07         ens5    956.00   1029.00    508.05    423.29      0.00      0.00      0.00      0.00

16:40:07        IFACE   rxpck/s   txpck/s    rxkB/s    txkB/s   rxcmp/s   txcmp/s  rxmcst/s   %ifutil
16:40:08           lo      0.00      0.00      0.00      0.00      0.00      0.00      0.00      0.00
16:40:08         ens5   1177.00   1286.00    518.09    215.56      0.00      0.00      0.00      0.00

16:40:08        IFACE   rxpck/s   txpck/s    rxkB/s    txkB/s   rxcmp/s   txcmp/s  rxmcst/s   %ifutil
16:40:09           lo      0.00      0.00      0.00      0.00      0.00      0.00      0.00      0.00
16:40:09         ens5   1034.00   1120.00    449.57    224.58      0.00      0.00      0.00      0.00

16:40:09        IFACE   rxpck/s   txpck/s    rxkB/s    txkB/s   rxcmp/s   txcmp/s  rxmcst/s   %ifutil
16:40:10           lo      0.00      0.00      0.00      0.00      0.00      0.00      0.00      0.00
16:40:10         ens5   1255.00   1363.00    563.13    223.27      0.00      0.00      0.00      0.00

16:40:10        IFACE   rxpck/s   txpck/s    rxkB/s    txkB/s   rxcmp/s   txcmp/s  rxmcst/s   %ifutil
16:40:11           lo      0.00      0.00      0.00      0.00      0.00      0.00      0.00      0.00
16:40:11         ens5    883.00    950.00    393.49    153.28      0.00      0.00      0.00      0.00

16:40:11        IFACE   rxpck/s   txpck/s    rxkB/s    txkB/s   rxcmp/s   txcmp/s  rxmcst/s   %ifutil
16:40:12           lo      0.00      0.00      0.00      0.00      0.00      0.00      0.00      0.00
16:40:12         ens5   1233.00   1323.00    551.80    218.75      0.00      0.00      0.00      0.00

16:40:12        IFACE   rxpck/s   txpck/s    rxkB/s    txkB/s   rxcmp/s   txcmp/s  rxmcst/s   %ifutil
16:40:13           lo      0.00      0.00      0.00      0.00      0.00      0.00      0.00      0.00
16:40:13         ens5    844.00    910.00    391.46    146.57      0.00      0.00      0.00      0.00

16:40:13        IFACE   rxpck/s   txpck/s    rxkB/s    txkB/s   rxcmp/s   txcmp/s  rxmcst/s   %ifutil
16:40:14           lo      0.00      0.00      0.00      0.00      0.00      0.00      0.00      0.00
16:40:14         ens5   1222.00   1332.00    603.01    305.01      0.00      0.00      0.00      0.00

16:40:14        IFACE   rxpck/s   txpck/s    rxkB/s    txkB/s   rxcmp/s   txcmp/s  rxmcst/s   %ifutil
16:40:15           lo      0.00      0.00      0.00      0.00      0.00      0.00      0.00      0.00
16:40:15         ens5    822.00    904.00    435.60    228.51      0.00      0.00      0.00      0.00

16:40:15        IFACE   rxpck/s   txpck/s    rxkB/s    txkB/s   rxcmp/s   txcmp/s  rxmcst/s   %ifutil
16:40:16           lo      0.00      0.00      0.00      0.00      0.00      0.00      0.00      0.00
16:40:16         ens5   1233.00   1320.00    575.11    265.79      0.00      0.00      0.00      0.00

16:40:16        IFACE   rxpck/s   txpck/s    rxkB/s    txkB/s   rxcmp/s   txcmp/s  rxmcst/s   %ifutil
16:40:17           lo      0.00      0.00      0.00      0.00      0.00      0.00      0.00      0.00
16:40:17         ens5    891.00    992.00    430.96    429.11      0.00      0.00      0.00      0.00

16:40:17        IFACE   rxpck/s   txpck/s    rxkB/s    txkB/s   rxcmp/s   txcmp/s  rxmcst/s   %ifutil
16:40:18           lo      0.00      0.00      0.00      0.00      0.00      0.00      0.00      0.00
16:40:18         ens5   1267.00   1390.00    561.46    237.59      0.00      0.00      0.00      0.00

16:40:18        IFACE   rxpck/s   txpck/s    rxkB/s    txkB/s   rxcmp/s   txcmp/s  rxmcst/s   %ifutil
16:40:19           lo      0.00      0.00      0.00      0.00      0.00      0.00      0.00      0.00
16:40:19         ens5    875.00    976.00    398.66    165.94      0.00      0.00      0.00      0.00

16:40:19        IFACE   rxpck/s   txpck/s    rxkB/s    txkB/s   rxcmp/s   txcmp/s  rxmcst/s   %ifutil
16:40:20           lo      0.00      0.00      0.00      0.00      0.00      0.00      0.00      0.00
16:40:20         ens5   1236.00   1311.00    545.60    211.81      0.00      0.00      0.00      0.00

16:40:20        IFACE   rxpck/s   txpck/s    rxkB/s    txkB/s   rxcmp/s   txcmp/s  rxmcst/s   %ifutil
16:40:21           lo      0.00      0.00      0.00      0.00      0.00      0.00      0.00      0.00
16:40:21         ens5    880.00    957.00    394.04    156.91      0.00      0.00      0.00      0.00

16:40:21        IFACE   rxpck/s   txpck/s    rxkB/s    txkB/s   rxcmp/s   txcmp/s  rxmcst/s   %ifutil
16:40:22           lo      0.00      0.00      0.00      0.00      0.00      0.00      0.00      0.00
16:40:22         ens5   1270.00   1388.00    554.78    230.49      0.00      0.00      0.00      0.00

16:40:22        IFACE   rxpck/s   txpck/s    rxkB/s    txkB/s   rxcmp/s   txcmp/s  rxmcst/s   %ifutil
16:40:23           lo      0.00      0.00      0.00      0.00      0.00      0.00      0.00      0.00
16:40:23         ens5    941.00   1054.00    411.53    176.85      0.00      0.00      0.00      0.00

16:40:23        IFACE   rxpck/s   txpck/s    rxkB/s    txkB/s   rxcmp/s   txcmp/s  rxmcst/s   %ifutil
16:40:24           lo      0.00      0.00      0.00      0.00      0.00      0.00      0.00      0.00
16:40:24         ens5   1126.00   1207.00    565.34    280.81      0.00      0.00      0.00      0.00

16:40:24        IFACE   rxpck/s   txpck/s    rxkB/s    txkB/s   rxcmp/s   txcmp/s  rxmcst/s   %ifutil
16:40:25           lo      0.00      0.00      0.00      0.00      0.00      0.00      0.00      0.00
16:40:25         ens5    480.00    542.00    287.29    176.37      0.00      0.00      0.00      0.00

16:40:25        IFACE   rxpck/s   txpck/s    rxkB/s    txkB/s   rxcmp/s   txcmp/s  rxmcst/s   %ifutil
16:40:26           lo      0.00      0.00      0.00      0.00      0.00      0.00      0.00      0.00
16:40:26         ens5    901.00   1001.00    453.95    266.18      0.00      0.00      0.00      0.00

16:40:26        IFACE   rxpck/s   txpck/s    rxkB/s    txkB/s   rxcmp/s   txcmp/s  rxmcst/s   %ifutil
16:40:27           lo      0.00      0.00      0.00      0.00      0.00      0.00      0.00      0.00
16:40:27         ens5    971.00   1071.00    463.98    394.63      0.00      0.00      0.00      0.00

16:40:27        IFACE   rxpck/s   txpck/s    rxkB/s    txkB/s   rxcmp/s   txcmp/s  rxmcst/s   %ifutil
16:40:28           lo      0.00      0.00      0.00      0.00      0.00      0.00      0.00      0.00
16:40:28         ens5   1186.00   1267.00    518.30    198.86      0.00      0.00      0.00      0.00

16:40:28        IFACE   rxpck/s   txpck/s    rxkB/s    txkB/s   rxcmp/s   txcmp/s  rxmcst/s   %ifutil
16:40:29           lo      0.00      0.00      0.00      0.00      0.00      0.00      0.00      0.00
16:40:29         ens5    903.00    955.00    418.36    151.07      0.00      0.00      0.00      0.00

16:40:29        IFACE   rxpck/s   txpck/s    rxkB/s    txkB/s   rxcmp/s   txcmp/s  rxmcst/s   %ifutil
16:40:30           lo      0.00      0.00      0.00      0.00      0.00      0.00      0.00      0.00
16:40:30         ens5   1090.00   1193.00    508.84    195.00      0.00      0.00      0.00      0.00

16:40:30        IFACE   rxpck/s   txpck/s    rxkB/s    txkB/s   rxcmp/s   txcmp/s  rxmcst/s   %ifutil
16:40:31           lo      0.00      0.00      0.00      0.00      0.00      0.00      0.00      0.00
16:40:31         ens5   1001.00   1083.00    446.15    171.07      0.00      0.00      0.00      0.00

16:40:31        IFACE   rxpck/s   txpck/s    rxkB/s    txkB/s   rxcmp/s   txcmp/s  rxmcst/s   %ifutil
16:40:32           lo      0.00      0.00      0.00      0.00      0.00      0.00      0.00      0.00
16:40:32         ens5   1154.00   1233.00    499.85    190.48      0.00      0.00      0.00      0.00

16:40:32        IFACE   rxpck/s   txpck/s    rxkB/s    txkB/s   rxcmp/s   txcmp/s  rxmcst/s   %ifutil
16:40:33           lo      0.00      0.00      0.00      0.00      0.00      0.00      0.00      0.00
16:40:33         ens5    949.00   1025.00    445.42    163.55      0.00      0.00      0.00      0.00

16:40:33        IFACE   rxpck/s   txpck/s    rxkB/s    txkB/s   rxcmp/s   txcmp/s  rxmcst/s   %ifutil
16:40:34           lo      0.00      0.00      0.00      0.00      0.00      0.00      0.00      0.00
16:40:34         ens5   1068.00   1156.00    556.68    279.60      0.00      0.00      0.00      0.00

16:40:34        IFACE   rxpck/s   txpck/s    rxkB/s    txkB/s   rxcmp/s   txcmp/s  rxmcst/s   %ifutil
16:40:35           lo      0.00      0.00      0.00      0.00      0.00      0.00      0.00      0.00
16:40:35         ens5    986.00   1053.00    501.75    249.56      0.00      0.00      0.00      0.00

16:40:35        IFACE   rxpck/s   txpck/s    rxkB/s    txkB/s   rxcmp/s   txcmp/s  rxmcst/s   %ifutil
16:40:36           lo      0.00      0.00      0.00      0.00      0.00      0.00      0.00      0.00
16:40:36         ens5   1017.00   1068.00    518.45    244.13      0.00      0.00      0.00      0.00

16:40:36        IFACE   rxpck/s   txpck/s    rxkB/s    txkB/s   rxcmp/s   txcmp/s  rxmcst/s   %ifutil
16:40:37           lo      0.00      0.00      0.00      0.00      0.00      0.00      0.00      0.00
16:40:37         ens5    971.00   1068.00    480.70    451.20      0.00      0.00      0.00      0.00

16:40:37        IFACE   rxpck/s   txpck/s    rxkB/s    txkB/s   rxcmp/s   txcmp/s  rxmcst/s   %ifutil
16:40:38           lo      0.00      0.00      0.00      0.00      0.00      0.00      0.00      0.00
16:40:38         ens5    972.00   1028.00    454.51    161.44      0.00      0.00      0.00      0.00

16:40:38        IFACE   rxpck/s   txpck/s    rxkB/s    txkB/s   rxcmp/s   txcmp/s  rxmcst/s   %ifutil
16:40:39           lo      0.00      0.00      0.00      0.00      0.00      0.00      0.00      0.00
16:40:39         ens5   1074.00   1179.00    486.74    193.33      0.00      0.00      0.00      0.00

16:40:39        IFACE   rxpck/s   txpck/s    rxkB/s    txkB/s   rxcmp/s   txcmp/s  rxmcst/s   %ifutil
16:40:40           lo      0.00      0.00      0.00      0.00      0.00      0.00      0.00      0.00
16:40:40         ens5   1005.00   1076.00    456.28    168.26      0.00      0.00      0.00      0.00

16:40:40        IFACE   rxpck/s   txpck/s    rxkB/s    txkB/s   rxcmp/s   txcmp/s  rxmcst/s   %ifutil
16:40:41           lo      0.00      0.00      0.00      0.00      0.00      0.00      0.00      0.00
16:40:41         ens5   1095.00   1165.00    504.61    194.23      0.00      0.00      0.00      0.00

16:40:41        IFACE   rxpck/s   txpck/s    rxkB/s    txkB/s   rxcmp/s   txcmp/s  rxmcst/s   %ifutil
16:40:42           lo      0.00      0.00      0.00      0.00      0.00      0.00      0.00      0.00
16:40:42         ens5    967.00   1055.00    448.66    171.84      0.00      0.00      0.00      0.00

16:40:42        IFACE   rxpck/s   txpck/s    rxkB/s    txkB/s   rxcmp/s   txcmp/s  rxmcst/s   %ifutil
16:40:43           lo      0.00      0.00      0.00      0.00      0.00      0.00      0.00      0.00
16:40:43         ens5   1154.00   1249.00    523.35    201.21      0.00      0.00      0.00      0.00

16:40:43        IFACE   rxpck/s   txpck/s    rxkB/s    txkB/s   rxcmp/s   txcmp/s  rxmcst/s   %ifutil
16:40:44           lo      0.00      0.00      0.00      0.00      0.00      0.00      0.00      0.00
16:40:44         ens5   1158.00   1318.00    573.15   1090.79      0.00      0.00      0.00      0.00

16:40:44        IFACE   rxpck/s   txpck/s    rxkB/s    txkB/s   rxcmp/s   txcmp/s  rxmcst/s   %ifutil
16:40:45           lo      0.00      0.00      0.00      0.00      0.00      0.00      0.00      0.00
16:40:45         ens5    771.00    893.00    416.32    743.43      0.00      0.00      0.00      0.00

16:40:45        IFACE   rxpck/s   txpck/s    rxkB/s    txkB/s   rxcmp/s   txcmp/s  rxmcst/s   %ifutil
16:40:46           lo      0.00      0.00      0.00      0.00      0.00      0.00      0.00      0.00
16:40:46         ens5   1118.00   1343.00    551.14   1381.10      0.00      0.00      0.00      0.00

16:40:46        IFACE   rxpck/s   txpck/s    rxkB/s    txkB/s   rxcmp/s   txcmp/s  rxmcst/s   %ifutil
16:40:47           lo      0.00      0.00      0.00      0.00      0.00      0.00      0.00      0.00
16:40:47         ens5   1072.00   1187.00    500.46    457.88      0.00      0.00      0.00      0.00

16:40:47        IFACE   rxpck/s   txpck/s    rxkB/s    txkB/s   rxcmp/s   txcmp/s  rxmcst/s   %ifutil
16:40:48           lo      0.00      0.00      0.00      0.00      0.00      0.00      0.00      0.00
16:40:48         ens5   1057.00   1165.00    474.14    192.58      0.00      0.00      0.00      0.00

16:40:48        IFACE   rxpck/s   txpck/s    rxkB/s    txkB/s   rxcmp/s   txcmp/s  rxmcst/s   %ifutil
16:40:49           lo      0.00      0.00      0.00      0.00      0.00      0.00      0.00      0.00
16:40:49         ens5   1035.00   1128.00    480.97    188.63      0.00      0.00      0.00      0.00

16:40:49        IFACE   rxpck/s   txpck/s    rxkB/s    txkB/s   rxcmp/s   txcmp/s  rxmcst/s   %ifutil
16:40:50           lo      0.00      0.00      0.00      0.00      0.00      0.00      0.00      0.00
16:40:50         ens5   1094.00   1188.00    484.55    196.42      0.00      0.00      0.00      0.00

16:40:50        IFACE   rxpck/s   txpck/s    rxkB/s    txkB/s   rxcmp/s   txcmp/s  rxmcst/s   %ifutil
16:40:51           lo      0.00      0.00      0.00      0.00      0.00      0.00      0.00      0.00
16:40:51         ens5   1079.00   1172.00    485.94    194.30      0.00      0.00      0.00      0.00

16:40:51        IFACE   rxpck/s   txpck/s    rxkB/s    txkB/s   rxcmp/s   txcmp/s  rxmcst/s   %ifutil
16:40:52           lo      0.00      0.00      0.00      0.00      0.00      0.00      0.00      0.00
16:40:52         ens5   1102.00   1211.00    482.74    206.10      0.00      0.00      0.00      0.00

16:40:52        IFACE   rxpck/s   txpck/s    rxkB/s    txkB/s   rxcmp/s   txcmp/s  rxmcst/s   %ifutil
16:40:53           lo      0.00      0.00      0.00      0.00      0.00      0.00      0.00      0.00
16:40:53         ens5   1086.00   1178.00    489.33    191.77      0.00      0.00      0.00      0.00

16:40:53        IFACE   rxpck/s   txpck/s    rxkB/s    txkB/s   rxcmp/s   txcmp/s  rxmcst/s   %ifutil
16:40:54           lo      0.00      0.00      0.00      0.00      0.00      0.00      0.00      0.00
16:40:54         ens5   1047.00   1146.00    512.42    286.99      0.00      0.00      0.00      0.00

16:40:54        IFACE   rxpck/s   txpck/s    rxkB/s    txkB/s   rxcmp/s   txcmp/s  rxmcst/s   %ifutil
16:40:55           lo      0.00      0.00      0.00      0.00      0.00      0.00      0.00      0.00
16:40:55         ens5   1070.00   1154.00    538.85    264.52      0.00      0.00      0.00      0.00

16:40:55        IFACE   rxpck/s   txpck/s    rxkB/s    txkB/s   rxcmp/s   txcmp/s  rxmcst/s   %ifutil
16:40:56           lo      0.00      0.00      0.00      0.00      0.00      0.00      0.00      0.00
16:40:56         ens5    935.00   1017.00    462.87    263.49      0.00      0.00      0.00      0.00

16:40:56        IFACE   rxpck/s   txpck/s    rxkB/s    txkB/s   rxcmp/s   txcmp/s  rxmcst/s   %ifutil
16:40:57           lo      0.00      0.00      0.00      0.00      0.00      0.00      0.00      0.00
16:40:57         ens5    604.00    704.00    352.77    330.17      0.00      0.00      0.00      0.00

16:40:57        IFACE   rxpck/s   txpck/s    rxkB/s    txkB/s   rxcmp/s   txcmp/s  rxmcst/s   %ifutil
16:40:58           lo      0.00      0.00      0.00      0.00      0.00      0.00      0.00      0.00
16:40:58         ens5    552.00    632.00    283.38    104.14      0.00      0.00      0.00      0.00

16:40:58        IFACE   rxpck/s   txpck/s    rxkB/s    txkB/s   rxcmp/s   txcmp/s  rxmcst/s   %ifutil
16:40:59           lo      0.00      0.00      0.00      0.00      0.00      0.00      0.00      0.00
16:40:59         ens5   1232.00   1352.00    561.42    222.72      0.00      0.00      0.00      0.00

16:40:59        IFACE   rxpck/s   txpck/s    rxkB/s    txkB/s   rxcmp/s   txcmp/s  rxmcst/s   %ifutil
16:41:00           lo      0.00      0.00      0.00      0.00      0.00      0.00      0.00      0.00
16:41:00         ens5    893.00    949.00    407.83    149.31      0.00      0.00      0.00      0.00
