Linux 6.1.166-197.305.amzn2023.x86_64 (ip-172-31-36-198.ec2.internal) 	04/22/26 	_x86_64_	(2 CPU)

16:54:04        IFACE   rxpck/s   txpck/s    rxkB/s    txkB/s   rxcmp/s   txcmp/s  rxmcst/s   %ifutil
16:54:05           lo      0.00      0.00      0.00      0.00      0.00      0.00      0.00      0.00
16:54:05         ens5   2197.00   2470.00    293.44   1064.14      0.00      0.00      0.00      0.00

16:54:05        IFACE   rxpck/s   txpck/s    rxkB/s    txkB/s   rxcmp/s   txcmp/s  rxmcst/s   %ifutil
16:54:06           lo      0.00      0.00      0.00      0.00      0.00      0.00      0.00      0.00
16:54:06         ens5   1066.00   1080.00   1437.08    458.20      0.00      0.00      0.00      0.00

16:54:06        IFACE   rxpck/s   txpck/s    rxkB/s    txkB/s   rxcmp/s   txcmp/s  rxmcst/s   %ifutil
16:54:07           lo      0.00      0.00      0.00      0.00      0.00      0.00      0.00      0.00
16:54:07         ens5   1104.00   1165.00   1296.72    391.17      0.00      0.00      0.00      0.00

16:54:07        IFACE   rxpck/s   txpck/s    rxkB/s    txkB/s   rxcmp/s   txcmp/s  rxmcst/s   %ifutil
16:54:08           lo      0.00      0.00      0.00      0.00      0.00      0.00      0.00      0.00
16:54:08         ens5    984.00    975.00   1270.82    329.03      0.00      0.00      0.00      0.00

16:54:08        IFACE   rxpck/s   txpck/s    rxkB/s    txkB/s   rxcmp/s   txcmp/s  rxmcst/s   %ifutil
16:54:09           lo      0.00      0.00      0.00      0.00      0.00      0.00      0.00      0.00
16:54:09         ens5   1231.00   1190.00   1317.37    410.58      0.00      0.00      0.00      0.00

16:54:09        IFACE   rxpck/s   txpck/s    rxkB/s    txkB/s   rxcmp/s   txcmp/s  rxmcst/s   %ifutil
16:54:10           lo      0.00      0.00      0.00      0.00      0.00      0.00      0.00      0.00
16:54:10         ens5    936.00    918.00   1293.35    292.83      0.00      0.00      0.00      0.00

16:54:10        IFACE   rxpck/s   txpck/s    rxkB/s    txkB/s   rxcmp/s   txcmp/s  rxmcst/s   %ifutil
16:54:11           lo      0.00      0.00      0.00      0.00      0.00      0.00      0.00      0.00
16:54:11         ens5   1198.00   1334.00    262.22    501.78      0.00      0.00      0.00      0.00

16:54:11        IFACE   rxpck/s   txpck/s    rxkB/s    txkB/s   rxcmp/s   txcmp/s  rxmcst/s   %ifutil
16:54:12           lo      0.00      0.00      0.00      0.00      0.00      0.00      0.00      0.00
16:54:12         ens5    916.00    885.00   1267.22    305.11      0.00      0.00      0.00      0.00

16:54:12        IFACE   rxpck/s   txpck/s    rxkB/s    txkB/s   rxcmp/s   txcmp/s  rxmcst/s   %ifutil
16:54:13           lo      0.00      0.00      0.00      0.00      0.00      0.00      0.00      0.00
16:54:13         ens5   1366.00   1306.00   1357.98    472.18      0.00      0.00      0.00      0.00

16:54:13        IFACE   rxpck/s   txpck/s    rxkB/s    txkB/s   rxcmp/s   txcmp/s  rxmcst/s   %ifutil
16:54:14           lo      0.00      0.00      0.00      0.00      0.00      0.00      0.00      0.00
16:54:14         ens5   1125.00   1035.00   1938.99    430.53      0.00      0.00      0.00      0.00

16:54:14        IFACE   rxpck/s   txpck/s    rxkB/s    txkB/s   rxcmp/s   txcmp/s  rxmcst/s   %ifutil
16:54:15           lo      0.00      0.00      0.00      0.00      0.00      0.00      0.00      0.00
16:54:15         ens5    966.00   1126.00    287.99    424.87      0.00      0.00      0.00      0.00

16:54:15        IFACE   rxpck/s   txpck/s    rxkB/s    txkB/s   rxcmp/s   txcmp/s  rxmcst/s   %ifutil
16:54:16           lo      0.00      0.00      0.00      0.00      0.00      0.00      0.00      0.00
16:54:16         ens5   1286.00   1331.00    376.09    479.08      0.00      0.00      0.00      0.00

16:54:16        IFACE   rxpck/s   txpck/s    rxkB/s    txkB/s   rxcmp/s   txcmp/s  rxmcst/s   %ifutil
16:54:17           lo      0.00      0.00      0.00      0.00      0.00      0.00      0.00      0.00
16:54:17         ens5    907.00    901.00   1631.13    270.42      0.00      0.00      0.00      0.00

16:54:17        IFACE   rxpck/s   txpck/s    rxkB/s    txkB/s   rxcmp/s   txcmp/s  rxmcst/s   %ifutil
16:54:18           lo      0.00      0.00      0.00      0.00      0.00      0.00      0.00      0.00
16:54:18         ens5   1322.00   1858.00    532.99   5133.46      0.00      0.00      0.00      0.00

16:54:18        IFACE   rxpck/s   txpck/s    rxkB/s    txkB/s   rxcmp/s   txcmp/s  rxmcst/s   %ifutil
16:54:19           lo      0.00      0.00      0.00      0.00      0.00      0.00      0.00      0.00
16:54:19         ens5   1078.00   1456.00    334.36   3266.03      0.00      0.00      0.00      0.00

16:54:19        IFACE   rxpck/s   txpck/s    rxkB/s    txkB/s   rxcmp/s   txcmp/s  rxmcst/s   %ifutil
16:54:20           lo      0.00      0.00      0.00      0.00      0.00      0.00      0.00      0.00
16:54:20         ens5   1525.00   2086.00    555.78   6234.99      0.00      0.00      0.00      0.00

16:54:20        IFACE   rxpck/s   txpck/s    rxkB/s    txkB/s   rxcmp/s   txcmp/s  rxmcst/s   %ifutil
16:54:21           lo      0.00      0.00      0.00      0.00      0.00      0.00      0.00      0.00
16:54:21         ens5   1350.00   1947.00    523.26   5992.66      0.00      0.00      0.00      0.00

16:54:21        IFACE   rxpck/s   txpck/s    rxkB/s    txkB/s   rxcmp/s   txcmp/s  rxmcst/s   %ifutil
16:54:22           lo      0.00      0.00      0.00      0.00      0.00      0.00      0.00      0.00
16:54:22         ens5   1324.00   1822.00    394.11   4642.53      0.00      0.00      0.00      0.00

16:54:22        IFACE   rxpck/s   txpck/s    rxkB/s    txkB/s   rxcmp/s   txcmp/s  rxmcst/s   %ifutil
16:54:23           lo      0.00      0.00      0.00      0.00      0.00      0.00      0.00      0.00
16:54:23         ens5   2170.00   2036.00    452.67    801.54      0.00      0.00      0.00      0.00

16:54:23        IFACE   rxpck/s   txpck/s    rxkB/s    txkB/s   rxcmp/s   txcmp/s  rxmcst/s   %ifutil
16:54:24           lo      0.00      0.00      0.00      0.00      0.00      0.00      0.00      0.00
16:54:24         ens5   1618.00   1619.00    388.92    666.10      0.00      0.00      0.00      0.00

16:54:24        IFACE   rxpck/s   txpck/s    rxkB/s    txkB/s   rxcmp/s   txcmp/s  rxmcst/s   %ifutil
16:54:25           lo      0.00      0.00      0.00      0.00      0.00      0.00      0.00      0.00
16:54:25         ens5   1928.00   1864.00    452.43    724.38      0.00      0.00      0.00      0.00

16:54:25        IFACE   rxpck/s   txpck/s    rxkB/s    txkB/s   rxcmp/s   txcmp/s  rxmcst/s   %ifutil
16:54:26           lo      0.00      0.00      0.00      0.00      0.00      0.00      0.00      0.00
16:54:26         ens5   1775.00   2269.00    492.08   5317.26      0.00      0.00      0.00      0.00

16:54:26        IFACE   rxpck/s   txpck/s    rxkB/s    txkB/s   rxcmp/s   txcmp/s  rxmcst/s   %ifutil
16:54:27           lo      0.00      0.00      0.00      0.00      0.00      0.00      0.00      0.00
16:54:27         ens5   1382.00   2321.00    266.55   8906.43      0.00      0.00      0.00      0.00

16:54:27        IFACE   rxpck/s   txpck/s    rxkB/s    txkB/s   rxcmp/s   txcmp/s  rxmcst/s   %ifutil
16:54:28           lo      0.00      0.00      0.00      0.00      0.00      0.00      0.00      0.00
16:54:28         ens5   1434.00   2421.00    302.37   9162.05      0.00      0.00      0.00      0.00

16:54:28        IFACE   rxpck/s   txpck/s    rxkB/s    txkB/s   rxcmp/s   txcmp/s  rxmcst/s   %ifutil
16:54:29           lo      0.00      0.00      0.00      0.00      0.00      0.00      0.00      0.00
16:54:29         ens5   1940.00   1780.00   1453.76    650.62      0.00      0.00      0.00      0.00

16:54:29        IFACE   rxpck/s   txpck/s    rxkB/s    txkB/s   rxcmp/s   txcmp/s  rxmcst/s   %ifutil
16:54:30           lo      0.00      0.00      0.00      0.00      0.00      0.00      0.00      0.00
16:54:30         ens5    959.00   1137.00    205.51    435.23      0.00      0.00      0.00      0.00

16:54:30        IFACE   rxpck/s   txpck/s    rxkB/s    txkB/s   rxcmp/s   txcmp/s  rxmcst/s   %ifutil
16:54:31           lo      0.00      0.00      0.00      0.00      0.00      0.00      0.00      0.00
16:54:31         ens5   1152.00   1227.00   1324.05    416.84      0.00      0.00      0.00      0.00

16:54:31        IFACE   rxpck/s   txpck/s    rxkB/s    txkB/s   rxcmp/s   txcmp/s  rxmcst/s   %ifutil
16:54:32           lo      0.00      0.00      0.00      0.00      0.00      0.00      0.00      0.00
16:54:32         ens5   1600.00   1499.01   1383.41    533.69      0.00      0.00      0.00      0.00

16:54:32        IFACE   rxpck/s   txpck/s    rxkB/s    txkB/s   rxcmp/s   txcmp/s  rxmcst/s   %ifutil
16:54:33           lo      0.00      0.00      0.00      0.00      0.00      0.00      0.00      0.00
16:54:33         ens5   1738.00   1606.00   1413.24    604.15      0.00      0.00      0.00      0.00

16:54:33        IFACE   rxpck/s   txpck/s    rxkB/s    txkB/s   rxcmp/s   txcmp/s  rxmcst/s   %ifutil
16:54:34           lo      0.00      0.00      0.00      0.00      0.00      0.00      0.00      0.00
16:54:34         ens5   1681.00   1555.00   1465.57    634.28      0.00      0.00      0.00      0.00

16:54:34        IFACE   rxpck/s   txpck/s    rxkB/s    txkB/s   rxcmp/s   txcmp/s  rxmcst/s   %ifutil
16:54:35           lo      0.00      0.00      0.00      0.00      0.00      0.00      0.00      0.00
16:54:35         ens5    882.00   1054.00    253.17    371.60      0.00      0.00      0.00      0.00

16:54:35        IFACE   rxpck/s   txpck/s    rxkB/s    txkB/s   rxcmp/s   txcmp/s  rxmcst/s   %ifutil
16:54:36           lo      0.00      0.00      0.00      0.00      0.00      0.00      0.00      0.00
16:54:36         ens5   1211.00   1163.00   1460.37    490.04      0.00      0.00      0.00      0.00

16:54:36        IFACE   rxpck/s   txpck/s    rxkB/s    txkB/s   rxcmp/s   txcmp/s  rxmcst/s   %ifutil
16:54:37           lo      0.00      0.00      0.00      0.00      0.00      0.00      0.00      0.00
16:54:37         ens5   1116.00   1116.00   1303.15    392.88      0.00      0.00      0.00      0.00

16:54:37        IFACE   rxpck/s   txpck/s    rxkB/s    txkB/s   rxcmp/s   txcmp/s  rxmcst/s   %ifutil
16:54:38           lo      0.00      0.00      0.00      0.00      0.00      0.00      0.00      0.00
16:54:38         ens5   1755.00   1615.00   1426.50    592.45      0.00      0.00      0.00      0.00

16:54:38        IFACE   rxpck/s   txpck/s    rxkB/s    txkB/s   rxcmp/s   txcmp/s  rxmcst/s   %ifutil
16:54:39           lo      0.00      0.00      0.00      0.00      0.00      0.00      0.00      0.00
16:54:39         ens5   1045.00   1187.00    212.77    436.25      0.00      0.00      0.00      0.00

16:54:39        IFACE   rxpck/s   txpck/s    rxkB/s    txkB/s   rxcmp/s   txcmp/s  rxmcst/s   %ifutil
16:54:40           lo      0.00      0.00      0.00      0.00      0.00      0.00      0.00      0.00
16:54:40         ens5    962.00   1013.00   1276.76    342.30      0.00      0.00      0.00      0.00

16:54:40        IFACE   rxpck/s   txpck/s    rxkB/s    txkB/s   rxcmp/s   txcmp/s  rxmcst/s   %ifutil
16:54:41           lo      0.00      0.00      0.00      0.00      0.00      0.00      0.00      0.00
16:54:41         ens5   1415.00   1356.00   1377.76    519.93      0.00      0.00      0.00      0.00

16:54:41        IFACE   rxpck/s   txpck/s    rxkB/s    txkB/s   rxcmp/s   txcmp/s  rxmcst/s   %ifutil
16:54:42           lo      0.00      0.00      0.00      0.00      0.00      0.00      0.00      0.00
16:54:42         ens5   1668.00   1548.00   1415.25    538.58      0.00      0.00      0.00      0.00

16:54:42        IFACE   rxpck/s   txpck/s    rxkB/s    txkB/s   rxcmp/s   txcmp/s  rxmcst/s   %ifutil
16:54:43           lo      0.00      0.00      0.00      0.00      0.00      0.00      0.00      0.00
16:54:43         ens5   1540.00   1552.00   1392.58    588.79      0.00      0.00      0.00      0.00

16:54:43        IFACE   rxpck/s   txpck/s    rxkB/s    txkB/s   rxcmp/s   txcmp/s  rxmcst/s   %ifutil
16:54:44           lo      0.00      0.00      0.00      0.00      0.00      0.00      0.00      0.00
16:54:44         ens5    805.00   1003.00    236.91    410.63      0.00      0.00      0.00      0.00

16:54:44        IFACE   rxpck/s   txpck/s    rxkB/s    txkB/s   rxcmp/s   txcmp/s  rxmcst/s   %ifutil
16:54:45           lo      0.00      0.00      0.00      0.00      0.00      0.00      0.00      0.00
16:54:45         ens5   1264.00   1254.00   1393.99    435.39      0.00      0.00      0.00      0.00

16:54:45        IFACE   rxpck/s   txpck/s    rxkB/s    txkB/s   rxcmp/s   txcmp/s  rxmcst/s   %ifutil
16:54:46           lo      0.00      0.00      0.00      0.00      0.00      0.00      0.00      0.00
16:54:46         ens5   1359.00   1266.00   1468.62    471.60      0.00      0.00      0.00      0.00

16:54:46        IFACE   rxpck/s   txpck/s    rxkB/s    txkB/s   rxcmp/s   txcmp/s  rxmcst/s   %ifutil
16:54:47           lo      0.00      0.00      0.00      0.00      0.00      0.00      0.00      0.00
16:54:47         ens5   1209.00   1255.00   1336.52    500.50      0.00      0.00      0.00      0.00

16:54:47        IFACE   rxpck/s   txpck/s    rxkB/s    txkB/s   rxcmp/s   txcmp/s  rxmcst/s   %ifutil
16:54:48           lo      0.00      0.00      0.00      0.00      0.00      0.00      0.00      0.00
16:54:48         ens5    898.00    931.00   1270.41    334.36      0.00      0.00      0.00      0.00

16:54:48        IFACE   rxpck/s   txpck/s    rxkB/s    txkB/s   rxcmp/s   txcmp/s  rxmcst/s   %ifutil
16:54:49           lo      0.00      0.00      0.00      0.00      0.00      0.00      0.00      0.00
16:54:49         ens5   1929.00   1789.00   1477.48    671.54      0.00      0.00      0.00      0.00

16:54:49        IFACE   rxpck/s   txpck/s    rxkB/s    txkB/s   rxcmp/s   txcmp/s  rxmcst/s   %ifutil
16:54:50           lo      0.00      0.00      0.00      0.00      0.00      0.00      0.00      0.00
16:54:50         ens5   1490.00   1480.00   1381.41    487.70      0.00      0.00      0.00      0.00

16:54:50        IFACE   rxpck/s   txpck/s    rxkB/s    txkB/s   rxcmp/s   txcmp/s  rxmcst/s   %ifutil
16:54:51           lo      0.00      0.00      0.00      0.00      0.00      0.00      0.00      0.00
16:54:51         ens5   1623.00   1616.00    331.97    625.53      0.00      0.00      0.00      0.00

16:54:51        IFACE   rxpck/s   txpck/s    rxkB/s    txkB/s   rxcmp/s   txcmp/s  rxmcst/s   %ifutil
16:54:52           lo      0.00      0.00      0.00      0.00      0.00      0.00      0.00      0.00
16:54:52         ens5   1253.00   1259.00   1335.63    436.15      0.00      0.00      0.00      0.00

16:54:52        IFACE   rxpck/s   txpck/s    rxkB/s    txkB/s   rxcmp/s   txcmp/s  rxmcst/s   %ifutil
16:54:53           lo      0.00      0.00      0.00      0.00      0.00      0.00      0.00      0.00
16:54:53         ens5    878.00    891.00   1272.84    316.61      0.00      0.00      0.00      0.00

16:54:53        IFACE   rxpck/s   txpck/s    rxkB/s    txkB/s   rxcmp/s   txcmp/s  rxmcst/s   %ifutil
16:54:54           lo      0.00      0.00      0.00      0.00      0.00      0.00      0.00      0.00
16:54:54         ens5   1304.00   1270.00   1411.94    552.91      0.00      0.00      0.00      0.00

16:54:54        IFACE   rxpck/s   txpck/s    rxkB/s    txkB/s   rxcmp/s   txcmp/s  rxmcst/s   %ifutil
16:54:55           lo      0.00      0.00      0.00      0.00      0.00      0.00      0.00      0.00
16:54:55         ens5   1572.00   1487.00   1478.81    564.86      0.00      0.00      0.00      0.00

16:54:55        IFACE   rxpck/s   txpck/s    rxkB/s    txkB/s   rxcmp/s   txcmp/s  rxmcst/s   %ifutil
16:54:56           lo      0.00      0.00      0.00      0.00      0.00      0.00      0.00      0.00
16:54:56         ens5   1067.00   1219.00    372.06    511.98      0.00      0.00      0.00      0.00

16:54:56        IFACE   rxpck/s   txpck/s    rxkB/s    txkB/s   rxcmp/s   txcmp/s  rxmcst/s   %ifutil
16:54:57           lo      0.00      0.00      0.00      0.00      0.00      0.00      0.00      0.00
16:54:57         ens5    981.00    998.00   1271.47    322.44      0.00      0.00      0.00      0.00

16:54:57        IFACE   rxpck/s   txpck/s    rxkB/s    txkB/s   rxcmp/s   txcmp/s  rxmcst/s   %ifutil
16:54:58           lo      0.00      0.00      0.00      0.00      0.00      0.00      0.00      0.00
16:54:58         ens5   1515.00   1498.00   1396.14    539.68      0.00      0.00      0.00      0.00

16:54:58        IFACE   rxpck/s   txpck/s    rxkB/s    txkB/s   rxcmp/s   txcmp/s  rxmcst/s   %ifutil
16:54:59           lo      0.00      0.00      0.00      0.00      0.00      0.00      0.00      0.00
16:54:59         ens5   1807.00   1668.00   1437.10    617.90      0.00      0.00      0.00      0.00

16:54:59        IFACE   rxpck/s   txpck/s    rxkB/s    txkB/s   rxcmp/s   txcmp/s  rxmcst/s   %ifutil
16:55:00           lo      0.00      0.00      0.00      0.00      0.00      0.00      0.00      0.00
16:55:00         ens5   1696.00   1913.00    362.09    687.73      0.00      0.00      0.00      0.00

16:55:00        IFACE   rxpck/s   txpck/s    rxkB/s    txkB/s   rxcmp/s   txcmp/s  rxmcst/s   %ifutil
16:55:01           lo      0.00      0.00      0.00      0.00      0.00      0.00      0.00      0.00
16:55:01         ens5   1337.00   1305.00   1364.01    465.20      0.00      0.00      0.00      0.00

16:55:01        IFACE   rxpck/s   txpck/s    rxkB/s    txkB/s   rxcmp/s   txcmp/s  rxmcst/s   %ifutil
16:55:02           lo      0.00      0.00      0.00      0.00      0.00      0.00      0.00      0.00
16:55:02         ens5   1113.00   1059.00   1281.13    364.25      0.00      0.00      0.00      0.00

16:55:02        IFACE   rxpck/s   txpck/s    rxkB/s    txkB/s   rxcmp/s   txcmp/s  rxmcst/s   %ifutil
16:55:03           lo      0.00      0.00      0.00      0.00      0.00      0.00      0.00      0.00
16:55:03         ens5    974.00    986.00   1283.44    362.74      0.00      0.00      0.00      0.00

16:55:03        IFACE   rxpck/s   txpck/s    rxkB/s    txkB/s   rxcmp/s   txcmp/s  rxmcst/s   %ifutil
16:55:04           lo      0.00      0.00      0.00      0.00      0.00      0.00      0.00      0.00
16:55:04         ens5   1261.00   1280.00   1392.80    532.33      0.00      0.00      0.00      0.00

16:55:04        IFACE   rxpck/s   txpck/s    rxkB/s    txkB/s   rxcmp/s   txcmp/s  rxmcst/s   %ifutil
16:55:05           lo      0.00      0.00      0.00      0.00      0.00      0.00      0.00      0.00
16:55:05         ens5    841.00    914.00   1303.25    289.61      0.00      0.00      0.00      0.00

16:55:05        IFACE   rxpck/s   txpck/s    rxkB/s    txkB/s   rxcmp/s   txcmp/s  rxmcst/s   %ifutil
16:55:06           lo      0.00      0.00      0.00      0.00      0.00      0.00      0.00      0.00
16:55:06         ens5   1170.00   1298.00    393.11    570.67      0.00      0.00      0.00      0.00

16:55:06        IFACE   rxpck/s   txpck/s    rxkB/s    txkB/s   rxcmp/s   txcmp/s  rxmcst/s   %ifutil
16:55:07           lo      0.00      0.00      0.00      0.00      0.00      0.00      0.00      0.00
16:55:07         ens5    978.00   1000.00   1280.37    354.03      0.00      0.00      0.00      0.00

16:55:07        IFACE   rxpck/s   txpck/s    rxkB/s    txkB/s   rxcmp/s   txcmp/s  rxmcst/s   %ifutil
16:55:08           lo      0.00      0.00      0.00      0.00      0.00      0.00      0.00      0.00
16:55:08         ens5   1093.00   1133.00   1310.36    416.44      0.00      0.00      0.00      0.00

16:55:08        IFACE   rxpck/s   txpck/s    rxkB/s    txkB/s   rxcmp/s   txcmp/s  rxmcst/s   %ifutil
16:55:09           lo      0.00      0.00      0.00      0.00      0.00      0.00      0.00      0.00
16:55:09         ens5    936.00    959.00   1277.96    337.56      0.00      0.00      0.00      0.00

16:55:09        IFACE   rxpck/s   txpck/s    rxkB/s    txkB/s   rxcmp/s   txcmp/s  rxmcst/s   %ifutil
16:55:10           lo      0.00      0.00      0.00      0.00      0.00      0.00      0.00      0.00
16:55:10         ens5   1267.00   1191.00   1324.12    450.40      0.00      0.00      0.00      0.00

16:55:10        IFACE   rxpck/s   txpck/s    rxkB/s    txkB/s   rxcmp/s   txcmp/s  rxmcst/s   %ifutil
16:55:11           lo      0.00      0.00      0.00      0.00      0.00      0.00      0.00      0.00
16:55:11         ens5   1126.00   1064.00   1294.01    351.32      0.00      0.00      0.00      0.00

16:55:11        IFACE   rxpck/s   txpck/s    rxkB/s    txkB/s   rxcmp/s   txcmp/s  rxmcst/s   %ifutil
16:55:12           lo      0.00      0.00      0.00      0.00      0.00      0.00      0.00      0.00
16:55:12         ens5   1213.00   1239.00   1322.90    437.61      0.00      0.00      0.00      0.00

16:55:12        IFACE   rxpck/s   txpck/s    rxkB/s    txkB/s   rxcmp/s   txcmp/s  rxmcst/s   %ifutil
16:55:13           lo      0.00      0.00      0.00      0.00      0.00      0.00      0.00      0.00
16:55:13         ens5   1204.00   1352.00    278.62    512.00      0.00      0.00      0.00      0.00

16:55:13        IFACE   rxpck/s   txpck/s    rxkB/s    txkB/s   rxcmp/s   txcmp/s  rxmcst/s   %ifutil
16:55:14           lo      0.00      0.00      0.00      0.00      0.00      0.00      0.00      0.00
16:55:14         ens5    957.00    969.00   1335.68    392.01      0.00      0.00      0.00      0.00

16:55:14        IFACE   rxpck/s   txpck/s    rxkB/s    txkB/s   rxcmp/s   txcmp/s  rxmcst/s   %ifutil
16:55:15           lo      0.00      0.00      0.00      0.00      0.00      0.00      0.00      0.00
16:55:15         ens5   1388.00   1179.00   2493.72    427.82      0.00      0.00      0.00      0.00

16:55:15        IFACE   rxpck/s   txpck/s    rxkB/s    txkB/s   rxcmp/s   txcmp/s  rxmcst/s   %ifutil
16:55:16           lo      0.00      0.00      0.00      0.00      0.00      0.00      0.00      0.00
16:55:16         ens5    557.00    726.00    238.63    279.19      0.00      0.00      0.00      0.00

16:55:16        IFACE   rxpck/s   txpck/s    rxkB/s    txkB/s   rxcmp/s   txcmp/s  rxmcst/s   %ifutil
16:55:17           lo      0.00      0.00      0.00      0.00      0.00      0.00      0.00      0.00
16:55:17         ens5   1234.00   1230.00   1338.66    490.63      0.00      0.00      0.00      0.00

16:55:17        IFACE   rxpck/s   txpck/s    rxkB/s    txkB/s   rxcmp/s   txcmp/s  rxmcst/s   %ifutil
16:55:18           lo      0.00      0.00      0.00      0.00      0.00      0.00      0.00      0.00
16:55:18         ens5   1155.00   1081.00   1303.55    399.91      0.00      0.00      0.00      0.00

16:55:18        IFACE   rxpck/s   txpck/s    rxkB/s    txkB/s   rxcmp/s   txcmp/s  rxmcst/s   %ifutil
16:55:19           lo      0.00      0.00      0.00      0.00      0.00      0.00      0.00      0.00
16:55:19         ens5    997.00   1002.00   1261.41    355.60      0.00      0.00      0.00      0.00

16:55:19        IFACE   rxpck/s   txpck/s    rxkB/s    txkB/s   rxcmp/s   txcmp/s  rxmcst/s   %ifutil
16:55:20           lo      0.00      0.00      0.00      0.00      0.00      0.00      0.00      0.00
16:55:20         ens5   1657.00   1625.00    326.27    616.08      0.00      0.00      0.00      0.00

16:55:20        IFACE   rxpck/s   txpck/s    rxkB/s    txkB/s   rxcmp/s   txcmp/s  rxmcst/s   %ifutil
16:55:21           lo      0.00      0.00      0.00      0.00      0.00      0.00      0.00      0.00
16:55:21         ens5   1251.00   1190.00   1711.75    385.69      0.00      0.00      0.00      0.00

16:55:21        IFACE   rxpck/s   txpck/s    rxkB/s    txkB/s   rxcmp/s   txcmp/s  rxmcst/s   %ifutil
16:55:22           lo      0.00      0.00      0.00      0.00      0.00      0.00      0.00      0.00
16:55:22         ens5    976.00   1577.00    466.22   5126.33      0.00      0.00      0.00      0.00

16:55:22        IFACE   rxpck/s   txpck/s    rxkB/s    txkB/s   rxcmp/s   txcmp/s  rxmcst/s   %ifutil
16:55:23           lo      0.00      0.00      0.00      0.00      0.00      0.00      0.00      0.00
16:55:23         ens5    919.00   1340.00    174.19   3221.31      0.00      0.00      0.00      0.00

16:55:23        IFACE   rxpck/s   txpck/s    rxkB/s    txkB/s   rxcmp/s   txcmp/s  rxmcst/s   %ifutil
16:55:24           lo      0.00      0.00      0.00      0.00      0.00      0.00      0.00      0.00
16:55:24         ens5   1223.00   1509.00    555.44   3394.48      0.00      0.00      0.00      0.00

16:55:24        IFACE   rxpck/s   txpck/s    rxkB/s    txkB/s   rxcmp/s   txcmp/s  rxmcst/s   %ifutil
16:55:25           lo      0.00      0.00      0.00      0.00      0.00      0.00      0.00      0.00
16:55:25         ens5   1548.00   2440.00    607.31   8875.36      0.00      0.00      0.00      0.00

16:55:25        IFACE   rxpck/s   txpck/s    rxkB/s    txkB/s   rxcmp/s   txcmp/s  rxmcst/s   %ifutil
16:55:26           lo      0.00      0.00      0.00      0.00      0.00      0.00      0.00      0.00
16:55:26         ens5   1120.00   1559.00    628.64   4722.30      0.00      0.00      0.00      0.00

16:55:26        IFACE   rxpck/s   txpck/s    rxkB/s    txkB/s   rxcmp/s   txcmp/s  rxmcst/s   %ifutil
16:55:27           lo      0.00      0.00      0.00      0.00      0.00      0.00      0.00      0.00
16:55:27         ens5   2123.00   2135.00    464.12   1482.46      0.00      0.00      0.00      0.00

16:55:27        IFACE   rxpck/s   txpck/s    rxkB/s    txkB/s   rxcmp/s   txcmp/s  rxmcst/s   %ifutil
16:55:28           lo      0.00      0.00      0.00      0.00      0.00      0.00      0.00      0.00
16:55:28         ens5   1606.00   1576.00    340.35    600.42      0.00      0.00      0.00      0.00

16:55:28        IFACE   rxpck/s   txpck/s    rxkB/s    txkB/s   rxcmp/s   txcmp/s  rxmcst/s   %ifutil
16:55:29           lo      0.00      0.00      0.00      0.00      0.00      0.00      0.00      0.00
16:55:29         ens5   1933.00   1879.00    392.62    728.22      0.00      0.00      0.00      0.00

16:55:29        IFACE   rxpck/s   txpck/s    rxkB/s    txkB/s   rxcmp/s   txcmp/s  rxmcst/s   %ifutil
16:55:30           lo      0.00      0.00      0.00      0.00      0.00      0.00      0.00      0.00
16:55:30         ens5   1839.00   1807.00    369.47    686.67      0.00      0.00      0.00      0.00

16:55:30        IFACE   rxpck/s   txpck/s    rxkB/s    txkB/s   rxcmp/s   txcmp/s  rxmcst/s   %ifutil
16:55:31           lo      0.00      0.00      0.00      0.00      0.00      0.00      0.00      0.00
16:55:31         ens5   1474.00   2528.00    287.79   9848.58      0.00      0.00      0.00      0.00

16:55:31        IFACE   rxpck/s   txpck/s    rxkB/s    txkB/s   rxcmp/s   txcmp/s  rxmcst/s   %ifutil
16:55:32           lo      0.00      0.00      0.00      0.00      0.00      0.00      0.00      0.00
16:55:32         ens5   1375.00   2874.00    265.98  13741.64      0.00      0.00      0.00      0.00

16:55:32        IFACE   rxpck/s   txpck/s    rxkB/s    txkB/s   rxcmp/s   txcmp/s  rxmcst/s   %ifutil
16:55:33           lo      0.00      0.00      0.00      0.00      0.00      0.00      0.00      0.00
16:55:33         ens5   2180.00   2105.00    448.59    809.92      0.00      0.00      0.00      0.00

16:55:33        IFACE   rxpck/s   txpck/s    rxkB/s    txkB/s   rxcmp/s   txcmp/s  rxmcst/s   %ifutil
16:55:34           lo      0.00      0.00      0.00      0.00      0.00      0.00      0.00      0.00
16:55:34         ens5   1621.00   1520.00   1451.73    594.98      0.00      0.00      0.00      0.00

16:55:34        IFACE   rxpck/s   txpck/s    rxkB/s    txkB/s   rxcmp/s   txcmp/s  rxmcst/s   %ifutil
16:55:35           lo      0.00      0.00      0.00      0.00      0.00      0.00      0.00      0.00
16:55:35         ens5   1014.00   1039.00   1348.67    359.69      0.00      0.00      0.00      0.00

16:55:35        IFACE   rxpck/s   txpck/s    rxkB/s    txkB/s   rxcmp/s   txcmp/s  rxmcst/s   %ifutil
16:55:36           lo      0.00      0.00      0.00      0.00      0.00      0.00      0.00      0.00
16:55:36         ens5   1174.00   1156.00   1443.20    432.71      0.00      0.00      0.00      0.00

16:55:36        IFACE   rxpck/s   txpck/s    rxkB/s    txkB/s   rxcmp/s   txcmp/s  rxmcst/s   %ifutil
16:55:37           lo      0.00      0.00      0.00      0.00      0.00      0.00      0.00      0.00
16:55:37         ens5   1077.00   1219.00    224.20    448.79      0.00      0.00      0.00      0.00

16:55:37        IFACE   rxpck/s   txpck/s    rxkB/s    txkB/s   rxcmp/s   txcmp/s  rxmcst/s   %ifutil
16:55:38           lo      0.00      0.00      0.00      0.00      0.00      0.00      0.00      0.00
16:55:38         ens5    884.00    870.00   1249.56    282.68      0.00      0.00      0.00      0.00

16:55:38        IFACE   rxpck/s   txpck/s    rxkB/s    txkB/s   rxcmp/s   txcmp/s  rxmcst/s   %ifutil
16:55:39           lo      0.00      0.00      0.00      0.00      0.00      0.00      0.00      0.00
16:55:39         ens5   1811.00   1957.00   1444.51    695.27      0.00      0.00      0.00      0.00

16:55:39        IFACE   rxpck/s   txpck/s    rxkB/s    txkB/s   rxcmp/s   txcmp/s  rxmcst/s   %ifutil
16:55:40           lo      0.00      0.00      0.00      0.00      0.00      0.00      0.00      0.00
16:55:40         ens5   1292.00   1345.00   1344.65    489.40      0.00      0.00      0.00      0.00

16:55:40        IFACE   rxpck/s   txpck/s    rxkB/s    txkB/s   rxcmp/s   txcmp/s  rxmcst/s   %ifutil
16:55:41           lo      0.00      0.00      0.00      0.00      0.00      0.00      0.00      0.00
16:55:41         ens5   1294.00   1226.00   1358.23    473.10      0.00      0.00      0.00      0.00

16:55:41        IFACE   rxpck/s   txpck/s    rxkB/s    txkB/s   rxcmp/s   txcmp/s  rxmcst/s   %ifutil
16:55:42           lo      0.00      0.00      0.00      0.00      0.00      0.00      0.00      0.00
16:55:42         ens5    901.00    916.00   1254.84    276.24      0.00      0.00      0.00      0.00

16:55:42        IFACE   rxpck/s   txpck/s    rxkB/s    txkB/s   rxcmp/s   txcmp/s  rxmcst/s   %ifutil
16:55:43           lo      0.00      0.00      0.00      0.00      0.00      0.00      0.00      0.00
16:55:43         ens5   1623.00   1547.00   1401.70    601.17      0.00      0.00      0.00      0.00

16:55:43        IFACE   rxpck/s   txpck/s    rxkB/s    txkB/s   rxcmp/s   txcmp/s  rxmcst/s   %ifutil
16:55:44           lo      0.00      0.00      0.00      0.00      0.00      0.00      0.00      0.00
16:55:44         ens5    876.00    915.00   1312.03    346.60      0.00      0.00      0.00      0.00

16:55:44        IFACE   rxpck/s   txpck/s    rxkB/s    txkB/s   rxcmp/s   txcmp/s  rxmcst/s   %ifutil
16:55:45           lo      0.00      0.00      0.00      0.00      0.00      0.00      0.00      0.00
16:55:45         ens5   1225.00   1330.00    324.43    507.57      0.00      0.00      0.00      0.00

16:55:45        IFACE   rxpck/s   txpck/s    rxkB/s    txkB/s   rxcmp/s   txcmp/s  rxmcst/s   %ifutil
16:55:46           lo      0.00      0.00      0.00      0.00      0.00      0.00      0.00      0.00
16:55:46         ens5    969.00    954.00   1412.13    378.17      0.00      0.00      0.00      0.00

16:55:46        IFACE   rxpck/s   txpck/s    rxkB/s    txkB/s   rxcmp/s   txcmp/s  rxmcst/s   %ifutil
16:55:47           lo      0.00      0.00      0.00      0.00      0.00      0.00      0.00      0.00
16:55:47         ens5   1375.00   1399.00   1367.04    484.88      0.00      0.00      0.00      0.00

16:55:47        IFACE   rxpck/s   txpck/s    rxkB/s    txkB/s   rxcmp/s   txcmp/s  rxmcst/s   %ifutil
16:55:48           lo      0.00      0.00      0.00      0.00      0.00      0.00      0.00      0.00
16:55:48         ens5   1006.00   1027.00   1299.35    401.67      0.00      0.00      0.00      0.00

16:55:48        IFACE   rxpck/s   txpck/s    rxkB/s    txkB/s   rxcmp/s   txcmp/s  rxmcst/s   %ifutil
16:55:49           lo      0.00      0.00      0.00      0.00      0.00      0.00      0.00      0.00
16:55:49         ens5   1064.00   1233.00    233.26    451.70      0.00      0.00      0.00      0.00

16:55:49        IFACE   rxpck/s   txpck/s    rxkB/s    txkB/s   rxcmp/s   txcmp/s  rxmcst/s   %ifutil
16:55:50           lo      0.00      0.00      0.00      0.00      0.00      0.00      0.00      0.00
16:55:50         ens5   1860.00   1739.00   1449.74    674.57      0.00      0.00      0.00      0.00

16:55:50        IFACE   rxpck/s   txpck/s    rxkB/s    txkB/s   rxcmp/s   txcmp/s  rxmcst/s   %ifutil
16:55:51           lo      0.00      0.00      0.00      0.00      0.00      0.00      0.00      0.00
16:55:51         ens5   1964.00   1804.00   1495.73    684.06      0.00      0.00      0.00      0.00

16:55:51        IFACE   rxpck/s   txpck/s    rxkB/s    txkB/s   rxcmp/s   txcmp/s  rxmcst/s   %ifutil
16:55:52           lo      0.00      0.00      0.00      0.00      0.00      0.00      0.00      0.00
16:55:52         ens5   1050.00   1100.00   1296.21    346.95      0.00      0.00      0.00      0.00

16:55:52        IFACE   rxpck/s   txpck/s    rxkB/s    txkB/s   rxcmp/s   txcmp/s  rxmcst/s   %ifutil
16:55:53           lo      0.00      0.00      0.00      0.00      0.00      0.00      0.00      0.00
16:55:53         ens5   1144.00   1287.00    232.68    483.45      0.00      0.00      0.00      0.00

16:55:53        IFACE   rxpck/s   txpck/s    rxkB/s    txkB/s   rxcmp/s   txcmp/s  rxmcst/s   %ifutil
16:55:54           lo      0.00      0.00      0.00      0.00      0.00      0.00      0.00      0.00
16:55:54         ens5   1255.00   1073.00   2467.46    432.20      0.00      0.00      0.00      0.00

16:55:54        IFACE   rxpck/s   txpck/s    rxkB/s    txkB/s   rxcmp/s   txcmp/s  rxmcst/s   %ifutil
16:55:55           lo      0.00      0.00      0.00      0.00      0.00      0.00      0.00      0.00
16:55:55         ens5    964.00    961.00   1322.58    343.31      0.00      0.00      0.00      0.00

16:55:55        IFACE   rxpck/s   txpck/s    rxkB/s    txkB/s   rxcmp/s   txcmp/s  rxmcst/s   %ifutil
16:55:56           lo      0.00      0.00      0.00      0.00      0.00      0.00      0.00      0.00
16:55:56         ens5   1051.00   1200.00    353.32    468.69      0.00      0.00      0.00      0.00

16:55:56        IFACE   rxpck/s   txpck/s    rxkB/s    txkB/s   rxcmp/s   txcmp/s  rxmcst/s   %ifutil
16:55:57           lo      0.00      0.00      0.00      0.00      0.00      0.00      0.00      0.00
16:55:57         ens5    906.00    917.00   1254.06    309.67      0.00      0.00      0.00      0.00

16:55:57        IFACE   rxpck/s   txpck/s    rxkB/s    txkB/s   rxcmp/s   txcmp/s  rxmcst/s   %ifutil
16:55:58           lo      0.00      0.00      0.00      0.00      0.00      0.00      0.00      0.00
16:55:58         ens5   1644.00   1529.00   1401.88    552.48      0.00      0.00      0.00      0.00

16:55:58        IFACE   rxpck/s   txpck/s    rxkB/s    txkB/s   rxcmp/s   txcmp/s  rxmcst/s   %ifutil
16:55:59           lo      0.00      0.00      0.00      0.00      0.00      0.00      0.00      0.00
16:55:59         ens5   1577.00   1490.00   1395.75    531.67      0.00      0.00      0.00      0.00

16:55:59        IFACE   rxpck/s   txpck/s    rxkB/s    txkB/s   rxcmp/s   txcmp/s  rxmcst/s   %ifutil
16:56:00           lo      0.00      0.00      0.00      0.00      0.00      0.00      0.00      0.00
16:56:00         ens5   1493.00   1438.00   1387.51    544.82      0.00      0.00      0.00      0.00

16:56:00        IFACE   rxpck/s   txpck/s    rxkB/s    txkB/s   rxcmp/s   txcmp/s  rxmcst/s   %ifutil
16:56:01           lo      0.00      0.00      0.00      0.00      0.00      0.00      0.00      0.00
16:56:01         ens5    929.00    979.00   1270.96    327.71      0.00      0.00      0.00      0.00

16:56:01        IFACE   rxpck/s   txpck/s    rxkB/s    txkB/s   rxcmp/s   txcmp/s  rxmcst/s   %ifutil
16:56:02           lo      0.00      0.00      0.00      0.00      0.00      0.00      0.00      0.00
16:56:02         ens5   1087.00   1189.00    226.40    453.04      0.00      0.00      0.00      0.00

16:56:02        IFACE   rxpck/s   txpck/s    rxkB/s    txkB/s   rxcmp/s   txcmp/s  rxmcst/s   %ifutil
16:56:03           lo      0.00      0.00      0.00      0.00      0.00      0.00      0.00      0.00
16:56:03         ens5   1117.00   1118.00   1318.15    399.30      0.00      0.00      0.00      0.00

16:56:03        IFACE   rxpck/s   txpck/s    rxkB/s    txkB/s   rxcmp/s   txcmp/s  rxmcst/s   %ifutil
16:56:04           lo      0.00      0.00      0.00      0.00      0.00      0.00      0.00      0.00
16:56:04         ens5   1380.00   1372.00   1430.54    571.66      0.00      0.00      0.00      0.00

16:56:04        IFACE   rxpck/s   txpck/s    rxkB/s    txkB/s   rxcmp/s   txcmp/s  rxmcst/s   %ifutil
16:56:05           lo      0.00      0.00      0.00      0.00      0.00      0.00      0.00      0.00
16:56:05         ens5    882.00    921.00   1319.57    332.72      0.00      0.00      0.00      0.00
