*
* WARNING: ALL SECURITY CONTROLS HAVE BEEN DISABLED!
* 
* This mode is intended for non-production testing only.
* 
* In this mode:
* - Your cluster is open to any client that can access 172.31.43.117.
* - Intruders with access to your machine or network can observe client-server traffic.
* - Intruders can log in without password and read or write any data in the cluster.
* - Intruders can consume all your server's resources and cause unavailability.
*
*
* INFO: To start a secure server without mandating TLS for clients,
* consider --accept-sql-without-tls instead. For other options, see:
* 
* - https://go.crdb.dev/issue-v/53404/v23.1
* - https://www.cockroachlabs.com/docs/v23.1/secure-a-cluster.html
*
*
* WARNING: Running a server without --sql-addr, with a combined RPC/SQL listener, is deprecated.
* This feature will be removed in a later version of CockroachDB.
*
*
* INFO: initial startup completed.
* Node will now attempt to join a running cluster, or wait for `cockroach init`.
* Client connections will be accepted after this completes successfully.
* Check the log file(s) for progress. 
*
CockroachDB node starting at 2026-04-21 17:11:11.737634313 +0000 UTC m=+13.919764760 (took 13.4s)
build:               CCL v23.1.11 @ 2023/09/27 01:53:43 (go1.19.10)
webui:               http://172.31.43.117:8080
sql:                 postgresql://root@172.31.43.117:26257/defaultdb?sslmode=disable
sql (JDBC):          jdbc:postgresql://172.31.43.117:26257/defaultdb?sslmode=disable&user=root
RPC client flags:    cockroach <client cmd> --host=172.31.43.117:26257 --insecure
logs:                /home/ec2-user/cockroach-data/logs
temp dir:            /home/ec2-user/cockroach-data/cockroach-temp1236650076
external I/O path:   /home/ec2-user/cockroach-data/extern
store[0]:            path=/home/ec2-user/cockroach-data
storage engine:      pebble
clusterID:           75ea0f63-fd3c-4e52-a92f-ddea170d9ded
status:              initialized new node, joined pre-existing cluster
nodeID:              3
