Linux 6.1.166-197.305.amzn2023.x86_64 (ip-172-31-35-124.ec2.internal) 	04/22/26 	_x86_64_	(2 CPU)

16:41:14        IFACE   rxpck/s   txpck/s    rxkB/s    txkB/s   rxcmp/s   txcmp/s  rxmcst/s   %ifutil
16:41:15           lo      0.00      0.00      0.00      0.00      0.00      0.00      0.00      0.00
16:41:15         ens5   1185.15   1227.72    608.11    319.07      0.00      0.00      0.00      0.00

16:41:15        IFACE   rxpck/s   txpck/s    rxkB/s    txkB/s   rxcmp/s   txcmp/s  rxmcst/s   %ifutil
16:41:16           lo      0.00      0.00      0.00      0.00      0.00      0.00      0.00      0.00
16:41:16         ens5    873.00    999.00    444.31    438.65      0.00      0.00      0.00      0.00

16:41:16        IFACE   rxpck/s   txpck/s    rxkB/s    txkB/s   rxcmp/s   txcmp/s  rxmcst/s   %ifutil
16:41:17           lo      0.00      0.00      0.00      0.00      0.00      0.00      0.00      0.00
16:41:17         ens5   1020.00   1157.00    482.97    201.28      0.00      0.00      0.00      0.00

16:41:17        IFACE   rxpck/s   txpck/s    rxkB/s    txkB/s   rxcmp/s   txcmp/s  rxmcst/s   %ifutil
16:41:18           lo      0.00      0.00      0.00      0.00      0.00      0.00      0.00      0.00
16:41:18         ens5    780.00    901.00    358.20    160.16      0.00      0.00      0.00      0.00

16:41:18        IFACE   rxpck/s   txpck/s    rxkB/s    txkB/s   rxcmp/s   txcmp/s  rxmcst/s   %ifutil
16:41:19           lo      0.00      0.00      0.00      0.00      0.00      0.00      0.00      0.00
16:41:19         ens5   1052.00   1171.00    490.18    205.50      0.00      0.00      0.00      0.00

16:41:19        IFACE   rxpck/s   txpck/s    rxkB/s    txkB/s   rxcmp/s   txcmp/s  rxmcst/s   %ifutil
16:41:20           lo      0.00      0.00      0.00      0.00      0.00      0.00      0.00      0.00
16:41:20         ens5    799.00    945.00    372.19    180.34      0.00      0.00      0.00      0.00

16:41:20        IFACE   rxpck/s   txpck/s    rxkB/s    txkB/s   rxcmp/s   txcmp/s  rxmcst/s   %ifutil
16:41:21           lo      0.00      0.00      0.00      0.00      0.00      0.00      0.00      0.00
16:41:21         ens5   1096.00   1207.00    538.39    219.83      0.00      0.00      0.00      0.00

16:41:21        IFACE   rxpck/s   txpck/s    rxkB/s    txkB/s   rxcmp/s   txcmp/s  rxmcst/s   %ifutil
16:41:22           lo      0.00      0.00      0.00      0.00      0.00      0.00      0.00      0.00
16:41:22         ens5    798.00    930.00    364.64    187.96      0.00      0.00      0.00      0.00

16:41:22        IFACE   rxpck/s   txpck/s    rxkB/s    txkB/s   rxcmp/s   txcmp/s  rxmcst/s   %ifutil
16:41:23           lo      0.00      0.00      0.00      0.00      0.00      0.00      0.00      0.00
16:41:23         ens5    747.00    843.00    369.42    148.54      0.00      0.00      0.00      0.00

16:41:23        IFACE   rxpck/s   txpck/s    rxkB/s    txkB/s   rxcmp/s   txcmp/s  rxmcst/s   %ifutil
16:41:24           lo      0.00      0.00      0.00      0.00      0.00      0.00      0.00      0.00
16:41:24         ens5    428.00    506.00    265.43    180.08      0.00      0.00      0.00      0.00

16:41:24        IFACE   rxpck/s   txpck/s    rxkB/s    txkB/s   rxcmp/s   txcmp/s  rxmcst/s   %ifutil
16:41:25           lo      0.00      0.00      0.00      0.00      0.00      0.00      0.00      0.00
16:41:25         ens5   1137.00   1302.00    562.43    382.47      0.00      0.00      0.00      0.00

16:41:25        IFACE   rxpck/s   txpck/s    rxkB/s    txkB/s   rxcmp/s   txcmp/s  rxmcst/s   %ifutil
16:41:26           lo      0.00      0.00      0.00      0.00      0.00      0.00      0.00      0.00
16:41:26         ens5    933.00   1071.00    455.23    459.83      0.00      0.00      0.00      0.00

16:41:26        IFACE   rxpck/s   txpck/s    rxkB/s    txkB/s   rxcmp/s   txcmp/s  rxmcst/s   %ifutil
16:41:27           lo      0.00      0.00      0.00      0.00      0.00      0.00      0.00      0.00
16:41:27         ens5    970.00   1100.00    442.50    196.83      0.00      0.00      0.00      0.00

16:41:27        IFACE   rxpck/s   txpck/s    rxkB/s    txkB/s   rxcmp/s   txcmp/s  rxmcst/s   %ifutil
16:41:28           lo      0.00      0.00      0.00      0.00      0.00      0.00      0.00      0.00
16:41:28         ens5    828.00    953.00    384.84    169.18      0.00      0.00      0.00      0.00

16:41:28        IFACE   rxpck/s   txpck/s    rxkB/s    txkB/s   rxcmp/s   txcmp/s  rxmcst/s   %ifutil
16:41:29           lo      0.00      0.00      0.00      0.00      0.00      0.00      0.00      0.00
16:41:29         ens5   1023.00   1169.00    460.61    222.06      0.00      0.00      0.00      0.00

16:41:29        IFACE   rxpck/s   txpck/s    rxkB/s    txkB/s   rxcmp/s   txcmp/s  rxmcst/s   %ifutil
16:41:30           lo      0.00      0.00      0.00      0.00      0.00      0.00      0.00      0.00
16:41:30         ens5    861.00    961.00    398.92    178.23      0.00      0.00      0.00      0.00

16:41:30        IFACE   rxpck/s   txpck/s    rxkB/s    txkB/s   rxcmp/s   txcmp/s  rxmcst/s   %ifutil
16:41:31           lo      0.00      0.00      0.00      0.00      0.00      0.00      0.00      0.00
16:41:31         ens5    854.00    989.00    394.20    183.44      0.00      0.00      0.00      0.00

16:41:31        IFACE   rxpck/s   txpck/s    rxkB/s    txkB/s   rxcmp/s   txcmp/s  rxmcst/s   %ifutil
16:41:32           lo      0.00      0.00      0.00      0.00      0.00      0.00      0.00      0.00
16:41:32         ens5    980.00   1097.00    454.10    205.76      0.00      0.00      0.00      0.00

16:41:32        IFACE   rxpck/s   txpck/s    rxkB/s    txkB/s   rxcmp/s   txcmp/s  rxmcst/s   %ifutil
16:41:33           lo      0.00      0.00      0.00      0.00      0.00      0.00      0.00      0.00
16:41:33         ens5    789.00    919.00    395.11    163.05      0.00      0.00      0.00      0.00

16:41:33        IFACE   rxpck/s   txpck/s    rxkB/s    txkB/s   rxcmp/s   txcmp/s  rxmcst/s   %ifutil
16:41:34           lo      0.00      0.00      0.00      0.00      0.00      0.00      0.00      0.00
16:41:34         ens5   1441.00   1572.00    749.35    460.36      0.00      0.00      0.00      0.00

16:41:34        IFACE   rxpck/s   txpck/s    rxkB/s    txkB/s   rxcmp/s   txcmp/s  rxmcst/s   %ifutil
16:41:35           lo      0.00      0.00      0.00      0.00      0.00      0.00      0.00      0.00
16:41:35         ens5    838.00    963.00    408.33    312.37      0.00      0.00      0.00      0.00

16:41:35        IFACE   rxpck/s   txpck/s    rxkB/s    txkB/s   rxcmp/s   txcmp/s  rxmcst/s   %ifutil
16:41:36           lo      0.00      0.00      0.00      0.00      0.00      0.00      0.00      0.00
16:41:36         ens5    944.00   1032.00    541.29    466.91      0.00      0.00      0.00      0.00

16:41:36        IFACE   rxpck/s   txpck/s    rxkB/s    txkB/s   rxcmp/s   txcmp/s  rxmcst/s   %ifutil
16:41:37           lo      0.00      0.00      0.00      0.00      0.00      0.00      0.00      0.00
16:41:37         ens5    703.00    778.00    353.67    151.08      0.00      0.00      0.00      0.00

16:41:37        IFACE   rxpck/s   txpck/s    rxkB/s    txkB/s   rxcmp/s   txcmp/s  rxmcst/s   %ifutil
16:41:38           lo      0.00      0.00      0.00      0.00      0.00      0.00      0.00      0.00
16:41:38         ens5   1140.00   1247.00    491.97    211.66      0.00      0.00      0.00      0.00

16:41:38        IFACE   rxpck/s   txpck/s    rxkB/s    txkB/s   rxcmp/s   txcmp/s  rxmcst/s   %ifutil
16:41:39           lo      0.00      0.00      0.00      0.00      0.00      0.00      0.00      0.00
16:41:39         ens5    694.00    791.00    348.57    135.59      0.00      0.00      0.00      0.00

16:41:39        IFACE   rxpck/s   txpck/s    rxkB/s    txkB/s   rxcmp/s   txcmp/s  rxmcst/s   %ifutil
16:41:40           lo      0.00      0.00      0.00      0.00      0.00      0.00      0.00      0.00
16:41:40         ens5    998.00   1133.00    489.61    199.55      0.00      0.00      0.00      0.00

16:41:40        IFACE   rxpck/s   txpck/s    rxkB/s    txkB/s   rxcmp/s   txcmp/s  rxmcst/s   %ifutil
16:41:41           lo      0.00      0.00      0.00      0.00      0.00      0.00      0.00      0.00
16:41:41         ens5    844.00    972.00    366.86    170.74      0.00      0.00      0.00      0.00

16:41:41        IFACE   rxpck/s   txpck/s    rxkB/s    txkB/s   rxcmp/s   txcmp/s  rxmcst/s   %ifutil
16:41:42           lo      0.00      0.00      0.00      0.00      0.00      0.00      0.00      0.00
16:41:42         ens5   1038.00   1183.00    488.84    214.95      0.00      0.00      0.00      0.00

16:41:42        IFACE   rxpck/s   txpck/s    rxkB/s    txkB/s   rxcmp/s   txcmp/s  rxmcst/s   %ifutil
16:41:43           lo      0.00      0.00      0.00      0.00      0.00      0.00      0.00      0.00
16:41:43         ens5    810.00    946.00    370.18    177.91      0.00      0.00      0.00      0.00

16:41:43        IFACE   rxpck/s   txpck/s    rxkB/s    txkB/s   rxcmp/s   txcmp/s  rxmcst/s   %ifutil
16:41:44           lo      0.00      0.00      0.00      0.00      0.00      0.00      0.00      0.00
16:41:44         ens5   1045.00   1200.00    526.25    312.03      0.00      0.00      0.00      0.00

16:41:44        IFACE   rxpck/s   txpck/s    rxkB/s    txkB/s   rxcmp/s   txcmp/s  rxmcst/s   %ifutil
16:41:45           lo      0.00      0.00      0.00      0.00      0.00      0.00      0.00      0.00
16:41:45         ens5    873.00   1019.00    424.57    323.60      0.00      0.00      0.00      0.00

16:41:45        IFACE   rxpck/s   txpck/s    rxkB/s    txkB/s   rxcmp/s   txcmp/s  rxmcst/s   %ifutil
16:41:46           lo      0.00      0.00      0.00      0.00      0.00      0.00      0.00      0.00
16:41:46         ens5    959.00   1109.00    522.02    472.37      0.00      0.00      0.00      0.00

16:41:46        IFACE   rxpck/s   txpck/s    rxkB/s    txkB/s   rxcmp/s   txcmp/s  rxmcst/s   %ifutil
16:41:47           lo      0.00      0.00      0.00      0.00      0.00      0.00      0.00      0.00
16:41:47         ens5    853.00    987.00    367.38    181.30      0.00      0.00      0.00      0.00

16:41:47        IFACE   rxpck/s   txpck/s    rxkB/s    txkB/s   rxcmp/s   txcmp/s  rxmcst/s   %ifutil
16:41:48           lo      0.00      0.00      0.00      0.00      0.00      0.00      0.00      0.00
16:41:48         ens5    968.00   1101.00    440.80    208.93      0.00      0.00      0.00      0.00

16:41:48        IFACE   rxpck/s   txpck/s    rxkB/s    txkB/s   rxcmp/s   txcmp/s  rxmcst/s   %ifutil
16:41:49           lo      0.00      0.00      0.00      0.00      0.00      0.00      0.00      0.00
16:41:49         ens5    808.00    915.00    380.39    169.54      0.00      0.00      0.00      0.00

16:41:49        IFACE   rxpck/s   txpck/s    rxkB/s    txkB/s   rxcmp/s   txcmp/s  rxmcst/s   %ifutil
16:41:50           lo      0.00      0.00      0.00      0.00      0.00      0.00      0.00      0.00
16:41:50         ens5    973.00   1101.00    439.15    201.82      0.00      0.00      0.00      0.00

16:41:50        IFACE   rxpck/s   txpck/s    rxkB/s    txkB/s   rxcmp/s   txcmp/s  rxmcst/s   %ifutil
16:41:51           lo      0.00      0.00      0.00      0.00      0.00      0.00      0.00      0.00
16:41:51         ens5    761.00    875.00    384.29    278.72      0.00      0.00      0.00      0.00

16:41:51        IFACE   rxpck/s   txpck/s    rxkB/s    txkB/s   rxcmp/s   txcmp/s  rxmcst/s   %ifutil
16:41:52           lo      0.00      0.00      0.00      0.00      0.00      0.00      0.00      0.00
16:41:52         ens5   1023.00   1218.00    469.64   1442.87      0.00      0.00      0.00      0.00

16:41:52        IFACE   rxpck/s   txpck/s    rxkB/s    txkB/s   rxcmp/s   txcmp/s  rxmcst/s   %ifutil
16:41:53           lo      0.00      0.00      0.00      0.00      0.00      0.00      0.00      0.00
16:41:53         ens5    789.00    964.00    382.92    166.83      0.00      0.00      0.00      0.00

16:41:53        IFACE   rxpck/s   txpck/s    rxkB/s    txkB/s   rxcmp/s   txcmp/s  rxmcst/s   %ifutil
16:41:54           lo      0.00      0.00      0.00      0.00      0.00      0.00      0.00      0.00
16:41:54         ens5    810.00    952.00    419.15    258.17      0.00      0.00      0.00      0.00

16:41:54        IFACE   rxpck/s   txpck/s    rxkB/s    txkB/s   rxcmp/s   txcmp/s  rxmcst/s   %ifutil
16:41:55           lo      0.00      0.00      0.00      0.00      0.00      0.00      0.00      0.00
16:41:55         ens5   1019.00   1175.00    517.17    362.09      0.00      0.00      0.00      0.00

16:41:55        IFACE   rxpck/s   txpck/s    rxkB/s    txkB/s   rxcmp/s   txcmp/s  rxmcst/s   %ifutil
16:41:56           lo      0.00      0.00      0.00      0.00      0.00      0.00      0.00      0.00
16:41:56         ens5    927.00   1102.00    479.36    468.02      0.00      0.00      0.00      0.00

16:41:56        IFACE   rxpck/s   txpck/s    rxkB/s    txkB/s   rxcmp/s   txcmp/s  rxmcst/s   %ifutil
16:41:57           lo      0.00      0.00      0.00      0.00      0.00      0.00      0.00      0.00
16:41:57         ens5   1035.00   1186.00    475.42    228.83      0.00      0.00      0.00      0.00

16:41:57        IFACE   rxpck/s   txpck/s    rxkB/s    txkB/s   rxcmp/s   txcmp/s  rxmcst/s   %ifutil
16:41:58           lo      0.00      0.00      0.00      0.00      0.00      0.00      0.00      0.00
16:41:58         ens5    811.00    931.00    375.04    172.98      0.00      0.00      0.00      0.00

16:41:58        IFACE   rxpck/s   txpck/s    rxkB/s    txkB/s   rxcmp/s   txcmp/s  rxmcst/s   %ifutil
16:41:59           lo      0.00      0.00      0.00      0.00      0.00      0.00      0.00      0.00
16:41:59         ens5    837.00   1098.00    404.00   1606.56      0.00      0.00      0.00      0.00

16:41:59        IFACE   rxpck/s   txpck/s    rxkB/s    txkB/s   rxcmp/s   txcmp/s  rxmcst/s   %ifutil
16:42:00           lo      0.00      0.00      0.00      0.00      0.00      0.00      0.00      0.00
16:42:00         ens5    798.00   1062.00    398.63   1387.64      0.00      0.00      0.00      0.00

16:42:00        IFACE   rxpck/s   txpck/s    rxkB/s    txkB/s   rxcmp/s   txcmp/s  rxmcst/s   %ifutil
16:42:01           lo      0.00      0.00      0.00      0.00      0.00      0.00      0.00      0.00
16:42:01         ens5    685.00    786.00    326.52    137.07      0.00      0.00      0.00      0.00

16:42:01        IFACE   rxpck/s   txpck/s    rxkB/s    txkB/s   rxcmp/s   txcmp/s  rxmcst/s   %ifutil
16:42:02           lo      0.00      0.00      0.00      0.00      0.00      0.00      0.00      0.00
16:42:02         ens5    446.00    509.00    208.79    100.40      0.00      0.00      0.00      0.00

16:42:02        IFACE   rxpck/s   txpck/s    rxkB/s    txkB/s   rxcmp/s   txcmp/s  rxmcst/s   %ifutil
16:42:03           lo      0.00      0.00      0.00      0.00      0.00      0.00      0.00      0.00
16:42:03         ens5    586.00    652.00    289.14    108.19      0.00      0.00      0.00      0.00

16:42:03        IFACE   rxpck/s   txpck/s    rxkB/s    txkB/s   rxcmp/s   txcmp/s  rxmcst/s   %ifutil
16:42:04           lo      0.00      0.00      0.00      0.00      0.00      0.00      0.00      0.00
16:42:04         ens5    811.00    934.00    444.38    249.32      0.00      0.00      0.00      0.00

16:42:04        IFACE   rxpck/s   txpck/s    rxkB/s    txkB/s   rxcmp/s   txcmp/s  rxmcst/s   %ifutil
16:42:05           lo      0.00      0.00      0.00      0.00      0.00      0.00      0.00      0.00
16:42:05         ens5    961.00   1117.00    471.87    350.14      0.00      0.00      0.00      0.00

16:42:05        IFACE   rxpck/s   txpck/s    rxkB/s    txkB/s   rxcmp/s   txcmp/s  rxmcst/s   %ifutil
16:42:06           lo      0.00      0.00      0.00      0.00      0.00      0.00      0.00      0.00
16:42:06         ens5    886.00   1061.00    493.92    469.64      0.00      0.00      0.00      0.00

16:42:06        IFACE   rxpck/s   txpck/s    rxkB/s    txkB/s   rxcmp/s   txcmp/s  rxmcst/s   %ifutil
16:42:07           lo      0.00      0.00      0.00      0.00      0.00      0.00      0.00      0.00
16:42:07         ens5    901.00   1021.00    412.82    173.82      0.00      0.00      0.00      0.00

16:42:07        IFACE   rxpck/s   txpck/s    rxkB/s    txkB/s   rxcmp/s   txcmp/s  rxmcst/s   %ifutil
16:42:08           lo      0.00      0.00      0.00      0.00      0.00      0.00      0.00      0.00
16:42:08         ens5    922.00   1039.00    421.02    191.74      0.00      0.00      0.00      0.00

16:42:08        IFACE   rxpck/s   txpck/s    rxkB/s    txkB/s   rxcmp/s   txcmp/s  rxmcst/s   %ifutil
16:42:09           lo      0.00      0.00      0.00      0.00      0.00      0.00      0.00      0.00
16:42:09         ens5    915.00   1045.00    421.86    196.84      0.00      0.00      0.00      0.00

16:42:09        IFACE   rxpck/s   txpck/s    rxkB/s    txkB/s   rxcmp/s   txcmp/s  rxmcst/s   %ifutil
16:42:10           lo      0.00      0.00      0.00      0.00      0.00      0.00      0.00      0.00
16:42:10         ens5    875.00    987.00    393.30    186.28      0.00      0.00      0.00      0.00

16:42:10        IFACE   rxpck/s   txpck/s    rxkB/s    txkB/s   rxcmp/s   txcmp/s  rxmcst/s   %ifutil
16:42:11           lo      0.00      0.00      0.00      0.00      0.00      0.00      0.00      0.00
16:42:11         ens5    997.00   1098.00    454.73    206.73      0.00      0.00      0.00      0.00

16:42:11        IFACE   rxpck/s   txpck/s    rxkB/s    txkB/s   rxcmp/s   txcmp/s  rxmcst/s   %ifutil
16:42:12           lo      0.00      0.00      0.00      0.00      0.00      0.00      0.00      0.00
16:42:12         ens5    822.00    945.00    384.12    177.35      0.00      0.00      0.00      0.00

16:42:12        IFACE   rxpck/s   txpck/s    rxkB/s    txkB/s   rxcmp/s   txcmp/s  rxmcst/s   %ifutil
16:42:13           lo      0.00      0.00      0.00      0.00      0.00      0.00      0.00      0.00
16:42:13         ens5   1047.00   1202.00    465.04    229.00      0.00      0.00      0.00      0.00

16:42:13        IFACE   rxpck/s   txpck/s    rxkB/s    txkB/s   rxcmp/s   txcmp/s  rxmcst/s   %ifutil
16:42:14           lo      0.00      0.00      0.00      0.00      0.00      0.00      0.00      0.00
16:42:14         ens5    803.00    932.00    431.72    263.40      0.00      0.00      0.00      0.00

16:42:14        IFACE   rxpck/s   txpck/s    rxkB/s    txkB/s   rxcmp/s   txcmp/s  rxmcst/s   %ifutil
16:42:15           lo      0.00      0.00      0.00      0.00      0.00      0.00      0.00      0.00
16:42:15         ens5    885.00    986.00    499.65    316.98      0.00      0.00      0.00      0.00

16:42:15        IFACE   rxpck/s   txpck/s    rxkB/s    txkB/s   rxcmp/s   txcmp/s  rxmcst/s   %ifutil
16:42:16           lo      0.00      0.00      0.00      0.00      0.00      0.00      0.00      0.00
16:42:16         ens5    785.00    900.00    437.93    432.34      0.00      0.00      0.00      0.00

16:42:16        IFACE   rxpck/s   txpck/s    rxkB/s    txkB/s   rxcmp/s   txcmp/s  rxmcst/s   %ifutil
16:42:17           lo      0.00      0.00      0.00      0.00      0.00      0.00      0.00      0.00
16:42:17         ens5   1148.00   1316.00    500.11    243.66      0.00      0.00      0.00      0.00

16:42:17        IFACE   rxpck/s   txpck/s    rxkB/s    txkB/s   rxcmp/s   txcmp/s  rxmcst/s   %ifutil
16:42:18           lo      0.00      0.00      0.00      0.00      0.00      0.00      0.00      0.00
16:42:18         ens5    781.00    878.00    355.19    164.85      0.00      0.00      0.00      0.00

16:42:18        IFACE   rxpck/s   txpck/s    rxkB/s    txkB/s   rxcmp/s   txcmp/s  rxmcst/s   %ifutil
16:42:19           lo      0.00      0.00      0.00      0.00      0.00      0.00      0.00      0.00
16:42:19         ens5   1058.00   1198.00    481.37    212.46      0.00      0.00      0.00      0.00

16:42:19        IFACE   rxpck/s   txpck/s    rxkB/s    txkB/s   rxcmp/s   txcmp/s  rxmcst/s   %ifutil
16:42:20           lo      0.00      0.00      0.00      0.00      0.00      0.00      0.00      0.00
16:42:20         ens5    861.00   1018.00    378.87    199.46      0.00      0.00      0.00      0.00

16:42:20        IFACE   rxpck/s   txpck/s    rxkB/s    txkB/s   rxcmp/s   txcmp/s  rxmcst/s   %ifutil
16:42:21           lo      0.00      0.00      0.00      0.00      0.00      0.00      0.00      0.00
16:42:21         ens5   1096.00   1260.00    500.36    240.42      0.00      0.00      0.00      0.00

16:42:21        IFACE   rxpck/s   txpck/s    rxkB/s    txkB/s   rxcmp/s   txcmp/s  rxmcst/s   %ifutil
16:42:22           lo      0.00      0.00      0.00      0.00      0.00      0.00      0.00      0.00
16:42:22         ens5    704.00    818.00    337.66    150.00      0.00      0.00      0.00      0.00

16:42:22        IFACE   rxpck/s   txpck/s    rxkB/s    txkB/s   rxcmp/s   txcmp/s  rxmcst/s   %ifutil
16:42:23           lo      0.00      0.00      0.00      0.00      0.00      0.00      0.00      0.00
16:42:23         ens5   1088.00   1273.00    501.66    239.10      0.00      0.00      0.00      0.00

16:42:23        IFACE   rxpck/s   txpck/s    rxkB/s    txkB/s   rxcmp/s   txcmp/s  rxmcst/s   %ifutil
16:42:24           lo      0.00      0.00      0.00      0.00      0.00      0.00      0.00      0.00
16:42:24         ens5    704.00    813.00    386.88    226.83      0.00      0.00      0.00      0.00

16:42:24        IFACE   rxpck/s   txpck/s    rxkB/s    txkB/s   rxcmp/s   txcmp/s  rxmcst/s   %ifutil
16:42:25           lo      0.00      0.00      0.00      0.00      0.00      0.00      0.00      0.00
16:42:25         ens5   1173.00   1348.00    551.21    383.73      0.00      0.00      0.00      0.00

16:42:25        IFACE   rxpck/s   txpck/s    rxkB/s    txkB/s   rxcmp/s   txcmp/s  rxmcst/s   %ifutil
16:42:26           lo      0.00      0.00      0.00      0.00      0.00      0.00      0.00      0.00
16:42:26         ens5    782.00    912.00    414.55    425.65      0.00      0.00      0.00      0.00

16:42:26        IFACE   rxpck/s   txpck/s    rxkB/s    txkB/s   rxcmp/s   txcmp/s  rxmcst/s   %ifutil
16:42:27           lo      0.00      0.00      0.00      0.00      0.00      0.00      0.00      0.00
16:42:27         ens5   1029.00   1187.00    475.04    215.22      0.00      0.00      0.00      0.00

16:42:27        IFACE   rxpck/s   txpck/s    rxkB/s    txkB/s   rxcmp/s   txcmp/s  rxmcst/s   %ifutil
16:42:28           lo      0.00      0.00      0.00      0.00      0.00      0.00      0.00      0.00
16:42:28         ens5    855.00    960.00    380.80    174.21      0.00      0.00      0.00      0.00

16:42:28        IFACE   rxpck/s   txpck/s    rxkB/s    txkB/s   rxcmp/s   txcmp/s  rxmcst/s   %ifutil
16:42:29           lo      0.00      0.00      0.00      0.00      0.00      0.00      0.00      0.00
16:42:29         ens5   1030.00   1168.00    479.65    214.24      0.00      0.00      0.00      0.00

16:42:29        IFACE   rxpck/s   txpck/s    rxkB/s    txkB/s   rxcmp/s   txcmp/s  rxmcst/s   %ifutil
16:42:30           lo      0.00      0.00      0.00      0.00      0.00      0.00      0.00      0.00
16:42:30         ens5    850.00    992.00    390.81    192.65      0.00      0.00      0.00      0.00

16:42:30        IFACE   rxpck/s   txpck/s    rxkB/s    txkB/s   rxcmp/s   txcmp/s  rxmcst/s   %ifutil
16:42:31           lo      0.00      0.00      0.00      0.00      0.00      0.00      0.00      0.00
16:42:31         ens5   1007.00   1169.00    461.51    216.19      0.00      0.00      0.00      0.00

16:42:31        IFACE   rxpck/s   txpck/s    rxkB/s    txkB/s   rxcmp/s   txcmp/s  rxmcst/s   %ifutil
16:42:32           lo      0.00      0.00      0.00      0.00      0.00      0.00      0.00      0.00
16:42:32         ens5    837.00    973.00    394.30    174.05      0.00      0.00      0.00      0.00

16:42:32        IFACE   rxpck/s   txpck/s    rxkB/s    txkB/s   rxcmp/s   txcmp/s  rxmcst/s   %ifutil
16:42:33           lo      0.00      0.00      0.00      0.00      0.00      0.00      0.00      0.00
16:42:33         ens5    962.00   1085.00    434.85    193.99      0.00      0.00      0.00      0.00

16:42:33        IFACE   rxpck/s   txpck/s    rxkB/s    txkB/s   rxcmp/s   txcmp/s  rxmcst/s   %ifutil
16:42:34           lo      0.00      0.00      0.00      0.00      0.00      0.00      0.00      0.00
16:42:34         ens5    906.00   1037.00    461.04    273.44      0.00      0.00      0.00      0.00

16:42:34        IFACE   rxpck/s   txpck/s    rxkB/s    txkB/s   rxcmp/s   txcmp/s  rxmcst/s   %ifutil
16:42:35           lo      0.00      0.00      0.00      0.00      0.00      0.00      0.00      0.00
16:42:35         ens5    952.00   1097.00    483.36    338.47      0.00      0.00      0.00      0.00

16:42:35        IFACE   rxpck/s   txpck/s    rxkB/s    txkB/s   rxcmp/s   txcmp/s  rxmcst/s   %ifutil
16:42:36           lo      0.00      0.00      0.00      0.00      0.00      0.00      0.00      0.00
16:42:36         ens5    944.00   1117.00    499.25    480.34      0.00      0.00      0.00      0.00

16:42:36        IFACE   rxpck/s   txpck/s    rxkB/s    txkB/s   rxcmp/s   txcmp/s  rxmcst/s   %ifutil
16:42:37           lo      0.00      0.00      0.00      0.00      0.00      0.00      0.00      0.00
16:42:37         ens5    862.00    986.00    396.59    187.51      0.00      0.00      0.00      0.00

16:42:37        IFACE   rxpck/s   txpck/s    rxkB/s    txkB/s   rxcmp/s   txcmp/s  rxmcst/s   %ifutil
16:42:38           lo      0.00      0.00      0.00      0.00      0.00      0.00      0.00      0.00
16:42:38         ens5    968.00   1100.00    431.96    203.82      0.00      0.00      0.00      0.00

16:42:38        IFACE   rxpck/s   txpck/s    rxkB/s    txkB/s   rxcmp/s   txcmp/s  rxmcst/s   %ifutil
16:42:39           lo      0.00      0.00      0.00      0.00      0.00      0.00      0.00      0.00
16:42:39         ens5    829.00    965.00    377.82    171.66      0.00      0.00      0.00      0.00

16:42:39        IFACE   rxpck/s   txpck/s    rxkB/s    txkB/s   rxcmp/s   txcmp/s  rxmcst/s   %ifutil
16:42:40           lo      0.00      0.00      0.00      0.00      0.00      0.00      0.00      0.00
16:42:40         ens5    704.00    789.00    340.89    135.35      0.00      0.00      0.00      0.00

16:42:40        IFACE   rxpck/s   txpck/s    rxkB/s    txkB/s   rxcmp/s   txcmp/s  rxmcst/s   %ifutil
16:42:41           lo      0.00      0.00      0.00      0.00      0.00      0.00      0.00      0.00
16:42:41         ens5    950.00   1085.00    421.45    192.62      0.00      0.00      0.00      0.00

16:42:41        IFACE   rxpck/s   txpck/s    rxkB/s    txkB/s   rxcmp/s   txcmp/s  rxmcst/s   %ifutil
16:42:42           lo      0.00      0.00      0.00      0.00      0.00      0.00      0.00      0.00
16:42:42         ens5    958.00   1093.00    428.58    203.02      0.00      0.00      0.00      0.00

16:42:42        IFACE   rxpck/s   txpck/s    rxkB/s    txkB/s   rxcmp/s   txcmp/s  rxmcst/s   %ifutil
16:42:43           lo      0.00      0.00      0.00      0.00      0.00      0.00      0.00      0.00
16:42:43         ens5    899.00   1051.00    415.21    188.75      0.00      0.00      0.00      0.00

16:42:43        IFACE   rxpck/s   txpck/s    rxkB/s    txkB/s   rxcmp/s   txcmp/s  rxmcst/s   %ifutil
16:42:44           lo      0.00      0.00      0.00      0.00      0.00      0.00      0.00      0.00
16:42:44         ens5   1000.00   1165.00    507.92    317.15      0.00      0.00      0.00      0.00

16:42:44        IFACE   rxpck/s   txpck/s    rxkB/s    txkB/s   rxcmp/s   txcmp/s  rxmcst/s   %ifutil
16:42:45           lo      0.00      0.00      0.00      0.00      0.00      0.00      0.00      0.00
16:42:45         ens5    865.00    983.00    442.72    320.31      0.00      0.00      0.00      0.00

16:42:45        IFACE   rxpck/s   txpck/s    rxkB/s    txkB/s   rxcmp/s   txcmp/s  rxmcst/s   %ifutil
16:42:46           lo      0.00      0.00      0.00      0.00      0.00      0.00      0.00      0.00
16:42:46         ens5   1086.00   1277.00    541.94    484.05      0.00      0.00      0.00      0.00

16:42:46        IFACE   rxpck/s   txpck/s    rxkB/s    txkB/s   rxcmp/s   txcmp/s  rxmcst/s   %ifutil
16:42:47           lo      0.00      0.00      0.00      0.00      0.00      0.00      0.00      0.00
16:42:47         ens5    852.00    998.00    388.29    190.95      0.00      0.00      0.00      0.00

16:42:47        IFACE   rxpck/s   txpck/s    rxkB/s    txkB/s   rxcmp/s   txcmp/s  rxmcst/s   %ifutil
16:42:48           lo      0.00      0.00      0.00      0.00      0.00      0.00      0.00      0.00
16:42:48         ens5   1050.00   1210.00    488.91    235.56      0.00      0.00      0.00      0.00

16:42:48        IFACE   rxpck/s   txpck/s    rxkB/s    txkB/s   rxcmp/s   txcmp/s  rxmcst/s   %ifutil
16:42:49           lo      0.00      0.00      0.00      0.00      0.00      0.00      0.00      0.00
16:42:49         ens5    815.00    936.00    376.36    174.25      0.00      0.00      0.00      0.00

16:42:49        IFACE   rxpck/s   txpck/s    rxkB/s    txkB/s   rxcmp/s   txcmp/s  rxmcst/s   %ifutil
16:42:50           lo      0.00      0.00      0.00      0.00      0.00      0.00      0.00      0.00
16:42:50         ens5   1092.00   1208.00    486.77    202.39      0.00      0.00      0.00      0.00

16:42:50        IFACE   rxpck/s   txpck/s    rxkB/s    txkB/s   rxcmp/s   txcmp/s  rxmcst/s   %ifutil
16:42:51           lo      0.00      0.00      0.00      0.00      0.00      0.00      0.00      0.00
16:42:51         ens5    764.00    897.00    358.79    173.18      0.00      0.00      0.00      0.00

16:42:51        IFACE   rxpck/s   txpck/s    rxkB/s    txkB/s   rxcmp/s   txcmp/s  rxmcst/s   %ifutil
16:42:52           lo      0.00      0.00      0.00      0.00      0.00      0.00      0.00      0.00
16:42:52         ens5   1053.00   1243.00    496.32    235.11      0.00      0.00      0.00      0.00

16:42:52        IFACE   rxpck/s   txpck/s    rxkB/s    txkB/s   rxcmp/s   txcmp/s  rxmcst/s   %ifutil
16:42:53           lo      0.00      0.00      0.00      0.00      0.00      0.00      0.00      0.00
16:42:53         ens5    737.00    835.00    354.19    172.26      0.00      0.00      0.00      0.00

16:42:53        IFACE   rxpck/s   txpck/s    rxkB/s    txkB/s   rxcmp/s   txcmp/s  rxmcst/s   %ifutil
16:42:54           lo      0.00      0.00      0.00      0.00      0.00      0.00      0.00      0.00
16:42:54         ens5   1054.00   1194.00    550.93    302.71      0.00      0.00      0.00      0.00

16:42:54        IFACE   rxpck/s   txpck/s    rxkB/s    txkB/s   rxcmp/s   txcmp/s  rxmcst/s   %ifutil
16:42:55           lo      0.00      0.00      0.00      0.00      0.00      0.00      0.00      0.00
16:42:55         ens5    786.00    900.00    399.89    292.57      0.00      0.00      0.00      0.00

16:42:55        IFACE   rxpck/s   txpck/s    rxkB/s    txkB/s   rxcmp/s   txcmp/s  rxmcst/s   %ifutil
16:42:56           lo      0.00      0.00      0.00      0.00      0.00      0.00      0.00      0.00
16:42:56         ens5   1172.00   1378.00    579.22    524.20      0.00      0.00      0.00      0.00

16:42:56        IFACE   rxpck/s   txpck/s    rxkB/s    txkB/s   rxcmp/s   txcmp/s  rxmcst/s   %ifutil
16:42:57           lo      0.00      0.00      0.00      0.00      0.00      0.00      0.00      0.00
16:42:57         ens5    786.00    908.00    341.47    165.00      0.00      0.00      0.00      0.00

16:42:57        IFACE   rxpck/s   txpck/s    rxkB/s    txkB/s   rxcmp/s   txcmp/s  rxmcst/s   %ifutil
16:42:58           lo      0.00      0.00      0.00      0.00      0.00      0.00      0.00      0.00
16:42:58         ens5   1016.00   1171.00    486.53    215.36      0.00      0.00      0.00      0.00

16:42:58        IFACE   rxpck/s   txpck/s    rxkB/s    txkB/s   rxcmp/s   txcmp/s  rxmcst/s   %ifutil
16:42:59           lo      0.00      0.00      0.00      0.00      0.00      0.00      0.00      0.00
16:42:59         ens5    747.00    863.00    348.23    165.53      0.00      0.00      0.00      0.00

16:42:59        IFACE   rxpck/s   txpck/s    rxkB/s    txkB/s   rxcmp/s   txcmp/s  rxmcst/s   %ifutil
16:43:00           lo      0.00      0.00      0.00      0.00      0.00      0.00      0.00      0.00
16:43:00         ens5    908.00   1035.00    441.10    190.05      0.00      0.00      0.00      0.00

16:43:00        IFACE   rxpck/s   txpck/s    rxkB/s    txkB/s   rxcmp/s   txcmp/s  rxmcst/s   %ifutil
16:43:01           lo      0.00      0.00      0.00      0.00      0.00      0.00      0.00      0.00
16:43:01         ens5    757.00    871.00    345.14    167.33      0.00      0.00      0.00      0.00

16:43:01        IFACE   rxpck/s   txpck/s    rxkB/s    txkB/s   rxcmp/s   txcmp/s  rxmcst/s   %ifutil
16:43:02           lo      0.00      0.00      0.00      0.00      0.00      0.00      0.00      0.00
16:43:02         ens5    956.00   1095.00    445.30    216.74      0.00      0.00      0.00      0.00

16:43:02        IFACE   rxpck/s   txpck/s    rxkB/s    txkB/s   rxcmp/s   txcmp/s  rxmcst/s   %ifutil
16:43:03           lo      0.00      0.00      0.00      0.00      0.00      0.00      0.00      0.00
16:43:03         ens5    752.00    855.00    354.32    148.04      0.00      0.00      0.00      0.00

16:43:03        IFACE   rxpck/s   txpck/s    rxkB/s    txkB/s   rxcmp/s   txcmp/s  rxmcst/s   %ifutil
16:43:04           lo      0.00      0.00      0.00      0.00      0.00      0.00      0.00      0.00
16:43:04         ens5   1062.00   1207.00    548.19    308.01      0.00      0.00      0.00      0.00

16:43:04        IFACE   rxpck/s   txpck/s    rxkB/s    txkB/s   rxcmp/s   txcmp/s  rxmcst/s   %ifutil
16:43:05           lo      0.00      0.00      0.00      0.00      0.00      0.00      0.00      0.00
16:43:05         ens5    818.00    951.00    411.36    319.85      0.00      0.00      0.00      0.00

16:43:05        IFACE   rxpck/s   txpck/s    rxkB/s    txkB/s   rxcmp/s   txcmp/s  rxmcst/s   %ifutil
16:43:06           lo      0.00      0.00      0.00      0.00      0.00      0.00      0.00      0.00
16:43:06         ens5    720.00   1012.00    423.13   1762.91      0.00      0.00      0.00      0.00

16:43:06        IFACE   rxpck/s   txpck/s    rxkB/s    txkB/s   rxcmp/s   txcmp/s  rxmcst/s   %ifutil
16:43:07           lo      0.00      0.00      0.00      0.00      0.00      0.00      0.00      0.00
16:43:07         ens5    956.00   1340.00    451.64   2491.76      0.00      0.00      0.00      0.00

16:43:07        IFACE   rxpck/s   txpck/s    rxkB/s    txkB/s   rxcmp/s   txcmp/s  rxmcst/s   %ifutil
16:43:08           lo      0.00      0.00      0.00      0.00      0.00      0.00      0.00      0.00
16:43:08         ens5    770.00    871.00    381.24    154.10      0.00      0.00      0.00      0.00

16:43:08        IFACE   rxpck/s   txpck/s    rxkB/s    txkB/s   rxcmp/s   txcmp/s  rxmcst/s   %ifutil
16:43:09           lo      0.00      0.00      0.00      0.00      0.00      0.00      0.00      0.00
16:43:09         ens5    963.00   1054.00    418.48    190.07      0.00      0.00      0.00      0.00

16:43:09        IFACE   rxpck/s   txpck/s    rxkB/s    txkB/s   rxcmp/s   txcmp/s  rxmcst/s   %ifutil
16:43:10           lo      0.00      0.00      0.00      0.00      0.00      0.00      0.00      0.00
16:43:10         ens5    867.00    995.00    393.66    189.75      0.00      0.00      0.00      0.00

16:43:10        IFACE   rxpck/s   txpck/s    rxkB/s    txkB/s   rxcmp/s   txcmp/s  rxmcst/s   %ifutil
16:43:11           lo      0.00      0.00      0.00      0.00      0.00      0.00      0.00      0.00
16:43:11         ens5    921.00   1024.00    444.75    186.97      0.00      0.00      0.00      0.00

16:43:11        IFACE   rxpck/s   txpck/s    rxkB/s    txkB/s   rxcmp/s   txcmp/s  rxmcst/s   %ifutil
16:43:12           lo      0.00      0.00      0.00      0.00      0.00      0.00      0.00      0.00
16:43:12         ens5    789.00    880.00    364.27    163.07      0.00      0.00      0.00      0.00

16:43:12        IFACE   rxpck/s   txpck/s    rxkB/s    txkB/s   rxcmp/s   txcmp/s  rxmcst/s   %ifutil
16:43:13           lo      0.00      0.00      0.00      0.00      0.00      0.00      0.00      0.00
16:43:13         ens5    870.00   1038.00    407.09    347.87      0.00      0.00      0.00      0.00

16:43:13        IFACE   rxpck/s   txpck/s    rxkB/s    txkB/s   rxcmp/s   txcmp/s  rxmcst/s   %ifutil
16:43:14           lo      0.00      0.00      0.00      0.00      0.00      0.00      0.00      0.00
16:43:14         ens5   1006.00   1298.00    494.63   2053.20      0.00      0.00      0.00      0.00

16:43:14        IFACE   rxpck/s   txpck/s    rxkB/s    txkB/s   rxcmp/s   txcmp/s  rxmcst/s   %ifutil
16:43:15           lo      0.00      0.00      0.00      0.00      0.00      0.00      0.00      0.00
16:43:15         ens5   1120.00   1220.00    552.50    348.50      0.00      0.00      0.00      0.00
