Linux 6.1.166-197.305.amzn2023.x86_64 (ip-172-31-35-124.ec2.internal) 	04/22/26 	_x86_64_	(2 CPU)

16:36:43        IFACE   rxpck/s   txpck/s    rxkB/s    txkB/s   rxcmp/s   txcmp/s  rxmcst/s   %ifutil
16:36:44           lo      0.00      0.00      0.00      0.00      0.00      0.00      0.00      0.00
16:36:44         ens5    147.00    167.00     95.37    129.97      0.00      0.00      0.00      0.00

16:36:44        IFACE   rxpck/s   txpck/s    rxkB/s    txkB/s   rxcmp/s   txcmp/s  rxmcst/s   %ifutil
16:36:45           lo      0.00      0.00      0.00      0.00      0.00      0.00      0.00      0.00
16:36:45         ens5    258.00    297.00    140.38    178.54      0.00      0.00      0.00      0.00

16:36:45        IFACE   rxpck/s   txpck/s    rxkB/s    txkB/s   rxcmp/s   txcmp/s  rxmcst/s   %ifutil
16:36:46           lo      0.00      0.00      0.00      0.00      0.00      0.00      0.00      0.00
16:36:46         ens5    258.00    346.00    169.76    421.85      0.00      0.00      0.00      0.00

16:36:46        IFACE   rxpck/s   txpck/s    rxkB/s    txkB/s   rxcmp/s   txcmp/s  rxmcst/s   %ifutil
16:36:47           lo      0.00      0.00      0.00      0.00      0.00      0.00      0.00      0.00
16:36:47         ens5    153.00    197.00     58.31     60.82      0.00      0.00      0.00      0.00

16:36:47        IFACE   rxpck/s   txpck/s    rxkB/s    txkB/s   rxcmp/s   txcmp/s  rxmcst/s   %ifutil
16:36:48           lo      0.00      0.00      0.00      0.00      0.00      0.00      0.00      0.00
16:36:48         ens5    202.00    265.00     85.66     93.46      0.00      0.00      0.00      0.00

16:36:48        IFACE   rxpck/s   txpck/s    rxkB/s    txkB/s   rxcmp/s   txcmp/s  rxmcst/s   %ifutil
16:36:49           lo      0.00      0.00      0.00      0.00      0.00      0.00      0.00      0.00
16:36:49         ens5    247.00    304.00     86.73     94.66      0.00      0.00      0.00      0.00

16:36:49        IFACE   rxpck/s   txpck/s    rxkB/s    txkB/s   rxcmp/s   txcmp/s  rxmcst/s   %ifutil
16:36:50           lo      0.00      0.00      0.00      0.00      0.00      0.00      0.00      0.00
16:36:50         ens5    225.00    304.00     95.33    108.84      0.00      0.00      0.00      0.00

16:36:50        IFACE   rxpck/s   txpck/s    rxkB/s    txkB/s   rxcmp/s   txcmp/s  rxmcst/s   %ifutil
16:36:51           lo      0.00      0.00      0.00      0.00      0.00      0.00      0.00      0.00
16:36:51         ens5    195.00    250.00     80.39     86.31      0.00      0.00      0.00      0.00

16:36:51        IFACE   rxpck/s   txpck/s    rxkB/s    txkB/s   rxcmp/s   txcmp/s  rxmcst/s   %ifutil
16:36:52           lo      0.00      0.00      0.00      0.00      0.00      0.00      0.00      0.00
16:36:52         ens5    262.00    341.00    114.99    128.07      0.00      0.00      0.00      0.00

16:36:52        IFACE   rxpck/s   txpck/s    rxkB/s    txkB/s   rxcmp/s   txcmp/s  rxmcst/s   %ifutil
16:36:53           lo      0.00      0.00      0.00      0.00      0.00      0.00      0.00      0.00
16:36:53         ens5    255.00    323.00    106.15    117.37      0.00      0.00      0.00      0.00

16:36:53        IFACE   rxpck/s   txpck/s    rxkB/s    txkB/s   rxcmp/s   txcmp/s  rxmcst/s   %ifutil
16:36:54           lo      0.00      0.00      0.00      0.00      0.00      0.00      0.00      0.00
16:36:54         ens5    190.00    253.00    132.92    170.01      0.00      0.00      0.00      0.00

16:36:54        IFACE   rxpck/s   txpck/s    rxkB/s    txkB/s   rxcmp/s   txcmp/s  rxmcst/s   %ifutil
16:36:55           lo      0.00      0.00      0.00      0.00      0.00      0.00      0.00      0.00
16:36:55         ens5    212.00    265.00    123.46    158.94      0.00      0.00      0.00      0.00

16:36:55        IFACE   rxpck/s   txpck/s    rxkB/s    txkB/s   rxcmp/s   txcmp/s  rxmcst/s   %ifutil
16:36:56           lo      0.00      0.00      0.00      0.00      0.00      0.00      0.00      0.00
16:36:56         ens5    309.00    408.00    187.05    443.07      0.00      0.00      0.00      0.00

16:36:56        IFACE   rxpck/s   txpck/s    rxkB/s    txkB/s   rxcmp/s   txcmp/s  rxmcst/s   %ifutil
16:36:57           lo      0.00      0.00      0.00      0.00      0.00      0.00      0.00      0.00
16:36:57         ens5    228.00    308.00    120.70    135.97      0.00      0.00      0.00      0.00

16:36:57        IFACE   rxpck/s   txpck/s    rxkB/s    txkB/s   rxcmp/s   txcmp/s  rxmcst/s   %ifutil
16:36:58           lo      0.00      0.00      0.00      0.00      0.00      0.00      0.00      0.00
16:36:58         ens5    231.00    278.00     99.82    112.64      0.00      0.00      0.00      0.00

16:36:58        IFACE   rxpck/s   txpck/s    rxkB/s    txkB/s   rxcmp/s   txcmp/s  rxmcst/s   %ifutil
16:36:59           lo      0.00      0.00      0.00      0.00      0.00      0.00      0.00      0.00
16:36:59         ens5    187.00    235.00     66.96     76.01      0.00      0.00      0.00      0.00

16:36:59        IFACE   rxpck/s   txpck/s    rxkB/s    txkB/s   rxcmp/s   txcmp/s  rxmcst/s   %ifutil
16:37:00           lo      0.00      0.00      0.00      0.00      0.00      0.00      0.00      0.00
16:37:00         ens5    260.00    341.00    115.54    132.57      0.00      0.00      0.00      0.00

16:37:00        IFACE   rxpck/s   txpck/s    rxkB/s    txkB/s   rxcmp/s   txcmp/s  rxmcst/s   %ifutil
16:37:01           lo      0.00      0.00      0.00      0.00      0.00      0.00      0.00      0.00
16:37:01         ens5    216.00    277.00     84.77     89.66      0.00      0.00      0.00      0.00

16:37:01        IFACE   rxpck/s   txpck/s    rxkB/s    txkB/s   rxcmp/s   txcmp/s  rxmcst/s   %ifutil
16:37:02           lo      0.00      0.00      0.00      0.00      0.00      0.00      0.00      0.00
16:37:02         ens5    213.00    260.00     73.22     79.18      0.00      0.00      0.00      0.00

16:37:02        IFACE   rxpck/s   txpck/s    rxkB/s    txkB/s   rxcmp/s   txcmp/s  rxmcst/s   %ifutil
16:37:03           lo      0.00      0.00      0.00      0.00      0.00      0.00      0.00      0.00
16:37:03         ens5    210.00    271.00     94.90    104.33      0.00      0.00      0.00      0.00

16:37:03        IFACE   rxpck/s   txpck/s    rxkB/s    txkB/s   rxcmp/s   txcmp/s  rxmcst/s   %ifutil
16:37:04           lo      0.00      0.00      0.00      0.00      0.00      0.00      0.00      0.00
16:37:04         ens5    266.00    368.00    179.70    230.27      0.00      0.00      0.00      0.00

16:37:04        IFACE   rxpck/s   txpck/s    rxkB/s    txkB/s   rxcmp/s   txcmp/s  rxmcst/s   %ifutil
16:37:05           lo      0.00      0.00      0.00      0.00      0.00      0.00      0.00      0.00
16:37:05         ens5    286.00    366.00    143.16    185.36      0.00      0.00      0.00      0.00

16:37:05        IFACE   rxpck/s   txpck/s    rxkB/s    txkB/s   rxcmp/s   txcmp/s  rxmcst/s   %ifutil
16:37:06           lo      0.00      0.00      0.00      0.00      0.00      0.00      0.00      0.00
16:37:06         ens5    231.00    300.00    151.60    399.24      0.00      0.00      0.00      0.00

16:37:06        IFACE   rxpck/s   txpck/s    rxkB/s    txkB/s   rxcmp/s   txcmp/s  rxmcst/s   %ifutil
16:37:07           lo      0.00      0.00      0.00      0.00      0.00      0.00      0.00      0.00
16:37:07         ens5    280.00    351.00    121.04    138.42      0.00      0.00      0.00      0.00

16:37:07        IFACE   rxpck/s   txpck/s    rxkB/s    txkB/s   rxcmp/s   txcmp/s  rxmcst/s   %ifutil
16:37:08           lo      0.00      0.00      0.00      0.00      0.00      0.00      0.00      0.00
16:37:08         ens5    226.00    299.00     94.49    106.39      0.00      0.00      0.00      0.00

16:37:08        IFACE   rxpck/s   txpck/s    rxkB/s    txkB/s   rxcmp/s   txcmp/s  rxmcst/s   %ifutil
16:37:09           lo      0.00      0.00      0.00      0.00      0.00      0.00      0.00      0.00
16:37:09         ens5    206.00    275.00     88.17     97.33      0.00      0.00      0.00      0.00

16:37:09        IFACE   rxpck/s   txpck/s    rxkB/s    txkB/s   rxcmp/s   txcmp/s  rxmcst/s   %ifutil
16:37:10           lo      0.00      0.00      0.00      0.00      0.00      0.00      0.00      0.00
16:37:10         ens5    213.00    283.00     91.79    103.84      0.00      0.00      0.00      0.00

16:37:10        IFACE   rxpck/s   txpck/s    rxkB/s    txkB/s   rxcmp/s   txcmp/s  rxmcst/s   %ifutil
16:37:11           lo      0.00      0.00      0.00      0.00      0.00      0.00      0.00      0.00
16:37:11         ens5    249.00    319.00    103.21    118.14      0.00      0.00      0.00      0.00

16:37:11        IFACE   rxpck/s   txpck/s    rxkB/s    txkB/s   rxcmp/s   txcmp/s  rxmcst/s   %ifutil
16:37:12           lo      0.00      0.00      0.00      0.00      0.00      0.00      0.00      0.00
16:37:12         ens5    208.00    263.00     89.95     97.35      0.00      0.00      0.00      0.00

16:37:12        IFACE   rxpck/s   txpck/s    rxkB/s    txkB/s   rxcmp/s   txcmp/s  rxmcst/s   %ifutil
16:37:13           lo      0.00      0.00      0.00      0.00      0.00      0.00      0.00      0.00
16:37:13         ens5    219.00    265.00     91.89    100.93      0.00      0.00      0.00      0.00

16:37:13        IFACE   rxpck/s   txpck/s    rxkB/s    txkB/s   rxcmp/s   txcmp/s  rxmcst/s   %ifutil
16:37:14           lo      0.00      0.00      0.00      0.00      0.00      0.00      0.00      0.00
16:37:14         ens5    227.00    268.00    134.27    172.80      0.00      0.00      0.00      0.00

16:37:14        IFACE   rxpck/s   txpck/s    rxkB/s    txkB/s   rxcmp/s   txcmp/s  rxmcst/s   %ifutil
16:37:15           lo      0.00      0.00      0.00      0.00      0.00      0.00      0.00      0.00
16:37:15         ens5    267.00    326.00    146.84    183.70      0.00      0.00      0.00      0.00

16:37:15        IFACE   rxpck/s   txpck/s    rxkB/s    txkB/s   rxcmp/s   txcmp/s  rxmcst/s   %ifutil
16:37:16           lo      0.00      0.00      0.00      0.00      0.00      0.00      0.00      0.00
16:37:16         ens5    262.00    341.00    181.69    438.01      0.00      0.00      0.00      0.00

16:37:16        IFACE   rxpck/s   txpck/s    rxkB/s    txkB/s   rxcmp/s   txcmp/s  rxmcst/s   %ifutil
16:37:17           lo      0.00      0.00      0.00      0.00      0.00      0.00      0.00      0.00
16:37:17         ens5    224.00    277.00     93.89    104.47      0.00      0.00      0.00      0.00

16:37:17        IFACE   rxpck/s   txpck/s    rxkB/s    txkB/s   rxcmp/s   txcmp/s  rxmcst/s   %ifutil
16:37:18           lo      0.00      0.00      0.00      0.00      0.00      0.00      0.00      0.00
16:37:18         ens5    215.00    269.00     92.98    101.19      0.00      0.00      0.00      0.00

16:37:18        IFACE   rxpck/s   txpck/s    rxkB/s    txkB/s   rxcmp/s   txcmp/s  rxmcst/s   %ifutil
16:37:19           lo      0.00      0.00      0.00      0.00      0.00      0.00      0.00      0.00
16:37:19         ens5    240.00    317.00     98.50    107.99      0.00      0.00      0.00      0.00

16:37:19        IFACE   rxpck/s   txpck/s    rxkB/s    txkB/s   rxcmp/s   txcmp/s  rxmcst/s   %ifutil
16:37:20           lo      0.00      0.00      0.00      0.00      0.00      0.00      0.00      0.00
16:37:20         ens5    243.00    300.00     98.29    110.34      0.00      0.00      0.00      0.00

16:37:20        IFACE   rxpck/s   txpck/s    rxkB/s    txkB/s   rxcmp/s   txcmp/s  rxmcst/s   %ifutil
16:37:21           lo      0.00      0.00      0.00      0.00      0.00      0.00      0.00      0.00
16:37:21         ens5    175.00    233.00     75.04     82.59      0.00      0.00      0.00      0.00

16:37:21        IFACE   rxpck/s   txpck/s    rxkB/s    txkB/s   rxcmp/s   txcmp/s  rxmcst/s   %ifutil
16:37:22           lo      0.00      0.00      0.00      0.00      0.00      0.00      0.00      0.00
16:37:22         ens5    230.00    301.00     97.51    108.99      0.00      0.00      0.00      0.00

16:37:22        IFACE   rxpck/s   txpck/s    rxkB/s    txkB/s   rxcmp/s   txcmp/s  rxmcst/s   %ifutil
16:37:23           lo      0.00      0.00      0.00      0.00      0.00      0.00      0.00      0.00
16:37:23         ens5    256.00    324.00     99.65    113.15      0.00      0.00      0.00      0.00

16:37:23        IFACE   rxpck/s   txpck/s    rxkB/s    txkB/s   rxcmp/s   txcmp/s  rxmcst/s   %ifutil
16:37:24           lo      0.00      0.00      0.00      0.00      0.00      0.00      0.00      0.00
16:37:24         ens5    209.00    264.00    136.15    169.97      0.00      0.00      0.00      0.00

16:37:24        IFACE   rxpck/s   txpck/s    rxkB/s    txkB/s   rxcmp/s   txcmp/s  rxmcst/s   %ifutil
16:37:25           lo      0.00      0.00      0.00      0.00      0.00      0.00      0.00      0.00
16:37:25         ens5    219.00    281.00    138.29    174.89      0.00      0.00      0.00      0.00

16:37:25        IFACE   rxpck/s   txpck/s    rxkB/s    txkB/s   rxcmp/s   txcmp/s  rxmcst/s   %ifutil
16:37:26           lo      0.00      0.00      0.00      0.00      0.00      0.00      0.00      0.00
16:37:26         ens5    247.00    342.00    164.89    417.68      0.00      0.00      0.00      0.00

16:37:26        IFACE   rxpck/s   txpck/s    rxkB/s    txkB/s   rxcmp/s   txcmp/s  rxmcst/s   %ifutil
16:37:27           lo      0.00      0.00      0.00      0.00      0.00      0.00      0.00      0.00
16:37:27         ens5    214.00    286.00     91.87     97.60      0.00      0.00      0.00      0.00

16:37:27        IFACE   rxpck/s   txpck/s    rxkB/s    txkB/s   rxcmp/s   txcmp/s  rxmcst/s   %ifutil
16:37:28           lo      0.00      0.00      0.00      0.00      0.00      0.00      0.00      0.00
16:37:28         ens5    233.00    279.00     85.57     91.00      0.00      0.00      0.00      0.00

16:37:28        IFACE   rxpck/s   txpck/s    rxkB/s    txkB/s   rxcmp/s   txcmp/s  rxmcst/s   %ifutil
16:37:29           lo      0.00      0.00      0.00      0.00      0.00      0.00      0.00      0.00
16:37:29         ens5    201.00    247.00     76.04     81.92      0.00      0.00      0.00      0.00

16:37:29        IFACE   rxpck/s   txpck/s    rxkB/s    txkB/s   rxcmp/s   txcmp/s  rxmcst/s   %ifutil
16:37:30           lo      0.00      0.00      0.00      0.00      0.00      0.00      0.00      0.00
16:37:30         ens5    232.00    320.00    115.09    127.85      0.00      0.00      0.00      0.00

16:37:30        IFACE   rxpck/s   txpck/s    rxkB/s    txkB/s   rxcmp/s   txcmp/s  rxmcst/s   %ifutil
16:37:31           lo      0.00      0.00      0.00      0.00      0.00      0.00      0.00      0.00
16:37:31         ens5    217.00    269.00     82.43     87.51      0.00      0.00      0.00      0.00

16:37:31        IFACE   rxpck/s   txpck/s    rxkB/s    txkB/s   rxcmp/s   txcmp/s  rxmcst/s   %ifutil
16:37:32           lo      0.00      0.00      0.00      0.00      0.00      0.00      0.00      0.00
16:37:32         ens5    222.00    281.00     81.32     92.66      0.00      0.00      0.00      0.00

16:37:32        IFACE   rxpck/s   txpck/s    rxkB/s    txkB/s   rxcmp/s   txcmp/s  rxmcst/s   %ifutil
16:37:33           lo      0.00      0.00      0.00      0.00      0.00      0.00      0.00      0.00
16:37:33         ens5    215.00    295.00    100.89    109.88      0.00      0.00      0.00      0.00

16:37:33        IFACE   rxpck/s   txpck/s    rxkB/s    txkB/s   rxcmp/s   txcmp/s  rxmcst/s   %ifutil
16:37:34           lo      0.00      0.00      0.00      0.00      0.00      0.00      0.00      0.00
16:37:34         ens5    239.00    297.00    152.02    189.24      0.00      0.00      0.00      0.00

16:37:34        IFACE   rxpck/s   txpck/s    rxkB/s    txkB/s   rxcmp/s   txcmp/s  rxmcst/s   %ifutil
16:37:35           lo      0.00      0.00      0.00      0.00      0.00      0.00      0.00      0.00
16:37:35         ens5    266.00    321.00    142.90    179.75      0.00      0.00      0.00      0.00

16:37:35        IFACE   rxpck/s   txpck/s    rxkB/s    txkB/s   rxcmp/s   txcmp/s  rxmcst/s   %ifutil
16:37:36           lo      0.00      0.00      0.00      0.00      0.00      0.00      0.00      0.00
16:37:36         ens5    215.00    292.00    155.77    400.77      0.00      0.00      0.00      0.00

16:37:36        IFACE   rxpck/s   txpck/s    rxkB/s    txkB/s   rxcmp/s   txcmp/s  rxmcst/s   %ifutil
16:37:37           lo      0.00      0.00      0.00      0.00      0.00      0.00      0.00      0.00
16:37:37         ens5    188.00    229.00     65.92     68.99      0.00      0.00      0.00      0.00

16:37:37        IFACE   rxpck/s   txpck/s    rxkB/s    txkB/s   rxcmp/s   txcmp/s  rxmcst/s   %ifutil
16:37:38           lo      0.00      0.00      0.00      0.00      0.00      0.00      0.00      0.00
16:37:38         ens5    265.00    334.00    108.89    122.54      0.00      0.00      0.00      0.00

16:37:38        IFACE   rxpck/s   txpck/s    rxkB/s    txkB/s   rxcmp/s   txcmp/s  rxmcst/s   %ifutil
16:37:39           lo      0.00      0.00      0.00      0.00      0.00      0.00      0.00      0.00
16:37:39         ens5    198.00    234.00     73.99     79.62      0.00      0.00      0.00      0.00

16:37:39        IFACE   rxpck/s   txpck/s    rxkB/s    txkB/s   rxcmp/s   txcmp/s  rxmcst/s   %ifutil
16:37:40           lo      0.00      0.00      0.00      0.00      0.00      0.00      0.00      0.00
16:37:40         ens5    186.00    238.00     66.75     69.86      0.00      0.00      0.00      0.00

16:37:40        IFACE   rxpck/s   txpck/s    rxkB/s    txkB/s   rxcmp/s   txcmp/s  rxmcst/s   %ifutil
16:37:41           lo      0.00      0.00      0.00      0.00      0.00      0.00      0.00      0.00
16:37:41         ens5    207.00    257.00     84.08     96.30      0.00      0.00      0.00      0.00

16:37:41        IFACE   rxpck/s   txpck/s    rxkB/s    txkB/s   rxcmp/s   txcmp/s  rxmcst/s   %ifutil
16:37:42           lo      0.00      0.00      0.00      0.00      0.00      0.00      0.00      0.00
16:37:42         ens5    215.00    296.00    109.30    127.50      0.00      0.00      0.00      0.00

16:37:42        IFACE   rxpck/s   txpck/s    rxkB/s    txkB/s   rxcmp/s   txcmp/s  rxmcst/s   %ifutil
16:37:43           lo      0.00      0.00      0.00      0.00      0.00      0.00      0.00      0.00
16:37:43         ens5    196.00    238.00     85.14     93.08      0.00      0.00      0.00      0.00

16:37:43        IFACE   rxpck/s   txpck/s    rxkB/s    txkB/s   rxcmp/s   txcmp/s  rxmcst/s   %ifutil
16:37:44           lo      0.00      0.00      0.00      0.00      0.00      0.00      0.00      0.00
16:37:44         ens5    256.00    357.00    169.68    213.86      0.00      0.00      0.00      0.00

16:37:44        IFACE   rxpck/s   txpck/s    rxkB/s    txkB/s   rxcmp/s   txcmp/s  rxmcst/s   %ifutil
16:37:45           lo      0.00      0.00      0.00      0.00      0.00      0.00      0.00      0.00
16:37:45         ens5    231.00    292.00    138.39    174.03      0.00      0.00      0.00      0.00

16:37:45        IFACE   rxpck/s   txpck/s    rxkB/s    txkB/s   rxcmp/s   txcmp/s  rxmcst/s   %ifutil
16:37:46           lo      0.00      0.00      0.00      0.00      0.00      0.00      0.00      0.00
16:37:46         ens5    267.00    341.00    173.79    424.85      0.00      0.00      0.00      0.00

16:37:46        IFACE   rxpck/s   txpck/s    rxkB/s    txkB/s   rxcmp/s   txcmp/s  rxmcst/s   %ifutil
16:37:47           lo      0.00      0.00      0.00      0.00      0.00      0.00      0.00      0.00
16:37:47         ens5    206.00    264.00     79.54     88.79      0.00      0.00      0.00      0.00

16:37:47        IFACE   rxpck/s   txpck/s    rxkB/s    txkB/s   rxcmp/s   txcmp/s  rxmcst/s   %ifutil
16:37:48           lo      0.00      0.00      0.00      0.00      0.00      0.00      0.00      0.00
16:37:48         ens5    205.00    268.00    104.41    118.84      0.00      0.00      0.00      0.00

16:37:48        IFACE   rxpck/s   txpck/s    rxkB/s    txkB/s   rxcmp/s   txcmp/s  rxmcst/s   %ifutil
16:37:49           lo      0.00      0.00      0.00      0.00      0.00      0.00      0.00      0.00
16:37:49         ens5    216.00    284.00     94.48    101.61      0.00      0.00      0.00      0.00

16:37:49        IFACE   rxpck/s   txpck/s    rxkB/s    txkB/s   rxcmp/s   txcmp/s  rxmcst/s   %ifutil
16:37:50           lo      0.00      0.00      0.00      0.00      0.00      0.00      0.00      0.00
16:37:50         ens5    241.00    311.00     89.68     96.06      0.00      0.00      0.00      0.00

16:37:50        IFACE   rxpck/s   txpck/s    rxkB/s    txkB/s   rxcmp/s   txcmp/s  rxmcst/s   %ifutil
16:37:51           lo      0.00      0.00      0.00      0.00      0.00      0.00      0.00      0.00
16:37:51         ens5    203.00    264.00     94.80    102.83      0.00      0.00      0.00      0.00

16:37:51        IFACE   rxpck/s   txpck/s    rxkB/s    txkB/s   rxcmp/s   txcmp/s  rxmcst/s   %ifutil
16:37:52           lo      0.00      0.00      0.00      0.00      0.00      0.00      0.00      0.00
16:37:52         ens5    236.00    303.00    101.90    111.22      0.00      0.00      0.00      0.00

16:37:52        IFACE   rxpck/s   txpck/s    rxkB/s    txkB/s   rxcmp/s   txcmp/s  rxmcst/s   %ifutil
16:37:53           lo      0.00      0.00      0.00      0.00      0.00      0.00      0.00      0.00
16:37:53         ens5    236.00    300.00     96.82    105.12      0.00      0.00      0.00      0.00

16:37:53        IFACE   rxpck/s   txpck/s    rxkB/s    txkB/s   rxcmp/s   txcmp/s  rxmcst/s   %ifutil
16:37:54           lo      0.00      0.00      0.00      0.00      0.00      0.00      0.00      0.00
16:37:54         ens5    202.00    234.00    136.66    173.05      0.00      0.00      0.00      0.00

16:37:54        IFACE   rxpck/s   txpck/s    rxkB/s    txkB/s   rxcmp/s   txcmp/s  rxmcst/s   %ifutil
16:37:55           lo      0.00      0.00      0.00      0.00      0.00      0.00      0.00      0.00
16:37:55         ens5    222.00    284.00    138.60    174.52      0.00      0.00      0.00      0.00

16:37:55        IFACE   rxpck/s   txpck/s    rxkB/s    txkB/s   rxcmp/s   txcmp/s  rxmcst/s   %ifutil
16:37:56           lo      0.00      0.00      0.00      0.00      0.00      0.00      0.00      0.00
16:37:56         ens5    300.00    401.00    183.81    434.71      0.00      0.00      0.00      0.00

16:37:56        IFACE   rxpck/s   txpck/s    rxkB/s    txkB/s   rxcmp/s   txcmp/s  rxmcst/s   %ifutil
16:37:57           lo      0.00      0.00      0.00      0.00      0.00      0.00      0.00      0.00
16:37:57         ens5    225.00    292.00    102.85    110.59      0.00      0.00      0.00      0.00

16:37:57        IFACE   rxpck/s   txpck/s    rxkB/s    txkB/s   rxcmp/s   txcmp/s  rxmcst/s   %ifutil
16:37:58           lo      0.00      0.00      0.00      0.00      0.00      0.00      0.00      0.00
16:37:58         ens5    211.00    269.00     86.49     92.09      0.00      0.00      0.00      0.00

16:37:58        IFACE   rxpck/s   txpck/s    rxkB/s    txkB/s   rxcmp/s   txcmp/s  rxmcst/s   %ifutil
16:37:59           lo      0.00      0.00      0.00      0.00      0.00      0.00      0.00      0.00
16:37:59         ens5    249.00    336.00    118.78    130.74      0.00      0.00      0.00      0.00

16:37:59        IFACE   rxpck/s   txpck/s    rxkB/s    txkB/s   rxcmp/s   txcmp/s  rxmcst/s   %ifutil
16:38:00           lo      0.00      0.00      0.00      0.00      0.00      0.00      0.00      0.00
16:38:00         ens5    228.00    283.00    102.98    111.09      0.00      0.00      0.00      0.00

16:38:00        IFACE   rxpck/s   txpck/s    rxkB/s    txkB/s   rxcmp/s   txcmp/s  rxmcst/s   %ifutil
16:38:01           lo      0.00      0.00      0.00      0.00      0.00      0.00      0.00      0.00
16:38:01         ens5    195.00    241.00     74.13     78.86      0.00      0.00      0.00      0.00

16:38:01        IFACE   rxpck/s   txpck/s    rxkB/s    txkB/s   rxcmp/s   txcmp/s  rxmcst/s   %ifutil
16:38:02           lo      0.00      0.00      0.00      0.00      0.00      0.00      0.00      0.00
16:38:02         ens5    208.00    271.00     85.51     97.15      0.00      0.00      0.00      0.00

16:38:02        IFACE   rxpck/s   txpck/s    rxkB/s    txkB/s   rxcmp/s   txcmp/s  rxmcst/s   %ifutil
16:38:03           lo      0.00      0.00      0.00      0.00      0.00      0.00      0.00      0.00
16:38:03         ens5    223.00    271.00     86.17     91.25      0.00      0.00      0.00      0.00

16:38:03        IFACE   rxpck/s   txpck/s    rxkB/s    txkB/s   rxcmp/s   txcmp/s  rxmcst/s   %ifutil
16:38:04           lo      0.00      0.00      0.00      0.00      0.00      0.00      0.00      0.00
16:38:04         ens5    215.00    247.00    124.88    154.88      0.00      0.00      0.00      0.00

16:38:04        IFACE   rxpck/s   txpck/s    rxkB/s    txkB/s   rxcmp/s   txcmp/s  rxmcst/s   %ifutil
16:38:05           lo      0.00      0.00      0.00      0.00      0.00      0.00      0.00      0.00
16:38:05         ens5    260.00    332.00    135.09    178.73      0.00      0.00      0.00      0.00

16:38:05        IFACE   rxpck/s   txpck/s    rxkB/s    txkB/s   rxcmp/s   txcmp/s  rxmcst/s   %ifutil
16:38:06           lo      0.00      0.00      0.00      0.00      0.00      0.00      0.00      0.00
16:38:06         ens5    233.00    324.00    175.92    424.63      0.00      0.00      0.00      0.00

16:38:06        IFACE   rxpck/s   txpck/s    rxkB/s    txkB/s   rxcmp/s   txcmp/s  rxmcst/s   %ifutil
16:38:07           lo      0.00      0.00      0.00      0.00      0.00      0.00      0.00      0.00
16:38:07         ens5    233.00    285.00     91.89    101.88      0.00      0.00      0.00      0.00

16:38:07        IFACE   rxpck/s   txpck/s    rxkB/s    txkB/s   rxcmp/s   txcmp/s  rxmcst/s   %ifutil
16:38:08           lo      0.00      0.00      0.00      0.00      0.00      0.00      0.00      0.00
16:38:08         ens5    220.00    291.00     99.40    109.90      0.00      0.00      0.00      0.00

16:38:08        IFACE   rxpck/s   txpck/s    rxkB/s    txkB/s   rxcmp/s   txcmp/s  rxmcst/s   %ifutil
16:38:09           lo      0.00      0.00      0.00      0.00      0.00      0.00      0.00      0.00
16:38:09         ens5    224.00    285.00     90.98     95.89      0.00      0.00      0.00      0.00

16:38:09        IFACE   rxpck/s   txpck/s    rxkB/s    txkB/s   rxcmp/s   txcmp/s  rxmcst/s   %ifutil
16:38:10           lo      0.00      0.00      0.00      0.00      0.00      0.00      0.00      0.00
16:38:10         ens5    223.00    281.00     88.52     92.54      0.00      0.00      0.00      0.00

16:38:10        IFACE   rxpck/s   txpck/s    rxkB/s    txkB/s   rxcmp/s   txcmp/s  rxmcst/s   %ifutil
16:38:11           lo      0.00      0.00      0.00      0.00      0.00      0.00      0.00      0.00
16:38:11         ens5    221.00    285.00     96.46    104.82      0.00      0.00      0.00      0.00

16:38:11        IFACE   rxpck/s   txpck/s    rxkB/s    txkB/s   rxcmp/s   txcmp/s  rxmcst/s   %ifutil
16:38:12           lo      0.00      0.00      0.00      0.00      0.00      0.00      0.00      0.00
16:38:12         ens5    202.00    245.00     90.82     98.53      0.00      0.00      0.00      0.00

16:38:12        IFACE   rxpck/s   txpck/s    rxkB/s    txkB/s   rxcmp/s   txcmp/s  rxmcst/s   %ifutil
16:38:13           lo      0.00      0.00      0.00      0.00      0.00      0.00      0.00      0.00
16:38:13         ens5    207.00    272.00     88.07     92.69      0.00      0.00      0.00      0.00

16:38:13        IFACE   rxpck/s   txpck/s    rxkB/s    txkB/s   rxcmp/s   txcmp/s  rxmcst/s   %ifutil
16:38:14           lo      0.00      0.00      0.00      0.00      0.00      0.00      0.00      0.00
16:38:14         ens5    272.00    344.00    164.81    205.91      0.00      0.00      0.00      0.00

16:38:14        IFACE   rxpck/s   txpck/s    rxkB/s    txkB/s   rxcmp/s   txcmp/s  rxmcst/s   %ifutil
16:38:15           lo      0.00      0.00      0.00      0.00      0.00      0.00      0.00      0.00
16:38:15         ens5    206.00    269.00    150.51    188.85      0.00      0.00      0.00      0.00

16:38:15        IFACE   rxpck/s   txpck/s    rxkB/s    txkB/s   rxcmp/s   txcmp/s  rxmcst/s   %ifutil
16:38:16           lo      0.00      0.00      0.00      0.00      0.00      0.00      0.00      0.00
16:38:16         ens5    238.00    311.00    165.23    411.55      0.00      0.00      0.00      0.00

16:38:16        IFACE   rxpck/s   txpck/s    rxkB/s    txkB/s   rxcmp/s   txcmp/s  rxmcst/s   %ifutil
16:38:17           lo      0.00      0.00      0.00      0.00      0.00      0.00      0.00      0.00
16:38:17         ens5    226.00    279.00     97.59    104.88      0.00      0.00      0.00      0.00

16:38:17        IFACE   rxpck/s   txpck/s    rxkB/s    txkB/s   rxcmp/s   txcmp/s  rxmcst/s   %ifutil
16:38:18           lo      0.00      0.00      0.00      0.00      0.00      0.00      0.00      0.00
16:38:18         ens5    233.00    317.00    114.24    126.12      0.00      0.00      0.00      0.00

16:38:18        IFACE   rxpck/s   txpck/s    rxkB/s    txkB/s   rxcmp/s   txcmp/s  rxmcst/s   %ifutil
16:38:19           lo      0.00      0.00      0.00      0.00      0.00      0.00      0.00      0.00
16:38:19         ens5    186.00    253.00     78.63     85.45      0.00      0.00      0.00      0.00

16:38:19        IFACE   rxpck/s   txpck/s    rxkB/s    txkB/s   rxcmp/s   txcmp/s  rxmcst/s   %ifutil
16:38:20           lo      0.00      0.00      0.00      0.00      0.00      0.00      0.00      0.00
16:38:20         ens5    239.00    297.00     99.83    109.63      0.00      0.00      0.00      0.00

16:38:20        IFACE   rxpck/s   txpck/s    rxkB/s    txkB/s   rxcmp/s   txcmp/s  rxmcst/s   %ifutil
16:38:21           lo      0.00      0.00      0.00      0.00      0.00      0.00      0.00      0.00
16:38:21         ens5    239.00    315.00    110.13    120.49      0.00      0.00      0.00      0.00

16:38:21        IFACE   rxpck/s   txpck/s    rxkB/s    txkB/s   rxcmp/s   txcmp/s  rxmcst/s   %ifutil
16:38:22           lo      0.00      0.00      0.00      0.00      0.00      0.00      0.00      0.00
16:38:22         ens5    213.00    259.00     85.54     90.71      0.00      0.00      0.00      0.00

16:38:22        IFACE   rxpck/s   txpck/s    rxkB/s    txkB/s   rxcmp/s   txcmp/s  rxmcst/s   %ifutil
16:38:23           lo      0.00      0.00      0.00      0.00      0.00      0.00      0.00      0.00
16:38:23         ens5    218.00    274.00     87.40     97.82      0.00      0.00      0.00      0.00

16:38:23        IFACE   rxpck/s   txpck/s    rxkB/s    txkB/s   rxcmp/s   txcmp/s  rxmcst/s   %ifutil
16:38:24           lo      0.00      0.00      0.00      0.00      0.00      0.00      0.00      0.00
16:38:24         ens5    257.00    335.00    154.12    191.94      0.00      0.00      0.00      0.00

16:38:24        IFACE   rxpck/s   txpck/s    rxkB/s    txkB/s   rxcmp/s   txcmp/s  rxmcst/s   %ifutil
16:38:25           lo      0.00      0.00      0.00      0.00      0.00      0.00      0.00      0.00
16:38:25         ens5    271.00    346.00    149.28    187.58      0.00      0.00      0.00      0.00

16:38:25        IFACE   rxpck/s   txpck/s    rxkB/s    txkB/s   rxcmp/s   txcmp/s  rxmcst/s   %ifutil
16:38:26           lo      0.00      0.00      0.00      0.00      0.00      0.00      0.00      0.00
16:38:26         ens5    243.00    309.00    149.60    395.69      0.00      0.00      0.00      0.00

16:38:26        IFACE   rxpck/s   txpck/s    rxkB/s    txkB/s   rxcmp/s   txcmp/s  rxmcst/s   %ifutil
16:38:27           lo      0.00      0.00      0.00      0.00      0.00      0.00      0.00      0.00
16:38:27         ens5    201.00    241.00     77.31     84.64      0.00      0.00      0.00      0.00

16:38:27        IFACE   rxpck/s   txpck/s    rxkB/s    txkB/s   rxcmp/s   txcmp/s  rxmcst/s   %ifutil
16:38:28           lo      0.00      0.00      0.00      0.00      0.00      0.00      0.00      0.00
16:38:28         ens5    239.00    307.00    102.26    113.40      0.00      0.00      0.00      0.00

16:38:28        IFACE   rxpck/s   txpck/s    rxkB/s    txkB/s   rxcmp/s   txcmp/s  rxmcst/s   %ifutil
16:38:29           lo      0.00      0.00      0.00      0.00      0.00      0.00      0.00      0.00
16:38:29         ens5    241.00    290.00    111.68     74.89      0.00      0.00      0.00      0.00

16:38:29        IFACE   rxpck/s   txpck/s    rxkB/s    txkB/s   rxcmp/s   txcmp/s  rxmcst/s   %ifutil
16:38:30           lo      0.00      0.00      0.00      0.00      0.00      0.00      0.00      0.00
16:38:30         ens5    312.00    398.00    201.89     99.50      0.00      0.00      0.00      0.00

16:38:30        IFACE   rxpck/s   txpck/s    rxkB/s    txkB/s   rxcmp/s   txcmp/s  rxmcst/s   %ifutil
16:38:31           lo      0.00      0.00      0.00      0.00      0.00      0.00      0.00      0.00
16:38:31         ens5    380.00    487.00    233.18    124.07      0.00      0.00      0.00      0.00

16:38:31        IFACE   rxpck/s   txpck/s    rxkB/s    txkB/s   rxcmp/s   txcmp/s  rxmcst/s   %ifutil
16:38:32           lo      0.00      0.00      0.00      0.00      0.00      0.00      0.00      0.00
16:38:32         ens5    322.00    397.00    187.75    108.54      0.00      0.00      0.00      0.00

16:38:32        IFACE   rxpck/s   txpck/s    rxkB/s    txkB/s   rxcmp/s   txcmp/s  rxmcst/s   %ifutil
16:38:33           lo      0.00      0.00      0.00      0.00      0.00      0.00      0.00      0.00
16:38:33         ens5    273.00    356.00    174.10     74.67      0.00      0.00      0.00      0.00

16:38:33        IFACE   rxpck/s   txpck/s    rxkB/s    txkB/s   rxcmp/s   txcmp/s  rxmcst/s   %ifutil
16:38:34           lo      0.00      0.00      0.00      0.00      0.00      0.00      0.00      0.00
16:38:34         ens5    324.00    389.00    257.97    174.17      0.00      0.00      0.00      0.00

16:38:34        IFACE   rxpck/s   txpck/s    rxkB/s    txkB/s   rxcmp/s   txcmp/s  rxmcst/s   %ifutil
16:38:35           lo      0.00      0.00      0.00      0.00      0.00      0.00      0.00      0.00
16:38:35         ens5    328.00    398.00    235.85    186.48      0.00      0.00      0.00      0.00

16:38:35        IFACE   rxpck/s   txpck/s    rxkB/s    txkB/s   rxcmp/s   txcmp/s  rxmcst/s   %ifutil
16:38:36           lo      0.00      0.00      0.00      0.00      0.00      0.00      0.00      0.00
16:38:36         ens5    380.00    488.00    306.32    427.80      0.00      0.00      0.00      0.00

16:38:36        IFACE   rxpck/s   txpck/s    rxkB/s    txkB/s   rxcmp/s   txcmp/s  rxmcst/s   %ifutil
16:38:37           lo      0.00      0.00      0.00      0.00      0.00      0.00      0.00      0.00
16:38:37         ens5    347.00    416.00    214.11    108.12      0.00      0.00      0.00      0.00

16:38:37        IFACE   rxpck/s   txpck/s    rxkB/s    txkB/s   rxcmp/s   txcmp/s  rxmcst/s   %ifutil
16:38:38           lo      0.00      0.00      0.00      0.00      0.00      0.00      0.00      0.00
16:38:38         ens5    295.00    361.00    178.02     93.39      0.00      0.00      0.00      0.00

16:38:38        IFACE   rxpck/s   txpck/s    rxkB/s    txkB/s   rxcmp/s   txcmp/s  rxmcst/s   %ifutil
16:38:39           lo      0.00      0.00      0.00      0.00      0.00      0.00      0.00      0.00
16:38:39         ens5    352.00    457.00    246.16    139.75      0.00      0.00      0.00      0.00

16:38:39        IFACE   rxpck/s   txpck/s    rxkB/s    txkB/s   rxcmp/s   txcmp/s  rxmcst/s   %ifutil
16:38:40           lo      0.00      0.00      0.00      0.00      0.00      0.00      0.00      0.00
16:38:40         ens5    457.00    460.00    236.93    114.10      0.00      0.00      0.00      0.00

16:38:40        IFACE   rxpck/s   txpck/s    rxkB/s    txkB/s   rxcmp/s   txcmp/s  rxmcst/s   %ifutil
16:38:41           lo      0.00      0.00      0.00      0.00      0.00      0.00      0.00      0.00
16:38:41         ens5   1108.00   1133.00    445.45    313.72      0.00      0.00      0.00      0.00

16:38:41        IFACE   rxpck/s   txpck/s    rxkB/s    txkB/s   rxcmp/s   txcmp/s  rxmcst/s   %ifutil
16:38:42           lo      0.00      0.00      0.00      0.00      0.00      0.00      0.00      0.00
16:38:42         ens5    377.00    535.00    281.55    164.73      0.00      0.00      0.00      0.00

16:38:42        IFACE   rxpck/s   txpck/s    rxkB/s    txkB/s   rxcmp/s   txcmp/s  rxmcst/s   %ifutil
16:38:43           lo      0.00      0.00      0.00      0.00      0.00      0.00      0.00      0.00
16:38:43         ens5    298.00    364.00    199.49    108.55      0.00      0.00      0.00      0.00

16:38:43        IFACE   rxpck/s   txpck/s    rxkB/s    txkB/s   rxcmp/s   txcmp/s  rxmcst/s   %ifutil
16:38:44           lo      0.00      0.00      0.00      0.00      0.00      0.00      0.00      0.00
16:38:44         ens5    430.00    514.00    338.68    242.84      0.00      0.00      0.00      0.00
