Linux 6.1.166-197.305.amzn2023.x86_64 (ip-172-31-79-52.ec2.internal) 	04/22/26 	_x86_64_	(2 CPU)

14:06:02        IFACE   rxpck/s   txpck/s    rxkB/s    txkB/s   rxcmp/s   txcmp/s  rxmcst/s   %ifutil
14:06:03           lo      0.00      0.00      0.00      0.00      0.00      0.00      0.00      0.00
14:06:03         ens5   1855.00   2241.00    685.26    901.45      0.00      0.00      0.00      0.00

14:06:03        IFACE   rxpck/s   txpck/s    rxkB/s    txkB/s   rxcmp/s   txcmp/s  rxmcst/s   %ifutil
14:06:04           lo      0.00      0.00      0.00      0.00      0.00      0.00      0.00      0.00
14:06:04         ens5   1188.00   1890.00    600.21    848.35      0.00      0.00      0.00      0.00

14:06:04        IFACE   rxpck/s   txpck/s    rxkB/s    txkB/s   rxcmp/s   txcmp/s  rxmcst/s   %ifutil
14:06:05           lo      0.00      0.00      0.00      0.00      0.00      0.00      0.00      0.00
14:06:05         ens5   1274.00   1973.00    664.94    943.81      0.00      0.00      0.00      0.00

14:06:05        IFACE   rxpck/s   txpck/s    rxkB/s    txkB/s   rxcmp/s   txcmp/s  rxmcst/s   %ifutil
14:06:06           lo      0.00      0.00      0.00      0.00      0.00      0.00      0.00      0.00
14:06:06         ens5   1198.00   1870.00    688.38    926.27      0.00      0.00      0.00      0.00

14:06:06        IFACE   rxpck/s   txpck/s    rxkB/s    txkB/s   rxcmp/s   txcmp/s  rxmcst/s   %ifutil
14:06:07           lo      0.00      0.00      0.00      0.00      0.00      0.00      0.00      0.00
14:06:07         ens5    991.00   1507.00    612.66    777.82      0.00      0.00      0.00      0.00

14:06:07        IFACE   rxpck/s   txpck/s    rxkB/s    txkB/s   rxcmp/s   txcmp/s  rxmcst/s   %ifutil
14:06:08           lo      0.00      0.00      0.00      0.00      0.00      0.00      0.00      0.00
14:06:08         ens5   1240.00   2065.00    683.60    938.95      0.00      0.00      0.00      0.00

14:06:08        IFACE   rxpck/s   txpck/s    rxkB/s    txkB/s   rxcmp/s   txcmp/s  rxmcst/s   %ifutil
14:06:09           lo      0.00      0.00      0.00      0.00      0.00      0.00      0.00      0.00
14:06:09         ens5   1316.00   2115.00    840.58   1030.30      0.00      0.00      0.00      0.00

14:06:09        IFACE   rxpck/s   txpck/s    rxkB/s    txkB/s   rxcmp/s   txcmp/s  rxmcst/s   %ifutil
14:06:10           lo      0.00      0.00      0.00      0.00      0.00      0.00      0.00      0.00
14:06:10         ens5   1166.00   1903.00    610.59    882.76      0.00      0.00      0.00      0.00

14:06:10        IFACE   rxpck/s   txpck/s    rxkB/s    txkB/s   rxcmp/s   txcmp/s  rxmcst/s   %ifutil
14:06:11           lo      0.00      0.00      0.00      0.00      0.00      0.00      0.00      0.00
14:06:11         ens5   1041.00   1671.00    567.13    807.35      0.00      0.00      0.00      0.00

14:06:11        IFACE   rxpck/s   txpck/s    rxkB/s    txkB/s   rxcmp/s   txcmp/s  rxmcst/s   %ifutil
14:06:12           lo      0.00      0.00      0.00      0.00      0.00      0.00      0.00      0.00
14:06:12         ens5   1299.00   2008.00    722.94   1013.80      0.00      0.00      0.00      0.00

14:06:12        IFACE   rxpck/s   txpck/s    rxkB/s    txkB/s   rxcmp/s   txcmp/s  rxmcst/s   %ifutil
14:06:13           lo      0.00      0.00      0.00      0.00      0.00      0.00      0.00      0.00
14:06:13         ens5   1190.00   1829.00    638.10    884.54      0.00      0.00      0.00      0.00

14:06:13        IFACE   rxpck/s   txpck/s    rxkB/s    txkB/s   rxcmp/s   txcmp/s  rxmcst/s   %ifutil
14:06:14           lo      0.00      0.00      0.00      0.00      0.00      0.00      0.00      0.00
14:06:14         ens5    978.00   1365.00    582.47    792.88      0.00      0.00      0.00      0.00

14:06:14        IFACE   rxpck/s   txpck/s    rxkB/s    txkB/s   rxcmp/s   txcmp/s  rxmcst/s   %ifutil
14:06:15           lo      0.00      0.00      0.00      0.00      0.00      0.00      0.00      0.00
14:06:15         ens5   1155.00   1729.00    651.08    896.08      0.00      0.00      0.00      0.00

14:06:15        IFACE   rxpck/s   txpck/s    rxkB/s    txkB/s   rxcmp/s   txcmp/s  rxmcst/s   %ifutil
14:06:16           lo      0.00      0.00      0.00      0.00      0.00      0.00      0.00      0.00
14:06:16         ens5   1223.00   1842.00    683.09    931.37      0.00      0.00      0.00      0.00

14:06:16        IFACE   rxpck/s   txpck/s    rxkB/s    txkB/s   rxcmp/s   txcmp/s  rxmcst/s   %ifutil
14:06:17           lo      0.00      0.00      0.00      0.00      0.00      0.00      0.00      0.00
14:06:17         ens5   1151.00   1656.00    702.33    926.57      0.00      0.00      0.00      0.00

14:06:17        IFACE   rxpck/s   txpck/s    rxkB/s    txkB/s   rxcmp/s   txcmp/s  rxmcst/s   %ifutil
14:06:18           lo      0.00      0.00      0.00      0.00      0.00      0.00      0.00      0.00
14:06:18         ens5   1158.00   1732.00    678.22    899.08      0.00      0.00      0.00      0.00

14:06:18        IFACE   rxpck/s   txpck/s    rxkB/s    txkB/s   rxcmp/s   txcmp/s  rxmcst/s   %ifutil
14:06:19           lo      0.00      0.00      0.00      0.00      0.00      0.00      0.00      0.00
14:06:19         ens5   1353.00   2128.00    840.40   1034.14      0.00      0.00      0.00      0.00

14:06:19        IFACE   rxpck/s   txpck/s    rxkB/s    txkB/s   rxcmp/s   txcmp/s  rxmcst/s   %ifutil
14:06:20           lo      0.00      0.00      0.00      0.00      0.00      0.00      0.00      0.00
14:06:20         ens5   1053.00   1621.00    594.77    811.55      0.00      0.00      0.00      0.00

14:06:20        IFACE   rxpck/s   txpck/s    rxkB/s    txkB/s   rxcmp/s   txcmp/s  rxmcst/s   %ifutil
14:06:21           lo      0.00      0.00      0.00      0.00      0.00      0.00      0.00      0.00
14:06:21         ens5    992.00   1447.00    551.80    729.64      0.00      0.00      0.00      0.00

14:06:21        IFACE   rxpck/s   txpck/s    rxkB/s    txkB/s   rxcmp/s   txcmp/s  rxmcst/s   %ifutil
14:06:22           lo      0.00      0.00      0.00      0.00      0.00      0.00      0.00      0.00
14:06:22         ens5   1390.00   2244.00    741.87   1066.91      0.00      0.00      0.00      0.00

14:06:22        IFACE   rxpck/s   txpck/s    rxkB/s    txkB/s   rxcmp/s   txcmp/s  rxmcst/s   %ifutil
14:06:23           lo      0.00      0.00      0.00      0.00      0.00      0.00      0.00      0.00
14:06:23         ens5   1244.00   1867.00    675.02    910.29      0.00      0.00      0.00      0.00

14:06:23        IFACE   rxpck/s   txpck/s    rxkB/s    txkB/s   rxcmp/s   txcmp/s  rxmcst/s   %ifutil
14:06:24           lo      0.00      0.00      0.00      0.00      0.00      0.00      0.00      0.00
14:06:24         ens5   1086.00   1558.00    575.91    787.20      0.00      0.00      0.00      0.00

14:06:24        IFACE   rxpck/s   txpck/s    rxkB/s    txkB/s   rxcmp/s   txcmp/s  rxmcst/s   %ifutil
14:06:25           lo      0.00      0.00      0.00      0.00      0.00      0.00      0.00      0.00
14:06:25         ens5   1193.00   1789.00    663.50    902.48      0.00      0.00      0.00      0.00

14:06:25        IFACE   rxpck/s   txpck/s    rxkB/s    txkB/s   rxcmp/s   txcmp/s  rxmcst/s   %ifutil
14:06:26           lo      0.00      0.00      0.00      0.00      0.00      0.00      0.00      0.00
14:06:26         ens5   1262.00   1887.00    710.42   1011.71      0.00      0.00      0.00      0.00

14:06:26        IFACE   rxpck/s   txpck/s    rxkB/s    txkB/s   rxcmp/s   txcmp/s  rxmcst/s   %ifutil
14:06:27           lo      0.00      0.00      0.00      0.00      0.00      0.00      0.00      0.00
14:06:27         ens5    958.00   1392.00    603.17    761.46      0.00      0.00      0.00      0.00

14:06:27        IFACE   rxpck/s   txpck/s    rxkB/s    txkB/s   rxcmp/s   txcmp/s  rxmcst/s   %ifutil
14:06:28           lo      0.00      0.00      0.00      0.00      0.00      0.00      0.00      0.00
14:06:28         ens5   1190.00   1894.00    677.74    918.35      0.00      0.00      0.00      0.00

14:06:28        IFACE   rxpck/s   txpck/s    rxkB/s    txkB/s   rxcmp/s   txcmp/s  rxmcst/s   %ifutil
14:06:29           lo      0.00      0.00      0.00      0.00      0.00      0.00      0.00      0.00
14:06:29         ens5   1339.00   2087.00    830.42   1026.14      0.00      0.00      0.00      0.00

14:06:29        IFACE   rxpck/s   txpck/s    rxkB/s    txkB/s   rxcmp/s   txcmp/s  rxmcst/s   %ifutil
14:06:30           lo      0.00      0.00      0.00      0.00      0.00      0.00      0.00      0.00
14:06:30         ens5   1084.00   1577.00    603.58    818.15      0.00      0.00      0.00      0.00

14:06:30        IFACE   rxpck/s   txpck/s    rxkB/s    txkB/s   rxcmp/s   txcmp/s  rxmcst/s   %ifutil
14:06:31           lo      0.00      0.00      0.00      0.00      0.00      0.00      0.00      0.00
14:06:31         ens5   1036.00   1545.00    563.49    766.93      0.00      0.00      0.00      0.00

14:06:31        IFACE   rxpck/s   txpck/s    rxkB/s    txkB/s   rxcmp/s   txcmp/s  rxmcst/s   %ifutil
14:06:32           lo      0.00      0.00      0.00      0.00      0.00      0.00      0.00      0.00
14:06:32         ens5   1288.00   2067.00    709.34   1002.03      0.00      0.00      0.00      0.00

14:06:32        IFACE   rxpck/s   txpck/s    rxkB/s    txkB/s   rxcmp/s   txcmp/s  rxmcst/s   %ifutil
14:06:33           lo      0.00      0.00      0.00      0.00      0.00      0.00      0.00      0.00
14:06:33         ens5   1325.00   2136.00    703.83   1016.03      0.00      0.00      0.00      0.00

14:06:33        IFACE   rxpck/s   txpck/s    rxkB/s    txkB/s   rxcmp/s   txcmp/s  rxmcst/s   %ifutil
14:06:34           lo      0.00      0.00      0.00      0.00      0.00      0.00      0.00      0.00
14:06:34         ens5   1106.00   1753.00    600.86    813.04      0.00      0.00      0.00      0.00

14:06:34        IFACE   rxpck/s   txpck/s    rxkB/s    txkB/s   rxcmp/s   txcmp/s  rxmcst/s   %ifutil
14:06:35           lo      0.00      0.00      0.00      0.00      0.00      0.00      0.00      0.00
14:06:35         ens5   1163.00   1789.00    659.84    900.19      0.00      0.00      0.00      0.00

14:06:35        IFACE   rxpck/s   txpck/s    rxkB/s    txkB/s   rxcmp/s   txcmp/s  rxmcst/s   %ifutil
14:06:36           lo      0.00      0.00      0.00      0.00      0.00      0.00      0.00      0.00
14:06:36         ens5   1274.00   1900.00    702.54    952.04      0.00      0.00      0.00      0.00

14:06:36        IFACE   rxpck/s   txpck/s    rxkB/s    txkB/s   rxcmp/s   txcmp/s  rxmcst/s   %ifutil
14:06:37           lo      0.00      0.00      0.00      0.00      0.00      0.00      0.00      0.00
14:06:37         ens5   1130.00   1694.00    658.16    832.46      0.00      0.00      0.00      0.00

14:06:37        IFACE   rxpck/s   txpck/s    rxkB/s    txkB/s   rxcmp/s   txcmp/s  rxmcst/s   %ifutil
14:06:38           lo      0.00      0.00      0.00      0.00      0.00      0.00      0.00      0.00
14:06:38         ens5   1054.00   1719.00    610.95    821.24      0.00      0.00      0.00      0.00

14:06:38        IFACE   rxpck/s   txpck/s    rxkB/s    txkB/s   rxcmp/s   txcmp/s  rxmcst/s   %ifutil
14:06:39           lo      0.00      0.00      0.00      0.00      0.00      0.00      0.00      0.00
14:06:39         ens5   1334.00   2082.00    816.88    999.31      0.00      0.00      0.00      0.00

14:06:39        IFACE   rxpck/s   txpck/s    rxkB/s    txkB/s   rxcmp/s   txcmp/s  rxmcst/s   %ifutil
14:06:40           lo      0.00      0.00      0.00      0.00      0.00      0.00      0.00      0.00
14:06:40         ens5   1276.00   2206.00    653.60    934.39      0.00      0.00      0.00      0.00

14:06:40        IFACE   rxpck/s   txpck/s    rxkB/s    txkB/s   rxcmp/s   txcmp/s  rxmcst/s   %ifutil
14:06:41           lo      0.00      0.00      0.00      0.00      0.00      0.00      0.00      0.00
14:06:41         ens5   1073.00   1675.00    591.49    810.39      0.00      0.00      0.00      0.00

14:06:41        IFACE   rxpck/s   txpck/s    rxkB/s    txkB/s   rxcmp/s   txcmp/s  rxmcst/s   %ifutil
14:06:42           lo      0.00      0.00      0.00      0.00      0.00      0.00      0.00      0.00
14:06:42         ens5   1292.00   2094.00    680.95    995.71      0.00      0.00      0.00      0.00

14:06:42        IFACE   rxpck/s   txpck/s    rxkB/s    txkB/s   rxcmp/s   txcmp/s  rxmcst/s   %ifutil
14:06:43           lo      0.00      0.00      0.00      0.00      0.00      0.00      0.00      0.00
14:06:43         ens5   1232.00   1801.00    675.88    915.29      0.00      0.00      0.00      0.00

14:06:43        IFACE   rxpck/s   txpck/s    rxkB/s    txkB/s   rxcmp/s   txcmp/s  rxmcst/s   %ifutil
14:06:44           lo      0.00      0.00      0.00      0.00      0.00      0.00      0.00      0.00
14:06:44         ens5   1010.00   1512.00    561.06    794.93      0.00      0.00      0.00      0.00

14:06:44        IFACE   rxpck/s   txpck/s    rxkB/s    txkB/s   rxcmp/s   txcmp/s  rxmcst/s   %ifutil
14:06:45           lo      0.00      0.00      0.00      0.00      0.00      0.00      0.00      0.00
14:06:45         ens5   1136.00   1826.00    632.80    887.95      0.00      0.00      0.00      0.00

14:06:45        IFACE   rxpck/s   txpck/s    rxkB/s    txkB/s   rxcmp/s   txcmp/s  rxmcst/s   %ifutil
14:06:46           lo      0.00      0.00      0.00      0.00      0.00      0.00      0.00      0.00
14:06:46         ens5   1321.00   2077.00    739.55   1034.91      0.00      0.00      0.00      0.00

14:06:46        IFACE   rxpck/s   txpck/s    rxkB/s    txkB/s   rxcmp/s   txcmp/s  rxmcst/s   %ifutil
14:06:47           lo      0.00      0.00      0.00      0.00      0.00      0.00      0.00      0.00
14:06:47         ens5   1206.00   1739.00    723.27   1010.08      0.00      0.00      0.00      0.00

14:06:47        IFACE   rxpck/s   txpck/s    rxkB/s    txkB/s   rxcmp/s   txcmp/s  rxmcst/s   %ifutil
14:06:48           lo      0.00      0.00      0.00      0.00      0.00      0.00      0.00      0.00
14:06:48         ens5    988.00   1479.00    548.38    735.35      0.00      0.00      0.00      0.00

14:06:48        IFACE   rxpck/s   txpck/s    rxkB/s    txkB/s   rxcmp/s   txcmp/s  rxmcst/s   %ifutil
14:06:49           lo      0.00      0.00      0.00      0.00      0.00      0.00      0.00      0.00
14:06:49         ens5    803.00   1165.00    618.84    685.07      0.00      0.00      0.00      0.00

14:06:49        IFACE   rxpck/s   txpck/s    rxkB/s    txkB/s   rxcmp/s   txcmp/s  rxmcst/s   %ifutil
14:06:50           lo      0.00      0.00      0.00      0.00      0.00      0.00      0.00      0.00
14:06:50         ens5    770.00   1220.00    425.71    588.74      0.00      0.00      0.00      0.00

14:06:50        IFACE   rxpck/s   txpck/s    rxkB/s    txkB/s   rxcmp/s   txcmp/s  rxmcst/s   %ifutil
14:06:51           lo      0.00      0.00      0.00      0.00      0.00      0.00      0.00      0.00
14:06:51         ens5   1301.00   2027.00    768.60    938.94      0.00      0.00      0.00      0.00

14:06:51        IFACE   rxpck/s   txpck/s    rxkB/s    txkB/s   rxcmp/s   txcmp/s  rxmcst/s   %ifutil
14:06:52           lo      0.00      0.00      0.00      0.00      0.00      0.00      0.00      0.00
14:06:52         ens5   1397.00   2263.00    743.96   1088.02      0.00      0.00      0.00      0.00

14:06:52        IFACE   rxpck/s   txpck/s    rxkB/s    txkB/s   rxcmp/s   txcmp/s  rxmcst/s   %ifutil
14:06:53           lo      0.00      0.00      0.00      0.00      0.00      0.00      0.00      0.00
14:06:53         ens5   1168.00   1712.00    645.63    906.81      0.00      0.00      0.00      0.00

14:06:53        IFACE   rxpck/s   txpck/s    rxkB/s    txkB/s   rxcmp/s   txcmp/s  rxmcst/s   %ifutil
14:06:54           lo      0.00      0.00      0.00      0.00      0.00      0.00      0.00      0.00
14:06:54         ens5   1121.00   1614.00    618.13    880.64      0.00      0.00      0.00      0.00

14:06:54        IFACE   rxpck/s   txpck/s    rxkB/s    txkB/s   rxcmp/s   txcmp/s  rxmcst/s   %ifutil
14:06:55           lo      0.00      0.00      0.00      0.00      0.00      0.00      0.00      0.00
14:06:55         ens5   1368.00   2153.00    725.86    991.54      0.00      0.00      0.00      0.00

14:06:55        IFACE   rxpck/s   txpck/s    rxkB/s    txkB/s   rxcmp/s   txcmp/s  rxmcst/s   %ifutil
14:06:56           lo      0.00      0.00      0.00      0.00      0.00      0.00      0.00      0.00
14:06:56         ens5   1026.00   1545.00    571.71    791.47      0.00      0.00      0.00      0.00

14:06:56        IFACE   rxpck/s   txpck/s    rxkB/s    txkB/s   rxcmp/s   txcmp/s  rxmcst/s   %ifutil
14:06:57           lo      0.00      0.00      0.00      0.00      0.00      0.00      0.00      0.00
14:06:57         ens5   1392.00   2061.00    807.00   1119.00      0.00      0.00      0.00      0.00

14:06:57        IFACE   rxpck/s   txpck/s    rxkB/s    txkB/s   rxcmp/s   txcmp/s  rxmcst/s   %ifutil
14:06:58           lo      0.00      0.00      0.00      0.00      0.00      0.00      0.00      0.00
14:06:58         ens5   1264.00   1849.00    724.32    974.44      0.00      0.00      0.00      0.00

14:06:58        IFACE   rxpck/s   txpck/s    rxkB/s    txkB/s   rxcmp/s   txcmp/s  rxmcst/s   %ifutil
14:06:59           lo      0.00      0.00      0.00      0.00      0.00      0.00      0.00      0.00
14:06:59         ens5   1089.00   1591.00    723.18    865.15      0.00      0.00      0.00      0.00

14:06:59        IFACE   rxpck/s   txpck/s    rxkB/s    txkB/s   rxcmp/s   txcmp/s  rxmcst/s   %ifutil
14:07:00           lo      0.00      0.00      0.00      0.00      0.00      0.00      0.00      0.00
14:07:00         ens5   1092.00   1597.00    581.58    815.89      0.00      0.00      0.00      0.00

14:07:00        IFACE   rxpck/s   txpck/s    rxkB/s    txkB/s   rxcmp/s   txcmp/s  rxmcst/s   %ifutil
14:07:01           lo      0.00      0.00      0.00      0.00      0.00      0.00      0.00      0.00
14:07:01         ens5   1202.00   1899.00    650.08    914.35      0.00      0.00      0.00      0.00

14:07:01        IFACE   rxpck/s   txpck/s    rxkB/s    txkB/s   rxcmp/s   txcmp/s  rxmcst/s   %ifutil
14:07:02           lo      0.00      0.00      0.00      0.00      0.00      0.00      0.00      0.00
14:07:02         ens5   1129.00   1701.00    589.65    835.91      0.00      0.00      0.00      0.00

14:07:02        IFACE   rxpck/s   txpck/s    rxkB/s    txkB/s   rxcmp/s   txcmp/s  rxmcst/s   %ifutil
14:07:03           lo      0.00      0.00      0.00      0.00      0.00      0.00      0.00      0.00
14:07:03         ens5    953.00   1459.00    595.32    834.37      0.00      0.00      0.00      0.00

14:07:03        IFACE   rxpck/s   txpck/s    rxkB/s    txkB/s   rxcmp/s   txcmp/s  rxmcst/s   %ifutil
14:07:04           lo      0.00      0.00      0.00      0.00      0.00      0.00      0.00      0.00
14:07:04         ens5   1338.00   2034.00    737.15   1040.90      0.00      0.00      0.00      0.00

14:07:04        IFACE   rxpck/s   txpck/s    rxkB/s    txkB/s   rxcmp/s   txcmp/s  rxmcst/s   %ifutil
14:07:05           lo      0.00      0.00      0.00      0.00      0.00      0.00      0.00      0.00
14:07:05         ens5    968.00   1447.00    567.56    791.61      0.00      0.00      0.00      0.00

14:07:05        IFACE   rxpck/s   txpck/s    rxkB/s    txkB/s   rxcmp/s   txcmp/s  rxmcst/s   %ifutil
14:07:06           lo      0.00      0.00      0.00      0.00      0.00      0.00      0.00      0.00
14:07:06         ens5   1086.00   1640.00    616.78    863.49      0.00      0.00      0.00      0.00

14:07:06        IFACE   rxpck/s   txpck/s    rxkB/s    txkB/s   rxcmp/s   txcmp/s  rxmcst/s   %ifutil
14:07:07           lo      0.00      0.00      0.00      0.00      0.00      0.00      0.00      0.00
14:07:07         ens5   1297.00   1866.00    791.43   1054.11      0.00      0.00      0.00      0.00

14:07:07        IFACE   rxpck/s   txpck/s    rxkB/s    txkB/s   rxcmp/s   txcmp/s  rxmcst/s   %ifutil
14:07:08           lo      0.00      0.00      0.00      0.00      0.00      0.00      0.00      0.00
14:07:08         ens5   1022.00   1514.00    589.82    787.82      0.00      0.00      0.00      0.00

14:07:08        IFACE   rxpck/s   txpck/s    rxkB/s    txkB/s   rxcmp/s   txcmp/s  rxmcst/s   %ifutil
14:07:09           lo      0.00      0.00      0.00      0.00      0.00      0.00      0.00      0.00
14:07:09         ens5   1104.00   1676.00    709.40    872.06      0.00      0.00      0.00      0.00

14:07:09        IFACE   rxpck/s   txpck/s    rxkB/s    txkB/s   rxcmp/s   txcmp/s  rxmcst/s   %ifutil
14:07:10           lo      0.00      0.00      0.00      0.00      0.00      0.00      0.00      0.00
14:07:10         ens5   1215.00   1618.00    732.09   1002.76      0.00      0.00      0.00      0.00

14:07:10        IFACE   rxpck/s   txpck/s    rxkB/s    txkB/s   rxcmp/s   txcmp/s  rxmcst/s   %ifutil
14:07:11           lo      0.00      0.00      0.00      0.00      0.00      0.00      0.00      0.00
14:07:11         ens5   1012.00   1490.00    553.02    773.29      0.00      0.00      0.00      0.00

14:07:11        IFACE   rxpck/s   txpck/s    rxkB/s    txkB/s   rxcmp/s   txcmp/s  rxmcst/s   %ifutil
14:07:12           lo      0.00      0.00      0.00      0.00      0.00      0.00      0.00      0.00
14:07:12         ens5   1135.00   1702.00    627.98    865.17      0.00      0.00      0.00      0.00

14:07:12        IFACE   rxpck/s   txpck/s    rxkB/s    txkB/s   rxcmp/s   txcmp/s  rxmcst/s   %ifutil
14:07:13           lo      0.00      0.00      0.00      0.00      0.00      0.00      0.00      0.00
14:07:13         ens5   1339.00   2028.00    735.68   1031.72      0.00      0.00      0.00      0.00

14:07:13        IFACE   rxpck/s   txpck/s    rxkB/s    txkB/s   rxcmp/s   txcmp/s  rxmcst/s   %ifutil
14:07:14           lo      0.00      0.00      0.00      0.00      0.00      0.00      0.00      0.00
14:07:14         ens5   1093.00   1551.00    611.64    848.64      0.00      0.00      0.00      0.00

14:07:14        IFACE   rxpck/s   txpck/s    rxkB/s    txkB/s   rxcmp/s   txcmp/s  rxmcst/s   %ifutil
14:07:15           lo      0.00      0.00      0.00      0.00      0.00      0.00      0.00      0.00
14:07:15         ens5   1117.00   1685.00    626.02    873.42      0.00      0.00      0.00      0.00

14:07:15        IFACE   rxpck/s   txpck/s    rxkB/s    txkB/s   rxcmp/s   txcmp/s  rxmcst/s   %ifutil
14:07:16           lo      0.00      0.00      0.00      0.00      0.00      0.00      0.00      0.00
14:07:16         ens5   1279.00   1836.00    726.28    977.41      0.00      0.00      0.00      0.00

14:07:16        IFACE   rxpck/s   txpck/s    rxkB/s    txkB/s   rxcmp/s   txcmp/s  rxmcst/s   %ifutil
14:07:17           lo      0.00      0.00      0.00      0.00      0.00      0.00      0.00      0.00
14:07:17         ens5   1090.00   1645.00    649.26    851.03      0.00      0.00      0.00      0.00

14:07:17        IFACE   rxpck/s   txpck/s    rxkB/s    txkB/s   rxcmp/s   txcmp/s  rxmcst/s   %ifutil
14:07:18           lo      0.00      0.00      0.00      0.00      0.00      0.00      0.00      0.00
14:07:18         ens5   1106.00   1767.00    622.88    846.06      0.00      0.00      0.00      0.00

14:07:18        IFACE   rxpck/s   txpck/s    rxkB/s    txkB/s   rxcmp/s   txcmp/s  rxmcst/s   %ifutil
14:07:19           lo      0.00      0.00      0.00      0.00      0.00      0.00      0.00      0.00
14:07:19         ens5   1343.00   2119.00    866.58   1094.25      0.00      0.00      0.00      0.00

14:07:19        IFACE   rxpck/s   txpck/s    rxkB/s    txkB/s   rxcmp/s   txcmp/s  rxmcst/s   %ifutil
14:07:20           lo      0.00      0.00      0.00      0.00      0.00      0.00      0.00      0.00
14:07:20         ens5   1146.00   1818.00    600.42    849.09      0.00      0.00      0.00      0.00

14:07:20        IFACE   rxpck/s   txpck/s    rxkB/s    txkB/s   rxcmp/s   txcmp/s  rxmcst/s   %ifutil
14:07:21           lo      0.00      0.00      0.00      0.00      0.00      0.00      0.00      0.00
14:07:21         ens5   1095.00   1751.00    574.59    817.85      0.00      0.00      0.00      0.00

14:07:21        IFACE   rxpck/s   txpck/s    rxkB/s    txkB/s   rxcmp/s   txcmp/s  rxmcst/s   %ifutil
14:07:22           lo      0.00      0.00      0.00      0.00      0.00      0.00      0.00      0.00
14:07:22         ens5   1306.00   2045.00    707.64   1002.40      0.00      0.00      0.00      0.00

14:07:22        IFACE   rxpck/s   txpck/s    rxkB/s    txkB/s   rxcmp/s   txcmp/s  rxmcst/s   %ifutil
14:07:23           lo      0.00      0.00      0.00      0.00      0.00      0.00      0.00      0.00
14:07:23         ens5   1133.00   1803.00    623.77    892.78      0.00      0.00      0.00      0.00

14:07:23        IFACE   rxpck/s   txpck/s    rxkB/s    txkB/s   rxcmp/s   txcmp/s  rxmcst/s   %ifutil
14:07:24           lo      0.00      0.00      0.00      0.00      0.00      0.00      0.00      0.00
14:07:24         ens5   1056.00   1522.00    569.40    795.35      0.00      0.00      0.00      0.00

14:07:24        IFACE   rxpck/s   txpck/s    rxkB/s    txkB/s   rxcmp/s   txcmp/s  rxmcst/s   %ifutil
14:07:25           lo      0.00      0.00      0.00      0.00      0.00      0.00      0.00      0.00
14:07:25         ens5   1326.00   2006.00    710.89   1009.81      0.00      0.00      0.00      0.00

14:07:25        IFACE   rxpck/s   txpck/s    rxkB/s    txkB/s   rxcmp/s   txcmp/s  rxmcst/s   %ifutil
14:07:26           lo      0.00      0.00      0.00      0.00      0.00      0.00      0.00      0.00
14:07:26         ens5   1189.00   1800.00    633.53    900.47      0.00      0.00      0.00      0.00

14:07:26        IFACE   rxpck/s   txpck/s    rxkB/s    txkB/s   rxcmp/s   txcmp/s  rxmcst/s   %ifutil
14:07:27           lo      0.00      0.00      0.00      0.00      0.00      0.00      0.00      0.00
14:07:27         ens5   1157.00   1817.00    689.11    921.27      0.00      0.00      0.00      0.00

14:07:27        IFACE   rxpck/s   txpck/s    rxkB/s    txkB/s   rxcmp/s   txcmp/s  rxmcst/s   %ifutil
14:07:28           lo      0.00      0.00      0.00      0.00      0.00      0.00      0.00      0.00
14:07:28         ens5   1366.00   2231.00    778.21   1070.57      0.00      0.00      0.00      0.00

14:07:28        IFACE   rxpck/s   txpck/s    rxkB/s    txkB/s   rxcmp/s   txcmp/s  rxmcst/s   %ifutil
14:07:29           lo      0.00      0.00      0.00      0.00      0.00      0.00      0.00      0.00
14:07:29         ens5   1217.00   1951.00    795.58    985.18      0.00      0.00      0.00      0.00

14:07:29        IFACE   rxpck/s   txpck/s    rxkB/s    txkB/s   rxcmp/s   txcmp/s  rxmcst/s   %ifutil
14:07:30           lo      0.00      0.00      0.00      0.00      0.00      0.00      0.00      0.00
14:07:30         ens5   1168.00   1807.00    604.19    866.48      0.00      0.00      0.00      0.00

14:07:30        IFACE   rxpck/s   txpck/s    rxkB/s    txkB/s   rxcmp/s   txcmp/s  rxmcst/s   %ifutil
14:07:31           lo      0.00      0.00      0.00      0.00      0.00      0.00      0.00      0.00
14:07:31         ens5   1256.00   2003.00    664.75    957.26      0.00      0.00      0.00      0.00

14:07:31        IFACE   rxpck/s   txpck/s    rxkB/s    txkB/s   rxcmp/s   txcmp/s  rxmcst/s   %ifutil
14:07:32           lo      0.00      0.00      0.00      0.00      0.00      0.00      0.00      0.00
14:07:32         ens5   1335.00   1965.00    749.81   1028.34      0.00      0.00      0.00      0.00

14:07:32        IFACE   rxpck/s   txpck/s    rxkB/s    txkB/s   rxcmp/s   txcmp/s  rxmcst/s   %ifutil
14:07:33           lo      0.00      0.00      0.00      0.00      0.00      0.00      0.00      0.00
14:07:33         ens5   1021.00   1519.00    575.81    824.05      0.00      0.00      0.00      0.00

14:07:33        IFACE   rxpck/s   txpck/s    rxkB/s    txkB/s   rxcmp/s   txcmp/s  rxmcst/s   %ifutil
14:07:34           lo      0.00      0.00      0.00      0.00      0.00      0.00      0.00      0.00
14:07:34         ens5   1201.00   1799.00    650.79    923.19      0.00      0.00      0.00      0.00

14:07:34        IFACE   rxpck/s   txpck/s    rxkB/s    txkB/s   rxcmp/s   txcmp/s  rxmcst/s   %ifutil
14:07:35           lo      0.00      0.00      0.00      0.00      0.00      0.00      0.00      0.00
14:07:35         ens5   1262.00   1839.00    729.26   1004.12      0.00      0.00      0.00      0.00

14:07:35        IFACE   rxpck/s   txpck/s    rxkB/s    txkB/s   rxcmp/s   txcmp/s  rxmcst/s   %ifutil
14:07:36           lo      0.00      0.00      0.00      0.00      0.00      0.00      0.00      0.00
14:07:36         ens5   1052.00   1542.00    596.11    835.52      0.00      0.00      0.00      0.00

14:07:36        IFACE   rxpck/s   txpck/s    rxkB/s    txkB/s   rxcmp/s   txcmp/s  rxmcst/s   %ifutil
14:07:37           lo      0.00      0.00      0.00      0.00      0.00      0.00      0.00      0.00
14:07:37         ens5   1080.00   1589.00    690.09    870.08      0.00      0.00      0.00      0.00

14:07:37        IFACE   rxpck/s   txpck/s    rxkB/s    txkB/s   rxcmp/s   txcmp/s  rxmcst/s   %ifutil
14:07:38           lo      0.00      0.00      0.00      0.00      0.00      0.00      0.00      0.00
14:07:38         ens5   1368.00   2009.00    777.78   1048.45      0.00      0.00      0.00      0.00

14:07:38        IFACE   rxpck/s   txpck/s    rxkB/s    txkB/s   rxcmp/s   txcmp/s  rxmcst/s   %ifutil
14:07:39           lo      0.00      0.00      0.00      0.00      0.00      0.00      0.00      0.00
14:07:39         ens5    968.00   1465.00    692.02    830.84      0.00      0.00      0.00      0.00

14:07:39        IFACE   rxpck/s   txpck/s    rxkB/s    txkB/s   rxcmp/s   txcmp/s  rxmcst/s   %ifutil
14:07:40           lo      0.00      0.00      0.00      0.00      0.00      0.00      0.00      0.00
14:07:40         ens5   1049.00   1603.00    583.48    834.78      0.00      0.00      0.00      0.00

14:07:40        IFACE   rxpck/s   txpck/s    rxkB/s    txkB/s   rxcmp/s   txcmp/s  rxmcst/s   %ifutil
14:07:41           lo      0.00      0.00      0.00      0.00      0.00      0.00      0.00      0.00
14:07:41         ens5   1308.00   1948.00    725.05   1028.17      0.00      0.00      0.00      0.00

14:07:41        IFACE   rxpck/s   txpck/s    rxkB/s    txkB/s   rxcmp/s   txcmp/s  rxmcst/s   %ifutil
14:07:42           lo      0.00      0.00      0.00      0.00      0.00      0.00      0.00      0.00
14:07:42         ens5    995.00   1455.00    546.60    758.48      0.00      0.00      0.00      0.00

14:07:42        IFACE   rxpck/s   txpck/s    rxkB/s    txkB/s   rxcmp/s   txcmp/s  rxmcst/s   %ifutil
14:07:43           lo      0.00      0.00      0.00      0.00      0.00      0.00      0.00      0.00
14:07:43         ens5   1118.00   1795.00    602.91    860.58      0.00      0.00      0.00      0.00

14:07:43        IFACE   rxpck/s   txpck/s    rxkB/s    txkB/s   rxcmp/s   txcmp/s  rxmcst/s   %ifutil
14:07:44           lo      0.00      0.00      0.00      0.00      0.00      0.00      0.00      0.00
14:07:44         ens5   1380.00   2186.00    738.20   1035.71      0.00      0.00      0.00      0.00

14:07:44        IFACE   rxpck/s   txpck/s    rxkB/s    txkB/s   rxcmp/s   txcmp/s  rxmcst/s   %ifutil
14:07:45           lo      0.00      0.00      0.00      0.00      0.00      0.00      0.00      0.00
14:07:45         ens5    915.00   1337.00    503.96    686.44      0.00      0.00      0.00      0.00

14:07:45        IFACE   rxpck/s   txpck/s    rxkB/s    txkB/s   rxcmp/s   txcmp/s  rxmcst/s   %ifutil
14:07:46           lo      0.00      0.00      0.00      0.00      0.00      0.00      0.00      0.00
14:07:46         ens5    681.00   1010.00    406.26    574.08      0.00      0.00      0.00      0.00

14:07:46        IFACE   rxpck/s   txpck/s    rxkB/s    txkB/s   rxcmp/s   txcmp/s  rxmcst/s   %ifutil
14:07:47           lo      0.00      0.00      0.00      0.00      0.00      0.00      0.00      0.00
14:07:47         ens5    803.00   1279.00    549.94    717.51      0.00      0.00      0.00      0.00

14:07:47        IFACE   rxpck/s   txpck/s    rxkB/s    txkB/s   rxcmp/s   txcmp/s  rxmcst/s   %ifutil
14:07:48           lo      0.00      0.00      0.00      0.00      0.00      0.00      0.00      0.00
14:07:48         ens5    881.00   1391.00    486.19    659.73      0.00      0.00      0.00      0.00

14:07:48        IFACE   rxpck/s   txpck/s    rxkB/s    txkB/s   rxcmp/s   txcmp/s  rxmcst/s   %ifutil
14:07:49           lo      0.00      0.00      0.00      0.00      0.00      0.00      0.00      0.00
14:07:49         ens5   1152.00   1797.00    775.62    948.28      0.00      0.00      0.00      0.00

14:07:49        IFACE   rxpck/s   txpck/s    rxkB/s    txkB/s   rxcmp/s   txcmp/s  rxmcst/s   %ifutil
14:07:50           lo      0.00      0.00      0.00      0.00      0.00      0.00      0.00      0.00
14:07:50         ens5   1272.00   1918.00    713.31   1008.79      0.00      0.00      0.00      0.00

14:07:50        IFACE   rxpck/s   txpck/s    rxkB/s    txkB/s   rxcmp/s   txcmp/s  rxmcst/s   %ifutil
14:07:51           lo      0.00      0.00      0.00      0.00      0.00      0.00      0.00      0.00
14:07:51         ens5   1062.00   1577.00    603.43    852.93      0.00      0.00      0.00      0.00

14:07:51        IFACE   rxpck/s   txpck/s    rxkB/s    txkB/s   rxcmp/s   txcmp/s  rxmcst/s   %ifutil
14:07:52           lo      0.00      0.00      0.00      0.00      0.00      0.00      0.00      0.00
14:07:52         ens5   1090.00   1626.00    710.04    858.32      0.00      0.00      0.00      0.00

14:07:52        IFACE   rxpck/s   txpck/s    rxkB/s    txkB/s   rxcmp/s   txcmp/s  rxmcst/s   %ifutil
14:07:53           lo      0.00      0.00      0.00      0.00      0.00      0.00      0.00      0.00
14:07:53         ens5   1262.00   1921.00    725.21    985.13      0.00      0.00      0.00      0.00

14:07:53        IFACE   rxpck/s   txpck/s    rxkB/s    txkB/s   rxcmp/s   txcmp/s  rxmcst/s   %ifutil
14:07:54           lo      0.00      0.00      0.00      0.00      0.00      0.00      0.00      0.00
14:07:54         ens5   1127.00   1750.00    601.83    839.37      0.00      0.00      0.00      0.00

14:07:54        IFACE   rxpck/s   txpck/s    rxkB/s    txkB/s   rxcmp/s   txcmp/s  rxmcst/s   %ifutil
14:07:55           lo      0.00      0.00      0.00      0.00      0.00      0.00      0.00      0.00
14:07:55         ens5   1264.00   2036.00    670.67    987.93      0.00      0.00      0.00      0.00

14:07:55        IFACE   rxpck/s   txpck/s    rxkB/s    txkB/s   rxcmp/s   txcmp/s  rxmcst/s   %ifutil
14:07:56           lo      0.00      0.00      0.00      0.00      0.00      0.00      0.00      0.00
14:07:56         ens5   1295.00   1965.00    720.36   1027.70      0.00      0.00      0.00      0.00

14:07:56        IFACE   rxpck/s   txpck/s    rxkB/s    txkB/s   rxcmp/s   txcmp/s  rxmcst/s   %ifutil
14:07:57           lo      0.00      0.00      0.00      0.00      0.00      0.00      0.00      0.00
14:07:57         ens5   1086.00   1671.00    650.09    854.89      0.00      0.00      0.00      0.00

14:07:57        IFACE   rxpck/s   txpck/s    rxkB/s    txkB/s   rxcmp/s   txcmp/s  rxmcst/s   %ifutil
14:07:58           lo      0.00      0.00      0.00      0.00      0.00      0.00      0.00      0.00
14:07:58         ens5   1226.00   1943.00    666.17    922.98      0.00      0.00      0.00      0.00

14:07:58        IFACE   rxpck/s   txpck/s    rxkB/s    txkB/s   rxcmp/s   txcmp/s  rxmcst/s   %ifutil
14:07:59           lo      0.00      0.00      0.00      0.00      0.00      0.00      0.00      0.00
14:07:59         ens5   1330.00   2018.00    842.02   1042.13      0.00      0.00      0.00      0.00

14:07:59        IFACE   rxpck/s   txpck/s    rxkB/s    txkB/s   rxcmp/s   txcmp/s  rxmcst/s   %ifutil
14:08:00           lo      0.00      0.00      0.00      0.00      0.00      0.00      0.00      0.00
14:08:00         ens5   1008.00   1477.00    541.35    752.13      0.00      0.00      0.00      0.00

14:08:00        IFACE   rxpck/s   txpck/s    rxkB/s    txkB/s   rxcmp/s   txcmp/s  rxmcst/s   %ifutil
14:08:01           lo      0.00      0.00      0.00      0.00      0.00      0.00      0.00      0.00
14:08:01         ens5   1109.00   1631.00    624.60    882.69      0.00      0.00      0.00      0.00

14:08:01        IFACE   rxpck/s   txpck/s    rxkB/s    txkB/s   rxcmp/s   txcmp/s  rxmcst/s   %ifutil
14:08:02           lo      0.00      0.00      0.00      0.00      0.00      0.00      0.00      0.00
14:08:02         ens5   1213.00   1835.00    663.65    943.96      0.00      0.00      0.00      0.00

14:08:02        IFACE   rxpck/s   txpck/s    rxkB/s    txkB/s   rxcmp/s   txcmp/s  rxmcst/s   %ifutil
14:08:03           lo      0.00      0.00      0.00      0.00      0.00      0.00      0.00      0.00
14:08:03         ens5   1175.00   1641.00    567.21    805.45      0.00      0.00      0.00      0.00
