procs -----------memory---------- ---swap-- -----io---- -system-- ------cpu-----
 r  b   swpd   free   buff  cache   si   so    bi    bo   in   cs us sy id wa st
 4  0      0 541072    840 789936    0    0    66  3849 3734 2659 66  4 18 12  0
 2  0      0 529816    840 789108    0    0  8372 25948 11351 10836 51  9 18 22  0
 1  1      0 532468    840 789200    0    0    88 18436 10378 7877 62 10 13 15  0
 2  0      0 515348    840 798964    0    0   128 34872 6381 1486 79  9  2 11  0
 2  0      0 452128    840 795040    0    0    32 50984 7902 2377 72 11  2 14  0
 2  0      0 477368    840 802724    0    0 10084 43588 9113 7068 72  8  5 15  0
 2  0      0 464820    840 809116    0    0     0 23400 4101 1252 82  4  0 13  0
 2  0      0 455760    840 824980    0    0     0 47180 9687 2692 71 15  2 12  0
 2  0      0 448200    840 813680    0    0     0 33408 9603 3581 76  7  2 14  0
 2  0      0 439632    840 803468    0    0     0 22756 7914 4636 59 11  7 23  0
 2  0      0 358328    840 808128    0    0     0 45176 5632 2348 84  7  1  8  0
 4  0      0 339072    840 827852    0    0     0 41272 10872 3613 70 17  1 11  0
 2  0      0 284672    840 804636    0    0     0 41756 12567 5396 67 14  9 10  0
 2  0      0 281904    840 804644    0    0     0 17552 5167 2810 78  3 11  8  0
 4  0      0 445132    840 810844    0    0     0 40728 8281 1969 72 13  4 11  0
 2  0      0 409476    840 812836    0    0     0 49736 11426 3843 73 15  1 10  0
 0  1      0 362288    840 805992    0    0     0 36356 9929 7141 57  7 23 14  0
 4  0      0 362288    840 810376    0    0     0 20764 5790 1973 84  4  4  7  0
 2  0      0 373628    840 827444    0    0     0 44864 9488 2884 79 10  2 10  0
 2  0      0 361280    840 816768    0    0     0 38312 10069 3701 71  9  1 18  0
 3  0      0 328016    840 811464    0    0     0 40760 6345 1849 83 10  1  7  0
procs -----------memory---------- ---swap-- -----io---- -system-- ------cpu-----
 r  b   swpd   free   buff  cache   si   so    bi    bo   in   cs us sy id wa st
 2  0      0 368936    840 810384    0    0     0 27784 8128 4195 72  7  8 13  0
 2  0      0 341112    840 812116    0    0     0 46956 9977 3015 76 14  1  9  0
 5  0      0 371340    840 810544    0    0     0 32064 13400 4243 77 13  2  8  0
 2  0      0 331404    840 804720    0    0     0 29504 6595 2663 77  7  3 13  0
 2  0      0 347904    840 814812    0    0     0 27784 7541 3502 74 10  4 13  0
 2  0      0 352684    840 816648    0    0     0 36892 8559 1895 85  9  0  6  0
 2  0      0 344096    840 812468    0    0     0 44796 8026 2916 81  9  3  7  0
 2  0      0 344088    840 807372    0    0     0 21572 8725 2972 77  7  3 13  0
 2  0      0 344088    840 807384    0    0     0  3448 8597 6012 61  4 20 15  0
 2  0      0 418468    840 807392    0    0     0  2256 5177 1612 75  4  7 15  0
 1  1      0 417460    840 807404    0    0     0  4000 8034 3047 60  5  9 26  0
 2  0      0 416704    840 807420    0    0     0  3976 6900 1713 73  3  1 24  0
 2  0      0 415696    840 807432    0    0     0  3356 5896 1383 77  3  1 20  0
 4  0      0 412924    840 807444    0    0     0  5604 7430 1770 68  4  2 27  0
 2  0      0 412168    840 807456    0    0     0  3228 6349 1715 76  3  1 21  0
 2  0      0 387660    840 807500    0    0    40  3224 6503 2001 71  3  3 23  0
 2  1      0 386148    840 808984    0    0  1068  3700 8121 3081 56  6  7 31  0
 3  0      0 384888    840 810332    0    0   988  3112 6363 1901 68  4  0 28  0
 3  0      0 460460    840 826152    0    0    20 40100 8738 3552 80 10  2  9  0
 3  0      0 447472    840 818740    0    0     0 47608 10776 3245 75 13  2 10  0
 3  0      0 469216    840 803872    0    0     0 44692 8577 2850 82  6  1 11  0
procs -----------memory---------- ---swap-- -----io---- -system-- ------cpu-----
 r  b   swpd   free   buff  cache   si   so    bi    bo   in   cs us sy id wa st
 3  0      0 413764    840 811312    0    0     0 23680 4395 1242 82  9  1  9  0
 3  0      0 353540    840 810180    0    0     0 50412 9796 3222 70 15  4 11  0
 1  0      0 337916    840 808420    0    0     0 43956 9141 5952 68  6 11 14  0
 3  0      0 324116    840 813756    0    0     0 23216 6006 2589 77  7  3 13  0
 4  0      0 367224    840 818884    0    0     0 39980 9097 2283 77 15  1  6  0
 3  0      0 370476    840 815840    0    0     0 41144 8539 2599 78  8  3 11  0
 3  0      0 351324    840 809080    0    0     0 29192 7592 3410 74  4  6 16  0
 3  0      0 288636    840 810392    0    0     0 25860 4966 1760 84  5  1  9  0
 3  2      0 277580    840 823796    0    0     0 52992 9277 2308 76 12  2 10  0
 3  0      0 277720    840 814384    0    0     0 40416 10756 4841 71 11  4 14  0
 3  0      0 184272    840 807296    0    0     0 31884 8621 5566 66  9  7 18  0
 3  0      0 265392    840 813992    0    0    12 29248 5880 1807 83  9  0  8  0
 3  0      0 248016    840 833304    0    0     0 49520 9708 2825 79  9  2 10  0
 2  1      0 208752    840 809352    0    0     0 50000 11457 4101 65 13 11 10  0
 2  1      0 208752    840 809360    0    0     0  3124 7484 5285 73  5 13 10  0
 3  0      0 224504    840 820760    0    0     0 48956 6417 1241 84  7  1  9  0
 3  0      0 247452    840 814512    0    0     0 36688 11886 3188 72 16  2 10  0
 3  0      0 274176    840 807324    0    0     0 40648 8956 2988 80  8  2 10  0
 3  0      0 362548    840 807332    0    0     0 17844 5572 1591 84  7  1  9  0
 3  0      0 422836    840 815864    0    0     0 33232 8652 2738 76 10  2 12  0
 3  0      0 403456    840 816136    0    0     0 49512 11638 4556 74 10  4 13  0
procs -----------memory---------- ---swap-- -----io---- -system-- ------cpu-----
 r  b   swpd   free   buff  cache   si   so    bi    bo   in   cs us sy id wa st
 3  0      0 400088    840 806188    0    0     0 24844 6068 1869 85  5  2  9  0
 3  0      0 455692    840 806192    0    0     0 19944 7048 1807 77  5  1 17  0
 3  0      0 381832    840 807528    0    0     0 47628 11280 4217 67 16  4 13  0
 3  0      0 365264    840 813976    0    0     0 39484 7568 2049 86  6  2  6  0
 4  0      0 432160    840 806756    0    0     0 32504 8805 3158 73  9  2 16  0
 2  1      0 379364    840 806776    0    0     0 26140 8039 3031 71  9  5 15  0
 2  1      0 400568    840 813456    0    0     0 23856 5273 1272 82  5  0 12  0
 3  0      0 369868    840 823864    0    0     0 52648 9690 3212 70 14  4 13  0
 2  1      0 408772    840 808692    0    0     0 30576 8352 4482 80  5  2 14  0
 3  0      0 389176    840 808708    0    0     0 17692 4830 1429 84  5  1 10  0
 4  0      0 413652    840 820032    0    0     0 40052 8322 4093 76  9  4 12  0
 3  0      0 336076    840 822496    0    0     0 52056 9319 3170 71 13  3 13  0
 2  1      0 402668    840 808868    0    0     0 32388 6384 2437 77  4  1 17  0
 3  0      0 401660    840 809872    0    0     0 19048 6356 1426 74  7  1 18  0
 3  0      0 434672    840 826584    0    0     0 34568 9337 3560 74  9  3 14  0
 3  0      0 440220    840 821344    0    0     0 56532 12295 5208 69 15  4 11  0
 3  0      0 443432    840 810036    0    0     0 18192 5264 1369 85  5  0 11  0
 3  0      0 423272    840 815216    0    0     0 31436 6746 2527 71  4  5 20  0
 3  0      0 406396    840 833812    0    0     0 36392 8835 3883 82  6  2 11  0
 4  0      0 447180    840 809960    0    0     0 41300 9959 2778 80 11  1  9  0
 3  0      0 444456    840 809728    0    0     0 36068 7499 2392 72  7  3 17  0
procs -----------memory---------- ---swap-- -----io---- -system-- ------cpu-----
 r  b   swpd   free   buff  cache   si   so    bi    bo   in   cs us sy id wa st
 2  1      0 423044    840 821936    0    0     0 36980 7193 2559 69 11  4 17  0
 3  0      0 345656    840 828648    0    0     0 40400 9473 2171 78 12  1  8  0
 3  0      0 325244    840 815904    0    0     0 37376 9600 3737 75  9  3 13  0
 2  1      0 322468    840 815616    0    0     0 44728 6800 2537 75  5  3 18  0
 3  0      0 348676    840 823700    0    0     0 24392 9796 3173 77 12  2  9  0
 3  0      0 526140    840 829588    0    0   404 54776 9591 4313 81  6  2 11  0
 3  0      0 415516    840 809684    0    0     0 35060 11301 3256 67 14  3 16  0
 3  0      0 380680    840 817900    0    0     0 33744 7412 2235 72  8  3 18  0
 3  0      0 431812    840 816380    0    0     0 26104 8825 1910 76 10  2 11  0
 2  1      0 398548    840 819076    0    0     0 61588 10888 4154 76 13  0 10  0
 2  1      0 407620    840 810152    0    0     0 28064 6210 1609 75  6  2 18  0
 5  0      0 410516    840 820200    0    0     0 32412 6634 2141 81  9  1  9  0
 1  2      0 392120    840 821332    0    0     0 50140 10685 5111 73 10  2 15  0
 3  0      0 392120    840 812048    0    0     0 39152 7782 2623 76  4  3 16  0
 3  0      0 369628    840 815168    0    0     0 20300 5500 1348 79  3  1 17  0
 3  0      0 394392    840 828828    0    0     0 38844 8675 2896 75 10  3 12  0
 3  0      0 369196    840 820568    0    0     0 50168 10223 4207 70 12  4 15  0
 2  1      0 339212    840 815000    0    0     0 23564 8304 3283 75  7  2 17  0
 1  1      0 303932    840 820892    0    0     0 38472 4997 1701 81  3  2 14  0
 3  0      0 331608    840 821896    0    0     0 27444 11359 4242 68 15  2 14  0
 2  0      0 333072    840 814796    0    0     0 49324 10986 4731 74 11  2 12  0
procs -----------memory---------- ---swap-- -----io---- -system-- ------cpu-----
 r  b   swpd   free   buff  cache   si   so    bi    bo   in   cs us sy id wa st
 1  1      0 284692    840 809476    0    0     0 37652 9618 3366 71 10  5 14  0
 2  0      0 238324    840 809400    0    0     0  2188 4858 2426 77  7  1 15  0
 0  1      0 267372    840 809408    0    0     0  3096 7998 5308 56  7 17 20  0
 2  0      0 262080    840 809644    0    0   224  3892 7176 2850 62  5  7 26  0
 2  0      0 262080    840 809656    0    0     0  3180 5462 1322 77  3  1 19  0
 1  1      0 328396    840 809664    0    0     0  3900 7407 1679 72  4  0 23  0
 1  1      0 328148    840 809680    0    0     0  4144 8013 1789 69  4  0 26  0
 2  0      0 327412    840 809708    0    0     0  3048 5723 1760 78  7  0 15  0
 1  0      0 327412    840 809716    0    0     0  3984 7412 2225 65  7  4 24  0
 1  1      0 356904    840 809728    0    0     0  5312 8158 3571 62  4 10 24  0
 2  0      0 355392    840 809740    0    0     0  2656 5196 1178 80  3  1 16  0
 3  1      0 466032    840 825976    0    0    24 41732 9204 4051 72 10  3 15  0
 4  0      0 481852    840 815780    0    0     0 56580 11592 7401 76 10  3 11  0
 3  0      0 450100    840 815644    0    0     0 17312 4830 1258 82  4  1 14  0
 1  1      0 445756    840 822064    0    0     0 28456 7121 2176 69  7  2 23  0
 2  0      0 309876    840 819008    0    0     0 48556 10824 3902 72 12  3 14  0
 2  0      0 287416    840 831528    0    0     0 42536 6400 1943 85  6  1  8  0
