Linux 6.1.166-197.305.amzn2023.x86_64 (ip-172-31-40-165.ec2.internal) 	04/21/26 	_x86_64_	(2 CPU)

17:38:28        IFACE   rxpck/s   txpck/s    rxkB/s    txkB/s   rxcmp/s   txcmp/s  rxmcst/s   %ifutil
17:38:29           lo      0.00      0.00      0.00      0.00      0.00      0.00      0.00      0.00
17:38:29         ens5   2273.00   2221.00    307.86   1094.00      0.00      0.00      0.00      0.00

17:38:29        IFACE   rxpck/s   txpck/s    rxkB/s    txkB/s   rxcmp/s   txcmp/s  rxmcst/s   %ifutil
17:38:30           lo      0.00      0.00      0.00      0.00      0.00      0.00      0.00      0.00
17:38:30         ens5   2931.00   2465.00    897.42   1218.71      0.00      0.00      0.00      0.00

17:38:30        IFACE   rxpck/s   txpck/s    rxkB/s    txkB/s   rxcmp/s   txcmp/s  rxmcst/s   %ifutil
17:38:31           lo      0.00      0.00      0.00      0.00      0.00      0.00      0.00      0.00
17:38:31         ens5   2839.00   2416.00    914.31   1381.30      0.00      0.00      0.00      0.00

17:38:31        IFACE   rxpck/s   txpck/s    rxkB/s    txkB/s   rxcmp/s   txcmp/s  rxmcst/s   %ifutil
17:38:32           lo      0.00      0.00      0.00      0.00      0.00      0.00      0.00      0.00
17:38:32         ens5   2533.00   2130.00    770.62   1059.78      0.00      0.00      0.00      0.00

17:38:32        IFACE   rxpck/s   txpck/s    rxkB/s    txkB/s   rxcmp/s   txcmp/s  rxmcst/s   %ifutil
17:38:33           lo      0.00      0.00      0.00      0.00      0.00      0.00      0.00      0.00
17:38:33         ens5   2610.00   2219.00    759.27   1017.97      0.00      0.00      0.00      0.00

17:38:33        IFACE   rxpck/s   txpck/s    rxkB/s    txkB/s   rxcmp/s   txcmp/s  rxmcst/s   %ifutil
17:38:34           lo      0.00      0.00      0.00      0.00      0.00      0.00      0.00      0.00
17:38:34         ens5   3086.00   2601.00    908.84   1200.68      0.00      0.00      0.00      0.00

17:38:34        IFACE   rxpck/s   txpck/s    rxkB/s    txkB/s   rxcmp/s   txcmp/s  rxmcst/s   %ifutil
17:38:35           lo      0.00      0.00      0.00      0.00      0.00      0.00      0.00      0.00
17:38:35         ens5   2806.00   2354.00    797.82   1090.08      0.00      0.00      0.00      0.00

17:38:35        IFACE   rxpck/s   txpck/s    rxkB/s    txkB/s   rxcmp/s   txcmp/s  rxmcst/s   %ifutil
17:38:36           lo      0.00      0.00      0.00      0.00      0.00      0.00      0.00      0.00
17:38:36         ens5   2464.00   2158.00    720.38    997.70      0.00      0.00      0.00      0.00

17:38:36        IFACE   rxpck/s   txpck/s    rxkB/s    txkB/s   rxcmp/s   txcmp/s  rxmcst/s   %ifutil
17:38:37           lo      0.00      0.00      0.00      0.00      0.00      0.00      0.00      0.00
17:38:37         ens5   3064.00   2584.00    881.92   1191.35      0.00      0.00      0.00      0.00

17:38:37        IFACE   rxpck/s   txpck/s    rxkB/s    txkB/s   rxcmp/s   txcmp/s  rxmcst/s   %ifutil
17:38:38           lo      0.00      0.00      0.00      0.00      0.00      0.00      0.00      0.00
17:38:38         ens5   3000.00   2539.00    861.05   1161.84      0.00      0.00      0.00      0.00

17:38:38        IFACE   rxpck/s   txpck/s    rxkB/s    txkB/s   rxcmp/s   txcmp/s  rxmcst/s   %ifutil
17:38:39           lo      0.00      0.00      0.00      0.00      0.00      0.00      0.00      0.00
17:38:39         ens5   2289.00   2044.00    695.34   1030.79      0.00      0.00      0.00      0.00

17:38:39        IFACE   rxpck/s   txpck/s    rxkB/s    txkB/s   rxcmp/s   txcmp/s  rxmcst/s   %ifutil
17:38:40           lo      0.00      0.00      0.00      0.00      0.00      0.00      0.00      0.00
17:38:40         ens5   2619.00   2469.00    895.10   1238.14      0.00      0.00      0.00      0.00

17:38:40        IFACE   rxpck/s   txpck/s    rxkB/s    txkB/s   rxcmp/s   txcmp/s  rxmcst/s   %ifutil
17:38:41           lo      0.00      0.00      0.00      0.00      0.00      0.00      0.00      0.00
17:38:41         ens5   2701.00   2438.00    916.74   1409.83      0.00      0.00      0.00      0.00

17:38:41        IFACE   rxpck/s   txpck/s    rxkB/s    txkB/s   rxcmp/s   txcmp/s  rxmcst/s   %ifutil
17:38:42           lo      0.00      0.00      0.00      0.00      0.00      0.00      0.00      0.00
17:38:42         ens5   2301.00   2056.00    775.81   1045.48      0.00      0.00      0.00      0.00

17:38:42        IFACE   rxpck/s   txpck/s    rxkB/s    txkB/s   rxcmp/s   txcmp/s  rxmcst/s   %ifutil
17:38:43           lo      0.00      0.00      0.00      0.00      0.00      0.00      0.00      0.00
17:38:43         ens5   2768.00   2346.00    816.66   1089.75      0.00      0.00      0.00      0.00

17:38:43        IFACE   rxpck/s   txpck/s    rxkB/s    txkB/s   rxcmp/s   txcmp/s  rxmcst/s   %ifutil
17:38:44           lo      0.00      0.00      0.00      0.00      0.00      0.00      0.00      0.00
17:38:44         ens5   3092.00   2638.00    920.44   1228.35      0.00      0.00      0.00      0.00

17:38:44        IFACE   rxpck/s   txpck/s    rxkB/s    txkB/s   rxcmp/s   txcmp/s  rxmcst/s   %ifutil
17:38:45           lo      0.00      0.00      0.00      0.00      0.00      0.00      0.00      0.00
17:38:45         ens5   2534.00   2175.00    747.67   1000.26      0.00      0.00      0.00      0.00

17:38:45        IFACE   rxpck/s   txpck/s    rxkB/s    txkB/s   rxcmp/s   txcmp/s  rxmcst/s   %ifutil
17:38:46           lo      0.00      0.00      0.00      0.00      0.00      0.00      0.00      0.00
17:38:46         ens5   2631.00   2197.00    791.75   1025.10      0.00      0.00      0.00      0.00

17:38:46        IFACE   rxpck/s   txpck/s    rxkB/s    txkB/s   rxcmp/s   txcmp/s  rxmcst/s   %ifutil
17:38:47           lo      0.00      0.00      0.00      0.00      0.00      0.00      0.00      0.00
17:38:47         ens5   2853.00   2370.00    809.32   1089.78      0.00      0.00      0.00      0.00

17:38:47        IFACE   rxpck/s   txpck/s    rxkB/s    txkB/s   rxcmp/s   txcmp/s  rxmcst/s   %ifutil
17:38:48           lo      0.00      0.00      0.00      0.00      0.00      0.00      0.00      0.00
17:38:48         ens5   1267.00   1235.00    370.15    591.76      0.00      0.00      0.00      0.00

17:38:48        IFACE   rxpck/s   txpck/s    rxkB/s    txkB/s   rxcmp/s   txcmp/s  rxmcst/s   %ifutil
17:38:49           lo      0.00      0.00      0.00      0.00      0.00      0.00      0.00      0.00
17:38:49         ens5   2014.00   1716.00    589.96    936.78      0.00      0.00      0.00      0.00

17:38:49        IFACE   rxpck/s   txpck/s    rxkB/s    txkB/s   rxcmp/s   txcmp/s  rxmcst/s   %ifutil
17:38:50           lo      0.00      0.00      0.00      0.00      0.00      0.00      0.00      0.00
17:38:50         ens5   2714.00   2313.00    837.66   1141.87      0.00      0.00      0.00      0.00

17:38:50        IFACE   rxpck/s   txpck/s    rxkB/s    txkB/s   rxcmp/s   txcmp/s  rxmcst/s   %ifutil
17:38:51           lo      0.00      0.00      0.00      0.00      0.00      0.00      0.00      0.00
17:38:51         ens5   2408.00   2128.00    800.09   1209.74      0.00      0.00      0.00      0.00

17:38:51        IFACE   rxpck/s   txpck/s    rxkB/s    txkB/s   rxcmp/s   txcmp/s  rxmcst/s   %ifutil
17:38:52           lo      0.00      0.00      0.00      0.00      0.00      0.00      0.00      0.00
17:38:52         ens5   2813.00   2426.00    861.14   1203.50      0.00      0.00      0.00      0.00

17:38:52        IFACE   rxpck/s   txpck/s    rxkB/s    txkB/s   rxcmp/s   txcmp/s  rxmcst/s   %ifutil
17:38:53           lo      0.00      0.00      0.00      0.00      0.00      0.00      0.00      0.00
17:38:53         ens5   2999.00   2515.00    884.74   1195.35      0.00      0.00      0.00      0.00

17:38:53        IFACE   rxpck/s   txpck/s    rxkB/s    txkB/s   rxcmp/s   txcmp/s  rxmcst/s   %ifutil
17:38:54           lo      0.00      0.00      0.00      0.00      0.00      0.00      0.00      0.00
17:38:54         ens5   2462.00   1951.00    802.16   1002.10      0.00      0.00      0.00      0.00

17:38:54        IFACE   rxpck/s   txpck/s    rxkB/s    txkB/s   rxcmp/s   txcmp/s  rxmcst/s   %ifutil
17:38:55           lo      0.00      0.00      0.00      0.00      0.00      0.00      0.00      0.00
17:38:55         ens5   2940.00   2367.00    884.74   1167.50      0.00      0.00      0.00      0.00

17:38:55        IFACE   rxpck/s   txpck/s    rxkB/s    txkB/s   rxcmp/s   txcmp/s  rxmcst/s   %ifutil
17:38:56           lo      0.00      0.00      0.00      0.00      0.00      0.00      0.00      0.00
17:38:56         ens5   3137.00   2636.00    906.19   1217.60      0.00      0.00      0.00      0.00

17:38:56        IFACE   rxpck/s   txpck/s    rxkB/s    txkB/s   rxcmp/s   txcmp/s  rxmcst/s   %ifutil
17:38:57           lo      0.00      0.00      0.00      0.00      0.00      0.00      0.00      0.00
17:38:57         ens5   2526.00   2143.00    731.18    997.03      0.00      0.00      0.00      0.00

17:38:57        IFACE   rxpck/s   txpck/s    rxkB/s    txkB/s   rxcmp/s   txcmp/s  rxmcst/s   %ifutil
17:38:58           lo      0.00      0.00      0.00      0.00      0.00      0.00      0.00      0.00
17:38:58         ens5   2651.00   2248.00    779.58   1082.52      0.00      0.00      0.00      0.00

17:38:58        IFACE   rxpck/s   txpck/s    rxkB/s    txkB/s   rxcmp/s   txcmp/s  rxmcst/s   %ifutil
17:38:59           lo      0.00      0.00      0.00      0.00      0.00      0.00      0.00      0.00
17:38:59         ens5   3234.00   2699.00    929.62   1305.54      0.00      0.00      0.00      0.00

17:38:59        IFACE   rxpck/s   txpck/s    rxkB/s    txkB/s   rxcmp/s   txcmp/s  rxmcst/s   %ifutil
17:39:00           lo      0.00      0.00      0.00      0.00      0.00      0.00      0.00      0.00
17:39:00         ens5   2523.00   2121.00    783.10   1078.49      0.00      0.00      0.00      0.00

17:39:00        IFACE   rxpck/s   txpck/s    rxkB/s    txkB/s   rxcmp/s   txcmp/s  rxmcst/s   %ifutil
17:39:01           lo      0.00      0.00      0.00      0.00      0.00      0.00      0.00      0.00
17:39:01         ens5   2377.00   2038.00    774.17   1219.92      0.00      0.00      0.00      0.00

17:39:01        IFACE   rxpck/s   txpck/s    rxkB/s    txkB/s   rxcmp/s   txcmp/s  rxmcst/s   %ifutil
17:39:02           lo      0.00      0.00      0.00      0.00      0.00      0.00      0.00      0.00
17:39:02         ens5   3066.00   2638.00    946.57   1321.99      0.00      0.00      0.00      0.00

17:39:02        IFACE   rxpck/s   txpck/s    rxkB/s    txkB/s   rxcmp/s   txcmp/s  rxmcst/s   %ifutil
17:39:03           lo      0.00      0.00      0.00      0.00      0.00      0.00      0.00      0.00
17:39:03         ens5   2606.00   2202.00    751.99   1020.58      0.00      0.00      0.00      0.00

17:39:03        IFACE   rxpck/s   txpck/s    rxkB/s    txkB/s   rxcmp/s   txcmp/s  rxmcst/s   %ifutil
17:39:04           lo      0.00      0.00      0.00      0.00      0.00      0.00      0.00      0.00
17:39:04         ens5   2531.00   2100.00    725.48    989.62      0.00      0.00      0.00      0.00

17:39:04        IFACE   rxpck/s   txpck/s    rxkB/s    txkB/s   rxcmp/s   txcmp/s  rxmcst/s   %ifutil
17:39:05           lo      0.00      0.00      0.00      0.00      0.00      0.00      0.00      0.00
17:39:05         ens5   3251.00   2685.00    932.71   1260.59      0.00      0.00      0.00      0.00

17:39:05        IFACE   rxpck/s   txpck/s    rxkB/s    txkB/s   rxcmp/s   txcmp/s  rxmcst/s   %ifutil
17:39:06           lo      0.00      0.00      0.00      0.00      0.00      0.00      0.00      0.00
17:39:06         ens5   2609.00   2182.00    745.25   1038.42      0.00      0.00      0.00      0.00

17:39:06        IFACE   rxpck/s   txpck/s    rxkB/s    txkB/s   rxcmp/s   txcmp/s  rxmcst/s   %ifutil
17:39:07           lo      0.00      0.00      0.00      0.00      0.00      0.00      0.00      0.00
17:39:07         ens5   2413.00   2088.00    706.38    991.09      0.00      0.00      0.00      0.00

17:39:07        IFACE   rxpck/s   txpck/s    rxkB/s    txkB/s   rxcmp/s   txcmp/s  rxmcst/s   %ifutil
17:39:08           lo      0.00      0.00      0.00      0.00      0.00      0.00      0.00      0.00
17:39:08         ens5   3088.00   2601.00    906.25   1221.40      0.00      0.00      0.00      0.00

17:39:08        IFACE   rxpck/s   txpck/s    rxkB/s    txkB/s   rxcmp/s   txcmp/s  rxmcst/s   %ifutil
17:39:09           lo      0.00      0.00      0.00      0.00      0.00      0.00      0.00      0.00
17:39:09         ens5   2757.00   2308.00    795.24   1164.45      0.00      0.00      0.00      0.00

17:39:09        IFACE   rxpck/s   txpck/s    rxkB/s    txkB/s   rxcmp/s   txcmp/s  rxmcst/s   %ifutil
17:39:10           lo      0.00      0.00      0.00      0.00      0.00      0.00      0.00      0.00
17:39:10         ens5   2469.00   2088.00    756.98   1076.05      0.00      0.00      0.00      0.00

17:39:10        IFACE   rxpck/s   txpck/s    rxkB/s    txkB/s   rxcmp/s   txcmp/s  rxmcst/s   %ifutil
17:39:11           lo      0.00      0.00      0.00      0.00      0.00      0.00      0.00      0.00
17:39:11         ens5   2806.00   2430.00    900.20   1352.03      0.00      0.00      0.00      0.00

17:39:11        IFACE   rxpck/s   txpck/s    rxkB/s    txkB/s   rxcmp/s   txcmp/s  rxmcst/s   %ifutil
17:39:12           lo      0.00      0.00      0.00      0.00      0.00      0.00      0.00      0.00
17:39:12         ens5   2756.00   2297.00    840.87   1163.27      0.00      0.00      0.00      0.00

17:39:12        IFACE   rxpck/s   txpck/s    rxkB/s    txkB/s   rxcmp/s   txcmp/s  rxmcst/s   %ifutil
17:39:13           lo      0.00      0.00      0.00      0.00      0.00      0.00      0.00      0.00
17:39:13         ens5   2244.00   1869.00    636.97    873.08      0.00      0.00      0.00      0.00

17:39:13        IFACE   rxpck/s   txpck/s    rxkB/s    txkB/s   rxcmp/s   txcmp/s  rxmcst/s   %ifutil
17:39:14           lo      0.00      0.00      0.00      0.00      0.00      0.00      0.00      0.00
17:39:14         ens5   2717.00   2310.00    807.50   1089.28      0.00      0.00      0.00      0.00

17:39:14        IFACE   rxpck/s   txpck/s    rxkB/s    txkB/s   rxcmp/s   txcmp/s  rxmcst/s   %ifutil
17:39:15           lo      0.00      0.00      0.00      0.00      0.00      0.00      0.00      0.00
17:39:15         ens5   2817.00   2368.00    810.84   1089.44      0.00      0.00      0.00      0.00

17:39:15        IFACE   rxpck/s   txpck/s    rxkB/s    txkB/s   rxcmp/s   txcmp/s  rxmcst/s   %ifutil
17:39:16           lo      0.00      0.00      0.00      0.00      0.00      0.00      0.00      0.00
17:39:16         ens5   2290.00   1910.00    649.86    880.38      0.00      0.00      0.00      0.00

17:39:16        IFACE   rxpck/s   txpck/s    rxkB/s    txkB/s   rxcmp/s   txcmp/s  rxmcst/s   %ifutil
17:39:17           lo      0.00      0.00      0.00      0.00      0.00      0.00      0.00      0.00
17:39:17         ens5   3005.00   2499.00    877.76   1141.72      0.00      0.00      0.00      0.00

17:39:17        IFACE   rxpck/s   txpck/s    rxkB/s    txkB/s   rxcmp/s   txcmp/s  rxmcst/s   %ifutil
17:39:18           lo      0.00      0.00      0.00      0.00      0.00      0.00      0.00      0.00
17:39:18         ens5   2635.00   2216.00    773.68   1048.02      0.00      0.00      0.00      0.00

17:39:18        IFACE   rxpck/s   txpck/s    rxkB/s    txkB/s   rxcmp/s   txcmp/s  rxmcst/s   %ifutil
17:39:19           lo      0.00      0.00      0.00      0.00      0.00      0.00      0.00      0.00
17:39:19         ens5   2258.00   1979.00    669.36    963.26      0.00      0.00      0.00      0.00

17:39:19        IFACE   rxpck/s   txpck/s    rxkB/s    txkB/s   rxcmp/s   txcmp/s  rxmcst/s   %ifutil
17:39:20           lo      0.00      0.00      0.00      0.00      0.00      0.00      0.00      0.00
17:39:20         ens5   3038.00   2560.00    949.67   1290.57      0.00      0.00      0.00      0.00

17:39:20        IFACE   rxpck/s   txpck/s    rxkB/s    txkB/s   rxcmp/s   txcmp/s  rxmcst/s   %ifutil
17:39:21           lo      0.00      0.00      0.00      0.00      0.00      0.00      0.00      0.00
17:39:21         ens5   2528.00   2169.00    839.13   1226.48      0.00      0.00      0.00      0.00

17:39:21        IFACE   rxpck/s   txpck/s    rxkB/s    txkB/s   rxcmp/s   txcmp/s  rxmcst/s   %ifutil
17:39:22           lo      0.00      0.00      0.00      0.00      0.00      0.00      0.00      0.00
17:39:22         ens5   2209.00   1928.00    683.39    980.81      0.00      0.00      0.00      0.00

17:39:22        IFACE   rxpck/s   txpck/s    rxkB/s    txkB/s   rxcmp/s   txcmp/s  rxmcst/s   %ifutil
17:39:23           lo      0.00      0.00      0.00      0.00      0.00      0.00      0.00      0.00
17:39:23         ens5   3080.00   2593.00    899.50   1222.28      0.00      0.00      0.00      0.00

17:39:23        IFACE   rxpck/s   txpck/s    rxkB/s    txkB/s   rxcmp/s   txcmp/s  rxmcst/s   %ifutil
17:39:24           lo      0.00      0.00      0.00      0.00      0.00      0.00      0.00      0.00
17:39:24         ens5   2547.00   2137.00    733.43   1012.03      0.00      0.00      0.00      0.00

17:39:24        IFACE   rxpck/s   txpck/s    rxkB/s    txkB/s   rxcmp/s   txcmp/s  rxmcst/s   %ifutil
17:39:25           lo      0.00      0.00      0.00      0.00      0.00      0.00      0.00      0.00
17:39:25         ens5   2422.77   2037.62    694.38    941.95      0.00      0.00      0.00      0.00

17:39:25        IFACE   rxpck/s   txpck/s    rxkB/s    txkB/s   rxcmp/s   txcmp/s  rxmcst/s   %ifutil
17:39:26           lo      0.00      0.00      0.00      0.00      0.00      0.00      0.00      0.00
17:39:26         ens5   3080.00   2621.00    898.15   1201.40      0.00      0.00      0.00      0.00

17:39:26        IFACE   rxpck/s   txpck/s    rxkB/s    txkB/s   rxcmp/s   txcmp/s  rxmcst/s   %ifutil
17:39:27           lo      0.00      0.00      0.00      0.00      0.00      0.00      0.00      0.00
17:39:27         ens5   2495.00   2103.00    712.71    978.72      0.00      0.00      0.00      0.00

17:39:27        IFACE   rxpck/s   txpck/s    rxkB/s    txkB/s   rxcmp/s   txcmp/s  rxmcst/s   %ifutil
17:39:28           lo      0.00      0.00      0.00      0.00      0.00      0.00      0.00      0.00
17:39:28         ens5   2632.00   2193.00    766.41   1041.59      0.00      0.00      0.00      0.00

17:39:28        IFACE   rxpck/s   txpck/s    rxkB/s    txkB/s   rxcmp/s   txcmp/s  rxmcst/s   %ifutil
17:39:29           lo      0.00      0.00      0.00      0.00      0.00      0.00      0.00      0.00
17:39:29         ens5   2857.00   2517.00    863.11   1241.67      0.00      0.00      0.00      0.00

17:39:29        IFACE   rxpck/s   txpck/s    rxkB/s    txkB/s   rxcmp/s   txcmp/s  rxmcst/s   %ifutil
17:39:30           lo      0.00      0.00      0.00      0.00      0.00      0.00      0.00      0.00
17:39:30         ens5   2047.00   1891.00    693.94    989.63      0.00      0.00      0.00      0.00

17:39:30        IFACE   rxpck/s   txpck/s    rxkB/s    txkB/s   rxcmp/s   txcmp/s  rxmcst/s   %ifutil
17:39:31           lo      0.00      0.00      0.00      0.00      0.00      0.00      0.00      0.00
17:39:31         ens5   2576.00   2182.00    835.52   1252.96      0.00      0.00      0.00      0.00

17:39:31        IFACE   rxpck/s   txpck/s    rxkB/s    txkB/s   rxcmp/s   txcmp/s  rxmcst/s   %ifutil
17:39:32           lo      0.00      0.00      0.00      0.00      0.00      0.00      0.00      0.00
17:39:32         ens5   2485.00   2192.00    809.44   1158.62      0.00      0.00      0.00      0.00

17:39:32        IFACE   rxpck/s   txpck/s    rxkB/s    txkB/s   rxcmp/s   txcmp/s  rxmcst/s   %ifutil
17:39:33           lo      0.00      0.00      0.00      0.00      0.00      0.00      0.00      0.00
17:39:33         ens5   2163.00   1914.00    631.80    879.41      0.00      0.00      0.00      0.00

17:39:33        IFACE   rxpck/s   txpck/s    rxkB/s    txkB/s   rxcmp/s   txcmp/s  rxmcst/s   %ifutil
17:39:34           lo      0.00      0.00      0.00      0.00      0.00      0.00      0.00      0.00
17:39:34         ens5   2422.00   2046.00    712.90    974.99      0.00      0.00      0.00      0.00

17:39:34        IFACE   rxpck/s   txpck/s    rxkB/s    txkB/s   rxcmp/s   txcmp/s  rxmcst/s   %ifutil
17:39:35           lo      0.00      0.00      0.00      0.00      0.00      0.00      0.00      0.00
17:39:35         ens5   2975.00   2524.00    872.56   1187.64      0.00      0.00      0.00      0.00

17:39:35        IFACE   rxpck/s   txpck/s    rxkB/s    txkB/s   rxcmp/s   txcmp/s  rxmcst/s   %ifutil
17:39:36           lo      0.00      0.00      0.00      0.00      0.00      0.00      0.00      0.00
17:39:36         ens5   2246.00   1951.00    649.36    897.54      0.00      0.00      0.00      0.00

17:39:36        IFACE   rxpck/s   txpck/s    rxkB/s    txkB/s   rxcmp/s   txcmp/s  rxmcst/s   %ifutil
17:39:37           lo      0.00      0.00      0.00      0.00      0.00      0.00      0.00      0.00
17:39:37         ens5   2862.00   2387.00    829.54   1122.37      0.00      0.00      0.00      0.00

17:39:37        IFACE   rxpck/s   txpck/s    rxkB/s    txkB/s   rxcmp/s   txcmp/s  rxmcst/s   %ifutil
17:39:38           lo      0.00      0.00      0.00      0.00      0.00      0.00      0.00      0.00
17:39:38         ens5   1484.00   1293.00    431.97    669.61      0.00      0.00      0.00      0.00

17:39:38        IFACE   rxpck/s   txpck/s    rxkB/s    txkB/s   rxcmp/s   txcmp/s  rxmcst/s   %ifutil
17:39:39           lo      0.00      0.00      0.00      0.00      0.00      0.00      0.00      0.00
17:39:39         ens5   1426.00   1254.00    407.03    676.75      0.00      0.00      0.00      0.00

17:39:39        IFACE   rxpck/s   txpck/s    rxkB/s    txkB/s   rxcmp/s   txcmp/s  rxmcst/s   %ifutil
17:39:40           lo      0.00      0.00      0.00      0.00      0.00      0.00      0.00      0.00
17:39:40         ens5   1761.00   1569.00    556.52    815.87      0.00      0.00      0.00      0.00

17:39:40        IFACE   rxpck/s   txpck/s    rxkB/s    txkB/s   rxcmp/s   txcmp/s  rxmcst/s   %ifutil
17:39:41           lo      0.00      0.00      0.00      0.00      0.00      0.00      0.00      0.00
17:39:41         ens5   1868.00   1680.00    677.41   1064.71      0.00      0.00      0.00      0.00

17:39:41        IFACE   rxpck/s   txpck/s    rxkB/s    txkB/s   rxcmp/s   txcmp/s  rxmcst/s   %ifutil
17:39:42           lo      0.00      0.00      0.00      0.00      0.00      0.00      0.00      0.00
17:39:42         ens5   2892.00   2392.00    822.71   1188.80      0.00      0.00      0.00      0.00

17:39:42        IFACE   rxpck/s   txpck/s    rxkB/s    txkB/s   rxcmp/s   txcmp/s  rxmcst/s   %ifutil
17:39:43           lo      0.00      0.00      0.00      0.00      0.00      0.00      0.00      0.00
17:39:43         ens5   2847.00   2358.00    821.76   1129.35      0.00      0.00      0.00      0.00

17:39:43        IFACE   rxpck/s   txpck/s    rxkB/s    txkB/s   rxcmp/s   txcmp/s  rxmcst/s   %ifutil
17:39:44           lo      0.00      0.00      0.00      0.00      0.00      0.00      0.00      0.00
17:39:44         ens5   2224.00   1932.00    638.28    884.11      0.00      0.00      0.00      0.00

17:39:44        IFACE   rxpck/s   txpck/s    rxkB/s    txkB/s   rxcmp/s   txcmp/s  rxmcst/s   %ifutil
17:39:45           lo      0.00      0.00      0.00      0.00      0.00      0.00      0.00      0.00
17:39:45         ens5   2738.00   2314.00    788.38   1098.78      0.00      0.00      0.00      0.00

17:39:45        IFACE   rxpck/s   txpck/s    rxkB/s    txkB/s   rxcmp/s   txcmp/s  rxmcst/s   %ifutil
17:39:46           lo      0.00      0.00      0.00      0.00      0.00      0.00      0.00      0.00
17:39:46         ens5   2979.00   2466.00    853.58   1144.72      0.00      0.00      0.00      0.00

17:39:46        IFACE   rxpck/s   txpck/s    rxkB/s    txkB/s   rxcmp/s   txcmp/s  rxmcst/s   %ifutil
17:39:47           lo      0.00      0.00      0.00      0.00      0.00      0.00      0.00      0.00
17:39:47         ens5   2040.00   1765.00    585.22    827.66      0.00      0.00      0.00      0.00

17:39:47        IFACE   rxpck/s   txpck/s    rxkB/s    txkB/s   rxcmp/s   txcmp/s  rxmcst/s   %ifutil
17:39:48           lo      0.00      0.00      0.00      0.00      0.00      0.00      0.00      0.00
17:39:48         ens5   2869.00   2380.00    830.95   1132.66      0.00      0.00      0.00      0.00

17:39:48        IFACE   rxpck/s   txpck/s    rxkB/s    txkB/s   rxcmp/s   txcmp/s  rxmcst/s   %ifutil
17:39:49           lo      0.00      0.00      0.00      0.00      0.00      0.00      0.00      0.00
17:39:49         ens5   2857.00   2339.00    805.82   1147.13      0.00      0.00      0.00      0.00

17:39:49        IFACE   rxpck/s   txpck/s    rxkB/s    txkB/s   rxcmp/s   txcmp/s  rxmcst/s   %ifutil
17:39:50           lo      0.00      0.00      0.00      0.00      0.00      0.00      0.00      0.00
17:39:50         ens5   2288.00   1935.00    711.16    993.86      0.00      0.00      0.00      0.00

17:39:50        IFACE   rxpck/s   txpck/s    rxkB/s    txkB/s   rxcmp/s   txcmp/s  rxmcst/s   %ifutil
17:39:51           lo      0.00      0.00      0.00      0.00      0.00      0.00      0.00      0.00
17:39:51         ens5   2640.00   2239.00    881.08   1302.86      0.00      0.00      0.00      0.00

17:39:51        IFACE   rxpck/s   txpck/s    rxkB/s    txkB/s   rxcmp/s   txcmp/s  rxmcst/s   %ifutil
17:39:52           lo      0.00      0.00      0.00      0.00      0.00      0.00      0.00      0.00
17:39:52         ens5   2850.00   2380.00    832.02   1230.14      0.00      0.00      0.00      0.00

17:39:52        IFACE   rxpck/s   txpck/s    rxkB/s    txkB/s   rxcmp/s   txcmp/s  rxmcst/s   %ifutil
17:39:54           lo      0.00      0.00      0.00      0.00      0.00      0.00      0.00      0.00
17:39:54         ens5   2189.00   1956.00    634.23    884.92      0.00      0.00      0.00      0.00

17:39:54        IFACE   rxpck/s   txpck/s    rxkB/s    txkB/s   rxcmp/s   txcmp/s  rxmcst/s   %ifutil
17:39:54           lo      0.00      0.00      0.00      0.00      0.00      0.00      0.00      0.00
17:39:54         ens5   3030.00   2537.00    872.97   1172.73      0.00      0.00      0.00      0.00

17:39:54        IFACE   rxpck/s   txpck/s    rxkB/s    txkB/s   rxcmp/s   txcmp/s  rxmcst/s   %ifutil
17:39:55           lo      0.00      0.00      0.00      0.00      0.00      0.00      0.00      0.00
17:39:55         ens5   2935.00   2445.00    852.08   1142.50      0.00      0.00      0.00      0.00

17:39:55        IFACE   rxpck/s   txpck/s    rxkB/s    txkB/s   rxcmp/s   txcmp/s  rxmcst/s   %ifutil
17:39:56           lo      0.00      0.00      0.00      0.00      0.00      0.00      0.00      0.00
17:39:56         ens5   2523.00   2149.00    730.45   1002.84      0.00      0.00      0.00      0.00

17:39:56        IFACE   rxpck/s   txpck/s    rxkB/s    txkB/s   rxcmp/s   txcmp/s  rxmcst/s   %ifutil
17:39:57           lo      0.00      0.00      0.00      0.00      0.00      0.00      0.00      0.00
17:39:57         ens5   2353.00   2007.00    690.71    944.06      0.00      0.00      0.00      0.00

17:39:57        IFACE   rxpck/s   txpck/s    rxkB/s    txkB/s   rxcmp/s   txcmp/s  rxmcst/s   %ifutil
17:39:58           lo      0.00      0.00      0.00      0.00      0.00      0.00      0.00      0.00
17:39:58         ens5   3107.00   2639.00    919.02   1240.32      0.00      0.00      0.00      0.00

17:39:58        IFACE   rxpck/s   txpck/s    rxkB/s    txkB/s   rxcmp/s   txcmp/s  rxmcst/s   %ifutil
17:39:59           lo      0.00      0.00      0.00      0.00      0.00      0.00      0.00      0.00
17:39:59         ens5   2042.00   1843.00    580.50    899.75      0.00      0.00      0.00      0.00

17:39:59        IFACE   rxpck/s   txpck/s    rxkB/s    txkB/s   rxcmp/s   txcmp/s  rxmcst/s   %ifutil
17:40:00           lo      0.00      0.00      0.00      0.00      0.00      0.00      0.00      0.00
17:40:00         ens5   2776.00   2315.00    851.96   1177.81      0.00      0.00      0.00      0.00

17:40:00        IFACE   rxpck/s   txpck/s    rxkB/s    txkB/s   rxcmp/s   txcmp/s  rxmcst/s   %ifutil
17:40:01           lo      0.00      0.00      0.00      0.00      0.00      0.00      0.00      0.00
17:40:01         ens5   3074.00   2568.00   1023.88   1469.21      0.00      0.00      0.00      0.00

17:40:01        IFACE   rxpck/s   txpck/s    rxkB/s    txkB/s   rxcmp/s   txcmp/s  rxmcst/s   %ifutil
17:40:02           lo      0.00      0.00      0.00      0.00      0.00      0.00      0.00      0.00
17:40:02         ens5   1917.00   1672.00    549.73    888.67      0.00      0.00      0.00      0.00

17:40:02        IFACE   rxpck/s   txpck/s    rxkB/s    txkB/s   rxcmp/s   txcmp/s  rxmcst/s   %ifutil
17:40:03           lo      0.00      0.00      0.00      0.00      0.00      0.00      0.00      0.00
17:40:03         ens5   2438.00   2064.00    701.70   1178.41      0.00      0.00      0.00      0.00

17:40:03        IFACE   rxpck/s   txpck/s    rxkB/s    txkB/s   rxcmp/s   txcmp/s  rxmcst/s   %ifutil
17:40:04           lo      0.00      0.00      0.00      0.00      0.00      0.00      0.00      0.00
17:40:04         ens5   3115.00   2573.00    888.86   1192.87      0.00      0.00      0.00      0.00

17:40:04        IFACE   rxpck/s   txpck/s    rxkB/s    txkB/s   rxcmp/s   txcmp/s  rxmcst/s   %ifutil
17:40:05           lo      0.00      0.00      0.00      0.00      0.00      0.00      0.00      0.00
17:40:05         ens5   2466.00   2109.00    709.31    981.95      0.00      0.00      0.00      0.00

17:40:05        IFACE   rxpck/s   txpck/s    rxkB/s    txkB/s   rxcmp/s   txcmp/s  rxmcst/s   %ifutil
17:40:06           lo      0.00      0.00      0.00      0.00      0.00      0.00      0.00      0.00
17:40:06         ens5   2683.00   2261.00    776.40   1034.15      0.00      0.00      0.00      0.00

17:40:06        IFACE   rxpck/s   txpck/s    rxkB/s    txkB/s   rxcmp/s   txcmp/s  rxmcst/s   %ifutil
17:40:07           lo      0.00      0.00      0.00      0.00      0.00      0.00      0.00      0.00
17:40:07         ens5   3149.00   2676.00    937.47   1261.51      0.00      0.00      0.00      0.00

17:40:07        IFACE   rxpck/s   txpck/s    rxkB/s    txkB/s   rxcmp/s   txcmp/s  rxmcst/s   %ifutil
17:40:08           lo      0.00      0.00      0.00      0.00      0.00      0.00      0.00      0.00
17:40:08         ens5   2493.00   2089.00    721.53   1002.02      0.00      0.00      0.00      0.00

17:40:08        IFACE   rxpck/s   txpck/s    rxkB/s    txkB/s   rxcmp/s   txcmp/s  rxmcst/s   %ifutil
17:40:09           lo      0.00      0.00      0.00      0.00      0.00      0.00      0.00      0.00
17:40:09         ens5   2494.00   2120.00    733.60   1076.67      0.00      0.00      0.00      0.00

17:40:09        IFACE   rxpck/s   txpck/s    rxkB/s    txkB/s   rxcmp/s   txcmp/s  rxmcst/s   %ifutil
17:40:10           lo      0.00      0.00      0.00      0.00      0.00      0.00      0.00      0.00
17:40:10         ens5   3220.00   2706.00    990.49   1354.62      0.00      0.00      0.00      0.00

17:40:10        IFACE   rxpck/s   txpck/s    rxkB/s    txkB/s   rxcmp/s   txcmp/s  rxmcst/s   %ifutil
17:40:11           lo      0.00      0.00      0.00      0.00      0.00      0.00      0.00      0.00
17:40:11         ens5   2566.00   2182.00    862.09   1242.41      0.00      0.00      0.00      0.00

17:40:11        IFACE   rxpck/s   txpck/s    rxkB/s    txkB/s   rxcmp/s   txcmp/s  rxmcst/s   %ifutil
17:40:12           lo      0.00      0.00      0.00      0.00      0.00      0.00      0.00      0.00
17:40:12         ens5   2453.00   2088.00    718.60   1061.40      0.00      0.00      0.00      0.00

17:40:12        IFACE   rxpck/s   txpck/s    rxkB/s    txkB/s   rxcmp/s   txcmp/s  rxmcst/s   %ifutil
17:40:13           lo      0.00      0.00      0.00      0.00      0.00      0.00      0.00      0.00
17:40:13         ens5   3074.00   2559.00    880.99   1193.21      0.00      0.00      0.00      0.00

17:40:13        IFACE   rxpck/s   txpck/s    rxkB/s    txkB/s   rxcmp/s   txcmp/s  rxmcst/s   %ifutil
17:40:14           lo      0.00      0.00      0.00      0.00      0.00      0.00      0.00      0.00
17:40:14         ens5   2894.00   2429.00    825.30   1132.47      0.00      0.00      0.00      0.00

17:40:14        IFACE   rxpck/s   txpck/s    rxkB/s    txkB/s   rxcmp/s   txcmp/s  rxmcst/s   %ifutil
17:40:15           lo      0.00      0.00      0.00      0.00      0.00      0.00      0.00      0.00
17:40:15         ens5   2496.00   2080.00    712.90    974.16      0.00      0.00      0.00      0.00

17:40:15        IFACE   rxpck/s   txpck/s    rxkB/s    txkB/s   rxcmp/s   txcmp/s  rxmcst/s   %ifutil
17:40:16           lo      0.00      0.00      0.00      0.00      0.00      0.00      0.00      0.00
17:40:16         ens5   3070.00   2578.00    890.59   1186.18      0.00      0.00      0.00      0.00

17:40:16        IFACE   rxpck/s   txpck/s    rxkB/s    txkB/s   rxcmp/s   txcmp/s  rxmcst/s   %ifutil
17:40:17           lo      0.00      0.00      0.00      0.00      0.00      0.00      0.00      0.00
17:40:17         ens5   2960.00   2455.00    853.29   1124.95      0.00      0.00      0.00      0.00

17:40:17        IFACE   rxpck/s   txpck/s    rxkB/s    txkB/s   rxcmp/s   txcmp/s  rxmcst/s   %ifutil
17:40:18           lo      0.00      0.00      0.00      0.00      0.00      0.00      0.00      0.00
17:40:18         ens5   2402.00   2027.00    689.00    935.45      0.00      0.00      0.00      0.00

17:40:18        IFACE   rxpck/s   txpck/s    rxkB/s    txkB/s   rxcmp/s   txcmp/s  rxmcst/s   %ifutil
17:40:19           lo      0.00      0.00      0.00      0.00      0.00      0.00      0.00      0.00
17:40:19         ens5   2838.00   2425.00    847.24   1178.76      0.00      0.00      0.00      0.00

17:40:19        IFACE   rxpck/s   txpck/s    rxkB/s    txkB/s   rxcmp/s   txcmp/s  rxmcst/s   %ifutil
17:40:20           lo      0.00      0.00      0.00      0.00      0.00      0.00      0.00      0.00
17:40:20         ens5   2679.00   2404.00    857.17   1222.26      0.00      0.00      0.00      0.00

17:40:20        IFACE   rxpck/s   txpck/s    rxkB/s    txkB/s   rxcmp/s   txcmp/s  rxmcst/s   %ifutil
17:40:21           lo      0.00      0.00      0.00      0.00      0.00      0.00      0.00      0.00
17:40:21         ens5   2002.00   2000.00    745.71   1168.79      0.00      0.00      0.00      0.00

17:40:21        IFACE   rxpck/s   txpck/s    rxkB/s    txkB/s   rxcmp/s   txcmp/s  rxmcst/s   %ifutil
17:40:22           lo      0.00      0.00      0.00      0.00      0.00      0.00      0.00      0.00
17:40:22         ens5   2808.00   2481.00    878.09   1199.11      0.00      0.00      0.00      0.00

17:40:22        IFACE   rxpck/s   txpck/s    rxkB/s    txkB/s   rxcmp/s   txcmp/s  rxmcst/s   %ifutil
17:40:23           lo      0.00      0.00      0.00      0.00      0.00      0.00      0.00      0.00
17:40:23         ens5   2900.00   2410.00    825.96   1105.36      0.00      0.00      0.00      0.00

17:40:23        IFACE   rxpck/s   txpck/s    rxkB/s    txkB/s   rxcmp/s   txcmp/s  rxmcst/s   %ifutil
17:40:24           lo      0.00      0.00      0.00      0.00      0.00      0.00      0.00      0.00
17:40:24         ens5   2320.00   2014.00    680.78    910.09      0.00      0.00      0.00      0.00

17:40:24        IFACE   rxpck/s   txpck/s    rxkB/s    txkB/s   rxcmp/s   txcmp/s  rxmcst/s   %ifutil
17:40:25           lo      0.00      0.00      0.00      0.00      0.00      0.00      0.00      0.00
17:40:25         ens5   3077.00   2570.00    885.29   1185.57      0.00      0.00      0.00      0.00

17:40:25        IFACE   rxpck/s   txpck/s    rxkB/s    txkB/s   rxcmp/s   txcmp/s  rxmcst/s   %ifutil
17:40:26           lo      0.00      0.00      0.00      0.00      0.00      0.00      0.00      0.00
17:40:26         ens5   2771.00   2309.00    799.40   1071.22      0.00      0.00      0.00      0.00

17:40:26        IFACE   rxpck/s   txpck/s    rxkB/s    txkB/s   rxcmp/s   txcmp/s  rxmcst/s   %ifutil
17:40:27           lo      0.00      0.00      0.00      0.00      0.00      0.00      0.00      0.00
17:40:27         ens5   2172.00   2128.00    648.59   3270.55      0.00      0.00      0.00      0.00

17:40:27        IFACE   rxpck/s   txpck/s    rxkB/s    txkB/s   rxcmp/s   txcmp/s  rxmcst/s   %ifutil
17:40:28           lo      0.00      0.00      0.00      0.00      0.00      0.00      0.00      0.00
17:40:28         ens5   3087.00   2544.00    924.72   1328.19      0.00      0.00      0.00      0.00

17:40:28        IFACE   rxpck/s   txpck/s    rxkB/s    txkB/s   rxcmp/s   txcmp/s  rxmcst/s   %ifutil
17:40:29           lo      0.00      0.00      0.00      0.00      0.00      0.00      0.00      0.00
17:40:29         ens5   1430.00   1317.00    439.60    760.09      0.00      0.00      0.00      0.00
