Linux 6.1.166-197.305.amzn2023.x86_64 (ip-172-31-43-57.ec2.internal) 	04/21/26 	_x86_64_	(2 CPU)

17:49:47        IFACE   rxpck/s   txpck/s    rxkB/s    txkB/s   rxcmp/s   txcmp/s  rxmcst/s   %ifutil
17:49:48           lo      0.00      0.00      0.00      0.00      0.00      0.00      0.00      0.00
17:49:48         ens5    470.00    535.00    154.93    165.96      0.00      0.00      0.00      0.00

17:49:48        IFACE   rxpck/s   txpck/s    rxkB/s    txkB/s   rxcmp/s   txcmp/s  rxmcst/s   %ifutil
17:49:49           lo      0.00      0.00      0.00      0.00      0.00      0.00      0.00      0.00
17:49:49         ens5   1333.00   1583.00    423.87    500.61      0.00      0.00      0.00      0.00

17:49:49        IFACE   rxpck/s   txpck/s    rxkB/s    txkB/s   rxcmp/s   txcmp/s  rxmcst/s   %ifutil
17:49:50           lo      0.00      0.00      0.00      0.00      0.00      0.00      0.00      0.00
17:49:50         ens5   1535.00   1868.00    483.40    537.91      0.00      0.00      0.00      0.00

17:49:50        IFACE   rxpck/s   txpck/s    rxkB/s    txkB/s   rxcmp/s   txcmp/s  rxmcst/s   %ifutil
17:49:51           lo      0.00      0.00      0.00      0.00      0.00      0.00      0.00      0.00
17:49:51         ens5   1026.00   1227.00    428.57    394.69      0.00      0.00      0.00      0.00

17:49:51        IFACE   rxpck/s   txpck/s    rxkB/s    txkB/s   rxcmp/s   txcmp/s  rxmcst/s   %ifutil
17:49:52           lo      0.00      0.00      0.00      0.00      0.00      0.00      0.00      0.00
17:49:52         ens5   1590.00   1948.00    583.31    639.71      0.00      0.00      0.00      0.00

17:49:52        IFACE   rxpck/s   txpck/s    rxkB/s    txkB/s   rxcmp/s   txcmp/s  rxmcst/s   %ifutil
17:49:53           lo      0.00      0.00      0.00      0.00      0.00      0.00      0.00      0.00
17:49:53         ens5   1134.00   1410.00    343.36    395.64      0.00      0.00      0.00      0.00

17:49:53        IFACE   rxpck/s   txpck/s    rxkB/s    txkB/s   rxcmp/s   txcmp/s  rxmcst/s   %ifutil
17:49:54           lo      0.00      0.00      0.00      0.00      0.00      0.00      0.00      0.00
17:49:54         ens5   1526.00   1861.00    478.89    562.39      0.00      0.00      0.00      0.00

17:49:54        IFACE   rxpck/s   txpck/s    rxkB/s    txkB/s   rxcmp/s   txcmp/s  rxmcst/s   %ifutil
17:49:55           lo      0.00      0.00      0.00      0.00      0.00      0.00      0.00      0.00
17:49:55         ens5   1346.00   1645.00    417.51    470.70      0.00      0.00      0.00      0.00

17:49:55        IFACE   rxpck/s   txpck/s    rxkB/s    txkB/s   rxcmp/s   txcmp/s  rxmcst/s   %ifutil
17:49:56           lo      0.00      0.00      0.00      0.00      0.00      0.00      0.00      0.00
17:49:56         ens5   1179.00   1467.00    372.15    449.09      0.00      0.00      0.00      0.00

17:49:56        IFACE   rxpck/s   txpck/s    rxkB/s    txkB/s   rxcmp/s   txcmp/s  rxmcst/s   %ifutil
17:49:57           lo      0.00      0.00      0.00      0.00      0.00      0.00      0.00      0.00
17:49:57         ens5   1828.00   2261.00    554.26    684.75      0.00      0.00      0.00      0.00

17:49:57        IFACE   rxpck/s   txpck/s    rxkB/s    txkB/s   rxcmp/s   txcmp/s  rxmcst/s   %ifutil
17:49:58           lo      0.00      0.00      0.00      0.00      0.00      0.00      0.00      0.00
17:49:58         ens5    934.00   1096.00    286.36    325.58      0.00      0.00      0.00      0.00

17:49:58        IFACE   rxpck/s   txpck/s    rxkB/s    txkB/s   rxcmp/s   txcmp/s  rxmcst/s   %ifutil
17:49:59           lo      0.00      0.00      0.00      0.00      0.00      0.00      0.00      0.00
17:49:59         ens5   1746.00   2131.00    539.52    646.81      0.00      0.00      0.00      0.00

17:49:59        IFACE   rxpck/s   txpck/s    rxkB/s    txkB/s   rxcmp/s   txcmp/s  rxmcst/s   %ifutil
17:50:00           lo      0.00      0.00      0.00      0.00      0.00      0.00      0.00      0.00
17:50:00         ens5   1176.00   1445.00    404.26    450.29      0.00      0.00      0.00      0.00

17:50:00        IFACE   rxpck/s   txpck/s    rxkB/s    txkB/s   rxcmp/s   txcmp/s  rxmcst/s   %ifutil
17:50:01           lo      0.00      0.00      0.00      0.00      0.00      0.00      0.00      0.00
17:50:01         ens5   1299.00   1562.00    511.45    494.67      0.00      0.00      0.00      0.00

17:50:01        IFACE   rxpck/s   txpck/s    rxkB/s    txkB/s   rxcmp/s   txcmp/s  rxmcst/s   %ifutil
17:50:02           lo      0.00      0.00      0.00      0.00      0.00      0.00      0.00      0.00
17:50:02         ens5   1456.00   1753.00    538.25    569.87      0.00      0.00      0.00      0.00

17:50:02        IFACE   rxpck/s   txpck/s    rxkB/s    txkB/s   rxcmp/s   txcmp/s  rxmcst/s   %ifutil
17:50:03           lo      0.00      0.00      0.00      0.00      0.00      0.00      0.00      0.00
17:50:03         ens5   1048.00   1290.00    301.63    354.31      0.00      0.00      0.00      0.00

17:50:03        IFACE   rxpck/s   txpck/s    rxkB/s    txkB/s   rxcmp/s   txcmp/s  rxmcst/s   %ifutil
17:50:04           lo      0.00      0.00      0.00      0.00      0.00      0.00      0.00      0.00
17:50:04         ens5   1770.00   2137.00    525.60    609.12      0.00      0.00      0.00      0.00

17:50:04        IFACE   rxpck/s   txpck/s    rxkB/s    txkB/s   rxcmp/s   txcmp/s  rxmcst/s   %ifutil
17:50:05           lo      0.00      0.00      0.00      0.00      0.00      0.00      0.00      0.00
17:50:05         ens5   1091.00   1302.00    319.82    359.40      0.00      0.00      0.00      0.00

17:50:05        IFACE   rxpck/s   txpck/s    rxkB/s    txkB/s   rxcmp/s   txcmp/s  rxmcst/s   %ifutil
17:50:06           lo      0.00      0.00      0.00      0.00      0.00      0.00      0.00      0.00
17:50:06         ens5   1518.00   1857.00    443.60    517.92      0.00      0.00      0.00      0.00

17:50:06        IFACE   rxpck/s   txpck/s    rxkB/s    txkB/s   rxcmp/s   txcmp/s  rxmcst/s   %ifutil
17:50:07           lo      0.00      0.00      0.00      0.00      0.00      0.00      0.00      0.00
17:50:07         ens5   1462.00   1788.00    440.47    533.41      0.00      0.00      0.00      0.00

17:50:07        IFACE   rxpck/s   txpck/s    rxkB/s    txkB/s   rxcmp/s   txcmp/s  rxmcst/s   %ifutil
17:50:08           lo      0.00      0.00      0.00      0.00      0.00      0.00      0.00      0.00
17:50:08         ens5   1190.00   1459.00    369.82    424.24      0.00      0.00      0.00      0.00

17:50:08        IFACE   rxpck/s   txpck/s    rxkB/s    txkB/s   rxcmp/s   txcmp/s  rxmcst/s   %ifutil
17:50:09           lo      0.00      0.00      0.00      0.00      0.00      0.00      0.00      0.00
17:50:09         ens5   1701.00   2065.00    514.38    600.58      0.00      0.00      0.00      0.00

17:50:09        IFACE   rxpck/s   txpck/s    rxkB/s    txkB/s   rxcmp/s   txcmp/s  rxmcst/s   %ifutil
17:50:10           lo      0.00      0.00      0.00      0.00      0.00      0.00      0.00      0.00
17:50:10         ens5    989.00   1209.00    337.20    353.88      0.00      0.00      0.00      0.00

17:50:10        IFACE   rxpck/s   txpck/s    rxkB/s    txkB/s   rxcmp/s   txcmp/s  rxmcst/s   %ifutil
17:50:11           lo      0.00      0.00      0.00      0.00      0.00      0.00      0.00      0.00
17:50:11         ens5   1223.00   1677.00    570.20    602.59      0.00      0.00      0.00      0.00

17:50:11        IFACE   rxpck/s   txpck/s    rxkB/s    txkB/s   rxcmp/s   txcmp/s  rxmcst/s   %ifutil
17:50:12           lo      0.00      0.00      0.00      0.00      0.00      0.00      0.00      0.00
17:50:12         ens5   1300.00   1612.00    486.88    511.96      0.00      0.00      0.00      0.00

17:50:12        IFACE   rxpck/s   txpck/s    rxkB/s    txkB/s   rxcmp/s   txcmp/s  rxmcst/s   %ifutil
17:50:13           lo      0.00      0.00      0.00      0.00      0.00      0.00      0.00      0.00
17:50:13         ens5   1152.00   1204.00    387.37    377.03      0.00      0.00      0.00      0.00

17:50:13        IFACE   rxpck/s   txpck/s    rxkB/s    txkB/s   rxcmp/s   txcmp/s  rxmcst/s   %ifutil
17:50:14           lo      0.00      0.00      0.00      0.00      0.00      0.00      0.00      0.00
17:50:14         ens5   1654.00   1978.00    506.61    581.88      0.00      0.00      0.00      0.00

17:50:14        IFACE   rxpck/s   txpck/s    rxkB/s    txkB/s   rxcmp/s   txcmp/s  rxmcst/s   %ifutil
17:50:15           lo      0.00      0.00      0.00      0.00      0.00      0.00      0.00      0.00
17:50:15         ens5   1026.00   1239.00    288.27    347.76      0.00      0.00      0.00      0.00

17:50:15        IFACE   rxpck/s   txpck/s    rxkB/s    txkB/s   rxcmp/s   txcmp/s  rxmcst/s   %ifutil
17:50:16           lo      0.00      0.00      0.00      0.00      0.00      0.00      0.00      0.00
17:50:16         ens5   1696.00   2047.00    528.27    608.67      0.00      0.00      0.00      0.00

17:50:16        IFACE   rxpck/s   txpck/s    rxkB/s    txkB/s   rxcmp/s   txcmp/s  rxmcst/s   %ifutil
17:50:17           lo      0.00      0.00      0.00      0.00      0.00      0.00      0.00      0.00
17:50:17         ens5   1222.00   1510.00    378.67    445.46      0.00      0.00      0.00      0.00

17:50:17        IFACE   rxpck/s   txpck/s    rxkB/s    txkB/s   rxcmp/s   txcmp/s  rxmcst/s   %ifutil
17:50:18           lo      0.00      0.00      0.00      0.00      0.00      0.00      0.00      0.00
17:50:18         ens5   1386.00   1750.00    429.79    502.26      0.00      0.00      0.00      0.00

17:50:18        IFACE   rxpck/s   txpck/s    rxkB/s    txkB/s   rxcmp/s   txcmp/s  rxmcst/s   %ifutil
17:50:19           lo      0.00      0.00      0.00      0.00      0.00      0.00      0.00      0.00
17:50:19         ens5   1459.00   1798.00    452.22    538.11      0.00      0.00      0.00      0.00

17:50:19        IFACE   rxpck/s   txpck/s    rxkB/s    txkB/s   rxcmp/s   txcmp/s  rxmcst/s   %ifutil
17:50:20           lo      0.00      0.00      0.00      0.00      0.00      0.00      0.00      0.00
17:50:20         ens5   1070.00   1305.00    364.12    400.71      0.00      0.00      0.00      0.00

17:50:20        IFACE   rxpck/s   txpck/s    rxkB/s    txkB/s   rxcmp/s   txcmp/s  rxmcst/s   %ifutil
17:50:21           lo      0.00      0.00      0.00      0.00      0.00      0.00      0.00      0.00
17:50:21         ens5   1621.00   1981.00    625.39    616.56      0.00      0.00      0.00      0.00

17:50:21        IFACE   rxpck/s   txpck/s    rxkB/s    txkB/s   rxcmp/s   txcmp/s  rxmcst/s   %ifutil
17:50:22           lo      0.00      0.00      0.00      0.00      0.00      0.00      0.00      0.00
17:50:22         ens5   1005.00   1215.00    383.37    389.01      0.00      0.00      0.00      0.00

17:50:22        IFACE   rxpck/s   txpck/s    rxkB/s    txkB/s   rxcmp/s   txcmp/s  rxmcst/s   %ifutil
17:50:23           lo      0.00      0.00      0.00      0.00      0.00      0.00      0.00      0.00
17:50:23         ens5   1418.00   1717.00    422.66    513.63      0.00      0.00      0.00      0.00

17:50:23        IFACE   rxpck/s   txpck/s    rxkB/s    txkB/s   rxcmp/s   txcmp/s  rxmcst/s   %ifutil
17:50:24           lo      0.00      0.00      0.00      0.00      0.00      0.00      0.00      0.00
17:50:24         ens5   1253.00   1557.00    414.78    470.25      0.00      0.00      0.00      0.00

17:50:24        IFACE   rxpck/s   txpck/s    rxkB/s    txkB/s   rxcmp/s   txcmp/s  rxmcst/s   %ifutil
17:50:25           lo      0.00      0.00      0.00      0.00      0.00      0.00      0.00      0.00
17:50:25         ens5   1093.00   1324.00    312.02    372.58      0.00      0.00      0.00      0.00

17:50:25        IFACE   rxpck/s   txpck/s    rxkB/s    txkB/s   rxcmp/s   txcmp/s  rxmcst/s   %ifutil
17:50:26           lo      0.00      0.00      0.00      0.00      0.00      0.00      0.00      0.00
17:50:26         ens5   1681.00   2028.00    517.48    582.87      0.00      0.00      0.00      0.00

17:50:26        IFACE   rxpck/s   txpck/s    rxkB/s    txkB/s   rxcmp/s   txcmp/s  rxmcst/s   %ifutil
17:50:27           lo      0.00      0.00      0.00      0.00      0.00      0.00      0.00      0.00
17:50:27         ens5    971.00   1160.00    284.02    327.42      0.00      0.00      0.00      0.00

17:50:27        IFACE   rxpck/s   txpck/s    rxkB/s    txkB/s   rxcmp/s   txcmp/s  rxmcst/s   %ifutil
17:50:28           lo      0.00      0.00      0.00      0.00      0.00      0.00      0.00      0.00
17:50:28         ens5   1255.00   1551.00    374.55    448.46      0.00      0.00      0.00      0.00

17:50:28        IFACE   rxpck/s   txpck/s    rxkB/s    txkB/s   rxcmp/s   txcmp/s  rxmcst/s   %ifutil
17:50:29           lo      0.00      0.00      0.00      0.00      0.00      0.00      0.00      0.00
17:50:29         ens5   1543.00   1902.00    471.45    571.66      0.00      0.00      0.00      0.00

17:50:29        IFACE   rxpck/s   txpck/s    rxkB/s    txkB/s   rxcmp/s   txcmp/s  rxmcst/s   %ifutil
17:50:30           lo      0.00      0.00      0.00      0.00      0.00      0.00      0.00      0.00
17:50:30         ens5    911.00   1097.00    294.38    305.92      0.00      0.00      0.00      0.00

17:50:30        IFACE   rxpck/s   txpck/s    rxkB/s    txkB/s   rxcmp/s   txcmp/s  rxmcst/s   %ifutil
17:50:31           lo      0.00      0.00      0.00      0.00      0.00      0.00      0.00      0.00
17:50:31         ens5   1449.00   1741.00    570.84    582.85      0.00      0.00      0.00      0.00

17:50:31        IFACE   rxpck/s   txpck/s    rxkB/s    txkB/s   rxcmp/s   txcmp/s  rxmcst/s   %ifutil
17:50:32           lo      0.00      0.00      0.00      0.00      0.00      0.00      0.00      0.00
17:50:32         ens5   1256.00   1546.00    467.99    492.44      0.00      0.00      0.00      0.00

17:50:32        IFACE   rxpck/s   txpck/s    rxkB/s    txkB/s   rxcmp/s   txcmp/s  rxmcst/s   %ifutil
17:50:33           lo      0.00      0.00      0.00      0.00      0.00      0.00      0.00      0.00
17:50:33         ens5   1060.00   1283.00    317.08    359.53      0.00      0.00      0.00      0.00

17:50:33        IFACE   rxpck/s   txpck/s    rxkB/s    txkB/s   rxcmp/s   txcmp/s  rxmcst/s   %ifutil
17:50:34           lo      0.00      0.00      0.00      0.00      0.00      0.00      0.00      0.00
17:50:34         ens5   1771.00   2083.00    523.18    594.76      0.00      0.00      0.00      0.00

17:50:34        IFACE   rxpck/s   txpck/s    rxkB/s    txkB/s   rxcmp/s   txcmp/s  rxmcst/s   %ifutil
17:50:35           lo      0.00      0.00      0.00      0.00      0.00      0.00      0.00      0.00
17:50:35         ens5    903.00   1086.00    292.57    359.73      0.00      0.00      0.00      0.00

17:50:35        IFACE   rxpck/s   txpck/s    rxkB/s    txkB/s   rxcmp/s   txcmp/s  rxmcst/s   %ifutil
17:50:36           lo      0.00      0.00      0.00      0.00      0.00      0.00      0.00      0.00
17:50:36         ens5   1391.09   1683.17    447.23    524.48      0.00      0.00      0.00      0.00

17:50:36        IFACE   rxpck/s   txpck/s    rxkB/s    txkB/s   rxcmp/s   txcmp/s  rxmcst/s   %ifutil
17:50:37           lo      0.00      0.00      0.00      0.00      0.00      0.00      0.00      0.00
17:50:37         ens5   1390.00   1691.00    419.06    491.70      0.00      0.00      0.00      0.00

17:50:37        IFACE   rxpck/s   txpck/s    rxkB/s    txkB/s   rxcmp/s   txcmp/s  rxmcst/s   %ifutil
17:50:38           lo      0.00      0.00      0.00      0.00      0.00      0.00      0.00      0.00
17:50:38         ens5   1070.00   1279.00    313.53    364.05      0.00      0.00      0.00      0.00

17:50:38        IFACE   rxpck/s   txpck/s    rxkB/s    txkB/s   rxcmp/s   txcmp/s  rxmcst/s   %ifutil
17:50:39           lo      0.00      0.00      0.00      0.00      0.00      0.00      0.00      0.00
17:50:39         ens5   1678.00   2004.00    506.84    588.16      0.00      0.00      0.00      0.00

17:50:39        IFACE   rxpck/s   txpck/s    rxkB/s    txkB/s   rxcmp/s   txcmp/s  rxmcst/s   %ifutil
17:50:40           lo      0.00      0.00      0.00      0.00      0.00      0.00      0.00      0.00
17:50:40         ens5    781.00    971.00    268.62    279.00      0.00      0.00      0.00      0.00

17:50:40        IFACE   rxpck/s   txpck/s    rxkB/s    txkB/s   rxcmp/s   txcmp/s  rxmcst/s   %ifutil
17:50:41           lo      0.00      0.00      0.00      0.00      0.00      0.00      0.00      0.00
17:50:41         ens5    767.00    908.00    365.65    320.38      0.00      0.00      0.00      0.00

17:50:41        IFACE   rxpck/s   txpck/s    rxkB/s    txkB/s   rxcmp/s   txcmp/s  rxmcst/s   %ifutil
17:50:42           lo      0.00      0.00      0.00      0.00      0.00      0.00      0.00      0.00
17:50:42         ens5   1040.00   1293.00    395.64    411.03      0.00      0.00      0.00      0.00

17:50:42        IFACE   rxpck/s   txpck/s    rxkB/s    txkB/s   rxcmp/s   txcmp/s  rxmcst/s   %ifutil
17:50:43           lo      0.00      0.00      0.00      0.00      0.00      0.00      0.00      0.00
17:50:43         ens5    930.00   1125.00    261.24    328.87      0.00      0.00      0.00      0.00

17:50:43        IFACE   rxpck/s   txpck/s    rxkB/s    txkB/s   rxcmp/s   txcmp/s  rxmcst/s   %ifutil
17:50:44           lo      0.00      0.00      0.00      0.00      0.00      0.00      0.00      0.00
17:50:44         ens5   1582.00   1919.00    466.63    568.69      0.00      0.00      0.00      0.00

17:50:44        IFACE   rxpck/s   txpck/s    rxkB/s    txkB/s   rxcmp/s   txcmp/s  rxmcst/s   %ifutil
17:50:45           lo      0.00      0.00      0.00      0.00      0.00      0.00      0.00      0.00
17:50:45         ens5   1125.00   1370.00    341.82    411.60      0.00      0.00      0.00      0.00

17:50:45        IFACE   rxpck/s   txpck/s    rxkB/s    txkB/s   rxcmp/s   txcmp/s  rxmcst/s   %ifutil
17:50:46           lo      0.00      0.00      0.00      0.00      0.00      0.00      0.00      0.00
17:50:46         ens5   1083.00   1314.00    312.70    373.55      0.00      0.00      0.00      0.00

17:50:46        IFACE   rxpck/s   txpck/s    rxkB/s    txkB/s   rxcmp/s   txcmp/s  rxmcst/s   %ifutil
17:50:47           lo      0.00      0.00      0.00      0.00      0.00      0.00      0.00      0.00
17:50:47         ens5   1570.00   1888.00    463.59    555.06      0.00      0.00      0.00      0.00

17:50:47        IFACE   rxpck/s   txpck/s    rxkB/s    txkB/s   rxcmp/s   txcmp/s  rxmcst/s   %ifutil
17:50:48           lo      0.00      0.00      0.00      0.00      0.00      0.00      0.00      0.00
17:50:48         ens5    905.00   1098.00    264.70    294.37      0.00      0.00      0.00      0.00

17:50:48        IFACE   rxpck/s   txpck/s    rxkB/s    txkB/s   rxcmp/s   txcmp/s  rxmcst/s   %ifutil
17:50:49           lo      0.00      0.00      0.00      0.00      0.00      0.00      0.00      0.00
17:50:49         ens5    729.00    903.00    225.42    275.39      0.00      0.00      0.00      0.00

17:50:49        IFACE   rxpck/s   txpck/s    rxkB/s    txkB/s   rxcmp/s   txcmp/s  rxmcst/s   %ifutil
17:50:50           lo      0.00      0.00      0.00      0.00      0.00      0.00      0.00      0.00
17:50:50         ens5   1295.00   1559.00    387.28    404.45      0.00      0.00      0.00      0.00

17:50:50        IFACE   rxpck/s   txpck/s    rxkB/s    txkB/s   rxcmp/s   txcmp/s  rxmcst/s   %ifutil
17:50:51           lo      0.00      0.00      0.00      0.00      0.00      0.00      0.00      0.00
17:50:51         ens5   1367.00   1633.00    486.82    526.10      0.00      0.00      0.00      0.00

17:50:51        IFACE   rxpck/s   txpck/s    rxkB/s    txkB/s   rxcmp/s   txcmp/s  rxmcst/s   %ifutil
17:50:52           lo      0.00      0.00      0.00      0.00      0.00      0.00      0.00      0.00
17:50:52         ens5    900.00   1057.00    395.43    331.95      0.00      0.00      0.00      0.00

17:50:52        IFACE   rxpck/s   txpck/s    rxkB/s    txkB/s   rxcmp/s   txcmp/s  rxmcst/s   %ifutil
17:50:53           lo      0.00      0.00      0.00      0.00      0.00      0.00      0.00      0.00
17:50:53         ens5   1459.00   2045.00    505.43    689.20      0.00      0.00      0.00      0.00

17:50:53        IFACE   rxpck/s   txpck/s    rxkB/s    txkB/s   rxcmp/s   txcmp/s  rxmcst/s   %ifutil
17:50:54           lo      0.00      0.00      0.00      0.00      0.00      0.00      0.00      0.00
17:50:54         ens5   1215.00   1458.00    363.01    412.88      0.00      0.00      0.00      0.00

17:50:54        IFACE   rxpck/s   txpck/s    rxkB/s    txkB/s   rxcmp/s   txcmp/s  rxmcst/s   %ifutil
17:50:55           lo      0.00      0.00      0.00      0.00      0.00      0.00      0.00      0.00
17:50:55         ens5    826.00    997.00    236.68    284.41      0.00      0.00      0.00      0.00

17:50:55        IFACE   rxpck/s   txpck/s    rxkB/s    txkB/s   rxcmp/s   txcmp/s  rxmcst/s   %ifutil
17:50:56           lo      0.00      0.00      0.00      0.00      0.00      0.00      0.00      0.00
17:50:56         ens5   1554.00   1946.00    488.08    631.69      0.00      0.00      0.00      0.00

17:50:56        IFACE   rxpck/s   txpck/s    rxkB/s    txkB/s   rxcmp/s   txcmp/s  rxmcst/s   %ifutil
17:50:57           lo      0.00      0.00      0.00      0.00      0.00      0.00      0.00      0.00
17:50:57         ens5   1192.00   1456.00    357.08    413.33      0.00      0.00      0.00      0.00

17:50:57        IFACE   rxpck/s   txpck/s    rxkB/s    txkB/s   rxcmp/s   txcmp/s  rxmcst/s   %ifutil
17:50:58           lo      0.00      0.00      0.00      0.00      0.00      0.00      0.00      0.00
17:50:58         ens5   1142.00   1421.00    349.14    442.94      0.00      0.00      0.00      0.00

17:50:58        IFACE   rxpck/s   txpck/s    rxkB/s    txkB/s   rxcmp/s   txcmp/s  rxmcst/s   %ifutil
17:50:59           lo      0.00      0.00      0.00      0.00      0.00      0.00      0.00      0.00
17:50:59         ens5   1620.00   2028.00    514.96    673.51      0.00      0.00      0.00      0.00

17:50:59        IFACE   rxpck/s   txpck/s    rxkB/s    txkB/s   rxcmp/s   txcmp/s  rxmcst/s   %ifutil
17:51:00           lo      0.00      0.00      0.00      0.00      0.00      0.00      0.00      0.00
17:51:00         ens5   1051.00   1305.00    350.82    393.14      0.00      0.00      0.00      0.00

17:51:00        IFACE   rxpck/s   txpck/s    rxkB/s    txkB/s   rxcmp/s   txcmp/s  rxmcst/s   %ifutil
17:51:01           lo      0.00      0.00      0.00      0.00      0.00      0.00      0.00      0.00
17:51:01         ens5   1300.00   1607.00    510.39    516.79      0.00      0.00      0.00      0.00

17:51:01        IFACE   rxpck/s   txpck/s    rxkB/s    txkB/s   rxcmp/s   txcmp/s  rxmcst/s   %ifutil
17:51:02           lo      0.00      0.00      0.00      0.00      0.00      0.00      0.00      0.00
17:51:02         ens5   1399.00   1690.00    531.53    575.14      0.00      0.00      0.00      0.00

17:51:02        IFACE   rxpck/s   txpck/s    rxkB/s    txkB/s   rxcmp/s   txcmp/s  rxmcst/s   %ifutil
17:51:03           lo      0.00      0.00      0.00      0.00      0.00      0.00      0.00      0.00
17:51:03         ens5    929.00   1134.00    271.97    324.22      0.00      0.00      0.00      0.00

17:51:03        IFACE   rxpck/s   txpck/s    rxkB/s    txkB/s   rxcmp/s   txcmp/s  rxmcst/s   %ifutil
17:51:04           lo      0.00      0.00      0.00      0.00      0.00      0.00      0.00      0.00
17:51:04         ens5   1406.00   1721.00    403.18    491.38      0.00      0.00      0.00      0.00

17:51:04        IFACE   rxpck/s   txpck/s    rxkB/s    txkB/s   rxcmp/s   txcmp/s  rxmcst/s   %ifutil
17:51:05           lo      0.00      0.00      0.00      0.00      0.00      0.00      0.00      0.00
17:51:05         ens5   1355.00   1715.00    419.74    514.21      0.00      0.00      0.00      0.00

17:51:05        IFACE   rxpck/s   txpck/s    rxkB/s    txkB/s   rxcmp/s   txcmp/s  rxmcst/s   %ifutil
17:51:06           lo      0.00      0.00      0.00      0.00      0.00      0.00      0.00      0.00
17:51:06         ens5   1041.00   1249.00    305.28    364.89      0.00      0.00      0.00      0.00

17:51:06        IFACE   rxpck/s   txpck/s    rxkB/s    txkB/s   rxcmp/s   txcmp/s  rxmcst/s   %ifutil
17:51:07           lo      0.00      0.00      0.00      0.00      0.00      0.00      0.00      0.00
17:51:07         ens5   1611.00   2000.00    500.68    606.87      0.00      0.00      0.00      0.00

17:51:07        IFACE   rxpck/s   txpck/s    rxkB/s    txkB/s   rxcmp/s   txcmp/s  rxmcst/s   %ifutil
17:51:08           lo      0.00      0.00      0.00      0.00      0.00      0.00      0.00      0.00
17:51:08         ens5   1015.00   1192.00    310.29    355.62      0.00      0.00      0.00      0.00

17:51:08        IFACE   rxpck/s   txpck/s    rxkB/s    txkB/s   rxcmp/s   txcmp/s  rxmcst/s   %ifutil
17:51:09           lo      0.00      0.00      0.00      0.00      0.00      0.00      0.00      0.00
17:51:09         ens5   1393.00   1699.00    422.79    496.75      0.00      0.00      0.00      0.00

17:51:09        IFACE   rxpck/s   txpck/s    rxkB/s    txkB/s   rxcmp/s   txcmp/s  rxmcst/s   %ifutil
17:51:10           lo      0.00      0.00      0.00      0.00      0.00      0.00      0.00      0.00
17:51:10         ens5   1233.00   1514.00    435.60    455.09      0.00      0.00      0.00      0.00

17:51:10        IFACE   rxpck/s   txpck/s    rxkB/s    txkB/s   rxcmp/s   txcmp/s  rxmcst/s   %ifutil
17:51:11           lo      0.00      0.00      0.00      0.00      0.00      0.00      0.00      0.00
17:51:11         ens5    729.00    937.00    375.38    341.76      0.00      0.00      0.00      0.00

17:51:11        IFACE   rxpck/s   txpck/s    rxkB/s    txkB/s   rxcmp/s   txcmp/s  rxmcst/s   %ifutil
17:51:12           lo      0.00      0.00      0.00      0.00      0.00      0.00      0.00      0.00
17:51:12         ens5   1132.00   1484.00    579.23    532.29      0.00      0.00      0.00      0.00

17:51:12        IFACE   rxpck/s   txpck/s    rxkB/s    txkB/s   rxcmp/s   txcmp/s  rxmcst/s   %ifutil
17:51:13           lo      0.00      0.00      0.00      0.00      0.00      0.00      0.00      0.00
17:51:13         ens5   1301.00   1735.00    550.57    587.91      0.00      0.00      0.00      0.00

17:51:13        IFACE   rxpck/s   txpck/s    rxkB/s    txkB/s   rxcmp/s   txcmp/s  rxmcst/s   %ifutil
17:51:14           lo      0.00      0.00      0.00      0.00      0.00      0.00      0.00      0.00
17:51:14         ens5    897.00   1183.00    362.56    388.46      0.00      0.00      0.00      0.00

17:51:14        IFACE   rxpck/s   txpck/s    rxkB/s    txkB/s   rxcmp/s   txcmp/s  rxmcst/s   %ifutil
17:51:15           lo      0.00      0.00      0.00      0.00      0.00      0.00      0.00      0.00
17:51:15         ens5   1202.00   1559.00    505.06    521.32      0.00      0.00      0.00      0.00

17:51:15        IFACE   rxpck/s   txpck/s    rxkB/s    txkB/s   rxcmp/s   txcmp/s  rxmcst/s   %ifutil
17:51:16           lo      0.00      0.00      0.00      0.00      0.00      0.00      0.00      0.00
17:51:16         ens5   1274.00   1680.00    523.19    567.71      0.00      0.00      0.00      0.00

17:51:16        IFACE   rxpck/s   txpck/s    rxkB/s    txkB/s   rxcmp/s   txcmp/s  rxmcst/s   %ifutil
17:51:17           lo      0.00      0.00      0.00      0.00      0.00      0.00      0.00      0.00
17:51:17         ens5    703.00    909.00    286.44    317.85      0.00      0.00      0.00      0.00

17:51:17        IFACE   rxpck/s   txpck/s    rxkB/s    txkB/s   rxcmp/s   txcmp/s  rxmcst/s   %ifutil
17:51:18           lo      0.00      0.00      0.00      0.00      0.00      0.00      0.00      0.00
17:51:18         ens5    935.00   1259.00    396.83    426.63      0.00      0.00      0.00      0.00

17:51:18        IFACE   rxpck/s   txpck/s    rxkB/s    txkB/s   rxcmp/s   txcmp/s  rxmcst/s   %ifutil
17:51:19           lo      0.00      0.00      0.00      0.00      0.00      0.00      0.00      0.00
17:51:19         ens5   1283.00   1723.00    562.70    627.17      0.00      0.00      0.00      0.00

17:51:19        IFACE   rxpck/s   txpck/s    rxkB/s    txkB/s   rxcmp/s   txcmp/s  rxmcst/s   %ifutil
17:51:20           lo      0.00      0.00      0.00      0.00      0.00      0.00      0.00      0.00
17:51:20         ens5    859.00   1120.00    399.25    397.99      0.00      0.00      0.00      0.00

17:51:20        IFACE   rxpck/s   txpck/s    rxkB/s    txkB/s   rxcmp/s   txcmp/s  rxmcst/s   %ifutil
17:51:21           lo      0.00      0.00      0.00      0.00      0.00      0.00      0.00      0.00
17:51:21         ens5    954.00   1236.00    516.65    453.87      0.00      0.00      0.00      0.00

17:51:21        IFACE   rxpck/s   txpck/s    rxkB/s    txkB/s   rxcmp/s   txcmp/s  rxmcst/s   %ifutil
17:51:22           lo      0.00      0.00      0.00      0.00      0.00      0.00      0.00      0.00
17:51:22         ens5   1205.00   1581.00    598.22    561.49      0.00      0.00      0.00      0.00

17:51:22        IFACE   rxpck/s   txpck/s    rxkB/s    txkB/s   rxcmp/s   txcmp/s  rxmcst/s   %ifutil
17:51:23           lo      0.00      0.00      0.00      0.00      0.00      0.00      0.00      0.00
17:51:23         ens5    857.00   1144.00    343.77    377.55      0.00      0.00      0.00      0.00

17:51:23        IFACE   rxpck/s   txpck/s    rxkB/s    txkB/s   rxcmp/s   txcmp/s  rxmcst/s   %ifutil
17:51:24           lo      0.00      0.00      0.00      0.00      0.00      0.00      0.00      0.00
17:51:24         ens5    749.00    981.00    312.82    318.56      0.00      0.00      0.00      0.00

17:51:24        IFACE   rxpck/s   txpck/s    rxkB/s    txkB/s   rxcmp/s   txcmp/s  rxmcst/s   %ifutil
17:51:25           lo      0.00      0.00      0.00      0.00      0.00      0.00      0.00      0.00
17:51:25         ens5   1316.00   1733.00    537.80    549.40      0.00      0.00      0.00      0.00

17:51:25        IFACE   rxpck/s   txpck/s    rxkB/s    txkB/s   rxcmp/s   txcmp/s  rxmcst/s   %ifutil
17:51:26           lo      0.00      0.00      0.00      0.00      0.00      0.00      0.00      0.00
17:51:26         ens5   1031.00   1461.00    462.32    535.64      0.00      0.00      0.00      0.00

17:51:26        IFACE   rxpck/s   txpck/s    rxkB/s    txkB/s   rxcmp/s   txcmp/s  rxmcst/s   %ifutil
17:51:27           lo      0.00      0.00      0.00      0.00      0.00      0.00      0.00      0.00
17:51:27         ens5    915.00   1241.00    380.88    437.93      0.00      0.00      0.00      0.00

17:51:27        IFACE   rxpck/s   txpck/s    rxkB/s    txkB/s   rxcmp/s   txcmp/s  rxmcst/s   %ifutil
17:51:28           lo      0.00      0.00      0.00      0.00      0.00      0.00      0.00      0.00
17:51:28         ens5   1293.00   1759.00    563.40    599.24      0.00      0.00      0.00      0.00

17:51:28        IFACE   rxpck/s   txpck/s    rxkB/s    txkB/s   rxcmp/s   txcmp/s  rxmcst/s   %ifutil
17:51:29           lo      0.00      0.00      0.00      0.00      0.00      0.00      0.00      0.00
17:51:29         ens5    960.00   1257.00    395.77    416.36      0.00      0.00      0.00      0.00

17:51:29        IFACE   rxpck/s   txpck/s    rxkB/s    txkB/s   rxcmp/s   txcmp/s  rxmcst/s   %ifutil
17:51:30           lo      0.00      0.00      0.00      0.00      0.00      0.00      0.00      0.00
17:51:30         ens5    873.00   1153.00    386.66    374.16      0.00      0.00      0.00      0.00

17:51:30        IFACE   rxpck/s   txpck/s    rxkB/s    txkB/s   rxcmp/s   txcmp/s  rxmcst/s   %ifutil
17:51:31           lo      0.00      0.00      0.00      0.00      0.00      0.00      0.00      0.00
17:51:31         ens5   1316.00   1708.00    659.71    615.54      0.00      0.00      0.00      0.00

17:51:31        IFACE   rxpck/s   txpck/s    rxkB/s    txkB/s   rxcmp/s   txcmp/s  rxmcst/s   %ifutil
17:51:32           lo      0.00      0.00      0.00      0.00      0.00      0.00      0.00      0.00
17:51:32         ens5    746.00   1063.00    456.93    408.97      0.00      0.00      0.00      0.00

17:51:32        IFACE   rxpck/s   txpck/s    rxkB/s    txkB/s   rxcmp/s   txcmp/s  rxmcst/s   %ifutil
17:51:33           lo      0.00      0.00      0.00      0.00      0.00      0.00      0.00      0.00
17:51:33         ens5    732.00    997.00    357.94    357.87      0.00      0.00      0.00      0.00

17:51:33        IFACE   rxpck/s   txpck/s    rxkB/s    txkB/s   rxcmp/s   txcmp/s  rxmcst/s   %ifutil
17:51:34           lo      0.00      0.00      0.00      0.00      0.00      0.00      0.00      0.00
17:51:34         ens5   1125.00   1301.00    525.44    504.53      0.00      0.00      0.00      0.00

17:51:34        IFACE   rxpck/s   txpck/s    rxkB/s    txkB/s   rxcmp/s   txcmp/s  rxmcst/s   %ifutil
17:51:35           lo      0.00      0.00      0.00      0.00      0.00      0.00      0.00      0.00
17:51:35         ens5    881.00   1199.00    395.36    423.48      0.00      0.00      0.00      0.00

17:51:35        IFACE   rxpck/s   txpck/s    rxkB/s    txkB/s   rxcmp/s   txcmp/s  rxmcst/s   %ifutil
17:51:36           lo      0.00      0.00      0.00      0.00      0.00      0.00      0.00      0.00
17:51:36         ens5    691.00    861.00    291.63    295.84      0.00      0.00      0.00      0.00

17:51:36        IFACE   rxpck/s   txpck/s    rxkB/s    txkB/s   rxcmp/s   txcmp/s  rxmcst/s   %ifutil
17:51:37           lo      0.00      0.00      0.00      0.00      0.00      0.00      0.00      0.00
17:51:37         ens5   1249.00   1668.00    554.59    575.67      0.00      0.00      0.00      0.00

17:51:37        IFACE   rxpck/s   txpck/s    rxkB/s    txkB/s   rxcmp/s   txcmp/s  rxmcst/s   %ifutil
17:51:38           lo      0.00      0.00      0.00      0.00      0.00      0.00      0.00      0.00
17:51:38         ens5   1127.00   1465.00    489.47    497.96      0.00      0.00      0.00      0.00

17:51:38        IFACE   rxpck/s   txpck/s    rxkB/s    txkB/s   rxcmp/s   txcmp/s  rxmcst/s   %ifutil
17:51:39           lo      0.00      0.00      0.00      0.00      0.00      0.00      0.00      0.00
17:51:39         ens5    824.00   1075.00    357.64    377.36      0.00      0.00      0.00      0.00

17:51:39        IFACE   rxpck/s   txpck/s    rxkB/s    txkB/s   rxcmp/s   txcmp/s  rxmcst/s   %ifutil
17:51:40           lo      0.00      0.00      0.00      0.00      0.00      0.00      0.00      0.00
17:51:40         ens5   1173.00   1610.00    549.24    541.37      0.00      0.00      0.00      0.00

17:51:40        IFACE   rxpck/s   txpck/s    rxkB/s    txkB/s   rxcmp/s   txcmp/s  rxmcst/s   %ifutil
17:51:41           lo      0.00      0.00      0.00      0.00      0.00      0.00      0.00      0.00
17:51:41         ens5    960.00   1321.00    526.05    537.87      0.00      0.00      0.00      0.00

17:51:41        IFACE   rxpck/s   txpck/s    rxkB/s    txkB/s   rxcmp/s   txcmp/s  rxmcst/s   %ifutil
17:51:42           lo      0.00      0.00      0.00      0.00      0.00      0.00      0.00      0.00
17:51:42         ens5    733.00    913.00    448.86    354.17      0.00      0.00      0.00      0.00

17:51:42        IFACE   rxpck/s   txpck/s    rxkB/s    txkB/s   rxcmp/s   txcmp/s  rxmcst/s   %ifutil
17:51:43           lo      0.00      0.00      0.00      0.00      0.00      0.00      0.00      0.00
17:51:43         ens5   1188.00   1552.00    558.02    531.64      0.00      0.00      0.00      0.00

17:51:43        IFACE   rxpck/s   txpck/s    rxkB/s    txkB/s   rxcmp/s   txcmp/s  rxmcst/s   %ifutil
17:51:44           lo      0.00      0.00      0.00      0.00      0.00      0.00      0.00      0.00
17:51:44         ens5   1102.00   1458.00    478.37    517.24      0.00      0.00      0.00      0.00

17:51:44        IFACE   rxpck/s   txpck/s    rxkB/s    txkB/s   rxcmp/s   txcmp/s  rxmcst/s   %ifutil
17:51:45           lo      0.00      0.00      0.00      0.00      0.00      0.00      0.00      0.00
17:51:45         ens5    949.00   1242.00    378.36    416.38      0.00      0.00      0.00      0.00

17:51:45        IFACE   rxpck/s   txpck/s    rxkB/s    txkB/s   rxcmp/s   txcmp/s  rxmcst/s   %ifutil
17:51:46           lo      0.00      0.00      0.00      0.00      0.00      0.00      0.00      0.00
17:51:46         ens5   1099.00   1418.00    467.31    489.71      0.00      0.00      0.00      0.00

17:51:46        IFACE   rxpck/s   txpck/s    rxkB/s    txkB/s   rxcmp/s   txcmp/s  rxmcst/s   %ifutil
17:51:47           lo      0.00      0.00      0.00      0.00      0.00      0.00      0.00      0.00
17:51:47         ens5    931.00   1275.00    416.06    477.06      0.00      0.00      0.00      0.00

17:51:47        IFACE   rxpck/s   txpck/s    rxkB/s    txkB/s   rxcmp/s   txcmp/s  rxmcst/s   %ifutil
17:51:48           lo      0.00      0.00      0.00      0.00      0.00      0.00      0.00      0.00
17:51:48         ens5    880.00   1122.00    336.14    330.08      0.00      0.00      0.00      0.00
