Linux 6.1.166-197.305.amzn2023.x86_64 (ip-172-31-79-52.ec2.internal) 	04/22/26 	_x86_64_	(2 CPU)

13:59:16        IFACE   rxpck/s   txpck/s    rxkB/s    txkB/s   rxcmp/s   txcmp/s  rxmcst/s   %ifutil
13:59:17           lo      0.00      0.00      0.00      0.00      0.00      0.00      0.00      0.00
13:59:17         ens5   2963.00   3449.00   1080.78   1295.27      0.00      0.00      0.00      0.00

13:59:17        IFACE   rxpck/s   txpck/s    rxkB/s    txkB/s   rxcmp/s   txcmp/s  rxmcst/s   %ifutil
13:59:18           lo      0.00      0.00      0.00      0.00      0.00      0.00      0.00      0.00
13:59:18         ens5   2324.00   2961.00    791.70   1024.78      0.00      0.00      0.00      0.00

13:59:18        IFACE   rxpck/s   txpck/s    rxkB/s    txkB/s   rxcmp/s   txcmp/s  rxmcst/s   %ifutil
13:59:19           lo      0.00      0.00      0.00      0.00      0.00      0.00      0.00      0.00
13:59:19         ens5   2246.00   2885.00    921.00   1078.47      0.00      0.00      0.00      0.00

13:59:19        IFACE   rxpck/s   txpck/s    rxkB/s    txkB/s   rxcmp/s   txcmp/s  rxmcst/s   %ifutil
13:59:20           lo      0.00      0.00      0.00      0.00      0.00      0.00      0.00      0.00
13:59:20         ens5   2690.00   3639.00    984.51   1350.50      0.00      0.00      0.00      0.00

13:59:20        IFACE   rxpck/s   txpck/s    rxkB/s    txkB/s   rxcmp/s   txcmp/s  rxmcst/s   %ifutil
13:59:21           lo      0.00      0.00      0.00      0.00      0.00      0.00      0.00      0.00
13:59:21         ens5   2093.00   2657.00    715.58    925.02      0.00      0.00      0.00      0.00

13:59:21        IFACE   rxpck/s   txpck/s    rxkB/s    txkB/s   rxcmp/s   txcmp/s  rxmcst/s   %ifutil
13:59:22           lo      0.00      0.00      0.00      0.00      0.00      0.00      0.00      0.00
13:59:22         ens5   2516.00   3262.00    880.05   1134.50      0.00      0.00      0.00      0.00

13:59:22        IFACE   rxpck/s   txpck/s    rxkB/s    txkB/s   rxcmp/s   txcmp/s  rxmcst/s   %ifutil
13:59:23           lo      0.00      0.00      0.00      0.00      0.00      0.00      0.00      0.00
13:59:23         ens5   2408.00   3068.00    838.51   1097.56      0.00      0.00      0.00      0.00

13:59:23        IFACE   rxpck/s   txpck/s    rxkB/s    txkB/s   rxcmp/s   txcmp/s  rxmcst/s   %ifutil
13:59:24           lo      0.00      0.00      0.00      0.00      0.00      0.00      0.00      0.00
13:59:24         ens5   2417.00   3101.00    839.63   1155.19      0.00      0.00      0.00      0.00

13:59:24        IFACE   rxpck/s   txpck/s    rxkB/s    txkB/s   rxcmp/s   txcmp/s  rxmcst/s   %ifutil
13:59:25           lo      0.00      0.00      0.00      0.00      0.00      0.00      0.00      0.00
13:59:25         ens5   2836.00   3620.00    994.73   1301.84      0.00      0.00      0.00      0.00

13:59:25        IFACE   rxpck/s   txpck/s    rxkB/s    txkB/s   rxcmp/s   txcmp/s  rxmcst/s   %ifutil
13:59:26           lo      0.00      0.00      0.00      0.00      0.00      0.00      0.00      0.00
13:59:26         ens5   2164.00   2781.00    775.26   1006.86      0.00      0.00      0.00      0.00

13:59:26        IFACE   rxpck/s   txpck/s    rxkB/s    txkB/s   rxcmp/s   txcmp/s  rxmcst/s   %ifutil
13:59:27           lo      0.00      0.00      0.00      0.00      0.00      0.00      0.00      0.00
13:59:27         ens5   2234.00   2864.00    860.59   1057.23      0.00      0.00      0.00      0.00

13:59:27        IFACE   rxpck/s   txpck/s    rxkB/s    txkB/s   rxcmp/s   txcmp/s  rxmcst/s   %ifutil
13:59:28           lo      0.00      0.00      0.00      0.00      0.00      0.00      0.00      0.00
13:59:28         ens5   2070.00   2670.00    717.70    942.05      0.00      0.00      0.00      0.00

13:59:28        IFACE   rxpck/s   txpck/s    rxkB/s    txkB/s   rxcmp/s   txcmp/s  rxmcst/s   %ifutil
13:59:29           lo      0.00      0.00      0.00      0.00      0.00      0.00      0.00      0.00
13:59:29         ens5   2086.00   2682.00    853.69    963.11      0.00      0.00      0.00      0.00

13:59:29        IFACE   rxpck/s   txpck/s    rxkB/s    txkB/s   rxcmp/s   txcmp/s  rxmcst/s   %ifutil
13:59:30           lo      0.00      0.00      0.00      0.00      0.00      0.00      0.00      0.00
13:59:30         ens5   2426.00   3058.00    839.29   1097.78      0.00      0.00      0.00      0.00

13:59:30        IFACE   rxpck/s   txpck/s    rxkB/s    txkB/s   rxcmp/s   txcmp/s  rxmcst/s   %ifutil
13:59:31           lo      0.00      0.00      0.00      0.00      0.00      0.00      0.00      0.00
13:59:31         ens5   2507.00   3172.00    867.16   1125.69      0.00      0.00      0.00      0.00

13:59:31        IFACE   rxpck/s   txpck/s    rxkB/s    txkB/s   rxcmp/s   txcmp/s  rxmcst/s   %ifutil
13:59:32           lo      0.00      0.00      0.00      0.00      0.00      0.00      0.00      0.00
13:59:32         ens5   2199.00   2843.00    742.10    976.61      0.00      0.00      0.00      0.00

13:59:32        IFACE   rxpck/s   txpck/s    rxkB/s    txkB/s   rxcmp/s   txcmp/s  rxmcst/s   %ifutil
13:59:33           lo      0.00      0.00      0.00      0.00      0.00      0.00      0.00      0.00
13:59:33         ens5   2656.00   3274.00   1508.42   1167.68      0.00      0.00      0.00      0.00

13:59:33        IFACE   rxpck/s   txpck/s    rxkB/s    txkB/s   rxcmp/s   txcmp/s  rxmcst/s   %ifutil
13:59:34           lo      0.00      0.00      0.00      0.00      0.00      0.00      0.00      0.00
13:59:34         ens5   2401.00   2991.00    858.40   1037.03      0.00      0.00      0.00      0.00

13:59:34        IFACE   rxpck/s   txpck/s    rxkB/s    txkB/s   rxcmp/s   txcmp/s  rxmcst/s   %ifutil
13:59:35           lo      0.00      0.00      0.00      0.00      0.00      0.00      0.00      0.00
13:59:35         ens5   2093.00   2715.00    743.19    950.70      0.00      0.00      0.00      0.00

13:59:35        IFACE   rxpck/s   txpck/s    rxkB/s    txkB/s   rxcmp/s   txcmp/s  rxmcst/s   %ifutil
13:59:36           lo      0.00      0.00      0.00      0.00      0.00      0.00      0.00      0.00
13:59:36         ens5   2876.00   3897.00   1055.98   1460.50      0.00      0.00      0.00      0.00

13:59:36        IFACE   rxpck/s   txpck/s    rxkB/s    txkB/s   rxcmp/s   txcmp/s  rxmcst/s   %ifutil
13:59:37           lo      0.00      0.00      0.00      0.00      0.00      0.00      0.00      0.00
13:59:37         ens5   2181.00   2788.00    858.99   1026.24      0.00      0.00      0.00      0.00

13:59:37        IFACE   rxpck/s   txpck/s    rxkB/s    txkB/s   rxcmp/s   txcmp/s  rxmcst/s   %ifutil
13:59:38           lo      0.00      0.00      0.00      0.00      0.00      0.00      0.00      0.00
13:59:38         ens5   2285.00   2848.00    793.45   1023.97      0.00      0.00      0.00      0.00

13:59:38        IFACE   rxpck/s   txpck/s    rxkB/s    txkB/s   rxcmp/s   txcmp/s  rxmcst/s   %ifutil
13:59:39           lo      0.00      0.00      0.00      0.00      0.00      0.00      0.00      0.00
13:59:39         ens5   2656.00   3357.00   1043.75   1256.19      0.00      0.00      0.00      0.00

13:59:39        IFACE   rxpck/s   txpck/s    rxkB/s    txkB/s   rxcmp/s   txcmp/s  rxmcst/s   %ifutil
13:59:40           lo      0.00      0.00      0.00      0.00      0.00      0.00      0.00      0.00
13:59:40         ens5   2128.00   2677.00    737.24    951.54      0.00      0.00      0.00      0.00

13:59:40        IFACE   rxpck/s   txpck/s    rxkB/s    txkB/s   rxcmp/s   txcmp/s  rxmcst/s   %ifutil
13:59:41           lo      0.00      0.00      0.00      0.00      0.00      0.00      0.00      0.00
13:59:41         ens5   2220.00   2530.00    777.61    984.69      0.00      0.00      0.00      0.00

13:59:41        IFACE   rxpck/s   txpck/s    rxkB/s    txkB/s   rxcmp/s   txcmp/s  rxmcst/s   %ifutil
13:59:42           lo      0.00      0.00      0.00      0.00      0.00      0.00      0.00      0.00
13:59:42         ens5   2413.00   3033.00    848.54   1098.35      0.00      0.00      0.00      0.00

13:59:42        IFACE   rxpck/s   txpck/s    rxkB/s    txkB/s   rxcmp/s   txcmp/s  rxmcst/s   %ifutil
13:59:43           lo      0.00      0.00      0.00      0.00      0.00      0.00      0.00      0.00
13:59:43         ens5   2251.00   2859.00    777.05   1030.24      0.00      0.00      0.00      0.00

13:59:43        IFACE   rxpck/s   txpck/s    rxkB/s    txkB/s   rxcmp/s   txcmp/s  rxmcst/s   %ifutil
13:59:44           lo      0.00      0.00      0.00      0.00      0.00      0.00      0.00      0.00
13:59:44         ens5   2869.00   3695.00    998.37   1322.88      0.00      0.00      0.00      0.00

13:59:44        IFACE   rxpck/s   txpck/s    rxkB/s    txkB/s   rxcmp/s   txcmp/s  rxmcst/s   %ifutil
13:59:45           lo      0.00      0.00      0.00      0.00      0.00      0.00      0.00      0.00
13:59:45         ens5   2214.00   2814.00    767.82    994.86      0.00      0.00      0.00      0.00

13:59:45        IFACE   rxpck/s   txpck/s    rxkB/s    txkB/s   rxcmp/s   txcmp/s  rxmcst/s   %ifutil
13:59:46           lo      0.00      0.00      0.00      0.00      0.00      0.00      0.00      0.00
13:59:46         ens5   2238.00   2939.00    774.56   1023.77      0.00      0.00      0.00      0.00

13:59:46        IFACE   rxpck/s   txpck/s    rxkB/s    txkB/s   rxcmp/s   txcmp/s  rxmcst/s   %ifutil
13:59:47           lo      0.00      0.00      0.00      0.00      0.00      0.00      0.00      0.00
13:59:47         ens5   2659.00   3374.00   1032.56   1257.84      0.00      0.00      0.00      0.00

13:59:47        IFACE   rxpck/s   txpck/s    rxkB/s    txkB/s   rxcmp/s   txcmp/s  rxmcst/s   %ifutil
13:59:48           lo      0.00      0.00      0.00      0.00      0.00      0.00      0.00      0.00
13:59:48         ens5   2230.00   2864.00    768.41   1021.17      0.00      0.00      0.00      0.00

13:59:48        IFACE   rxpck/s   txpck/s    rxkB/s    txkB/s   rxcmp/s   txcmp/s  rxmcst/s   %ifutil
13:59:49           lo      0.00      0.00      0.00      0.00      0.00      0.00      0.00      0.00
13:59:49         ens5   2197.00   2835.00    888.77   1038.15      0.00      0.00      0.00      0.00

13:59:49        IFACE   rxpck/s   txpck/s    rxkB/s    txkB/s   rxcmp/s   txcmp/s  rxmcst/s   %ifutil
13:59:50           lo      0.00      0.00      0.00      0.00      0.00      0.00      0.00      0.00
13:59:50         ens5   2679.00   3346.00    946.63   1245.64      0.00      0.00      0.00      0.00

13:59:50        IFACE   rxpck/s   txpck/s    rxkB/s    txkB/s   rxcmp/s   txcmp/s  rxmcst/s   %ifutil
13:59:51           lo      0.00      0.00      0.00      0.00      0.00      0.00      0.00      0.00
13:59:51         ens5   2082.00   2615.00    712.25    924.00      0.00      0.00      0.00      0.00

13:59:51        IFACE   rxpck/s   txpck/s    rxkB/s    txkB/s   rxcmp/s   txcmp/s  rxmcst/s   %ifutil
13:59:52           lo      0.00      0.00      0.00      0.00      0.00      0.00      0.00      0.00
13:59:52         ens5   2527.00   3277.00    870.48   1148.88      0.00      0.00      0.00      0.00

13:59:52        IFACE   rxpck/s   txpck/s    rxkB/s    txkB/s   rxcmp/s   txcmp/s  rxmcst/s   %ifutil
13:59:53           lo      0.00      0.00      0.00      0.00      0.00      0.00      0.00      0.00
13:59:53         ens5   2522.00   3200.00    863.22   1133.55      0.00      0.00      0.00      0.00

13:59:53        IFACE   rxpck/s   txpck/s    rxkB/s    txkB/s   rxcmp/s   txcmp/s  rxmcst/s   %ifutil
13:59:54           lo      0.00      0.00      0.00      0.00      0.00      0.00      0.00      0.00
13:59:54         ens5   2352.00   2977.00    803.78   1064.94      0.00      0.00      0.00      0.00

13:59:54        IFACE   rxpck/s   txpck/s    rxkB/s    txkB/s   rxcmp/s   txcmp/s  rxmcst/s   %ifutil
13:59:55           lo      0.00      0.00      0.00      0.00      0.00      0.00      0.00      0.00
13:59:55         ens5   2489.00   3224.00    877.79   1158.50      0.00      0.00      0.00      0.00

13:59:55        IFACE   rxpck/s   txpck/s    rxkB/s    txkB/s   rxcmp/s   txcmp/s  rxmcst/s   %ifutil
13:59:56           lo      0.00      0.00      0.00      0.00      0.00      0.00      0.00      0.00
13:59:56         ens5   1990.00   2599.00    687.48    915.04      0.00      0.00      0.00      0.00

13:59:56        IFACE   rxpck/s   txpck/s    rxkB/s    txkB/s   rxcmp/s   txcmp/s  rxmcst/s   %ifutil
13:59:57           lo      0.00      0.00      0.00      0.00      0.00      0.00      0.00      0.00
13:59:57         ens5   1672.00   2132.00    679.93    802.99      0.00      0.00      0.00      0.00

13:59:57        IFACE   rxpck/s   txpck/s    rxkB/s    txkB/s   rxcmp/s   txcmp/s  rxmcst/s   %ifutil
13:59:58           lo      0.00      0.00      0.00      0.00      0.00      0.00      0.00      0.00
13:59:58         ens5   2807.00   3580.00    979.16   1303.87      0.00      0.00      0.00      0.00

13:59:58        IFACE   rxpck/s   txpck/s    rxkB/s    txkB/s   rxcmp/s   txcmp/s  rxmcst/s   %ifutil
13:59:59           lo      0.00      0.00      0.00      0.00      0.00      0.00      0.00      0.00
13:59:59         ens5   2204.00   2895.00    894.93   1057.20      0.00      0.00      0.00      0.00

13:59:59        IFACE   rxpck/s   txpck/s    rxkB/s    txkB/s   rxcmp/s   txcmp/s  rxmcst/s   %ifutil
14:00:00           lo      0.00      0.00      0.00      0.00      0.00      0.00      0.00      0.00
14:00:00         ens5   2178.00   2762.00    740.56    968.77      0.00      0.00      0.00      0.00

14:00:00        IFACE   rxpck/s   txpck/s    rxkB/s    txkB/s   rxcmp/s   txcmp/s  rxmcst/s   %ifutil
14:00:01           lo      0.00      0.00      0.00      0.00      0.00      0.00      0.00      0.00
14:00:01         ens5   2503.00   3184.00    885.89   1159.48      0.00      0.00      0.00      0.00

14:00:01        IFACE   rxpck/s   txpck/s    rxkB/s    txkB/s   rxcmp/s   txcmp/s  rxmcst/s   %ifutil
14:00:02           lo      0.00      0.00      0.00      0.00      0.00      0.00      0.00      0.00
14:00:02         ens5   2069.00   2683.00    709.47    929.77      0.00      0.00      0.00      0.00

14:00:02        IFACE   rxpck/s   txpck/s    rxkB/s    txkB/s   rxcmp/s   txcmp/s  rxmcst/s   %ifutil
14:00:03           lo      0.00      0.00      0.00      0.00      0.00      0.00      0.00      0.00
14:00:03         ens5   2841.00   2693.00   1025.79   1576.58      0.00      0.00      0.00      0.00

14:00:03        IFACE   rxpck/s   txpck/s    rxkB/s    txkB/s   rxcmp/s   txcmp/s  rxmcst/s   %ifutil
14:00:04           lo      0.00      0.00      0.00      0.00      0.00      0.00      0.00      0.00
14:00:04         ens5   2429.00   3089.00    841.28   1097.11      0.00      0.00      0.00      0.00

14:00:04        IFACE   rxpck/s   txpck/s    rxkB/s    txkB/s   rxcmp/s   txcmp/s  rxmcst/s   %ifutil
14:00:05           lo      0.00      0.00      0.00      0.00      0.00      0.00      0.00      0.00
14:00:05         ens5   2138.00   2709.00    754.02    999.57      0.00      0.00      0.00      0.00

14:00:05        IFACE   rxpck/s   txpck/s    rxkB/s    txkB/s   rxcmp/s   txcmp/s  rxmcst/s   %ifutil
14:00:06           lo      0.00      0.00      0.00      0.00      0.00      0.00      0.00      0.00
14:00:06         ens5   2760.00   3519.00    947.59   1234.16      0.00      0.00      0.00      0.00

14:00:06        IFACE   rxpck/s   txpck/s    rxkB/s    txkB/s   rxcmp/s   txcmp/s  rxmcst/s   %ifutil
14:00:07           lo      0.00      0.00      0.00      0.00      0.00      0.00      0.00      0.00
14:00:07         ens5   2225.00   2714.00    899.29   1050.54      0.00      0.00      0.00      0.00

14:00:07        IFACE   rxpck/s   txpck/s    rxkB/s    txkB/s   rxcmp/s   txcmp/s  rxmcst/s   %ifutil
14:00:08           lo      0.00      0.00      0.00      0.00      0.00      0.00      0.00      0.00
14:00:08         ens5   2324.00   2898.00    799.42   1017.02      0.00      0.00      0.00      0.00

14:00:08        IFACE   rxpck/s   txpck/s    rxkB/s    txkB/s   rxcmp/s   txcmp/s  rxmcst/s   %ifutil
14:00:09           lo      0.00      0.00      0.00      0.00      0.00      0.00      0.00      0.00
14:00:09         ens5   2093.00   2313.00    907.86    979.75      0.00      0.00      0.00      0.00

14:00:09        IFACE   rxpck/s   txpck/s    rxkB/s    txkB/s   rxcmp/s   txcmp/s  rxmcst/s   %ifutil
14:00:10           lo      0.00      0.00      0.00      0.00      0.00      0.00      0.00      0.00
14:00:10         ens5   2162.00   2704.00    764.63    983.60      0.00      0.00      0.00      0.00

14:00:10        IFACE   rxpck/s   txpck/s    rxkB/s    txkB/s   rxcmp/s   txcmp/s  rxmcst/s   %ifutil
14:00:11           lo      0.00      0.00      0.00      0.00      0.00      0.00      0.00      0.00
14:00:11         ens5   2477.00   3212.00    868.73   1149.33      0.00      0.00      0.00      0.00

14:00:11        IFACE   rxpck/s   txpck/s    rxkB/s    txkB/s   rxcmp/s   txcmp/s  rxmcst/s   %ifutil
14:00:12           lo      0.00      0.00      0.00      0.00      0.00      0.00      0.00      0.00
14:00:12         ens5   2618.00   3340.00    904.89   1191.16      0.00      0.00      0.00      0.00

14:00:12        IFACE   rxpck/s   txpck/s    rxkB/s    txkB/s   rxcmp/s   txcmp/s  rxmcst/s   %ifutil
14:00:13           lo      0.00      0.00      0.00      0.00      0.00      0.00      0.00      0.00
14:00:13         ens5   2135.00   2752.00    737.97    983.50      0.00      0.00      0.00      0.00

14:00:13        IFACE   rxpck/s   txpck/s    rxkB/s    txkB/s   rxcmp/s   txcmp/s  rxmcst/s   %ifutil
14:00:14           lo      0.00      0.00      0.00      0.00      0.00      0.00      0.00      0.00
14:00:14         ens5   2630.00   3399.00    929.36   1244.69      0.00      0.00      0.00      0.00

14:00:14        IFACE   rxpck/s   txpck/s    rxkB/s    txkB/s   rxcmp/s   txcmp/s  rxmcst/s   %ifutil
14:00:15           lo      0.00      0.00      0.00      0.00      0.00      0.00      0.00      0.00
14:00:15         ens5   2465.00   3127.00    861.53   1134.57      0.00      0.00      0.00      0.00

14:00:15        IFACE   rxpck/s   txpck/s    rxkB/s    txkB/s   rxcmp/s   txcmp/s  rxmcst/s   %ifutil
14:00:16           lo      0.00      0.00      0.00      0.00      0.00      0.00      0.00      0.00
14:00:16         ens5   2256.00   2857.00    783.92   1012.59      0.00      0.00      0.00      0.00

14:00:16        IFACE   rxpck/s   txpck/s    rxkB/s    txkB/s   rxcmp/s   txcmp/s  rxmcst/s   %ifutil
14:00:17           lo      0.00      0.00      0.00      0.00      0.00      0.00      0.00      0.00
14:00:17         ens5   2688.00   3413.00   1039.30   1264.43      0.00      0.00      0.00      0.00

14:00:17        IFACE   rxpck/s   txpck/s    rxkB/s    txkB/s   rxcmp/s   txcmp/s  rxmcst/s   %ifutil
14:00:18           lo      0.00      0.00      0.00      0.00      0.00      0.00      0.00      0.00
14:00:18         ens5   2240.00   2871.00    777.01   1022.22      0.00      0.00      0.00      0.00

14:00:18        IFACE   rxpck/s   txpck/s    rxkB/s    txkB/s   rxcmp/s   txcmp/s  rxmcst/s   %ifutil
14:00:19           lo      0.00      0.00      0.00      0.00      0.00      0.00      0.00      0.00
14:00:19         ens5   2044.00   2568.00    859.50    980.59      0.00      0.00      0.00      0.00

14:00:19        IFACE   rxpck/s   txpck/s    rxkB/s    txkB/s   rxcmp/s   txcmp/s  rxmcst/s   %ifutil
14:00:20           lo      0.00      0.00      0.00      0.00      0.00      0.00      0.00      0.00
14:00:20         ens5   2642.00   3423.00    952.91   1252.95      0.00      0.00      0.00      0.00

14:00:20        IFACE   rxpck/s   txpck/s    rxkB/s    txkB/s   rxcmp/s   txcmp/s  rxmcst/s   %ifutil
14:00:21           lo      0.00      0.00      0.00      0.00      0.00      0.00      0.00      0.00
14:00:21         ens5   2122.00   2709.00    728.69    942.87      0.00      0.00      0.00      0.00

14:00:21        IFACE   rxpck/s   txpck/s    rxkB/s    txkB/s   rxcmp/s   txcmp/s  rxmcst/s   %ifutil
14:00:22           lo      0.00      0.00      0.00      0.00      0.00      0.00      0.00      0.00
14:00:22         ens5   2517.00   3225.00    893.31   1164.53      0.00      0.00      0.00      0.00

14:00:22        IFACE   rxpck/s   txpck/s    rxkB/s    txkB/s   rxcmp/s   txcmp/s  rxmcst/s   %ifutil
14:00:23           lo      0.00      0.00      0.00      0.00      0.00      0.00      0.00      0.00
14:00:23         ens5   2476.00   3134.00    872.81   1118.83      0.00      0.00      0.00      0.00

14:00:23        IFACE   rxpck/s   txpck/s    rxkB/s    txkB/s   rxcmp/s   txcmp/s  rxmcst/s   %ifutil
14:00:24           lo      0.00      0.00      0.00      0.00      0.00      0.00      0.00      0.00
14:00:24         ens5   1787.00   2296.00    624.89    824.42      0.00      0.00      0.00      0.00

14:00:24        IFACE   rxpck/s   txpck/s    rxkB/s    txkB/s   rxcmp/s   txcmp/s  rxmcst/s   %ifutil
14:00:25           lo      0.00      0.00      0.00      0.00      0.00      0.00      0.00      0.00
14:00:25         ens5   1803.00   2378.00    641.27    851.28      0.00      0.00      0.00      0.00

14:00:25        IFACE   rxpck/s   txpck/s    rxkB/s    txkB/s   rxcmp/s   txcmp/s  rxmcst/s   %ifutil
14:00:26           lo      0.00      0.00      0.00      0.00      0.00      0.00      0.00      0.00
14:00:26         ens5   2156.00   2753.00    744.12    954.48      0.00      0.00      0.00      0.00

14:00:26        IFACE   rxpck/s   txpck/s    rxkB/s    txkB/s   rxcmp/s   txcmp/s  rxmcst/s   %ifutil
14:00:27           lo      0.00      0.00      0.00      0.00      0.00      0.00      0.00      0.00
14:00:27         ens5   2533.00   3158.00    991.90   1197.73      0.00      0.00      0.00      0.00

14:00:27        IFACE   rxpck/s   txpck/s    rxkB/s    txkB/s   rxcmp/s   txcmp/s  rxmcst/s   %ifutil
14:00:28           lo      0.00      0.00      0.00      0.00      0.00      0.00      0.00      0.00
14:00:28         ens5   2672.00   3431.00    922.28   1216.13      0.00      0.00      0.00      0.00

14:00:28        IFACE   rxpck/s   txpck/s    rxkB/s    txkB/s   rxcmp/s   txcmp/s  rxmcst/s   %ifutil
14:00:29           lo      0.00      0.00      0.00      0.00      0.00      0.00      0.00      0.00
14:00:29         ens5   2192.00   2784.00    906.71   1055.68      0.00      0.00      0.00      0.00

14:00:29        IFACE   rxpck/s   txpck/s    rxkB/s    txkB/s   rxcmp/s   txcmp/s  rxmcst/s   %ifutil
14:00:30           lo      0.00      0.00      0.00      0.00      0.00      0.00      0.00      0.00
14:00:30         ens5   2421.00   3090.00    849.62   1105.54      0.00      0.00      0.00      0.00

14:00:30        IFACE   rxpck/s   txpck/s    rxkB/s    txkB/s   rxcmp/s   txcmp/s  rxmcst/s   %ifutil
14:00:31           lo      0.00      0.00      0.00      0.00      0.00      0.00      0.00      0.00
14:00:31         ens5   2661.00   3452.00    924.17   1250.29      0.00      0.00      0.00      0.00

14:00:31        IFACE   rxpck/s   txpck/s    rxkB/s    txkB/s   rxcmp/s   txcmp/s  rxmcst/s   %ifutil
14:00:32           lo      0.00      0.00      0.00      0.00      0.00      0.00      0.00      0.00
14:00:32         ens5   2241.00   3051.00    786.73   2880.55      0.00      0.00      0.00      0.00

14:00:32        IFACE   rxpck/s   txpck/s    rxkB/s    txkB/s   rxcmp/s   txcmp/s  rxmcst/s   %ifutil
14:00:33           lo      0.00      0.00      0.00      0.00      0.00      0.00      0.00      0.00
14:00:33         ens5   2536.00   3294.00    969.68   1804.97      0.00      0.00      0.00      0.00

14:00:33        IFACE   rxpck/s   txpck/s    rxkB/s    txkB/s   rxcmp/s   txcmp/s  rxmcst/s   %ifutil
14:00:34           lo      0.00      0.00      0.00      0.00      0.00      0.00      0.00      0.00
14:00:34         ens5   2127.00   2738.00    806.00    974.82      0.00      0.00      0.00      0.00

14:00:34        IFACE   rxpck/s   txpck/s    rxkB/s    txkB/s   rxcmp/s   txcmp/s  rxmcst/s   %ifutil
14:00:35           lo      0.00      0.00      0.00      0.00      0.00      0.00      0.00      0.00
14:00:35         ens5   2306.00   2566.00   2213.63    988.99      0.00      0.00      0.00      0.00

14:00:35        IFACE   rxpck/s   txpck/s    rxkB/s    txkB/s   rxcmp/s   txcmp/s  rxmcst/s   %ifutil
14:00:36           lo      0.00      0.00      0.00      0.00      0.00      0.00      0.00      0.00
14:00:36         ens5   2807.00   3563.00    978.48   1288.94      0.00      0.00      0.00      0.00

14:00:36        IFACE   rxpck/s   txpck/s    rxkB/s    txkB/s   rxcmp/s   txcmp/s  rxmcst/s   %ifutil
14:00:37           lo      0.00      0.00      0.00      0.00      0.00      0.00      0.00      0.00
14:00:37         ens5   1996.00   2477.00    805.88    972.85      0.00      0.00      0.00      0.00

14:00:37        IFACE   rxpck/s   txpck/s    rxkB/s    txkB/s   rxcmp/s   txcmp/s  rxmcst/s   %ifutil
14:00:38           lo      0.00      0.00      0.00      0.00      0.00      0.00      0.00      0.00
14:00:38         ens5   1986.00   2210.00    737.84    925.05      0.00      0.00      0.00      0.00

14:00:38        IFACE   rxpck/s   txpck/s    rxkB/s    txkB/s   rxcmp/s   txcmp/s  rxmcst/s   %ifutil
14:00:39           lo      0.00      0.00      0.00      0.00      0.00      0.00      0.00      0.00
14:00:39         ens5   2218.00   2753.00    922.30   1036.74      0.00      0.00      0.00      0.00

14:00:39        IFACE   rxpck/s   txpck/s    rxkB/s    txkB/s   rxcmp/s   txcmp/s  rxmcst/s   %ifutil
14:00:40           lo      0.00      0.00      0.00      0.00      0.00      0.00      0.00      0.00
14:00:40         ens5   2095.00   2673.00    717.44    924.26      0.00      0.00      0.00      0.00

14:00:40        IFACE   rxpck/s   txpck/s    rxkB/s    txkB/s   rxcmp/s   txcmp/s  rxmcst/s   %ifutil
14:00:41           lo      0.00      0.00      0.00      0.00      0.00      0.00      0.00      0.00
14:00:41         ens5   2569.00   3283.00    915.94   1169.63      0.00      0.00      0.00      0.00

14:00:41        IFACE   rxpck/s   txpck/s    rxkB/s    txkB/s   rxcmp/s   txcmp/s  rxmcst/s   %ifutil
14:00:42           lo      0.00      0.00      0.00      0.00      0.00      0.00      0.00      0.00
14:00:42         ens5   2362.00   2955.00    809.25   1065.01      0.00      0.00      0.00      0.00

14:00:42        IFACE   rxpck/s   txpck/s    rxkB/s    txkB/s   rxcmp/s   txcmp/s  rxmcst/s   %ifutil
14:00:43           lo      0.00      0.00      0.00      0.00      0.00      0.00      0.00      0.00
14:00:43         ens5   2255.00   2915.00    780.90   1032.11      0.00      0.00      0.00      0.00

14:00:43        IFACE   rxpck/s   txpck/s    rxkB/s    txkB/s   rxcmp/s   txcmp/s  rxmcst/s   %ifutil
14:00:44           lo      0.00      0.00      0.00      0.00      0.00      0.00      0.00      0.00
14:00:44         ens5   2781.00   3570.00    969.40   1275.87      0.00      0.00      0.00      0.00

14:00:44        IFACE   rxpck/s   txpck/s    rxkB/s    txkB/s   rxcmp/s   txcmp/s  rxmcst/s   %ifutil
14:00:45           lo      0.00      0.00      0.00      0.00      0.00      0.00      0.00      0.00
14:00:45         ens5   2217.00   2769.00    770.91    995.57      0.00      0.00      0.00      0.00

14:00:45        IFACE   rxpck/s   txpck/s    rxkB/s    txkB/s   rxcmp/s   txcmp/s  rxmcst/s   %ifutil
14:00:46           lo      0.00      0.00      0.00      0.00      0.00      0.00      0.00      0.00
14:00:46         ens5   2324.00   2995.00    822.58   1080.41      0.00      0.00      0.00      0.00

14:00:46        IFACE   rxpck/s   txpck/s    rxkB/s    txkB/s   rxcmp/s   txcmp/s  rxmcst/s   %ifutil
14:00:47           lo      0.00      0.00      0.00      0.00      0.00      0.00      0.00      0.00
14:00:47         ens5   2545.00   3139.00   1001.33   1198.66      0.00      0.00      0.00      0.00

14:00:47        IFACE   rxpck/s   txpck/s    rxkB/s    txkB/s   rxcmp/s   txcmp/s  rxmcst/s   %ifutil
14:00:48           lo      0.00      0.00      0.00      0.00      0.00      0.00      0.00      0.00
14:00:48         ens5   2254.00   2921.00    764.94   1017.75      0.00      0.00      0.00      0.00

14:00:48        IFACE   rxpck/s   txpck/s    rxkB/s    txkB/s   rxcmp/s   txcmp/s  rxmcst/s   %ifutil
14:00:49           lo      0.00      0.00      0.00      0.00      0.00      0.00      0.00      0.00
14:00:49         ens5   2338.00   3004.00    938.74   1103.77      0.00      0.00      0.00      0.00

14:00:49        IFACE   rxpck/s   txpck/s    rxkB/s    txkB/s   rxcmp/s   txcmp/s  rxmcst/s   %ifutil
14:00:50           lo      0.00      0.00      0.00      0.00      0.00      0.00      0.00      0.00
14:00:50         ens5   2533.00   3294.00    883.12   1170.47      0.00      0.00      0.00      0.00

14:00:50        IFACE   rxpck/s   txpck/s    rxkB/s    txkB/s   rxcmp/s   txcmp/s  rxmcst/s   %ifutil
14:00:51           lo      0.00      0.00      0.00      0.00      0.00      0.00      0.00      0.00
14:00:51         ens5   2276.00   2926.00    784.39   1029.78      0.00      0.00      0.00      0.00

14:00:51        IFACE   rxpck/s   txpck/s    rxkB/s    txkB/s   rxcmp/s   txcmp/s  rxmcst/s   %ifutil
14:00:52           lo      0.00      0.00      0.00      0.00      0.00      0.00      0.00      0.00
14:00:52         ens5   2597.00   3357.00    907.36   1197.08      0.00      0.00      0.00      0.00

14:00:52        IFACE   rxpck/s   txpck/s    rxkB/s    txkB/s   rxcmp/s   txcmp/s  rxmcst/s   %ifutil
14:00:53           lo      0.00      0.00      0.00      0.00      0.00      0.00      0.00      0.00
14:00:53         ens5   1551.00   2007.00    560.00    732.60      0.00      0.00      0.00      0.00

14:00:53        IFACE   rxpck/s   txpck/s    rxkB/s    txkB/s   rxcmp/s   txcmp/s  rxmcst/s   %ifutil
14:00:54           lo      0.00      0.00      0.00      0.00      0.00      0.00      0.00      0.00
14:00:54         ens5   1678.00   2119.00    573.73    714.21      0.00      0.00      0.00      0.00

14:00:54        IFACE   rxpck/s   txpck/s    rxkB/s    txkB/s   rxcmp/s   txcmp/s  rxmcst/s   %ifutil
14:00:55           lo      0.00      0.00      0.00      0.00      0.00      0.00      0.00      0.00
14:00:55         ens5   2642.00   3450.00    926.26   1230.29      0.00      0.00      0.00      0.00

14:00:55        IFACE   rxpck/s   txpck/s    rxkB/s    txkB/s   rxcmp/s   txcmp/s  rxmcst/s   %ifutil
14:00:56           lo      0.00      0.00      0.00      0.00      0.00      0.00      0.00      0.00
14:00:56         ens5   2173.00   2832.00    763.18    997.50      0.00      0.00      0.00      0.00

14:00:56        IFACE   rxpck/s   txpck/s    rxkB/s    txkB/s   rxcmp/s   txcmp/s  rxmcst/s   %ifutil
14:00:57           lo      0.00      0.00      0.00      0.00      0.00      0.00      0.00      0.00
14:00:57         ens5   2557.00   3268.00    992.00   1214.95      0.00      0.00      0.00      0.00

14:00:57        IFACE   rxpck/s   txpck/s    rxkB/s    txkB/s   rxcmp/s   txcmp/s  rxmcst/s   %ifutil
14:00:58           lo      0.00      0.00      0.00      0.00      0.00      0.00      0.00      0.00
14:00:58         ens5   2485.00   3190.00    867.70   1139.26      0.00      0.00      0.00      0.00

14:00:58        IFACE   rxpck/s   txpck/s    rxkB/s    txkB/s   rxcmp/s   txcmp/s  rxmcst/s   %ifutil
14:00:59           lo      0.00      0.00      0.00      0.00      0.00      0.00      0.00      0.00
14:00:59         ens5   2116.00   2680.00    854.58    976.52      0.00      0.00      0.00      0.00

14:00:59        IFACE   rxpck/s   txpck/s    rxkB/s    txkB/s   rxcmp/s   txcmp/s  rxmcst/s   %ifutil
14:01:00           lo      0.00      0.00      0.00      0.00      0.00      0.00      0.00      0.00
14:01:00         ens5   2470.00   3122.00    871.48   1131.47      0.00      0.00      0.00      0.00

14:01:00        IFACE   rxpck/s   txpck/s    rxkB/s    txkB/s   rxcmp/s   txcmp/s  rxmcst/s   %ifutil
14:01:01           lo      0.00      0.00      0.00      0.00      0.00      0.00      0.00      0.00
14:01:01         ens5   2148.00   2797.00    754.70    997.28      0.00      0.00      0.00      0.00

14:01:01        IFACE   rxpck/s   txpck/s    rxkB/s    txkB/s   rxcmp/s   txcmp/s  rxmcst/s   %ifutil
14:01:02           lo      0.00      0.00      0.00      0.00      0.00      0.00      0.00      0.00
14:01:02         ens5   2185.00   2834.00    762.63   1017.07      0.00      0.00      0.00      0.00

14:01:02        IFACE   rxpck/s   txpck/s    rxkB/s    txkB/s   rxcmp/s   txcmp/s  rxmcst/s   %ifutil
14:01:03           lo      0.00      0.00      0.00      0.00      0.00      0.00      0.00      0.00
14:01:03         ens5   2494.00   3267.00    855.32   1134.88      0.00      0.00      0.00      0.00

14:01:03        IFACE   rxpck/s   txpck/s    rxkB/s    txkB/s   rxcmp/s   txcmp/s  rxmcst/s   %ifutil
14:01:04           lo      0.00      0.00      0.00      0.00      0.00      0.00      0.00      0.00
14:01:04         ens5   2150.00   2772.00    747.09    994.06      0.00      0.00      0.00      0.00

14:01:04        IFACE   rxpck/s   txpck/s    rxkB/s    txkB/s   rxcmp/s   txcmp/s  rxmcst/s   %ifutil
14:01:05           lo      0.00      0.00      0.00      0.00      0.00      0.00      0.00      0.00
14:01:05         ens5   2634.00   3344.00    924.43   1208.30      0.00      0.00      0.00      0.00

14:01:05        IFACE   rxpck/s   txpck/s    rxkB/s    txkB/s   rxcmp/s   txcmp/s  rxmcst/s   %ifutil
14:01:06           lo      0.00      0.00      0.00      0.00      0.00      0.00      0.00      0.00
14:01:06         ens5   2188.00   2789.00    765.50    974.37      0.00      0.00      0.00      0.00

14:01:06        IFACE   rxpck/s   txpck/s    rxkB/s    txkB/s   rxcmp/s   txcmp/s  rxmcst/s   %ifutil
14:01:07           lo      0.00      0.00      0.00      0.00      0.00      0.00      0.00      0.00
14:01:07         ens5   1927.00   2009.00    825.16    894.34      0.00      0.00      0.00      0.00

14:01:07        IFACE   rxpck/s   txpck/s    rxkB/s    txkB/s   rxcmp/s   txcmp/s  rxmcst/s   %ifutil
14:01:08           lo      0.00      0.00      0.00      0.00      0.00      0.00      0.00      0.00
14:01:08         ens5   2630.00   3336.00    939.57   1215.80      0.00      0.00      0.00      0.00

14:01:08        IFACE   rxpck/s   txpck/s    rxkB/s    txkB/s   rxcmp/s   txcmp/s  rxmcst/s   %ifutil
14:01:09           lo      0.00      0.00      0.00      0.00      0.00      0.00      0.00      0.00
14:01:09         ens5   2157.00   2706.00    882.19    999.56      0.00      0.00      0.00      0.00

14:01:09        IFACE   rxpck/s   txpck/s    rxkB/s    txkB/s   rxcmp/s   txcmp/s  rxmcst/s   %ifutil
14:01:10           lo      0.00      0.00      0.00      0.00      0.00      0.00      0.00      0.00
14:01:10         ens5   2359.00   3035.00    828.89   1087.39      0.00      0.00      0.00      0.00

14:01:10        IFACE   rxpck/s   txpck/s    rxkB/s    txkB/s   rxcmp/s   txcmp/s  rxmcst/s   %ifutil
14:01:11           lo      0.00      0.00      0.00      0.00      0.00      0.00      0.00      0.00
14:01:11         ens5   2487.00   3166.00    861.21   1128.94      0.00      0.00      0.00      0.00

14:01:11        IFACE   rxpck/s   txpck/s    rxkB/s    txkB/s   rxcmp/s   txcmp/s  rxmcst/s   %ifutil
14:01:12           lo      0.00      0.00      0.00      0.00      0.00      0.00      0.00      0.00
14:01:12         ens5   2325.00   2965.00    803.84   1061.75      0.00      0.00      0.00      0.00

14:01:12        IFACE   rxpck/s   txpck/s    rxkB/s    txkB/s   rxcmp/s   txcmp/s  rxmcst/s   %ifutil
14:01:13           lo      0.00      0.00      0.00      0.00      0.00      0.00      0.00      0.00
14:01:13         ens5   2531.00   3287.00    903.21   1216.01      0.00      0.00      0.00      0.00

14:01:13        IFACE   rxpck/s   txpck/s    rxkB/s    txkB/s   rxcmp/s   txcmp/s  rxmcst/s   %ifutil
14:01:14           lo      0.00      0.00      0.00      0.00      0.00      0.00      0.00      0.00
14:01:14         ens5   2532.00   3240.00    876.21   1165.21      0.00      0.00      0.00      0.00

14:01:14        IFACE   rxpck/s   txpck/s    rxkB/s    txkB/s   rxcmp/s   txcmp/s  rxmcst/s   %ifutil
14:01:15           lo      0.00      0.00      0.00      0.00      0.00      0.00      0.00      0.00
14:01:15         ens5   2217.00   2785.00    772.51    993.86      0.00      0.00      0.00      0.00

14:01:15        IFACE   rxpck/s   txpck/s    rxkB/s    txkB/s   rxcmp/s   txcmp/s  rxmcst/s   %ifutil
14:01:16           lo      0.00      0.00      0.00      0.00      0.00      0.00      0.00      0.00
14:01:16         ens5   2728.00   3572.00    946.67   1279.94      0.00      0.00      0.00      0.00

14:01:16        IFACE   rxpck/s   txpck/s    rxkB/s    txkB/s   rxcmp/s   txcmp/s  rxmcst/s   %ifutil
14:01:17           lo      0.00      0.00      0.00      0.00      0.00      0.00      0.00      0.00
14:01:17         ens5   2390.00   2842.00    902.79   1082.59      0.00      0.00      0.00      0.00
