Linux 6.1.166-197.305.amzn2023.x86_64 (ip-172-31-75-74.ec2.internal) 	04/22/26 	_x86_64_	(2 CPU)

14:16:44        IFACE   rxpck/s   txpck/s    rxkB/s    txkB/s   rxcmp/s   txcmp/s  rxmcst/s   %ifutil
14:16:45           lo      0.00      0.00      0.00      0.00      0.00      0.00      0.00      0.00
14:16:45         ens5    664.00    659.00    258.29     80.58      0.00      0.00      0.00      0.00

14:16:45        IFACE   rxpck/s   txpck/s    rxkB/s    txkB/s   rxcmp/s   txcmp/s  rxmcst/s   %ifutil
14:16:46           lo      0.00      0.00      0.00      0.00      0.00      0.00      0.00      0.00
14:16:46         ens5    362.00    369.00    132.28     45.41      0.00      0.00      0.00      0.00

14:16:46        IFACE   rxpck/s   txpck/s    rxkB/s    txkB/s   rxcmp/s   txcmp/s  rxmcst/s   %ifutil
14:16:47           lo      0.00      0.00      0.00      0.00      0.00      0.00      0.00      0.00
14:16:47         ens5    442.00    453.00    275.22    227.35      0.00      0.00      0.00      0.00

14:16:47        IFACE   rxpck/s   txpck/s    rxkB/s    txkB/s   rxcmp/s   txcmp/s  rxmcst/s   %ifutil
14:16:48           lo      0.00      0.00      0.00      0.00      0.00      0.00      0.00      0.00
14:16:48         ens5    475.00    454.00    157.43    113.64      0.00      0.00      0.00      0.00

14:16:48        IFACE   rxpck/s   txpck/s    rxkB/s    txkB/s   rxcmp/s   txcmp/s  rxmcst/s   %ifutil
14:16:49           lo      0.00      0.00      0.00      0.00      0.00      0.00      0.00      0.00
14:16:49         ens5    387.00    389.00    263.19     87.95      0.00      0.00      0.00      0.00

14:16:49        IFACE   rxpck/s   txpck/s    rxkB/s    txkB/s   rxcmp/s   txcmp/s  rxmcst/s   %ifutil
14:16:50           lo      0.00      0.00      0.00      0.00      0.00      0.00      0.00      0.00
14:16:50         ens5    369.00    374.00    138.76     44.46      0.00      0.00      0.00      0.00

14:16:50        IFACE   rxpck/s   txpck/s    rxkB/s    txkB/s   rxcmp/s   txcmp/s  rxmcst/s   %ifutil
14:16:51           lo      0.00      0.00      0.00      0.00      0.00      0.00      0.00      0.00
14:16:51         ens5    389.00    395.00    141.80     48.67      0.00      0.00      0.00      0.00

14:16:51        IFACE   rxpck/s   txpck/s    rxkB/s    txkB/s   rxcmp/s   txcmp/s  rxmcst/s   %ifutil
14:16:52           lo      0.00      0.00      0.00      0.00      0.00      0.00      0.00      0.00
14:16:52         ens5    519.00    555.00    218.76    108.29      0.00      0.00      0.00      0.00

14:16:52        IFACE   rxpck/s   txpck/s    rxkB/s    txkB/s   rxcmp/s   txcmp/s  rxmcst/s   %ifutil
14:16:53           lo      0.00      0.00      0.00      0.00      0.00      0.00      0.00      0.00
14:16:53         ens5    373.00    376.00    140.58     45.71      0.00      0.00      0.00      0.00

14:16:53        IFACE   rxpck/s   txpck/s    rxkB/s    txkB/s   rxcmp/s   txcmp/s  rxmcst/s   %ifutil
14:16:54           lo      0.00      0.00      0.00      0.00      0.00      0.00      0.00      0.00
14:16:54         ens5    403.00    409.00    145.61     51.09      0.00      0.00      0.00      0.00

14:16:54        IFACE   rxpck/s   txpck/s    rxkB/s    txkB/s   rxcmp/s   txcmp/s  rxmcst/s   %ifutil
14:16:55           lo      0.00      0.00      0.00      0.00      0.00      0.00      0.00      0.00
14:16:55         ens5    388.00    404.00    143.51     50.12      0.00      0.00      0.00      0.00

14:16:55        IFACE   rxpck/s   txpck/s    rxkB/s    txkB/s   rxcmp/s   txcmp/s  rxmcst/s   %ifutil
14:16:56           lo      0.00      0.00      0.00      0.00      0.00      0.00      0.00      0.00
14:16:56         ens5    643.00    616.00    236.87    118.47      0.00      0.00      0.00      0.00

14:16:56        IFACE   rxpck/s   txpck/s    rxkB/s    txkB/s   rxcmp/s   txcmp/s  rxmcst/s   %ifutil
14:16:57           lo      0.00      0.00      0.00      0.00      0.00      0.00      0.00      0.00
14:16:57         ens5    446.00    456.00    267.09    229.44      0.00      0.00      0.00      0.00

14:16:57        IFACE   rxpck/s   txpck/s    rxkB/s    txkB/s   rxcmp/s   txcmp/s  rxmcst/s   %ifutil
14:16:58           lo      0.00      0.00      0.00      0.00      0.00      0.00      0.00      0.00
14:16:58         ens5    389.00    411.00    142.76    107.44      0.00      0.00      0.00      0.00

14:16:58        IFACE   rxpck/s   txpck/s    rxkB/s    txkB/s   rxcmp/s   txcmp/s  rxmcst/s   %ifutil
14:16:59           lo      0.00      0.00      0.00      0.00      0.00      0.00      0.00      0.00
14:16:59         ens5    758.00    784.00    422.32    220.55      0.00      0.00      0.00      0.00

14:16:59        IFACE   rxpck/s   txpck/s    rxkB/s    txkB/s   rxcmp/s   txcmp/s  rxmcst/s   %ifutil
14:17:00           lo      0.00      0.00      0.00      0.00      0.00      0.00      0.00      0.00
14:17:00         ens5    415.00    473.00    153.97     54.82      0.00      0.00      0.00      0.00

14:17:00        IFACE   rxpck/s   txpck/s    rxkB/s    txkB/s   rxcmp/s   txcmp/s  rxmcst/s   %ifutil
14:17:01           lo      0.00      0.00      0.00      0.00      0.00      0.00      0.00      0.00
14:17:01         ens5    358.00    369.00    130.33     45.86      0.00      0.00      0.00      0.00

14:17:01        IFACE   rxpck/s   txpck/s    rxkB/s    txkB/s   rxcmp/s   txcmp/s  rxmcst/s   %ifutil
14:17:02           lo      0.00      0.00      0.00      0.00      0.00      0.00      0.00      0.00
14:17:02         ens5    347.00    335.00    123.14     41.14      0.00      0.00      0.00      0.00

14:17:02        IFACE   rxpck/s   txpck/s    rxkB/s    txkB/s   rxcmp/s   txcmp/s  rxmcst/s   %ifutil
14:17:03           lo      0.00      0.00      0.00      0.00      0.00      0.00      0.00      0.00
14:17:03         ens5    384.00    394.00    139.75     49.42      0.00      0.00      0.00      0.00

14:17:03        IFACE   rxpck/s   txpck/s    rxkB/s    txkB/s   rxcmp/s   txcmp/s  rxmcst/s   %ifutil
14:17:04           lo      0.00      0.00      0.00      0.00      0.00      0.00      0.00      0.00
14:17:04         ens5    399.00    413.00    147.21     51.17      0.00      0.00      0.00      0.00

14:17:04        IFACE   rxpck/s   txpck/s    rxkB/s    txkB/s   rxcmp/s   txcmp/s  rxmcst/s   %ifutil
14:17:05           lo      0.00      0.00      0.00      0.00      0.00      0.00      0.00      0.00
14:17:05         ens5    349.00    354.00    132.04     42.26      0.00      0.00      0.00      0.00

14:17:05        IFACE   rxpck/s   txpck/s    rxkB/s    txkB/s   rxcmp/s   txcmp/s  rxmcst/s   %ifutil
14:17:06           lo      0.00      0.00      0.00      0.00      0.00      0.00      0.00      0.00
14:17:06         ens5    384.00    394.00    134.72     50.25      0.00      0.00      0.00      0.00

14:17:06        IFACE   rxpck/s   txpck/s    rxkB/s    txkB/s   rxcmp/s   txcmp/s  rxmcst/s   %ifutil
14:17:07           lo      0.00      0.00      0.00      0.00      0.00      0.00      0.00      0.00
14:17:07         ens5    392.00    407.00    204.75    138.25      0.00      0.00      0.00      0.00

14:17:07        IFACE   rxpck/s   txpck/s    rxkB/s    txkB/s   rxcmp/s   txcmp/s  rxmcst/s   %ifutil
14:17:08           lo      0.00      0.00      0.00      0.00      0.00      0.00      0.00      0.00
14:17:08         ens5    379.00    393.00    192.79    188.89      0.00      0.00      0.00      0.00

14:17:08        IFACE   rxpck/s   txpck/s    rxkB/s    txkB/s   rxcmp/s   txcmp/s  rxmcst/s   %ifutil
14:17:09           lo      0.00      0.00      0.00      0.00      0.00      0.00      0.00      0.00
14:17:09         ens5    425.00    430.00    276.16     93.34      0.00      0.00      0.00      0.00

14:17:09        IFACE   rxpck/s   txpck/s    rxkB/s    txkB/s   rxcmp/s   txcmp/s  rxmcst/s   %ifutil
14:17:10           lo      0.00      0.00      0.00      0.00      0.00      0.00      0.00      0.00
14:17:10         ens5    377.00    391.00    140.66     48.18      0.00      0.00      0.00      0.00

14:17:10        IFACE   rxpck/s   txpck/s    rxkB/s    txkB/s   rxcmp/s   txcmp/s  rxmcst/s   %ifutil
14:17:11           lo      0.00      0.00      0.00      0.00      0.00      0.00      0.00      0.00
14:17:11         ens5    357.00    358.00    135.97     43.01      0.00      0.00      0.00      0.00

14:17:11        IFACE   rxpck/s   txpck/s    rxkB/s    txkB/s   rxcmp/s   txcmp/s  rxmcst/s   %ifutil
14:17:12           lo      0.00      0.00      0.00      0.00      0.00      0.00      0.00      0.00
14:17:12         ens5    439.00    441.00    162.56     55.42      0.00      0.00      0.00      0.00

14:17:12        IFACE   rxpck/s   txpck/s    rxkB/s    txkB/s   rxcmp/s   txcmp/s  rxmcst/s   %ifutil
14:17:13           lo      0.00      0.00      0.00      0.00      0.00      0.00      0.00      0.00
14:17:13         ens5    401.00    404.00    146.18     50.79      0.00      0.00      0.00      0.00

14:17:13        IFACE   rxpck/s   txpck/s    rxkB/s    txkB/s   rxcmp/s   txcmp/s  rxmcst/s   %ifutil
14:17:14           lo      0.00      0.00      0.00      0.00      0.00      0.00      0.00      0.00
14:17:14         ens5    359.00    359.00    136.34     43.61      0.00      0.00      0.00      0.00

14:17:14        IFACE   rxpck/s   txpck/s    rxkB/s    txkB/s   rxcmp/s   txcmp/s  rxmcst/s   %ifutil
14:17:15           lo      0.00      0.00      0.00      0.00      0.00      0.00      0.00      0.00
14:17:15         ens5    404.00    412.00    146.49     51.36      0.00      0.00      0.00      0.00

14:17:15        IFACE   rxpck/s   txpck/s    rxkB/s    txkB/s   rxcmp/s   txcmp/s  rxmcst/s   %ifutil
14:17:16           lo      0.00      0.00      0.00      0.00      0.00      0.00      0.00      0.00
14:17:16         ens5    417.00    423.00    153.27     51.78      0.00      0.00      0.00      0.00

14:17:16        IFACE   rxpck/s   txpck/s    rxkB/s    txkB/s   rxcmp/s   txcmp/s  rxmcst/s   %ifutil
14:17:17           lo      0.00      0.00      0.00      0.00      0.00      0.00      0.00      0.00
14:17:17         ens5    442.00    445.00    270.82    226.80      0.00      0.00      0.00      0.00

14:17:17        IFACE   rxpck/s   txpck/s    rxkB/s    txkB/s   rxcmp/s   txcmp/s  rxmcst/s   %ifutil
14:17:18           lo      0.00      0.00      0.00      0.00      0.00      0.00      0.00      0.00
14:17:18         ens5    391.00    407.00    136.72    107.45      0.00      0.00      0.00      0.00

14:17:18        IFACE   rxpck/s   txpck/s    rxkB/s    txkB/s   rxcmp/s   txcmp/s  rxmcst/s   %ifutil
14:17:19           lo      0.00      0.00      0.00      0.00      0.00      0.00      0.00      0.00
14:17:19         ens5    387.00    386.00    262.46     87.95      0.00      0.00      0.00      0.00

14:17:19        IFACE   rxpck/s   txpck/s    rxkB/s    txkB/s   rxcmp/s   txcmp/s  rxmcst/s   %ifutil
14:17:20           lo      0.00      0.00      0.00      0.00      0.00      0.00      0.00      0.00
14:17:20         ens5    368.00    370.00    139.45     44.21      0.00      0.00      0.00      0.00

14:17:20        IFACE   rxpck/s   txpck/s    rxkB/s    txkB/s   rxcmp/s   txcmp/s  rxmcst/s   %ifutil
14:17:21           lo      0.00      0.00      0.00      0.00      0.00      0.00      0.00      0.00
14:17:21         ens5    431.00    435.00    155.73     53.22      0.00      0.00      0.00      0.00

14:17:21        IFACE   rxpck/s   txpck/s    rxkB/s    txkB/s   rxcmp/s   txcmp/s  rxmcst/s   %ifutil
14:17:22           lo      0.00      0.00      0.00      0.00      0.00      0.00      0.00      0.00
14:17:22         ens5    361.00    361.00    132.84     44.78      0.00      0.00      0.00      0.00

14:17:22        IFACE   rxpck/s   txpck/s    rxkB/s    txkB/s   rxcmp/s   txcmp/s  rxmcst/s   %ifutil
14:17:23           lo      0.00      0.00      0.00      0.00      0.00      0.00      0.00      0.00
14:17:23         ens5    358.00    358.00    131.19     45.11      0.00      0.00      0.00      0.00

14:17:23        IFACE   rxpck/s   txpck/s    rxkB/s    txkB/s   rxcmp/s   txcmp/s  rxmcst/s   %ifutil
14:17:24           lo      0.00      0.00      0.00      0.00      0.00      0.00      0.00      0.00
14:17:24         ens5    424.00    432.00    156.79     53.59      0.00      0.00      0.00      0.00

14:17:24        IFACE   rxpck/s   txpck/s    rxkB/s    txkB/s   rxcmp/s   txcmp/s  rxmcst/s   %ifutil
14:17:25           lo      0.00      0.00      0.00      0.00      0.00      0.00      0.00      0.00
14:17:25         ens5    425.00    428.00    160.32     53.46      0.00      0.00      0.00      0.00

14:17:25        IFACE   rxpck/s   txpck/s    rxkB/s    txkB/s   rxcmp/s   txcmp/s  rxmcst/s   %ifutil
14:17:26           lo      0.00      0.00      0.00      0.00      0.00      0.00      0.00      0.00
14:17:26         ens5    377.00    370.00    135.15     45.25      0.00      0.00      0.00      0.00

14:17:26        IFACE   rxpck/s   txpck/s    rxkB/s    txkB/s   rxcmp/s   txcmp/s  rxmcst/s   %ifutil
14:17:27           lo      0.00      0.00      0.00      0.00      0.00      0.00      0.00      0.00
14:17:27         ens5    414.00    432.00    255.32    227.21      0.00      0.00      0.00      0.00

14:17:27        IFACE   rxpck/s   txpck/s    rxkB/s    txkB/s   rxcmp/s   txcmp/s  rxmcst/s   %ifutil
14:17:28           lo      0.00      0.00      0.00      0.00      0.00      0.00      0.00      0.00
14:17:28         ens5    431.00    437.00    153.92    112.01      0.00      0.00      0.00      0.00

14:17:28        IFACE   rxpck/s   txpck/s    rxkB/s    txkB/s   rxcmp/s   txcmp/s  rxmcst/s   %ifutil
14:17:29           lo      0.00      0.00      0.00      0.00      0.00      0.00      0.00      0.00
14:17:29         ens5    508.00    497.00    308.43    103.57      0.00      0.00      0.00      0.00

14:17:29        IFACE   rxpck/s   txpck/s    rxkB/s    txkB/s   rxcmp/s   txcmp/s  rxmcst/s   %ifutil
14:17:30           lo      0.00      0.00      0.00      0.00      0.00      0.00      0.00      0.00
14:17:30         ens5    568.00    618.00    231.72    121.06      0.00      0.00      0.00      0.00

14:17:30        IFACE   rxpck/s   txpck/s    rxkB/s    txkB/s   rxcmp/s   txcmp/s  rxmcst/s   %ifutil
14:17:31           lo      0.00      0.00      0.00      0.00      0.00      0.00      0.00      0.00
14:17:31         ens5    350.00    357.00    128.48     43.92      0.00      0.00      0.00      0.00

14:17:31        IFACE   rxpck/s   txpck/s    rxkB/s    txkB/s   rxcmp/s   txcmp/s  rxmcst/s   %ifutil
14:17:32           lo      0.00      0.00      0.00      0.00      0.00      0.00      0.00      0.00
14:17:32         ens5    416.00    417.00    158.47     50.42      0.00      0.00      0.00      0.00

14:17:32        IFACE   rxpck/s   txpck/s    rxkB/s    txkB/s   rxcmp/s   txcmp/s  rxmcst/s   %ifutil
14:17:33           lo      0.00      0.00      0.00      0.00      0.00      0.00      0.00      0.00
14:17:33         ens5    474.00    478.00    171.87     58.65      0.00      0.00      0.00      0.00

14:17:33        IFACE   rxpck/s   txpck/s    rxkB/s    txkB/s   rxcmp/s   txcmp/s  rxmcst/s   %ifutil
14:17:34           lo      0.00      0.00      0.00      0.00      0.00      0.00      0.00      0.00
14:17:34         ens5    370.00    373.00    133.06     48.50      0.00      0.00      0.00      0.00

14:17:34        IFACE   rxpck/s   txpck/s    rxkB/s    txkB/s   rxcmp/s   txcmp/s  rxmcst/s   %ifutil
14:17:35           lo      0.00      0.00      0.00      0.00      0.00      0.00      0.00      0.00
14:17:35         ens5    350.00    350.00    129.03     41.65      0.00      0.00      0.00      0.00

14:17:35        IFACE   rxpck/s   txpck/s    rxkB/s    txkB/s   rxcmp/s   txcmp/s  rxmcst/s   %ifutil
14:17:36           lo      0.00      0.00      0.00      0.00      0.00      0.00      0.00      0.00
14:17:36         ens5    413.00    417.00    149.96     52.70      0.00      0.00      0.00      0.00

14:17:36        IFACE   rxpck/s   txpck/s    rxkB/s    txkB/s   rxcmp/s   txcmp/s  rxmcst/s   %ifutil
14:17:37           lo      0.00      0.00      0.00      0.00      0.00      0.00      0.00      0.00
14:17:37         ens5    420.00    430.00    256.79    226.90      0.00      0.00      0.00      0.00

14:17:37        IFACE   rxpck/s   txpck/s    rxkB/s    txkB/s   rxcmp/s   txcmp/s  rxmcst/s   %ifutil
14:17:38           lo      0.00      0.00      0.00      0.00      0.00      0.00      0.00      0.00
14:17:38         ens5    417.00    430.00    157.80    108.69      0.00      0.00      0.00      0.00

14:17:38        IFACE   rxpck/s   txpck/s    rxkB/s    txkB/s   rxcmp/s   txcmp/s  rxmcst/s   %ifutil
14:17:39           lo      0.00      0.00      0.00      0.00      0.00      0.00      0.00      0.00
14:17:39         ens5    382.00    379.00    259.26     87.41      0.00      0.00      0.00      0.00

14:17:39        IFACE   rxpck/s   txpck/s    rxkB/s    txkB/s   rxcmp/s   txcmp/s  rxmcst/s   %ifutil
14:17:40           lo      0.00      0.00      0.00      0.00      0.00      0.00      0.00      0.00
14:17:40         ens5    366.00    370.00    133.55     45.66      0.00      0.00      0.00      0.00

14:17:40        IFACE   rxpck/s   txpck/s    rxkB/s    txkB/s   rxcmp/s   txcmp/s  rxmcst/s   %ifutil
14:17:41           lo      0.00      0.00      0.00      0.00      0.00      0.00      0.00      0.00
14:17:41         ens5    395.00    396.00    151.45     47.53      0.00      0.00      0.00      0.00

14:17:41        IFACE   rxpck/s   txpck/s    rxkB/s    txkB/s   rxcmp/s   txcmp/s  rxmcst/s   %ifutil
14:17:42           lo      0.00      0.00      0.00      0.00      0.00      0.00      0.00      0.00
14:17:42         ens5    374.00    378.00    135.94     46.97      0.00      0.00      0.00      0.00

14:17:42        IFACE   rxpck/s   txpck/s    rxkB/s    txkB/s   rxcmp/s   txcmp/s  rxmcst/s   %ifutil
14:17:43           lo      0.00      0.00      0.00      0.00      0.00      0.00      0.00      0.00
14:17:43         ens5    390.00    397.00    139.51     49.60      0.00      0.00      0.00      0.00

14:17:43        IFACE   rxpck/s   txpck/s    rxkB/s    txkB/s   rxcmp/s   txcmp/s  rxmcst/s   %ifutil
14:17:44           lo      0.00      0.00      0.00      0.00      0.00      0.00      0.00      0.00
14:17:44         ens5    382.00    380.00    144.72     46.88      0.00      0.00      0.00      0.00

14:17:44        IFACE   rxpck/s   txpck/s    rxkB/s    txkB/s   rxcmp/s   txcmp/s  rxmcst/s   %ifutil
14:17:45           lo      0.00      0.00      0.00      0.00      0.00      0.00      0.00      0.00
14:17:45         ens5    420.00    425.00    155.26     52.76      0.00      0.00      0.00      0.00

14:17:45        IFACE   rxpck/s   txpck/s    rxkB/s    txkB/s   rxcmp/s   txcmp/s  rxmcst/s   %ifutil
14:17:46           lo      0.00      0.00      0.00      0.00      0.00      0.00      0.00      0.00
14:17:46         ens5    390.00    392.00    144.27     47.77      0.00      0.00      0.00      0.00

14:17:46        IFACE   rxpck/s   txpck/s    rxkB/s    txkB/s   rxcmp/s   txcmp/s  rxmcst/s   %ifutil
14:17:47           lo      0.00      0.00      0.00      0.00      0.00      0.00      0.00      0.00
14:17:47         ens5    416.00    420.00    260.36    224.41      0.00      0.00      0.00      0.00

14:17:47        IFACE   rxpck/s   txpck/s    rxkB/s    txkB/s   rxcmp/s   txcmp/s  rxmcst/s   %ifutil
14:17:48           lo      0.00      0.00      0.00      0.00      0.00      0.00      0.00      0.00
14:17:48         ens5    397.00    405.00    137.64    107.39      0.00      0.00      0.00      0.00

14:17:48        IFACE   rxpck/s   txpck/s    rxkB/s    txkB/s   rxcmp/s   txcmp/s  rxmcst/s   %ifutil
14:17:49           lo      0.00      0.00      0.00      0.00      0.00      0.00      0.00      0.00
14:17:49         ens5    432.00    430.00    284.47     93.11      0.00      0.00      0.00      0.00

14:17:49        IFACE   rxpck/s   txpck/s    rxkB/s    txkB/s   rxcmp/s   txcmp/s  rxmcst/s   %ifutil
14:17:50           lo      0.00      0.00      0.00      0.00      0.00      0.00      0.00      0.00
14:17:50         ens5    371.00    373.00    140.75     45.09      0.00      0.00      0.00      0.00

14:17:50        IFACE   rxpck/s   txpck/s    rxkB/s    txkB/s   rxcmp/s   txcmp/s  rxmcst/s   %ifutil
14:17:51           lo      0.00      0.00      0.00      0.00      0.00      0.00      0.00      0.00
14:17:51         ens5    362.00    366.00    130.78     45.46      0.00      0.00      0.00      0.00

14:17:51        IFACE   rxpck/s   txpck/s    rxkB/s    txkB/s   rxcmp/s   txcmp/s  rxmcst/s   %ifutil
14:17:52           lo      0.00      0.00      0.00      0.00      0.00      0.00      0.00      0.00
14:17:52         ens5    372.00    376.00    138.13     46.93      0.00      0.00      0.00      0.00

14:17:52        IFACE   rxpck/s   txpck/s    rxkB/s    txkB/s   rxcmp/s   txcmp/s  rxmcst/s   %ifutil
14:17:53           lo      0.00      0.00      0.00      0.00      0.00      0.00      0.00      0.00
14:17:53         ens5    383.00    386.00    141.18     46.73      0.00      0.00      0.00      0.00

14:17:53        IFACE   rxpck/s   txpck/s    rxkB/s    txkB/s   rxcmp/s   txcmp/s  rxmcst/s   %ifutil
14:17:54           lo      0.00      0.00      0.00      0.00      0.00      0.00      0.00      0.00
14:17:54         ens5    449.00    454.00    162.60     58.18      0.00      0.00      0.00      0.00

14:17:54        IFACE   rxpck/s   txpck/s    rxkB/s    txkB/s   rxcmp/s   txcmp/s  rxmcst/s   %ifutil
14:17:55           lo      0.00      0.00      0.00      0.00      0.00      0.00      0.00      0.00
14:17:55         ens5    276.00    265.00     91.41     32.84      0.00      0.00      0.00      0.00

14:17:55        IFACE   rxpck/s   txpck/s    rxkB/s    txkB/s   rxcmp/s   txcmp/s  rxmcst/s   %ifutil
14:17:56           lo      0.00      0.00      0.00      0.00      0.00      0.00      0.00      0.00
14:17:56         ens5    255.45    279.21     90.28     34.00      0.00      0.00      0.00      0.00

14:17:56        IFACE   rxpck/s   txpck/s    rxkB/s    txkB/s   rxcmp/s   txcmp/s  rxmcst/s   %ifutil
14:17:57           lo      0.00      0.00      0.00      0.00      0.00      0.00      0.00      0.00
14:17:57         ens5    391.00    417.00    242.56    223.39      0.00      0.00      0.00      0.00

14:17:57        IFACE   rxpck/s   txpck/s    rxkB/s    txkB/s   rxcmp/s   txcmp/s  rxmcst/s   %ifutil
14:17:58           lo      0.00      0.00      0.00      0.00      0.00      0.00      0.00      0.00
14:17:58         ens5    409.00    424.00    147.84    109.50      0.00      0.00      0.00      0.00

14:17:58        IFACE   rxpck/s   txpck/s    rxkB/s    txkB/s   rxcmp/s   txcmp/s  rxmcst/s   %ifutil
14:17:59           lo      0.00      0.00      0.00      0.00      0.00      0.00      0.00      0.00
14:17:59         ens5   1161.00    924.00   2667.40    287.16      0.00      0.00      0.00      0.00

14:17:59        IFACE   rxpck/s   txpck/s    rxkB/s    txkB/s   rxcmp/s   txcmp/s  rxmcst/s   %ifutil
14:18:00           lo      0.00      0.00      0.00      0.00      0.00      0.00      0.00      0.00
14:18:00         ens5    384.00    392.00    139.23     48.57      0.00      0.00      0.00      0.00

14:18:00        IFACE   rxpck/s   txpck/s    rxkB/s    txkB/s   rxcmp/s   txcmp/s  rxmcst/s   %ifutil
14:18:01           lo      0.00      0.00      0.00      0.00      0.00      0.00      0.00      0.00
14:18:01         ens5    381.00    390.00    140.74     47.93      0.00      0.00      0.00      0.00

14:18:01        IFACE   rxpck/s   txpck/s    rxkB/s    txkB/s   rxcmp/s   txcmp/s  rxmcst/s   %ifutil
14:18:02           lo      0.00      0.00      0.00      0.00      0.00      0.00      0.00      0.00
14:18:02         ens5    312.00    315.00    116.95     37.63      0.00      0.00      0.00      0.00

14:18:02        IFACE   rxpck/s   txpck/s    rxkB/s    txkB/s   rxcmp/s   txcmp/s  rxmcst/s   %ifutil
14:18:03           lo      0.00      0.00      0.00      0.00      0.00      0.00      0.00      0.00
14:18:03         ens5    343.00    348.00    122.00     43.39      0.00      0.00      0.00      0.00

14:18:03        IFACE   rxpck/s   txpck/s    rxkB/s    txkB/s   rxcmp/s   txcmp/s  rxmcst/s   %ifutil
14:18:04           lo      0.00      0.00      0.00      0.00      0.00      0.00      0.00      0.00
14:18:04         ens5    417.00    423.00    148.53     54.11      0.00      0.00      0.00      0.00

14:18:04        IFACE   rxpck/s   txpck/s    rxkB/s    txkB/s   rxcmp/s   txcmp/s  rxmcst/s   %ifutil
14:18:05           lo      0.00      0.00      0.00      0.00      0.00      0.00      0.00      0.00
14:18:05         ens5    410.00    396.00    142.02     45.26      0.00      0.00      0.00      0.00

14:18:05        IFACE   rxpck/s   txpck/s    rxkB/s    txkB/s   rxcmp/s   txcmp/s  rxmcst/s   %ifutil
14:18:06           lo      0.00      0.00      0.00      0.00      0.00      0.00      0.00      0.00
14:18:06         ens5    371.00    376.00    131.43     47.68      0.00      0.00      0.00      0.00

14:18:06        IFACE   rxpck/s   txpck/s    rxkB/s    txkB/s   rxcmp/s   txcmp/s  rxmcst/s   %ifutil
14:18:07           lo      0.00      0.00      0.00      0.00      0.00      0.00      0.00      0.00
14:18:07         ens5    415.00    427.00    253.91    225.86      0.00      0.00      0.00      0.00

14:18:07        IFACE   rxpck/s   txpck/s    rxkB/s    txkB/s   rxcmp/s   txcmp/s  rxmcst/s   %ifutil
14:18:08           lo      0.00      0.00      0.00      0.00      0.00      0.00      0.00      0.00
14:18:08         ens5    416.00    426.00    154.09    108.76      0.00      0.00      0.00      0.00

14:18:08        IFACE   rxpck/s   txpck/s    rxkB/s    txkB/s   rxcmp/s   txcmp/s  rxmcst/s   %ifutil
14:18:09           lo      0.00      0.00      0.00      0.00      0.00      0.00      0.00      0.00
14:18:09         ens5    441.00    441.00    284.60     94.14      0.00      0.00      0.00      0.00

14:18:09        IFACE   rxpck/s   txpck/s    rxkB/s    txkB/s   rxcmp/s   txcmp/s  rxmcst/s   %ifutil
14:18:10           lo      0.00      0.00      0.00      0.00      0.00      0.00      0.00      0.00
14:18:10         ens5    383.00    390.00    143.76     47.79      0.00      0.00      0.00      0.00

14:18:10        IFACE   rxpck/s   txpck/s    rxkB/s    txkB/s   rxcmp/s   txcmp/s  rxmcst/s   %ifutil
14:18:11           lo      0.00      0.00      0.00      0.00      0.00      0.00      0.00      0.00
14:18:11         ens5    351.00    358.00    129.29     43.24      0.00      0.00      0.00      0.00

14:18:11        IFACE   rxpck/s   txpck/s    rxkB/s    txkB/s   rxcmp/s   txcmp/s  rxmcst/s   %ifutil
14:18:12           lo      0.00      0.00      0.00      0.00      0.00      0.00      0.00      0.00
14:18:12         ens5    439.00    443.00    166.10     54.62      0.00      0.00      0.00      0.00

14:18:12        IFACE   rxpck/s   txpck/s    rxkB/s    txkB/s   rxcmp/s   txcmp/s  rxmcst/s   %ifutil
14:18:13           lo      0.00      0.00      0.00      0.00      0.00      0.00      0.00      0.00
14:18:13         ens5    421.00    427.00    157.14     52.41      0.00      0.00      0.00      0.00

14:18:13        IFACE   rxpck/s   txpck/s    rxkB/s    txkB/s   rxcmp/s   txcmp/s  rxmcst/s   %ifutil
14:18:14           lo      0.00      0.00      0.00      0.00      0.00      0.00      0.00      0.00
14:18:14         ens5    361.00    364.00    134.95     45.69      0.00      0.00      0.00      0.00

14:18:14        IFACE   rxpck/s   txpck/s    rxkB/s    txkB/s   rxcmp/s   txcmp/s  rxmcst/s   %ifutil
14:18:15           lo      0.00      0.00      0.00      0.00      0.00      0.00      0.00      0.00
14:18:15         ens5    381.00    385.00    138.92     48.70      0.00      0.00      0.00      0.00

14:18:15        IFACE   rxpck/s   txpck/s    rxkB/s    txkB/s   rxcmp/s   txcmp/s  rxmcst/s   %ifutil
14:18:16           lo      0.00      0.00      0.00      0.00      0.00      0.00      0.00      0.00
14:18:16         ens5    375.00    381.00    138.00     46.65      0.00      0.00      0.00      0.00

14:18:16        IFACE   rxpck/s   txpck/s    rxkB/s    txkB/s   rxcmp/s   txcmp/s  rxmcst/s   %ifutil
14:18:17           lo      0.00      0.00      0.00      0.00      0.00      0.00      0.00      0.00
14:18:17         ens5    452.00    463.00    277.59    229.51      0.00      0.00      0.00      0.00

14:18:17        IFACE   rxpck/s   txpck/s    rxkB/s    txkB/s   rxcmp/s   txcmp/s  rxmcst/s   %ifutil
14:18:18           lo      0.00      0.00      0.00      0.00      0.00      0.00      0.00      0.00
14:18:18         ens5    403.00    415.00    139.11    108.58      0.00      0.00      0.00      0.00

14:18:18        IFACE   rxpck/s   txpck/s    rxkB/s    txkB/s   rxcmp/s   txcmp/s  rxmcst/s   %ifutil
14:18:19           lo      0.00      0.00      0.00      0.00      0.00      0.00      0.00      0.00
14:18:19         ens5    400.00    394.00    267.04     87.94      0.00      0.00      0.00      0.00

14:18:19        IFACE   rxpck/s   txpck/s    rxkB/s    txkB/s   rxcmp/s   txcmp/s  rxmcst/s   %ifutil
14:18:20           lo      0.00      0.00      0.00      0.00      0.00      0.00      0.00      0.00
14:18:20         ens5    396.00    404.00    150.67     48.79      0.00      0.00      0.00      0.00

14:18:20        IFACE   rxpck/s   txpck/s    rxkB/s    txkB/s   rxcmp/s   txcmp/s  rxmcst/s   %ifutil
14:18:21           lo      0.00      0.00      0.00      0.00      0.00      0.00      0.00      0.00
14:18:21         ens5    402.00    412.00    146.44     50.55      0.00      0.00      0.00      0.00

14:18:21        IFACE   rxpck/s   txpck/s    rxkB/s    txkB/s   rxcmp/s   txcmp/s  rxmcst/s   %ifutil
14:18:22           lo      0.00      0.00      0.00      0.00      0.00      0.00      0.00      0.00
14:18:22         ens5    363.00    360.00    127.73     44.52      0.00      0.00      0.00      0.00

14:18:22        IFACE   rxpck/s   txpck/s    rxkB/s    txkB/s   rxcmp/s   txcmp/s  rxmcst/s   %ifutil
14:18:23           lo      0.00      0.00      0.00      0.00      0.00      0.00      0.00      0.00
14:18:23         ens5    379.00    384.00    144.33     45.97      0.00      0.00      0.00      0.00

14:18:23        IFACE   rxpck/s   txpck/s    rxkB/s    txkB/s   rxcmp/s   txcmp/s  rxmcst/s   %ifutil
14:18:24           lo      0.00      0.00      0.00      0.00      0.00      0.00      0.00      0.00
14:18:24         ens5    421.00    426.00    151.87     53.14      0.00      0.00      0.00      0.00

14:18:24        IFACE   rxpck/s   txpck/s    rxkB/s    txkB/s   rxcmp/s   txcmp/s  rxmcst/s   %ifutil
14:18:25           lo      0.00      0.00      0.00      0.00      0.00      0.00      0.00      0.00
14:18:25         ens5    492.00    504.00    174.52     61.04      0.00      0.00      0.00      0.00

14:18:25        IFACE   rxpck/s   txpck/s    rxkB/s    txkB/s   rxcmp/s   txcmp/s  rxmcst/s   %ifutil
14:18:26           lo      0.00      0.00      0.00      0.00      0.00      0.00      0.00      0.00
14:18:26         ens5    308.00    313.00    118.14     39.99      0.00      0.00      0.00      0.00

14:18:26        IFACE   rxpck/s   txpck/s    rxkB/s    txkB/s   rxcmp/s   txcmp/s  rxmcst/s   %ifutil
14:18:27           lo      0.00      0.00      0.00      0.00      0.00      0.00      0.00      0.00
14:18:27         ens5    395.00    408.00    242.72    223.52      0.00      0.00      0.00      0.00

14:18:27        IFACE   rxpck/s   txpck/s    rxkB/s    txkB/s   rxcmp/s   txcmp/s  rxmcst/s   %ifutil
14:18:28           lo      0.00      0.00      0.00      0.00      0.00      0.00      0.00      0.00
14:18:28         ens5    408.00    422.00    147.21    109.28      0.00      0.00      0.00      0.00

14:18:28        IFACE   rxpck/s   txpck/s    rxkB/s    txkB/s   rxcmp/s   txcmp/s  rxmcst/s   %ifutil
14:18:29           lo      0.00      0.00      0.00      0.00      0.00      0.00      0.00      0.00
14:18:29         ens5    478.00    468.00    294.97     99.83      0.00      0.00      0.00      0.00

14:18:29        IFACE   rxpck/s   txpck/s    rxkB/s    txkB/s   rxcmp/s   txcmp/s  rxmcst/s   %ifutil
14:18:30           lo      0.00      0.00      0.00      0.00      0.00      0.00      0.00      0.00
14:18:30         ens5    409.00    413.00    147.76     51.87      0.00      0.00      0.00      0.00

14:18:30        IFACE   rxpck/s   txpck/s    rxkB/s    txkB/s   rxcmp/s   txcmp/s  rxmcst/s   %ifutil
14:18:31           lo      0.00      0.00      0.00      0.00      0.00      0.00      0.00      0.00
14:18:31         ens5    360.00    368.00    136.06     45.45      0.00      0.00      0.00      0.00

14:18:31        IFACE   rxpck/s   txpck/s    rxkB/s    txkB/s   rxcmp/s   txcmp/s  rxmcst/s   %ifutil
14:18:32           lo      0.00      0.00      0.00      0.00      0.00      0.00      0.00      0.00
14:18:32         ens5    381.00    384.00    141.46     46.38      0.00      0.00      0.00      0.00

14:18:32        IFACE   rxpck/s   txpck/s    rxkB/s    txkB/s   rxcmp/s   txcmp/s  rxmcst/s   %ifutil
14:18:33           lo      0.00      0.00      0.00      0.00      0.00      0.00      0.00      0.00
14:18:33         ens5    429.00    431.00    158.39     53.40      0.00      0.00      0.00      0.00

14:18:33        IFACE   rxpck/s   txpck/s    rxkB/s    txkB/s   rxcmp/s   txcmp/s  rxmcst/s   %ifutil
14:18:34           lo      0.00      0.00      0.00      0.00      0.00      0.00      0.00      0.00
14:18:34         ens5    406.00    412.00    148.04     51.06      0.00      0.00      0.00      0.00

14:18:34        IFACE   rxpck/s   txpck/s    rxkB/s    txkB/s   rxcmp/s   txcmp/s  rxmcst/s   %ifutil
14:18:35           lo      0.00      0.00      0.00      0.00      0.00      0.00      0.00      0.00
14:18:35         ens5    352.00    354.00    134.49     42.38      0.00      0.00      0.00      0.00

14:18:35        IFACE   rxpck/s   txpck/s    rxkB/s    txkB/s   rxcmp/s   txcmp/s  rxmcst/s   %ifutil
14:18:36           lo      0.00      0.00      0.00      0.00      0.00      0.00      0.00      0.00
14:18:36         ens5    412.00    414.00    147.80     53.51      0.00      0.00      0.00      0.00

14:18:36        IFACE   rxpck/s   txpck/s    rxkB/s    txkB/s   rxcmp/s   txcmp/s  rxmcst/s   %ifutil
14:18:37           lo      0.00      0.00      0.00      0.00      0.00      0.00      0.00      0.00
14:18:37         ens5    473.00    480.00    277.81    232.60      0.00      0.00      0.00      0.00

14:18:37        IFACE   rxpck/s   txpck/s    rxkB/s    txkB/s   rxcmp/s   txcmp/s  rxmcst/s   %ifutil
14:18:38           lo      0.00      0.00      0.00      0.00      0.00      0.00      0.00      0.00
14:18:38         ens5    396.00    407.00    145.88    105.80      0.00      0.00      0.00      0.00

14:18:38        IFACE   rxpck/s   txpck/s    rxkB/s    txkB/s   rxcmp/s   txcmp/s  rxmcst/s   %ifutil
14:18:39           lo      0.00      0.00      0.00      0.00      0.00      0.00      0.00      0.00
14:18:39         ens5    372.00    365.00    252.42     85.31      0.00      0.00      0.00      0.00

14:18:39        IFACE   rxpck/s   txpck/s    rxkB/s    txkB/s   rxcmp/s   txcmp/s  rxmcst/s   %ifutil
14:18:40           lo      0.00      0.00      0.00      0.00      0.00      0.00      0.00      0.00
14:18:40         ens5    393.00    400.00    144.57     49.40      0.00      0.00      0.00      0.00

14:18:40        IFACE   rxpck/s   txpck/s    rxkB/s    txkB/s   rxcmp/s   txcmp/s  rxmcst/s   %ifutil
14:18:41           lo      0.00      0.00      0.00      0.00      0.00      0.00      0.00      0.00
14:18:41         ens5    395.00    401.00    151.42     48.32      0.00      0.00      0.00      0.00

14:18:41        IFACE   rxpck/s   txpck/s    rxkB/s    txkB/s   rxcmp/s   txcmp/s  rxmcst/s   %ifutil
14:18:42           lo      0.00      0.00      0.00      0.00      0.00      0.00      0.00      0.00
14:18:42         ens5    384.00    389.00    141.36     47.96      0.00      0.00      0.00      0.00

14:18:42        IFACE   rxpck/s   txpck/s    rxkB/s    txkB/s   rxcmp/s   txcmp/s  rxmcst/s   %ifutil
14:18:43           lo      0.00      0.00      0.00      0.00      0.00      0.00      0.00      0.00
14:18:43         ens5    395.00    397.00    142.68     48.70      0.00      0.00      0.00      0.00

14:18:43        IFACE   rxpck/s   txpck/s    rxkB/s    txkB/s   rxcmp/s   txcmp/s  rxmcst/s   %ifutil
14:18:44           lo      0.00      0.00      0.00      0.00      0.00      0.00      0.00      0.00
14:18:44         ens5    381.00    382.00    142.14     47.60      0.00      0.00      0.00      0.00

14:18:44        IFACE   rxpck/s   txpck/s    rxkB/s    txkB/s   rxcmp/s   txcmp/s  rxmcst/s   %ifutil
14:18:45           lo      0.00      0.00      0.00      0.00      0.00      0.00      0.00      0.00
14:18:45         ens5   1042.00   1024.00    414.13    124.47      0.00      0.00      0.00      0.00
