Linux 6.1.166-197.305.amzn2023.x86_64 (ip-172-31-35-124.ec2.internal) 	04/22/26 	_x86_64_	(2 CPU)

17:03:10        IFACE   rxpck/s   txpck/s    rxkB/s    txkB/s   rxcmp/s   txcmp/s  rxmcst/s   %ifutil
17:03:11           lo      0.00      0.00      0.00      0.00      0.00      0.00      0.00      0.00
17:03:11         ens5    193.00    209.00    127.79     48.13      0.00      0.00      0.00      0.00

17:03:11        IFACE   rxpck/s   txpck/s    rxkB/s    txkB/s   rxcmp/s   txcmp/s  rxmcst/s   %ifutil
17:03:12           lo      0.00      0.00      0.00      0.00      0.00      0.00      0.00      0.00
17:03:12         ens5    486.00    668.00    257.97    209.54      0.00      0.00      0.00      0.00

17:03:12        IFACE   rxpck/s   txpck/s    rxkB/s    txkB/s   rxcmp/s   txcmp/s  rxmcst/s   %ifutil
17:03:13           lo      0.00      0.00      0.00      0.00      0.00      0.00      0.00      0.00
17:03:13         ens5    508.00    684.00    246.28    211.29      0.00      0.00      0.00      0.00

17:03:13        IFACE   rxpck/s   txpck/s    rxkB/s    txkB/s   rxcmp/s   txcmp/s  rxmcst/s   %ifutil
17:03:14           lo      0.00      0.00      0.00      0.00      0.00      0.00      0.00      0.00
17:03:14         ens5    714.00   1005.00    379.99    304.40      0.00      0.00      0.00      0.00

17:03:14        IFACE   rxpck/s   txpck/s    rxkB/s    txkB/s   rxcmp/s   txcmp/s  rxmcst/s   %ifutil
17:03:15           lo      0.00      0.00      0.00      0.00      0.00      0.00      0.00      0.00
17:03:15         ens5    483.00    594.00    259.52    173.61      0.00      0.00      0.00      0.00

17:03:15        IFACE   rxpck/s   txpck/s    rxkB/s    txkB/s   rxcmp/s   txcmp/s  rxmcst/s   %ifutil
17:03:16           lo      0.00      0.00      0.00      0.00      0.00      0.00      0.00      0.00
17:03:16         ens5    681.00   1044.00    418.05    378.52      0.00      0.00      0.00      0.00

17:03:16        IFACE   rxpck/s   txpck/s    rxkB/s    txkB/s   rxcmp/s   txcmp/s  rxmcst/s   %ifutil
17:03:17           lo      0.00      0.00      0.00      0.00      0.00      0.00      0.00      0.00
17:03:17         ens5    713.00   1007.00    389.85    544.76      0.00      0.00      0.00      0.00

17:03:17        IFACE   rxpck/s   txpck/s    rxkB/s    txkB/s   rxcmp/s   txcmp/s  rxmcst/s   %ifutil
17:03:18           lo      0.00      0.00      0.00      0.00      0.00      0.00      0.00      0.00
17:03:18         ens5    813.00   1162.00    394.13    339.26      0.00      0.00      0.00      0.00

17:03:18        IFACE   rxpck/s   txpck/s    rxkB/s    txkB/s   rxcmp/s   txcmp/s  rxmcst/s   %ifutil
17:03:19           lo      0.00      0.00      0.00      0.00      0.00      0.00      0.00      0.00
17:03:19         ens5    743.00   1136.00    389.40    348.36      0.00      0.00      0.00      0.00

17:03:19        IFACE   rxpck/s   txpck/s    rxkB/s    txkB/s   rxcmp/s   txcmp/s  rxmcst/s   %ifutil
17:03:20           lo      0.00      0.00      0.00      0.00      0.00      0.00      0.00      0.00
17:03:20         ens5    928.00   1333.00    453.22    416.83      0.00      0.00      0.00      0.00

17:03:20        IFACE   rxpck/s   txpck/s    rxkB/s    txkB/s   rxcmp/s   txcmp/s  rxmcst/s   %ifutil
17:03:21           lo      0.00      0.00      0.00      0.00      0.00      0.00      0.00      0.00
17:03:21         ens5    697.00   1027.00    351.94    294.49      0.00      0.00      0.00      0.00

17:03:21        IFACE   rxpck/s   txpck/s    rxkB/s    txkB/s   rxcmp/s   txcmp/s  rxmcst/s   %ifutil
17:03:22           lo      0.00      0.00      0.00      0.00      0.00      0.00      0.00      0.00
17:03:22         ens5    702.00   1065.00    368.38    359.00      0.00      0.00      0.00      0.00

17:03:22        IFACE   rxpck/s   txpck/s    rxkB/s    txkB/s   rxcmp/s   txcmp/s  rxmcst/s   %ifutil
17:03:23           lo      0.00      0.00      0.00      0.00      0.00      0.00      0.00      0.00
17:03:23         ens5    719.00   1096.00    411.45    390.35      0.00      0.00      0.00      0.00

17:03:23        IFACE   rxpck/s   txpck/s    rxkB/s    txkB/s   rxcmp/s   txcmp/s  rxmcst/s   %ifutil
17:03:24           lo      0.00      0.00      0.00      0.00      0.00      0.00      0.00      0.00
17:03:24         ens5    558.00    789.00    299.68    296.70      0.00      0.00      0.00      0.00

17:03:24        IFACE   rxpck/s   txpck/s    rxkB/s    txkB/s   rxcmp/s   txcmp/s  rxmcst/s   %ifutil
17:03:25           lo      0.00      0.00      0.00      0.00      0.00      0.00      0.00      0.00
17:03:25         ens5    632.00    867.00    377.57    295.93      0.00      0.00      0.00      0.00

17:03:25        IFACE   rxpck/s   txpck/s    rxkB/s    txkB/s   rxcmp/s   txcmp/s  rxmcst/s   %ifutil
17:03:26           lo      0.00      0.00      0.00      0.00      0.00      0.00      0.00      0.00
17:03:26         ens5    925.00   1430.00    579.55    578.20      0.00      0.00      0.00      0.00

17:03:26        IFACE   rxpck/s   txpck/s    rxkB/s    txkB/s   rxcmp/s   txcmp/s  rxmcst/s   %ifutil
17:03:27           lo      0.00      0.00      0.00      0.00      0.00      0.00      0.00      0.00
17:03:27         ens5    802.00    846.00   2602.44    561.89      0.00      0.00      0.00      0.00

17:03:27        IFACE   rxpck/s   txpck/s    rxkB/s    txkB/s   rxcmp/s   txcmp/s  rxmcst/s   %ifutil
17:03:28           lo      0.00      0.00      0.00      0.00      0.00      0.00      0.00      0.00
17:03:28         ens5    311.00    408.00    251.75    221.92      0.00      0.00      0.00      0.00

17:03:28        IFACE   rxpck/s   txpck/s    rxkB/s    txkB/s   rxcmp/s   txcmp/s  rxmcst/s   %ifutil
17:03:29           lo      0.00      0.00      0.00      0.00      0.00      0.00      0.00      0.00
17:03:29         ens5    438.00    445.00   1322.16    204.30      0.00      0.00      0.00      0.00

17:03:29        IFACE   rxpck/s   txpck/s    rxkB/s    txkB/s   rxcmp/s   txcmp/s  rxmcst/s   %ifutil
17:03:30           lo      0.00      0.00      0.00      0.00      0.00      0.00      0.00      0.00
17:03:30         ens5    386.00    663.00    290.38    261.02      0.00      0.00      0.00      0.00

17:03:30        IFACE   rxpck/s   txpck/s    rxkB/s    txkB/s   rxcmp/s   txcmp/s  rxmcst/s   %ifutil
17:03:31           lo      0.00      0.00      0.00      0.00      0.00      0.00      0.00      0.00
17:03:31         ens5    884.00   1198.00   1508.17    419.63      0.00      0.00      0.00      0.00

17:03:31        IFACE   rxpck/s   txpck/s    rxkB/s    txkB/s   rxcmp/s   txcmp/s  rxmcst/s   %ifutil
17:03:32           lo      0.00      0.00      0.00      0.00      0.00      0.00      0.00      0.00
17:03:32         ens5    781.00    934.00   1443.78    317.01      0.00      0.00      0.00      0.00

17:03:32        IFACE   rxpck/s   txpck/s    rxkB/s    txkB/s   rxcmp/s   txcmp/s  rxmcst/s   %ifutil
17:03:33           lo      0.00      0.00      0.00      0.00      0.00      0.00      0.00      0.00
17:03:33         ens5    462.00    473.00   1362.04    248.18      0.00      0.00      0.00      0.00

17:03:33        IFACE   rxpck/s   txpck/s    rxkB/s    txkB/s   rxcmp/s   txcmp/s  rxmcst/s   %ifutil
17:03:34           lo      0.00      0.00      0.00      0.00      0.00      0.00      0.00      0.00
17:03:34         ens5    448.00    421.00   1332.12    221.20      0.00      0.00      0.00      0.00

17:03:34        IFACE   rxpck/s   txpck/s    rxkB/s    txkB/s   rxcmp/s   txcmp/s  rxmcst/s   %ifutil
17:03:35           lo      0.00      0.00      0.00      0.00      0.00      0.00      0.00      0.00
17:03:35         ens5    582.00    682.00   1469.60    261.85      0.00      0.00      0.00      0.00

17:03:35        IFACE   rxpck/s   txpck/s    rxkB/s    txkB/s   rxcmp/s   txcmp/s  rxmcst/s   %ifutil
17:03:36           lo      0.00      0.00      0.00      0.00      0.00      0.00      0.00      0.00
17:03:36         ens5    521.00    561.00   1362.17    250.97      0.00      0.00      0.00      0.00

17:03:36        IFACE   rxpck/s   txpck/s    rxkB/s    txkB/s   rxcmp/s   txcmp/s  rxmcst/s   %ifutil
17:03:37           lo      0.00      0.00      0.00      0.00      0.00      0.00      0.00      0.00
17:03:37         ens5    318.00    424.00    305.28    466.40      0.00      0.00      0.00      0.00

17:03:37        IFACE   rxpck/s   txpck/s    rxkB/s    txkB/s   rxcmp/s   txcmp/s  rxmcst/s   %ifutil
17:03:38           lo      0.00      0.00      0.00      0.00      0.00      0.00      0.00      0.00
17:03:38         ens5    432.00    419.00   1303.34    173.68      0.00      0.00      0.00      0.00

17:03:38        IFACE   rxpck/s   txpck/s    rxkB/s    txkB/s   rxcmp/s   txcmp/s  rxmcst/s   %ifutil
17:03:39           lo      0.00      0.00      0.00      0.00      0.00      0.00      0.00      0.00
17:03:39         ens5    601.00    711.00   1404.20    289.94      0.00      0.00      0.00      0.00

17:03:39        IFACE   rxpck/s   txpck/s    rxkB/s    txkB/s   rxcmp/s   txcmp/s  rxmcst/s   %ifutil
17:03:40           lo      0.00      0.00      0.00      0.00      0.00      0.00      0.00      0.00
17:03:40         ens5    608.00    736.00   1404.17    255.71      0.00      0.00      0.00      0.00

17:03:40        IFACE   rxpck/s   txpck/s    rxkB/s    txkB/s   rxcmp/s   txcmp/s  rxmcst/s   %ifutil
17:03:41           lo      0.00      0.00      0.00      0.00      0.00      0.00      0.00      0.00
17:03:41         ens5    338.00    451.00    206.02    175.28      0.00      0.00      0.00      0.00

17:03:41        IFACE   rxpck/s   txpck/s    rxkB/s    txkB/s   rxcmp/s   txcmp/s  rxmcst/s   %ifutil
17:03:42           lo      0.00      0.00      0.00      0.00      0.00      0.00      0.00      0.00
17:03:42         ens5    480.00    607.00   1391.15    276.93      0.00      0.00      0.00      0.00

17:03:42        IFACE   rxpck/s   txpck/s    rxkB/s    txkB/s   rxcmp/s   txcmp/s  rxmcst/s   %ifutil
17:03:43           lo      0.00      0.00      0.00      0.00      0.00      0.00      0.00      0.00
17:03:43         ens5    529.00    704.00   1377.29    251.52      0.00      0.00      0.00      0.00

17:03:43        IFACE   rxpck/s   txpck/s    rxkB/s    txkB/s   rxcmp/s   txcmp/s  rxmcst/s   %ifutil
17:03:44           lo      0.00      0.00      0.00      0.00      0.00      0.00      0.00      0.00
17:03:44         ens5    727.00    882.00   1391.32    277.28      0.00      0.00      0.00      0.00

17:03:44        IFACE   rxpck/s   txpck/s    rxkB/s    txkB/s   rxcmp/s   txcmp/s  rxmcst/s   %ifutil
17:03:45           lo      0.00      0.00      0.00      0.00      0.00      0.00      0.00      0.00
17:03:45         ens5    839.00   1149.00   1570.05    418.46      0.00      0.00      0.00      0.00

17:03:45        IFACE   rxpck/s   txpck/s    rxkB/s    txkB/s   rxcmp/s   txcmp/s  rxmcst/s   %ifutil
17:03:46           lo      0.00      0.00      0.00      0.00      0.00      0.00      0.00      0.00
17:03:46         ens5    321.00    420.00    299.45    241.65      0.00      0.00      0.00      0.00

17:03:46        IFACE   rxpck/s   txpck/s    rxkB/s    txkB/s   rxcmp/s   txcmp/s  rxmcst/s   %ifutil
17:03:47           lo      0.00      0.00      0.00      0.00      0.00      0.00      0.00      0.00
17:03:47         ens5    504.00    530.00   1479.58    524.16      0.00      0.00      0.00      0.00

17:03:47        IFACE   rxpck/s   txpck/s    rxkB/s    txkB/s   rxcmp/s   txcmp/s  rxmcst/s   %ifutil
17:03:48           lo      0.00      0.00      0.00      0.00      0.00      0.00      0.00      0.00
17:03:48         ens5    553.00    657.00   1390.13    247.39      0.00      0.00      0.00      0.00

17:03:48        IFACE   rxpck/s   txpck/s    rxkB/s    txkB/s   rxcmp/s   txcmp/s  rxmcst/s   %ifutil
17:03:49           lo      0.00      0.00      0.00      0.00      0.00      0.00      0.00      0.00
17:03:49         ens5    545.00    572.00   1322.58    189.90      0.00      0.00      0.00      0.00

17:03:49        IFACE   rxpck/s   txpck/s    rxkB/s    txkB/s   rxcmp/s   txcmp/s  rxmcst/s   %ifutil
17:03:50           lo      0.00      0.00      0.00      0.00      0.00      0.00      0.00      0.00
17:03:50         ens5    392.00    520.00    282.94    269.53      0.00      0.00      0.00      0.00

17:03:50        IFACE   rxpck/s   txpck/s    rxkB/s    txkB/s   rxcmp/s   txcmp/s  rxmcst/s   %ifutil
17:03:51           lo      0.00      0.00      0.00      0.00      0.00      0.00      0.00      0.00
17:03:51         ens5    395.00    370.00   1293.57    171.50      0.00      0.00      0.00      0.00

17:03:51        IFACE   rxpck/s   txpck/s    rxkB/s    txkB/s   rxcmp/s   txcmp/s  rxmcst/s   %ifutil
17:03:52           lo      0.00      0.00      0.00      0.00      0.00      0.00      0.00      0.00
17:03:52         ens5    536.00    628.00   1389.21    262.29      0.00      0.00      0.00      0.00

17:03:52        IFACE   rxpck/s   txpck/s    rxkB/s    txkB/s   rxcmp/s   txcmp/s  rxmcst/s   %ifutil
17:03:53           lo      0.00      0.00      0.00      0.00      0.00      0.00      0.00      0.00
17:03:53         ens5    645.00    769.00   1382.69    257.12      0.00      0.00      0.00      0.00

17:03:53        IFACE   rxpck/s   txpck/s    rxkB/s    txkB/s   rxcmp/s   txcmp/s  rxmcst/s   %ifutil
17:03:54           lo      0.00      0.00      0.00      0.00      0.00      0.00      0.00      0.00
17:03:54         ens5    534.00    561.00   1314.47    213.10      0.00      0.00      0.00      0.00

17:03:54        IFACE   rxpck/s   txpck/s    rxkB/s    txkB/s   rxcmp/s   txcmp/s  rxmcst/s   %ifutil
17:03:55           lo      0.00      0.00      0.00      0.00      0.00      0.00      0.00      0.00
17:03:55         ens5    388.00    547.00    356.31    255.46      0.00      0.00      0.00      0.00

17:03:55        IFACE   rxpck/s   txpck/s    rxkB/s    txkB/s   rxcmp/s   txcmp/s  rxmcst/s   %ifutil
17:03:56           lo      0.00      0.00      0.00      0.00      0.00      0.00      0.00      0.00
17:03:56         ens5    469.00    505.00   1390.39    254.54      0.00      0.00      0.00      0.00

17:03:56        IFACE   rxpck/s   txpck/s    rxkB/s    txkB/s   rxcmp/s   txcmp/s  rxmcst/s   %ifutil
17:03:57           lo      0.00      0.00      0.00      0.00      0.00      0.00      0.00      0.00
17:03:57         ens5    814.00   1067.00   1543.06    617.30      0.00      0.00      0.00      0.00

17:03:57        IFACE   rxpck/s   txpck/s    rxkB/s    txkB/s   rxcmp/s   txcmp/s  rxmcst/s   %ifutil
17:03:58           lo      0.00      0.00      0.00      0.00      0.00      0.00      0.00      0.00
17:03:58         ens5    782.00    959.00   1476.37    341.31      0.00      0.00      0.00      0.00

17:03:58        IFACE   rxpck/s   txpck/s    rxkB/s    txkB/s   rxcmp/s   txcmp/s  rxmcst/s   %ifutil
17:03:59           lo      0.00      0.00      0.00      0.00      0.00      0.00      0.00      0.00
17:03:59         ens5    507.00    502.00   1375.74    233.93      0.00      0.00      0.00      0.00

17:03:59        IFACE   rxpck/s   txpck/s    rxkB/s    txkB/s   rxcmp/s   txcmp/s  rxmcst/s   %ifutil
17:04:00           lo      0.00      0.00      0.00      0.00      0.00      0.00      0.00      0.00
17:04:00         ens5    303.00    458.00    234.69    210.85      0.00      0.00      0.00      0.00

17:04:00        IFACE   rxpck/s   txpck/s    rxkB/s    txkB/s   rxcmp/s   txcmp/s  rxmcst/s   %ifutil
17:04:01           lo      0.00      0.00      0.00      0.00      0.00      0.00      0.00      0.00
17:04:01         ens5    519.00    689.00   1353.68    252.80      0.00      0.00      0.00      0.00

17:04:01        IFACE   rxpck/s   txpck/s    rxkB/s    txkB/s   rxcmp/s   txcmp/s  rxmcst/s   %ifutil
17:04:02           lo      0.00      0.00      0.00      0.00      0.00      0.00      0.00      0.00
17:04:02         ens5    629.00    796.00   1390.70    265.09      0.00      0.00      0.00      0.00

17:04:02        IFACE   rxpck/s   txpck/s    rxkB/s    txkB/s   rxcmp/s   txcmp/s  rxmcst/s   %ifutil
17:04:03           lo      0.00      0.00      0.00      0.00      0.00      0.00      0.00      0.00
17:04:03         ens5    585.00    693.00   1375.66    250.35      0.00      0.00      0.00      0.00

17:04:03        IFACE   rxpck/s   txpck/s    rxkB/s    txkB/s   rxcmp/s   txcmp/s  rxmcst/s   %ifutil
17:04:04           lo      0.00      0.00      0.00      0.00      0.00      0.00      0.00      0.00
17:04:04         ens5    490.00    471.00   1377.88    254.23      0.00      0.00      0.00      0.00

17:04:04        IFACE   rxpck/s   txpck/s    rxkB/s    txkB/s   rxcmp/s   txcmp/s  rxmcst/s   %ifutil
17:04:05           lo      0.00      0.00      0.00      0.00      0.00      0.00      0.00      0.00
17:04:05         ens5    356.00    552.00    274.33    221.80      0.00      0.00      0.00      0.00

17:04:05        IFACE   rxpck/s   txpck/s    rxkB/s    txkB/s   rxcmp/s   txcmp/s  rxmcst/s   %ifutil
17:04:06           lo      0.00      0.00      0.00      0.00      0.00      0.00      0.00      0.00
17:04:06         ens5    548.00    615.00   1412.91    279.92      0.00      0.00      0.00      0.00

17:04:06        IFACE   rxpck/s   txpck/s    rxkB/s    txkB/s   rxcmp/s   txcmp/s  rxmcst/s   %ifutil
17:04:07           lo      0.00      0.00      0.00      0.00      0.00      0.00      0.00      0.00
17:04:07         ens5    470.00    492.00   1454.38    507.11      0.00      0.00      0.00      0.00

17:04:07        IFACE   rxpck/s   txpck/s    rxkB/s    txkB/s   rxcmp/s   txcmp/s  rxmcst/s   %ifutil
17:04:08           lo      0.00      0.00      0.00      0.00      0.00      0.00      0.00      0.00
17:04:08         ens5    489.00    528.00    330.72    283.84      0.00      0.00      0.00      0.00

17:04:08        IFACE   rxpck/s   txpck/s    rxkB/s    txkB/s   rxcmp/s   txcmp/s  rxmcst/s   %ifutil
17:04:09           lo      0.00      0.00      0.00      0.00      0.00      0.00      0.00      0.00
17:04:09         ens5    495.00    589.00   1377.82    259.99      0.00      0.00      0.00      0.00

17:04:09        IFACE   rxpck/s   txpck/s    rxkB/s    txkB/s   rxcmp/s   txcmp/s  rxmcst/s   %ifutil
17:04:10           lo      0.00      0.00      0.00      0.00      0.00      0.00      0.00      0.00
17:04:10         ens5    499.00    539.00   1325.10    193.51      0.00      0.00      0.00      0.00

17:04:10        IFACE   rxpck/s   txpck/s    rxkB/s    txkB/s   rxcmp/s   txcmp/s  rxmcst/s   %ifutil
17:04:11           lo      0.00      0.00      0.00      0.00      0.00      0.00      0.00      0.00
17:04:11         ens5    505.00    517.00   1338.16    213.20      0.00      0.00      0.00      0.00

17:04:11        IFACE   rxpck/s   txpck/s    rxkB/s    txkB/s   rxcmp/s   txcmp/s  rxmcst/s   %ifutil
17:04:12           lo      0.00      0.00      0.00      0.00      0.00      0.00      0.00      0.00
17:04:12         ens5    449.00    407.00   1367.91    229.65      0.00      0.00      0.00      0.00

17:04:12        IFACE   rxpck/s   txpck/s    rxkB/s    txkB/s   rxcmp/s   txcmp/s  rxmcst/s   %ifutil
17:04:13           lo      0.00      0.00      0.00      0.00      0.00      0.00      0.00      0.00
17:04:13         ens5    324.00    496.00    236.19    201.63      0.00      0.00      0.00      0.00

17:04:13        IFACE   rxpck/s   txpck/s    rxkB/s    txkB/s   rxcmp/s   txcmp/s  rxmcst/s   %ifutil
17:04:14           lo      0.00      0.00      0.00      0.00      0.00      0.00      0.00      0.00
17:04:14         ens5    683.00    795.00   1401.77    260.45      0.00      0.00      0.00      0.00

17:04:14        IFACE   rxpck/s   txpck/s    rxkB/s    txkB/s   rxcmp/s   txcmp/s  rxmcst/s   %ifutil
17:04:15           lo      0.00      0.00      0.00      0.00      0.00      0.00      0.00      0.00
17:04:15         ens5    828.00    847.00   2588.14    303.07      0.00      0.00      0.00      0.00

17:04:15        IFACE   rxpck/s   txpck/s    rxkB/s    txkB/s   rxcmp/s   txcmp/s  rxmcst/s   %ifutil
17:04:16           lo      0.00      0.00      0.00      0.00      0.00      0.00      0.00      0.00
17:04:16         ens5    350.00    476.00    323.82    310.64      0.00      0.00      0.00      0.00

17:04:16        IFACE   rxpck/s   txpck/s    rxkB/s    txkB/s   rxcmp/s   txcmp/s  rxmcst/s   %ifutil
17:04:17           lo      0.00      0.00      0.00      0.00      0.00      0.00      0.00      0.00
17:04:17         ens5    457.00    482.00   1403.79    485.64      0.00      0.00      0.00      0.00

17:04:17        IFACE   rxpck/s   txpck/s    rxkB/s    txkB/s   rxcmp/s   txcmp/s  rxmcst/s   %ifutil
17:04:18           lo      0.00      0.00      0.00      0.00      0.00      0.00      0.00      0.00
17:04:18         ens5    396.00    644.00    247.20    243.79      0.00      0.00      0.00      0.00

17:04:18        IFACE   rxpck/s   txpck/s    rxkB/s    txkB/s   rxcmp/s   txcmp/s  rxmcst/s   %ifutil
17:04:19           lo      0.00      0.00      0.00      0.00      0.00      0.00      0.00      0.00
17:04:19         ens5    916.00   1181.00   1543.70    395.70      0.00      0.00      0.00      0.00

17:04:19        IFACE   rxpck/s   txpck/s    rxkB/s    txkB/s   rxcmp/s   txcmp/s  rxmcst/s   %ifutil
17:04:20           lo      0.00      0.00      0.00      0.00      0.00      0.00      0.00      0.00
17:04:20         ens5    534.00    535.00   1342.95    210.43      0.00      0.00      0.00      0.00

17:04:20        IFACE   rxpck/s   txpck/s    rxkB/s    txkB/s   rxcmp/s   txcmp/s  rxmcst/s   %ifutil
17:04:21           lo      0.00      0.00      0.00      0.00      0.00      0.00      0.00      0.00
17:04:21         ens5    412.00    384.00   1308.35    190.61      0.00      0.00      0.00      0.00

17:04:21        IFACE   rxpck/s   txpck/s    rxkB/s    txkB/s   rxcmp/s   txcmp/s  rxmcst/s   %ifutil
17:04:22           lo      0.00      0.00      0.00      0.00      0.00      0.00      0.00      0.00
17:04:22         ens5    376.00    587.00    274.62    245.21      0.00      0.00      0.00      0.00

17:04:22        IFACE   rxpck/s   txpck/s    rxkB/s    txkB/s   rxcmp/s   txcmp/s  rxmcst/s   %ifutil
17:04:23           lo      0.00      0.00      0.00      0.00      0.00      0.00      0.00      0.00
17:04:23         ens5    648.00    827.00   1400.65    290.95      0.00      0.00      0.00      0.00

17:04:23        IFACE   rxpck/s   txpck/s    rxkB/s    txkB/s   rxcmp/s   txcmp/s  rxmcst/s   %ifutil
17:04:24           lo      0.00      0.00      0.00      0.00      0.00      0.00      0.00      0.00
17:04:24         ens5    795.00    802.00   2504.77    276.77      0.00      0.00      0.00      0.00

17:04:24        IFACE   rxpck/s   txpck/s    rxkB/s    txkB/s   rxcmp/s   txcmp/s  rxmcst/s   %ifutil
17:04:25           lo      0.00      0.00      0.00      0.00      0.00      0.00      0.00      0.00
17:04:25         ens5    520.00    507.00   1429.72    239.99      0.00      0.00      0.00      0.00

17:04:25        IFACE   rxpck/s   txpck/s    rxkB/s    txkB/s   rxcmp/s   txcmp/s  rxmcst/s   %ifutil
17:04:26           lo      0.00      0.00      0.00      0.00      0.00      0.00      0.00      0.00
17:04:26         ens5    286.00    423.00    228.70    237.60      0.00      0.00      0.00      0.00

17:04:26        IFACE   rxpck/s   txpck/s    rxkB/s    txkB/s   rxcmp/s   txcmp/s  rxmcst/s   %ifutil
17:04:27           lo      0.00      0.00      0.00      0.00      0.00      0.00      0.00      0.00
17:04:27         ens5    583.00    709.00   1474.23    541.19      0.00      0.00      0.00      0.00

17:04:27        IFACE   rxpck/s   txpck/s    rxkB/s    txkB/s   rxcmp/s   txcmp/s  rxmcst/s   %ifutil
17:04:28           lo      0.00      0.00      0.00      0.00      0.00      0.00      0.00      0.00
17:04:28         ens5    602.00    730.00   1374.57    268.38      0.00      0.00      0.00      0.00

17:04:28        IFACE   rxpck/s   txpck/s    rxkB/s    txkB/s   rxcmp/s   txcmp/s  rxmcst/s   %ifutil
17:04:29           lo      0.00      0.00      0.00      0.00      0.00      0.00      0.00      0.00
17:04:29         ens5    429.00    379.00   1315.14    191.31      0.00      0.00      0.00      0.00

17:04:29        IFACE   rxpck/s   txpck/s    rxkB/s    txkB/s   rxcmp/s   txcmp/s  rxmcst/s   %ifutil
17:04:30           lo      0.00      0.00      0.00      0.00      0.00      0.00      0.00      0.00
17:04:30         ens5    364.00    550.00    294.32    269.84      0.00      0.00      0.00      0.00

17:04:30        IFACE   rxpck/s   txpck/s    rxkB/s    txkB/s   rxcmp/s   txcmp/s  rxmcst/s   %ifutil
17:04:31           lo      0.00      0.00      0.00      0.00      0.00      0.00      0.00      0.00
17:04:31         ens5    530.00    653.00   1407.19    276.12      0.00      0.00      0.00      0.00

17:04:31        IFACE   rxpck/s   txpck/s    rxkB/s    txkB/s   rxcmp/s   txcmp/s  rxmcst/s   %ifutil
17:04:32           lo      0.00      0.00      0.00      0.00      0.00      0.00      0.00      0.00
17:04:32         ens5    602.00    688.00   1330.26    223.17      0.00      0.00      0.00      0.00

17:04:32        IFACE   rxpck/s   txpck/s    rxkB/s    txkB/s   rxcmp/s   txcmp/s  rxmcst/s   %ifutil
17:04:33           lo      0.00      0.00      0.00      0.00      0.00      0.00      0.00      0.00
17:04:33         ens5    594.00    606.00   1398.57    296.52      0.00      0.00      0.00      0.00

17:04:33        IFACE   rxpck/s   txpck/s    rxkB/s    txkB/s   rxcmp/s   txcmp/s  rxmcst/s   %ifutil
17:04:34           lo      0.00      0.00      0.00      0.00      0.00      0.00      0.00      0.00
17:04:34         ens5    461.00    458.00   1352.16    216.04      0.00      0.00      0.00      0.00

17:04:34        IFACE   rxpck/s   txpck/s    rxkB/s    txkB/s   rxcmp/s   txcmp/s  rxmcst/s   %ifutil
17:04:35           lo      0.00      0.00      0.00      0.00      0.00      0.00      0.00      0.00
17:04:35         ens5    345.00    485.00    292.25    206.17      0.00      0.00      0.00      0.00

17:04:35        IFACE   rxpck/s   txpck/s    rxkB/s    txkB/s   rxcmp/s   txcmp/s  rxmcst/s   %ifutil
17:04:36           lo      0.00      0.00      0.00      0.00      0.00      0.00      0.00      0.00
17:04:36         ens5    806.00   1071.00   1558.95    444.03      0.00      0.00      0.00      0.00

17:04:36        IFACE   rxpck/s   txpck/s    rxkB/s    txkB/s   rxcmp/s   txcmp/s  rxmcst/s   %ifutil
17:04:37           lo      0.00      0.00      0.00      0.00      0.00      0.00      0.00      0.00
17:04:37         ens5    555.00    623.00   1440.76    528.39      0.00      0.00      0.00      0.00

17:04:37        IFACE   rxpck/s   txpck/s    rxkB/s    txkB/s   rxcmp/s   txcmp/s  rxmcst/s   %ifutil
17:04:38           lo      0.00      0.00      0.00      0.00      0.00      0.00      0.00      0.00
17:04:38         ens5    516.00    535.00   1372.27    241.31      0.00      0.00      0.00      0.00

17:04:38        IFACE   rxpck/s   txpck/s    rxkB/s    txkB/s   rxcmp/s   txcmp/s  rxmcst/s   %ifutil
17:04:39           lo      0.00      0.00      0.00      0.00      0.00      0.00      0.00      0.00
17:04:39         ens5    481.00    539.00   1340.69    225.10      0.00      0.00      0.00      0.00

17:04:39        IFACE   rxpck/s   txpck/s    rxkB/s    txkB/s   rxcmp/s   txcmp/s  rxmcst/s   %ifutil
17:04:40           lo      0.00      0.00      0.00      0.00      0.00      0.00      0.00      0.00
17:04:40         ens5    544.00    769.00    617.40    263.72      0.00      0.00      0.00      0.00

17:04:40        IFACE   rxpck/s   txpck/s    rxkB/s    txkB/s   rxcmp/s   txcmp/s  rxmcst/s   %ifutil
17:04:41           lo      0.00      0.00      0.00      0.00      0.00      0.00      0.00      0.00
17:04:41         ens5    984.00   1423.00    516.94    496.51      0.00      0.00      0.00      0.00

17:04:41        IFACE   rxpck/s   txpck/s    rxkB/s    txkB/s   rxcmp/s   txcmp/s  rxmcst/s   %ifutil
17:04:42           lo      0.00      0.00      0.00      0.00      0.00      0.00      0.00      0.00
17:04:42         ens5    711.00    752.00   1752.33    261.04      0.00      0.00      0.00      0.00

17:04:42        IFACE   rxpck/s   txpck/s    rxkB/s    txkB/s   rxcmp/s   txcmp/s  rxmcst/s   %ifutil
17:04:43           lo      0.00      0.00      0.00      0.00      0.00      0.00      0.00      0.00
17:04:43         ens5    294.00    403.00    186.87    165.90      0.00      0.00      0.00      0.00

17:04:43        IFACE   rxpck/s   txpck/s    rxkB/s    txkB/s   rxcmp/s   txcmp/s  rxmcst/s   %ifutil
17:04:44           lo      0.00      0.00      0.00      0.00      0.00      0.00      0.00      0.00
17:04:44         ens5    398.00    529.00    223.28    201.53      0.00      0.00      0.00      0.00

17:04:44        IFACE   rxpck/s   txpck/s    rxkB/s    txkB/s   rxcmp/s   txcmp/s  rxmcst/s   %ifutil
17:04:45           lo      0.00      0.00      0.00      0.00      0.00      0.00      0.00      0.00
17:04:45         ens5    577.00    742.00    323.33    257.47      0.00      0.00      0.00      0.00

17:04:45        IFACE   rxpck/s   txpck/s    rxkB/s    txkB/s   rxcmp/s   txcmp/s  rxmcst/s   %ifutil
17:04:46           lo      0.00      0.00      0.00      0.00      0.00      0.00      0.00      0.00
17:04:46         ens5    443.00    656.00    288.82    273.92      0.00      0.00      0.00      0.00

17:04:46        IFACE   rxpck/s   txpck/s    rxkB/s    txkB/s   rxcmp/s   txcmp/s  rxmcst/s   %ifutil
17:04:47           lo      0.00      0.00      0.00      0.00      0.00      0.00      0.00      0.00
17:04:47         ens5    612.00    908.00    401.23    542.81      0.00      0.00      0.00      0.00

17:04:47        IFACE   rxpck/s   txpck/s    rxkB/s    txkB/s   rxcmp/s   txcmp/s  rxmcst/s   %ifutil
17:04:48           lo      0.00      0.00      0.00      0.00      0.00      0.00      0.00      0.00
17:04:48         ens5    466.00    695.00    252.77    224.09      0.00      0.00      0.00      0.00

17:04:48        IFACE   rxpck/s   txpck/s    rxkB/s    txkB/s   rxcmp/s   txcmp/s  rxmcst/s   %ifutil
17:04:49           lo      0.00      0.00      0.00      0.00      0.00      0.00      0.00      0.00
17:04:49         ens5    594.00    921.00    353.18    314.80      0.00      0.00      0.00      0.00

17:04:49        IFACE   rxpck/s   txpck/s    rxkB/s    txkB/s   rxcmp/s   txcmp/s  rxmcst/s   %ifutil
17:04:50           lo      0.00      0.00      0.00      0.00      0.00      0.00      0.00      0.00
17:04:50         ens5    537.00    789.00    266.72    270.85      0.00      0.00      0.00      0.00

17:04:50        IFACE   rxpck/s   txpck/s    rxkB/s    txkB/s   rxcmp/s   txcmp/s  rxmcst/s   %ifutil
17:04:51           lo      0.00      0.00      0.00      0.00      0.00      0.00      0.00      0.00
17:04:51         ens5    826.00   1274.00    493.53    494.66      0.00      0.00      0.00      0.00

17:04:51        IFACE   rxpck/s   txpck/s    rxkB/s    txkB/s   rxcmp/s   txcmp/s  rxmcst/s   %ifutil
17:04:52           lo      0.00      0.00      0.00      0.00      0.00      0.00      0.00      0.00
17:04:52         ens5    673.00   1016.00    350.70    335.08      0.00      0.00      0.00      0.00

17:04:52        IFACE   rxpck/s   txpck/s    rxkB/s    txkB/s   rxcmp/s   txcmp/s  rxmcst/s   %ifutil
17:04:53           lo      0.00      0.00      0.00      0.00      0.00      0.00      0.00      0.00
17:04:53         ens5    991.00   1468.00    539.19    540.88      0.00      0.00      0.00      0.00

17:04:53        IFACE   rxpck/s   txpck/s    rxkB/s    txkB/s   rxcmp/s   txcmp/s  rxmcst/s   %ifutil
17:04:54           lo      0.00      0.00      0.00      0.00      0.00      0.00      0.00      0.00
17:04:54         ens5    697.00   1070.00    371.86    381.25      0.00      0.00      0.00      0.00

17:04:54        IFACE   rxpck/s   txpck/s    rxkB/s    txkB/s   rxcmp/s   txcmp/s  rxmcst/s   %ifutil
17:04:55           lo      0.00      0.00      0.00      0.00      0.00      0.00      0.00      0.00
17:04:55         ens5    922.00   1455.00    549.18    516.52      0.00      0.00      0.00      0.00

17:04:55        IFACE   rxpck/s   txpck/s    rxkB/s    txkB/s   rxcmp/s   txcmp/s  rxmcst/s   %ifutil
17:04:56           lo      0.00      0.00      0.00      0.00      0.00      0.00      0.00      0.00
17:04:56         ens5    746.00   1152.00    465.13    485.86      0.00      0.00      0.00      0.00

17:04:56        IFACE   rxpck/s   txpck/s    rxkB/s    txkB/s   rxcmp/s   txcmp/s  rxmcst/s   %ifutil
17:04:57           lo      0.00      0.00      0.00      0.00      0.00      0.00      0.00      0.00
17:04:57         ens5    695.00   1046.00    452.69    632.78      0.00      0.00      0.00      0.00

17:04:57        IFACE   rxpck/s   txpck/s    rxkB/s    txkB/s   rxcmp/s   txcmp/s  rxmcst/s   %ifutil
17:04:58           lo      0.00      0.00      0.00      0.00      0.00      0.00      0.00      0.00
17:04:58         ens5    680.00   1041.00    383.77    380.50      0.00      0.00      0.00      0.00

17:04:58        IFACE   rxpck/s   txpck/s    rxkB/s    txkB/s   rxcmp/s   txcmp/s  rxmcst/s   %ifutil
17:04:59           lo      0.00      0.00      0.00      0.00      0.00      0.00      0.00      0.00
17:04:59         ens5    592.00    850.00    291.63    280.17      0.00      0.00      0.00      0.00

17:04:59        IFACE   rxpck/s   txpck/s    rxkB/s    txkB/s   rxcmp/s   txcmp/s  rxmcst/s   %ifutil
17:05:00           lo      0.00      0.00      0.00      0.00      0.00      0.00      0.00      0.00
17:05:00         ens5    783.00   1147.00    419.14    394.30      0.00      0.00      0.00      0.00

17:05:00        IFACE   rxpck/s   txpck/s    rxkB/s    txkB/s   rxcmp/s   txcmp/s  rxmcst/s   %ifutil
17:05:01           lo      0.00      0.00      0.00      0.00      0.00      0.00      0.00      0.00
17:05:01         ens5    804.00   1147.00   1486.76    377.44      0.00      0.00      0.00      0.00

17:05:01        IFACE   rxpck/s   txpck/s    rxkB/s    txkB/s   rxcmp/s   txcmp/s  rxmcst/s   %ifutil
17:05:02           lo      0.00      0.00      0.00      0.00      0.00      0.00      0.00      0.00
17:05:02         ens5    462.00    478.00   1321.98    211.38      0.00      0.00      0.00      0.00

17:05:02        IFACE   rxpck/s   txpck/s    rxkB/s    txkB/s   rxcmp/s   txcmp/s  rxmcst/s   %ifutil
17:05:03           lo      0.00      0.00      0.00      0.00      0.00      0.00      0.00      0.00
17:05:03         ens5    476.00    478.00   1361.15    238.74      0.00      0.00      0.00      0.00

17:05:03        IFACE   rxpck/s   txpck/s    rxkB/s    txkB/s   rxcmp/s   txcmp/s  rxmcst/s   %ifutil
17:05:04           lo      0.00      0.00      0.00      0.00      0.00      0.00      0.00      0.00
17:05:04         ens5    442.00    688.00    316.40    314.86      0.00      0.00      0.00      0.00

17:05:04        IFACE   rxpck/s   txpck/s    rxkB/s    txkB/s   rxcmp/s   txcmp/s  rxmcst/s   %ifutil
17:05:05           lo      0.00      0.00      0.00      0.00      0.00      0.00      0.00      0.00
17:05:05         ens5    609.00    719.00   1449.04    267.28      0.00      0.00      0.00      0.00

17:05:05        IFACE   rxpck/s   txpck/s    rxkB/s    txkB/s   rxcmp/s   txcmp/s  rxmcst/s   %ifutil
17:05:06           lo      0.00      0.00      0.00      0.00      0.00      0.00      0.00      0.00
17:05:06         ens5   1051.00   1395.00   1657.63    557.61      0.00      0.00      0.00      0.00

17:05:06        IFACE   rxpck/s   txpck/s    rxkB/s    txkB/s   rxcmp/s   txcmp/s  rxmcst/s   %ifutil
17:05:07           lo      0.00      0.00      0.00      0.00      0.00      0.00      0.00      0.00
17:05:07         ens5    441.00    462.00   1411.86    475.47      0.00      0.00      0.00      0.00

17:05:07        IFACE   rxpck/s   txpck/s    rxkB/s    txkB/s   rxcmp/s   txcmp/s  rxmcst/s   %ifutil
17:05:08           lo      0.00      0.00      0.00      0.00      0.00      0.00      0.00      0.00
17:05:08         ens5    519.00    550.00   1377.59    282.49      0.00      0.00      0.00      0.00

17:05:08        IFACE   rxpck/s   txpck/s    rxkB/s    txkB/s   rxcmp/s   txcmp/s  rxmcst/s   %ifutil
17:05:09           lo      0.00      0.00      0.00      0.00      0.00      0.00      0.00      0.00
17:05:09         ens5    412.00    618.00    238.26    236.18      0.00      0.00      0.00      0.00

17:05:09        IFACE   rxpck/s   txpck/s    rxkB/s    txkB/s   rxcmp/s   txcmp/s  rxmcst/s   %ifutil
17:05:10           lo      0.00      0.00      0.00      0.00      0.00      0.00      0.00      0.00
17:05:10         ens5    539.00    634.00   1360.33    217.78      0.00      0.00      0.00      0.00

17:05:10        IFACE   rxpck/s   txpck/s    rxkB/s    txkB/s   rxcmp/s   txcmp/s  rxmcst/s   %ifutil
17:05:11           lo      0.00      0.00      0.00      0.00      0.00      0.00      0.00      0.00
17:05:11         ens5    501.00    457.00   1343.01    181.17      0.00      0.00      0.00      0.00
