Linux 6.1.166-197.305.amzn2023.x86_64 (ip-172-31-75-74.ec2.internal) 	04/22/26 	_x86_64_	(2 CPU)

14:48:31        IFACE   rxpck/s   txpck/s    rxkB/s    txkB/s   rxcmp/s   txcmp/s  rxmcst/s   %ifutil
14:48:32           lo      0.00      0.00      0.00      0.00      0.00      0.00      0.00      0.00
14:48:32         ens5   1353.00   1169.00    480.41   2162.60      0.00      0.00      0.00      0.00

14:48:32        IFACE   rxpck/s   txpck/s    rxkB/s    txkB/s   rxcmp/s   txcmp/s  rxmcst/s   %ifutil
14:48:33           lo      0.00      0.00      0.00      0.00      0.00      0.00      0.00      0.00
14:48:33         ens5    566.00    639.00    223.11   2087.69      0.00      0.00      0.00      0.00

14:48:33        IFACE   rxpck/s   txpck/s    rxkB/s    txkB/s   rxcmp/s   txcmp/s  rxmcst/s   %ifutil
14:48:34           lo      0.00      0.00      0.00      0.00      0.00      0.00      0.00      0.00
14:48:34         ens5    401.00    308.00    144.76     56.63      0.00      0.00      0.00      0.00

14:48:34        IFACE   rxpck/s   txpck/s    rxkB/s    txkB/s   rxcmp/s   txcmp/s  rxmcst/s   %ifutil
14:48:35           lo      0.00      0.00      0.00      0.00      0.00      0.00      0.00      0.00
14:48:35         ens5   1003.00   1142.00    346.95   2160.45      0.00      0.00      0.00      0.00

14:48:35        IFACE   rxpck/s   txpck/s    rxkB/s    txkB/s   rxcmp/s   txcmp/s  rxmcst/s   %ifutil
14:48:36           lo      0.00      0.00      0.00      0.00      0.00      0.00      0.00      0.00
14:48:36         ens5   1088.00   1361.00    326.21   4181.12      0.00      0.00      0.00      0.00

14:48:36        IFACE   rxpck/s   txpck/s    rxkB/s    txkB/s   rxcmp/s   txcmp/s  rxmcst/s   %ifutil
14:48:37           lo      0.00      0.00      0.00      0.00      0.00      0.00      0.00      0.00
14:48:37         ens5    496.00    659.00    241.21   2092.93      0.00      0.00      0.00      0.00

14:48:37        IFACE   rxpck/s   txpck/s    rxkB/s    txkB/s   rxcmp/s   txcmp/s  rxmcst/s   %ifutil
14:48:38           lo      0.00      0.00      0.00      0.00      0.00      0.00      0.00      0.00
14:48:38         ens5    470.00    240.00    280.13     94.05      0.00      0.00      0.00      0.00

14:48:38        IFACE   rxpck/s   txpck/s    rxkB/s    txkB/s   rxcmp/s   txcmp/s  rxmcst/s   %ifutil
14:48:39           lo      0.00      0.00      0.00      0.00      0.00      0.00      0.00      0.00
14:48:39         ens5    865.00    987.00    438.09   2172.52      0.00      0.00      0.00      0.00

14:48:39        IFACE   rxpck/s   txpck/s    rxkB/s    txkB/s   rxcmp/s   txcmp/s  rxmcst/s   %ifutil
14:48:40           lo      0.00      0.00      0.00      0.00      0.00      0.00      0.00      0.00
14:48:40         ens5    523.00    727.00    188.76   2091.42      0.00      0.00      0.00      0.00

14:48:40        IFACE   rxpck/s   txpck/s    rxkB/s    txkB/s   rxcmp/s   txcmp/s  rxmcst/s   %ifutil
14:48:41           lo      0.00      0.00      0.00      0.00      0.00      0.00      0.00      0.00
14:48:41         ens5    464.00    544.00    202.23   2080.12      0.00      0.00      0.00      0.00

14:48:41        IFACE   rxpck/s   txpck/s    rxkB/s    txkB/s   rxcmp/s   txcmp/s  rxmcst/s   %ifutil
14:48:42           lo      0.00      0.00      0.00      0.00      0.00      0.00      0.00      0.00
14:48:42         ens5    620.00    728.00    225.65   2101.64      0.00      0.00      0.00      0.00

14:48:42        IFACE   rxpck/s   txpck/s    rxkB/s    txkB/s   rxcmp/s   txcmp/s  rxmcst/s   %ifutil
14:48:43           lo      0.00      0.00      0.00      0.00      0.00      0.00      0.00      0.00
14:48:43         ens5   1010.00   1128.00    319.04   2140.75      0.00      0.00      0.00      0.00

14:48:43        IFACE   rxpck/s   txpck/s    rxkB/s    txkB/s   rxcmp/s   txcmp/s  rxmcst/s   %ifutil
14:48:44           lo      0.00      0.00      0.00      0.00      0.00      0.00      0.00      0.00
14:48:44         ens5    501.00    644.00    175.80   2082.16      0.00      0.00      0.00      0.00

14:48:44        IFACE   rxpck/s   txpck/s    rxkB/s    txkB/s   rxcmp/s   txcmp/s  rxmcst/s   %ifutil
14:48:45           lo      0.00      0.00      0.00      0.00      0.00      0.00      0.00      0.00
14:48:45         ens5    543.00    640.00    207.06   2084.29      0.00      0.00      0.00      0.00

14:48:45        IFACE   rxpck/s   txpck/s    rxkB/s    txkB/s   rxcmp/s   txcmp/s  rxmcst/s   %ifutil
14:48:46           lo      0.00      0.00      0.00      0.00      0.00      0.00      0.00      0.00
14:48:46         ens5    766.00    825.00    293.64   2117.19      0.00      0.00      0.00      0.00

14:48:46        IFACE   rxpck/s   txpck/s    rxkB/s    txkB/s   rxcmp/s   txcmp/s  rxmcst/s   %ifutil
14:48:47           lo      0.00      0.00      0.00      0.00      0.00      0.00      0.00      0.00
14:48:47         ens5    927.00   1105.00    356.18   2140.29      0.00      0.00      0.00      0.00

14:48:47        IFACE   rxpck/s   txpck/s    rxkB/s    txkB/s   rxcmp/s   txcmp/s  rxmcst/s   %ifutil
14:48:48           lo      0.00      0.00      0.00      0.00      0.00      0.00      0.00      0.00
14:48:48         ens5    550.00    456.00    273.32    125.45      0.00      0.00      0.00      0.00

14:48:48        IFACE   rxpck/s   txpck/s    rxkB/s    txkB/s   rxcmp/s   txcmp/s  rxmcst/s   %ifutil
14:48:49           lo      0.00      0.00      0.00      0.00      0.00      0.00      0.00      0.00
14:48:49         ens5    500.00    508.00    335.79   2118.10      0.00      0.00      0.00      0.00

14:48:49        IFACE   rxpck/s   txpck/s    rxkB/s    txkB/s   rxcmp/s   txcmp/s  rxmcst/s   %ifutil
14:48:50           lo      0.00      0.00      0.00      0.00      0.00      0.00      0.00      0.00
14:48:50         ens5    575.00    922.00    208.48   4118.21      0.00      0.00      0.00      0.00

14:48:50        IFACE   rxpck/s   txpck/s    rxkB/s    txkB/s   rxcmp/s   txcmp/s  rxmcst/s   %ifutil
14:48:51           lo      0.00      0.00      0.00      0.00      0.00      0.00      0.00      0.00
14:48:51         ens5    359.00    300.00    130.80     46.43      0.00      0.00      0.00      0.00

14:48:51        IFACE   rxpck/s   txpck/s    rxkB/s    txkB/s   rxcmp/s   txcmp/s  rxmcst/s   %ifutil
14:48:52           lo      0.00      0.00      0.00      0.00      0.00      0.00      0.00      0.00
14:48:52         ens5    533.00    580.00    218.52   2089.01      0.00      0.00      0.00      0.00

14:48:52        IFACE   rxpck/s   txpck/s    rxkB/s    txkB/s   rxcmp/s   txcmp/s  rxmcst/s   %ifutil
14:48:53           lo      0.00      0.00      0.00      0.00      0.00      0.00      0.00      0.00
14:48:53         ens5    973.00    898.00    396.52   2122.68      0.00      0.00      0.00      0.00

14:48:53        IFACE   rxpck/s   txpck/s    rxkB/s    txkB/s   rxcmp/s   txcmp/s  rxmcst/s   %ifutil
14:48:54           lo      0.00      0.00      0.00      0.00      0.00      0.00      0.00      0.00
14:48:54         ens5    981.00   1100.00    297.04   2141.55      0.00      0.00      0.00      0.00

14:48:54        IFACE   rxpck/s   txpck/s    rxkB/s    txkB/s   rxcmp/s   txcmp/s  rxmcst/s   %ifutil
14:48:55           lo      0.00      0.00      0.00      0.00      0.00      0.00      0.00      0.00
14:48:55         ens5    824.00    891.00    308.52   2128.70      0.00      0.00      0.00      0.00

14:48:55        IFACE   rxpck/s   txpck/s    rxkB/s    txkB/s   rxcmp/s   txcmp/s  rxmcst/s   %ifutil
14:48:56           lo      0.00      0.00      0.00      0.00      0.00      0.00      0.00      0.00
14:48:56         ens5    509.00    638.00    212.53   2101.22      0.00      0.00      0.00      0.00

14:48:56        IFACE   rxpck/s   txpck/s    rxkB/s    txkB/s   rxcmp/s   txcmp/s  rxmcst/s   %ifutil
14:48:57           lo      0.00      0.00      0.00      0.00      0.00      0.00      0.00      0.00
14:48:57         ens5    407.00    581.00    194.27   2078.24      0.00      0.00      0.00      0.00

14:48:57        IFACE   rxpck/s   txpck/s    rxkB/s    txkB/s   rxcmp/s   txcmp/s  rxmcst/s   %ifutil
14:48:58           lo      0.00      0.00      0.00      0.00      0.00      0.00      0.00      0.00
14:48:58         ens5    671.00    803.00    296.00   2161.96      0.00      0.00      0.00      0.00

14:48:58        IFACE   rxpck/s   txpck/s    rxkB/s    txkB/s   rxcmp/s   txcmp/s  rxmcst/s   %ifutil
14:48:59           lo      0.00      0.00      0.00      0.00      0.00      0.00      0.00      0.00
14:48:59         ens5    560.00    421.00    350.29    107.77      0.00      0.00      0.00      0.00

14:48:59        IFACE   rxpck/s   txpck/s    rxkB/s    txkB/s   rxcmp/s   txcmp/s  rxmcst/s   %ifutil
14:49:00           lo      0.00      0.00      0.00      0.00      0.00      0.00      0.00      0.00
14:49:00         ens5    424.00    497.00    177.32   2068.68      0.00      0.00      0.00      0.00

14:49:00        IFACE   rxpck/s   txpck/s    rxkB/s    txkB/s   rxcmp/s   txcmp/s  rxmcst/s   %ifutil
14:49:01           lo      0.00      0.00      0.00      0.00      0.00      0.00      0.00      0.00
14:49:01         ens5    557.00    669.00    196.46   2081.44      0.00      0.00      0.00      0.00

14:49:01        IFACE   rxpck/s   txpck/s    rxkB/s    txkB/s   rxcmp/s   txcmp/s  rxmcst/s   %ifutil
14:49:02           lo      0.00      0.00      0.00      0.00      0.00      0.00      0.00      0.00
14:49:02         ens5    871.00    976.00    322.71   2138.24      0.00      0.00      0.00      0.00

14:49:02        IFACE   rxpck/s   txpck/s    rxkB/s    txkB/s   rxcmp/s   txcmp/s  rxmcst/s   %ifutil
14:49:03           lo      0.00      0.00      0.00      0.00      0.00      0.00      0.00      0.00
14:49:03         ens5    380.00    563.00    136.24   2072.54      0.00      0.00      0.00      0.00

14:49:03        IFACE   rxpck/s   txpck/s    rxkB/s    txkB/s   rxcmp/s   txcmp/s  rxmcst/s   %ifutil
14:49:04           lo      0.00      0.00      0.00      0.00      0.00      0.00      0.00      0.00
14:49:04         ens5    522.00    347.00    214.92     59.41      0.00      0.00      0.00      0.00

14:49:04        IFACE   rxpck/s   txpck/s    rxkB/s    txkB/s   rxcmp/s   txcmp/s  rxmcst/s   %ifutil
14:49:05           lo      0.00      0.00      0.00      0.00      0.00      0.00      0.00      0.00
14:49:05         ens5    915.00    730.00    394.52   2139.35      0.00      0.00      0.00      0.00

14:49:05        IFACE   rxpck/s   txpck/s    rxkB/s    txkB/s   rxcmp/s   txcmp/s  rxmcst/s   %ifutil
14:49:06           lo      0.00      0.00      0.00      0.00      0.00      0.00      0.00      0.00
14:49:06         ens5   1231.00   1224.00    436.88   2203.72      0.00      0.00      0.00      0.00

14:49:06        IFACE   rxpck/s   txpck/s    rxkB/s    txkB/s   rxcmp/s   txcmp/s  rxmcst/s   %ifutil
14:49:07           lo      0.00      0.00      0.00      0.00      0.00      0.00      0.00      0.00
14:49:07         ens5    487.00    569.00    246.50   2077.01      0.00      0.00      0.00      0.00

14:49:07        IFACE   rxpck/s   txpck/s    rxkB/s    txkB/s   rxcmp/s   txcmp/s  rxmcst/s   %ifutil
14:49:08           lo      0.00      0.00      0.00      0.00      0.00      0.00      0.00      0.00
14:49:08         ens5    568.00    664.00    276.03   2138.62      0.00      0.00      0.00      0.00

14:49:08        IFACE   rxpck/s   txpck/s    rxkB/s    txkB/s   rxcmp/s   txcmp/s  rxmcst/s   %ifutil
14:49:09           lo      0.00      0.00      0.00      0.00      0.00      0.00      0.00      0.00
14:49:09         ens5    919.00   1034.00    405.23   2178.05      0.00      0.00      0.00      0.00

14:49:09        IFACE   rxpck/s   txpck/s    rxkB/s    txkB/s   rxcmp/s   txcmp/s  rxmcst/s   %ifutil
14:49:10           lo      0.00      0.00      0.00      0.00      0.00      0.00      0.00      0.00
14:49:10         ens5    554.00    718.00    194.79   2092.79      0.00      0.00      0.00      0.00

14:49:10        IFACE   rxpck/s   txpck/s    rxkB/s    txkB/s   rxcmp/s   txcmp/s  rxmcst/s   %ifutil
14:49:11           lo      0.00      0.00      0.00      0.00      0.00      0.00      0.00      0.00
14:49:11         ens5    512.00    562.00    217.56   2077.87      0.00      0.00      0.00      0.00

14:49:11        IFACE   rxpck/s   txpck/s    rxkB/s    txkB/s   rxcmp/s   txcmp/s  rxmcst/s   %ifutil
14:49:12           lo      0.00      0.00      0.00      0.00      0.00      0.00      0.00      0.00
14:49:12         ens5    830.00    590.00    339.77    105.60      0.00      0.00      0.00      0.00

14:49:12        IFACE   rxpck/s   txpck/s    rxkB/s    txkB/s   rxcmp/s   txcmp/s  rxmcst/s   %ifutil
14:49:13           lo      0.00      0.00      0.00      0.00      0.00      0.00      0.00      0.00
14:49:13         ens5    878.00    880.00    320.50   2114.03      0.00      0.00      0.00      0.00

14:49:13        IFACE   rxpck/s   txpck/s    rxkB/s    txkB/s   rxcmp/s   txcmp/s  rxmcst/s   %ifutil
14:49:14           lo      0.00      0.00      0.00      0.00      0.00      0.00      0.00      0.00
14:49:14         ens5   1202.00   1480.00    385.56   4189.52      0.00      0.00      0.00      0.00

14:49:14        IFACE   rxpck/s   txpck/s    rxkB/s    txkB/s   rxcmp/s   txcmp/s  rxmcst/s   %ifutil
14:49:15           lo      0.00      0.00      0.00      0.00      0.00      0.00      0.00      0.00
14:49:15         ens5    507.00    335.00    216.49     58.07      0.00      0.00      0.00      0.00

14:49:15        IFACE   rxpck/s   txpck/s    rxkB/s    txkB/s   rxcmp/s   txcmp/s  rxmcst/s   %ifutil
14:49:16           lo      0.00      0.00      0.00      0.00      0.00      0.00      0.00      0.00
14:49:16         ens5    472.00    638.00    184.86   2085.22      0.00      0.00      0.00      0.00

14:49:16        IFACE   rxpck/s   txpck/s    rxkB/s    txkB/s   rxcmp/s   txcmp/s  rxmcst/s   %ifutil
14:49:17           lo      0.00      0.00      0.00      0.00      0.00      0.00      0.00      0.00
14:49:17         ens5    794.00   1013.00    332.06   3207.82      0.00      0.00      0.00      0.00

14:49:17        IFACE   rxpck/s   txpck/s    rxkB/s    txkB/s   rxcmp/s   txcmp/s  rxmcst/s   %ifutil
14:49:18           lo      0.00      0.00      0.00      0.00      0.00      0.00      0.00      0.00
14:49:18         ens5   1953.00   1421.00   6068.39    689.32      0.00      0.00      0.00      0.00

14:49:18        IFACE   rxpck/s   txpck/s    rxkB/s    txkB/s   rxcmp/s   txcmp/s  rxmcst/s   %ifutil
14:49:19           lo      0.00      0.00      0.00      0.00      0.00      0.00      0.00      0.00
14:49:19         ens5   1440.00    827.00   6759.09    679.98      0.00      0.00      0.00      0.00

14:49:19        IFACE   rxpck/s   txpck/s    rxkB/s    txkB/s   rxcmp/s   txcmp/s  rxmcst/s   %ifutil
14:49:20           lo      0.00      0.00      0.00      0.00      0.00      0.00      0.00      0.00
14:49:20         ens5   1110.00    424.00   6236.12    319.85      0.00      0.00      0.00      0.00

14:49:20        IFACE   rxpck/s   txpck/s    rxkB/s    txkB/s   rxcmp/s   txcmp/s  rxmcst/s   %ifutil
14:49:21           lo      0.00      0.00      0.00      0.00      0.00      0.00      0.00      0.00
14:49:21         ens5   1433.00    913.00   6320.54    644.48      0.00      0.00      0.00      0.00

14:49:21        IFACE   rxpck/s   txpck/s    rxkB/s    txkB/s   rxcmp/s   txcmp/s  rxmcst/s   %ifutil
14:49:22           lo      0.00      0.00      0.00      0.00      0.00      0.00      0.00      0.00
14:49:22         ens5   1884.00   1298.00   5448.55    372.00      0.00      0.00      0.00      0.00

14:49:22        IFACE   rxpck/s   txpck/s    rxkB/s    txkB/s   rxcmp/s   txcmp/s  rxmcst/s   %ifutil
14:49:23           lo      0.00      0.00      0.00      0.00      0.00      0.00      0.00      0.00
14:49:23         ens5    925.00    887.00    313.01    123.25      0.00      0.00      0.00      0.00

14:49:23        IFACE   rxpck/s   txpck/s    rxkB/s    txkB/s   rxcmp/s   txcmp/s  rxmcst/s   %ifutil
14:49:24           lo      0.00      0.00      0.00      0.00      0.00      0.00      0.00      0.00
14:49:24         ens5   1368.00   1131.00    477.30    166.00      0.00      0.00      0.00      0.00

14:49:24        IFACE   rxpck/s   txpck/s    rxkB/s    txkB/s   rxcmp/s   txcmp/s  rxmcst/s   %ifutil
14:49:25           lo      0.00      0.00      0.00      0.00      0.00      0.00      0.00      0.00
14:49:25         ens5   1191.00   1116.00    403.69    161.13      0.00      0.00      0.00      0.00

14:49:25        IFACE   rxpck/s   txpck/s    rxkB/s    txkB/s   rxcmp/s   txcmp/s  rxmcst/s   %ifutil
14:49:26           lo      0.00      0.00      0.00      0.00      0.00      0.00      0.00      0.00
14:49:26         ens5   1087.00    979.00    377.49    142.12      0.00      0.00      0.00      0.00

14:49:26        IFACE   rxpck/s   txpck/s    rxkB/s    txkB/s   rxcmp/s   txcmp/s  rxmcst/s   %ifutil
14:49:27           lo      0.00      0.00      0.00      0.00      0.00      0.00      0.00      0.00
14:49:27         ens5   2020.00   1203.00   6733.04    171.44      0.00      0.00      0.00      0.00

14:49:27        IFACE   rxpck/s   txpck/s    rxkB/s    txkB/s   rxcmp/s   txcmp/s  rxmcst/s   %ifutil
14:49:28           lo      0.00      0.00      0.00      0.00      0.00      0.00      0.00      0.00
14:49:28         ens5   3178.00   1212.00  18977.96    216.71      0.00      0.00      0.00      0.00

14:49:28        IFACE   rxpck/s   txpck/s    rxkB/s    txkB/s   rxcmp/s   txcmp/s  rxmcst/s   %ifutil
14:49:29           lo      0.00      0.00      0.00      0.00      0.00      0.00      0.00      0.00
14:49:29         ens5   1397.00   1090.00   2192.32    191.63      0.00      0.00      0.00      0.00

14:49:29        IFACE   rxpck/s   txpck/s    rxkB/s    txkB/s   rxcmp/s   txcmp/s  rxmcst/s   %ifutil
14:49:30           lo      0.00      0.00      0.00      0.00      0.00      0.00      0.00      0.00
14:49:30         ens5   1172.00   1488.00    390.06   4203.84      0.00      0.00      0.00      0.00

14:49:30        IFACE   rxpck/s   txpck/s    rxkB/s    txkB/s   rxcmp/s   txcmp/s  rxmcst/s   %ifutil
14:49:31           lo      0.00      0.00      0.00      0.00      0.00      0.00      0.00      0.00
14:49:31         ens5    961.00   1016.00    322.34   2137.28      0.00      0.00      0.00      0.00

14:49:31        IFACE   rxpck/s   txpck/s    rxkB/s    txkB/s   rxcmp/s   txcmp/s  rxmcst/s   %ifutil
14:49:32           lo      0.00      0.00      0.00      0.00      0.00      0.00      0.00      0.00
14:49:32         ens5    539.00    339.00    232.59     53.49      0.00      0.00      0.00      0.00

14:49:32        IFACE   rxpck/s   txpck/s    rxkB/s    txkB/s   rxcmp/s   txcmp/s  rxmcst/s   %ifutil
14:49:33           lo      0.00      0.00      0.00      0.00      0.00      0.00      0.00      0.00
14:49:33         ens5    407.00    545.00    145.43   2073.85      0.00      0.00      0.00      0.00

14:49:33        IFACE   rxpck/s   txpck/s    rxkB/s    txkB/s   rxcmp/s   txcmp/s  rxmcst/s   %ifutil
14:49:34           lo      0.00      0.00      0.00      0.00      0.00      0.00      0.00      0.00
14:49:34         ens5    631.00    756.00    207.08   2100.27      0.00      0.00      0.00      0.00

14:49:34        IFACE   rxpck/s   txpck/s    rxkB/s    txkB/s   rxcmp/s   txcmp/s  rxmcst/s   %ifutil
14:49:35           lo      0.00      0.00      0.00      0.00      0.00      0.00      0.00      0.00
14:49:35         ens5   1166.00   1157.00    433.59   2160.98      0.00      0.00      0.00      0.00

14:49:35        IFACE   rxpck/s   txpck/s    rxkB/s    txkB/s   rxcmp/s   txcmp/s  rxmcst/s   %ifutil
14:49:36           lo      0.00      0.00      0.00      0.00      0.00      0.00      0.00      0.00
14:49:36         ens5    537.00    680.00    197.44   2086.45      0.00      0.00      0.00      0.00

14:49:36        IFACE   rxpck/s   txpck/s    rxkB/s    txkB/s   rxcmp/s   txcmp/s  rxmcst/s   %ifutil
14:49:37           lo      0.00      0.00      0.00      0.00      0.00      0.00      0.00      0.00
14:49:37         ens5    507.00    600.00    256.74   2076.53      0.00      0.00      0.00      0.00

14:49:37        IFACE   rxpck/s   txpck/s    rxkB/s    txkB/s   rxcmp/s   txcmp/s  rxmcst/s   %ifutil
14:49:38           lo      0.00      0.00      0.00      0.00      0.00      0.00      0.00      0.00
14:49:38         ens5    631.00    700.00    316.00   2150.51      0.00      0.00      0.00      0.00

14:49:38        IFACE   rxpck/s   txpck/s    rxkB/s    txkB/s   rxcmp/s   txcmp/s  rxmcst/s   %ifutil
14:49:39           lo      0.00      0.00      0.00      0.00      0.00      0.00      0.00      0.00
14:49:39         ens5    827.00    852.00    442.00   2202.01      0.00      0.00      0.00      0.00

14:49:39        IFACE   rxpck/s   txpck/s    rxkB/s    txkB/s   rxcmp/s   txcmp/s  rxmcst/s   %ifutil
14:49:40           lo      0.00      0.00      0.00      0.00      0.00      0.00      0.00      0.00
14:49:40         ens5    517.00    378.00    226.59     65.54      0.00      0.00      0.00      0.00

14:49:40        IFACE   rxpck/s   txpck/s    rxkB/s    txkB/s   rxcmp/s   txcmp/s  rxmcst/s   %ifutil
14:49:41           lo      0.00      0.00      0.00      0.00      0.00      0.00      0.00      0.00
14:49:41         ens5    502.00    502.00    269.01   2108.53      0.00      0.00      0.00      0.00

14:49:41        IFACE   rxpck/s   txpck/s    rxkB/s    txkB/s   rxcmp/s   txcmp/s  rxmcst/s   %ifutil
14:49:42           lo      0.00      0.00      0.00      0.00      0.00      0.00      0.00      0.00
14:49:42         ens5    828.00    865.00    321.44   2107.28      0.00      0.00      0.00      0.00

14:49:42        IFACE   rxpck/s   txpck/s    rxkB/s    txkB/s   rxcmp/s   txcmp/s  rxmcst/s   %ifutil
14:49:43           lo      0.00      0.00      0.00      0.00      0.00      0.00      0.00      0.00
14:49:43         ens5    989.00   1150.00    324.90   2148.46      0.00      0.00      0.00      0.00

14:49:43        IFACE   rxpck/s   txpck/s    rxkB/s    txkB/s   rxcmp/s   txcmp/s  rxmcst/s   %ifutil
14:49:44           lo      0.00      0.00      0.00      0.00      0.00      0.00      0.00      0.00
14:49:44         ens5    611.00    646.00    254.57   2095.70      0.00      0.00      0.00      0.00

14:49:44        IFACE   rxpck/s   txpck/s    rxkB/s    txkB/s   rxcmp/s   txcmp/s  rxmcst/s   %ifutil
14:49:45           lo      0.00      0.00      0.00      0.00      0.00      0.00      0.00      0.00
14:49:45         ens5    475.00    552.00    199.06   2085.00      0.00      0.00      0.00      0.00

14:49:45        IFACE   rxpck/s   txpck/s    rxkB/s    txkB/s   rxcmp/s   txcmp/s  rxmcst/s   %ifutil
14:49:46           lo      0.00      0.00      0.00      0.00      0.00      0.00      0.00      0.00
14:49:46         ens5    759.00    867.00    273.49   2118.83      0.00      0.00      0.00      0.00

14:49:46        IFACE   rxpck/s   txpck/s    rxkB/s    txkB/s   rxcmp/s   txcmp/s  rxmcst/s   %ifutil
14:49:47           lo      0.00      0.00      0.00      0.00      0.00      0.00      0.00      0.00
14:49:47         ens5   1095.00   1141.00    431.13   2162.08      0.00      0.00      0.00      0.00

14:49:47        IFACE   rxpck/s   txpck/s    rxkB/s    txkB/s   rxcmp/s   txcmp/s  rxmcst/s   %ifutil
14:49:48           lo      0.00      0.00      0.00      0.00      0.00      0.00      0.00      0.00
14:49:48         ens5    555.00    672.00    273.89   2150.08      0.00      0.00      0.00      0.00

14:49:48        IFACE   rxpck/s   txpck/s    rxkB/s    txkB/s   rxcmp/s   txcmp/s  rxmcst/s   %ifutil
14:49:49           lo      0.00      0.00      0.00      0.00      0.00      0.00      0.00      0.00
14:49:49         ens5    419.00    300.00    280.01     88.45      0.00      0.00      0.00      0.00

14:49:49        IFACE   rxpck/s   txpck/s    rxkB/s    txkB/s   rxcmp/s   txcmp/s  rxmcst/s   %ifutil
14:49:50           lo      0.00      0.00      0.00      0.00      0.00      0.00      0.00      0.00
14:49:50         ens5    975.00    916.00    365.87   2131.25      0.00      0.00      0.00      0.00

14:49:50        IFACE   rxpck/s   txpck/s    rxkB/s    txkB/s   rxcmp/s   txcmp/s  rxmcst/s   %ifutil
14:49:51           lo      0.00      0.00      0.00      0.00      0.00      0.00      0.00      0.00
14:49:51         ens5    998.00   1055.00    362.32   2149.67      0.00      0.00      0.00      0.00

14:49:51        IFACE   rxpck/s   txpck/s    rxkB/s    txkB/s   rxcmp/s   txcmp/s  rxmcst/s   %ifutil
14:49:52           lo      0.00      0.00      0.00      0.00      0.00      0.00      0.00      0.00
14:49:52         ens5    384.00    525.00    150.41   2068.79      0.00      0.00      0.00      0.00

14:49:52        IFACE   rxpck/s   txpck/s    rxkB/s    txkB/s   rxcmp/s   txcmp/s  rxmcst/s   %ifutil
14:49:53           lo      0.00      0.00      0.00      0.00      0.00      0.00      0.00      0.00
14:49:53         ens5    756.00    813.00    249.21   2101.81      0.00      0.00      0.00      0.00

14:49:53        IFACE   rxpck/s   txpck/s    rxkB/s    txkB/s   rxcmp/s   txcmp/s  rxmcst/s   %ifutil
14:49:54           lo      0.00      0.00      0.00      0.00      0.00      0.00      0.00      0.00
14:49:54         ens5   1411.00   1373.00    419.01   2192.86      0.00      0.00      0.00      0.00

14:49:54        IFACE   rxpck/s   txpck/s    rxkB/s    txkB/s   rxcmp/s   txcmp/s  rxmcst/s   %ifutil
14:49:55           lo      0.00      0.00      0.00      0.00      0.00      0.00      0.00      0.00
14:49:55         ens5    596.00    725.00    202.86   2092.63      0.00      0.00      0.00      0.00

14:49:55        IFACE   rxpck/s   txpck/s    rxkB/s    txkB/s   rxcmp/s   txcmp/s  rxmcst/s   %ifutil
14:49:56           lo      0.00      0.00      0.00      0.00      0.00      0.00      0.00      0.00
14:49:56         ens5    465.00    522.00    196.94   2070.71      0.00      0.00      0.00      0.00

14:49:56        IFACE   rxpck/s   txpck/s    rxkB/s    txkB/s   rxcmp/s   txcmp/s  rxmcst/s   %ifutil
14:49:57           lo      0.00      0.00      0.00      0.00      0.00      0.00      0.00      0.00
14:49:57         ens5    645.00    691.00    307.50   2089.21      0.00      0.00      0.00      0.00

14:49:57        IFACE   rxpck/s   txpck/s    rxkB/s    txkB/s   rxcmp/s   txcmp/s  rxmcst/s   %ifutil
14:49:58           lo      0.00      0.00      0.00      0.00      0.00      0.00      0.00      0.00
14:49:58         ens5   1179.00   1319.00    442.05   2246.75      0.00      0.00      0.00      0.00

14:49:58        IFACE   rxpck/s   txpck/s    rxkB/s    txkB/s   rxcmp/s   txcmp/s  rxmcst/s   %ifutil
14:49:59           lo      0.00      0.00      0.00      0.00      0.00      0.00      0.00      0.00
14:49:59         ens5    448.00    300.00    262.90    352.66      0.00      0.00      0.00      0.00

14:49:59        IFACE   rxpck/s   txpck/s    rxkB/s    txkB/s   rxcmp/s   txcmp/s  rxmcst/s   %ifutil
14:50:00           lo      0.00      0.00      0.00      0.00      0.00      0.00      0.00      0.00
14:50:00         ens5    539.00    595.00    207.63   2073.67      0.00      0.00      0.00      0.00

14:50:00        IFACE   rxpck/s   txpck/s    rxkB/s    txkB/s   rxcmp/s   txcmp/s  rxmcst/s   %ifutil
14:50:01           lo      0.00      0.00      0.00      0.00      0.00      0.00      0.00      0.00
14:50:01         ens5    729.00    854.00    213.85   2110.66      0.00      0.00      0.00      0.00

14:50:01        IFACE   rxpck/s   txpck/s    rxkB/s    txkB/s   rxcmp/s   txcmp/s  rxmcst/s   %ifutil
14:50:02           lo      0.00      0.00      0.00      0.00      0.00      0.00      0.00      0.00
14:50:02         ens5    409.00    507.00    160.50   2069.18      0.00      0.00      0.00      0.00

14:50:02        IFACE   rxpck/s   txpck/s    rxkB/s    txkB/s   rxcmp/s   txcmp/s  rxmcst/s   %ifutil
14:50:03           lo      0.00      0.00      0.00      0.00      0.00      0.00      0.00      0.00
14:50:03         ens5    498.00    543.00    196.78   2058.33      0.00      0.00      0.00      0.00

14:50:03        IFACE   rxpck/s   txpck/s    rxkB/s    txkB/s   rxcmp/s   txcmp/s  rxmcst/s   %ifutil
14:50:04           lo      0.00      0.00      0.00      0.00      0.00      0.00      0.00      0.00
14:50:04         ens5    748.00    851.00    282.64   2102.39      0.00      0.00      0.00      0.00

14:50:04        IFACE   rxpck/s   txpck/s    rxkB/s    txkB/s   rxcmp/s   txcmp/s  rxmcst/s   %ifutil
14:50:05           lo      0.00      0.00      0.00      0.00      0.00      0.00      0.00      0.00
14:50:05         ens5    789.00    951.00    269.80   2120.50      0.00      0.00      0.00      0.00

14:50:05        IFACE   rxpck/s   txpck/s    rxkB/s    txkB/s   rxcmp/s   txcmp/s  rxmcst/s   %ifutil
14:50:06           lo      0.00      0.00      0.00      0.00      0.00      0.00      0.00      0.00
14:50:06         ens5    761.00    820.00    274.91   2106.84      0.00      0.00      0.00      0.00

14:50:06        IFACE   rxpck/s   txpck/s    rxkB/s    txkB/s   rxcmp/s   txcmp/s  rxmcst/s   %ifutil
14:50:07           lo      0.00      0.00      0.00      0.00      0.00      0.00      0.00      0.00
14:50:07         ens5    542.00    647.00    253.31   2086.11      0.00      0.00      0.00      0.00

14:50:07        IFACE   rxpck/s   txpck/s    rxkB/s    txkB/s   rxcmp/s   txcmp/s  rxmcst/s   %ifutil
14:50:08           lo      0.00      0.00      0.00      0.00      0.00      0.00      0.00      0.00
14:50:08         ens5    407.00    304.00    211.46     97.41      0.00      0.00      0.00      0.00

14:50:08        IFACE   rxpck/s   txpck/s    rxkB/s    txkB/s   rxcmp/s   txcmp/s  rxmcst/s   %ifutil
14:50:09           lo      0.00      0.00      0.00      0.00      0.00      0.00      0.00      0.00
14:50:09         ens5   1228.00   1241.00    497.52   2409.21      0.00      0.00      0.00      0.00

14:50:09        IFACE   rxpck/s   txpck/s    rxkB/s    txkB/s   rxcmp/s   txcmp/s  rxmcst/s   %ifutil
14:50:10           lo      0.00      0.00      0.00      0.00      0.00      0.00      0.00      0.00
14:50:10         ens5    585.00    618.00    233.65   2078.50      0.00      0.00      0.00      0.00

14:50:10        IFACE   rxpck/s   txpck/s    rxkB/s    txkB/s   rxcmp/s   txcmp/s  rxmcst/s   %ifutil
14:50:11           lo      0.00      0.00      0.00      0.00      0.00      0.00      0.00      0.00
14:50:11         ens5    319.00    481.00    121.63   2060.35      0.00      0.00      0.00      0.00

14:50:11        IFACE   rxpck/s   txpck/s    rxkB/s    txkB/s   rxcmp/s   txcmp/s  rxmcst/s   %ifutil
14:50:12           lo      0.00      0.00      0.00      0.00      0.00      0.00      0.00      0.00
14:50:12         ens5    494.00    516.00    195.39   2068.69      0.00      0.00      0.00      0.00

14:50:12        IFACE   rxpck/s   txpck/s    rxkB/s    txkB/s   rxcmp/s   txcmp/s  rxmcst/s   %ifutil
14:50:13           lo      0.00      0.00      0.00      0.00      0.00      0.00      0.00      0.00
14:50:13         ens5   1028.00    931.00    401.27   2113.78      0.00      0.00      0.00      0.00

14:50:13        IFACE   rxpck/s   txpck/s    rxkB/s    txkB/s   rxcmp/s   txcmp/s  rxmcst/s   %ifutil
14:50:14           lo      0.00      0.00      0.00      0.00      0.00      0.00      0.00      0.00
14:50:14         ens5    697.00    868.00    237.40   2101.70      0.00      0.00      0.00      0.00

14:50:14        IFACE   rxpck/s   txpck/s    rxkB/s    txkB/s   rxcmp/s   txcmp/s  rxmcst/s   %ifutil
14:50:15           lo      0.00      0.00      0.00      0.00      0.00      0.00      0.00      0.00
14:50:15         ens5    511.00    353.00    211.89     46.99      0.00      0.00      0.00      0.00

14:50:15        IFACE   rxpck/s   txpck/s    rxkB/s    txkB/s   rxcmp/s   txcmp/s  rxmcst/s   %ifutil
14:50:16           lo      0.00      0.00      0.00      0.00      0.00      0.00      0.00      0.00
14:50:16         ens5    631.00   1020.00    226.83   4121.83      0.00      0.00      0.00      0.00

14:50:16        IFACE   rxpck/s   txpck/s    rxkB/s    txkB/s   rxcmp/s   txcmp/s  rxmcst/s   %ifutil
14:50:17           lo      0.00      0.00      0.00      0.00      0.00      0.00      0.00      0.00
14:50:17         ens5    813.00    968.00    328.87   2119.02      0.00      0.00      0.00      0.00

14:50:17        IFACE   rxpck/s   txpck/s    rxkB/s    txkB/s   rxcmp/s   txcmp/s  rxmcst/s   %ifutil
14:50:18           lo      0.00      0.00      0.00      0.00      0.00      0.00      0.00      0.00
14:50:18         ens5    412.00    370.00    212.58    105.49      0.00      0.00      0.00      0.00

14:50:18        IFACE   rxpck/s   txpck/s    rxkB/s    txkB/s   rxcmp/s   txcmp/s  rxmcst/s   %ifutil
14:50:19           lo      0.00      0.00      0.00      0.00      0.00      0.00      0.00      0.00
14:50:19         ens5    493.00    577.00    288.42   2343.65      0.00      0.00      0.00      0.00

14:50:19        IFACE   rxpck/s   txpck/s    rxkB/s    txkB/s   rxcmp/s   txcmp/s  rxmcst/s   %ifutil
14:50:20           lo      0.00      0.00      0.00      0.00      0.00      0.00      0.00      0.00
14:50:20         ens5    607.00    701.00    243.10   2090.36      0.00      0.00      0.00      0.00

14:50:20        IFACE   rxpck/s   txpck/s    rxkB/s    txkB/s   rxcmp/s   txcmp/s  rxmcst/s   %ifutil
14:50:21           lo      0.00      0.00      0.00      0.00      0.00      0.00      0.00      0.00
14:50:21         ens5    557.00    718.00    195.98   2084.33      0.00      0.00      0.00      0.00

14:50:21        IFACE   rxpck/s   txpck/s    rxkB/s    txkB/s   rxcmp/s   txcmp/s  rxmcst/s   %ifutil
14:50:22           lo      0.00      0.00      0.00      0.00      0.00      0.00      0.00      0.00
14:50:22         ens5    507.00    318.00    216.00     45.14      0.00      0.00      0.00      0.00

14:50:22        IFACE   rxpck/s   txpck/s    rxkB/s    txkB/s   rxcmp/s   txcmp/s  rxmcst/s   %ifutil
14:50:23           lo      0.00      0.00      0.00      0.00      0.00      0.00      0.00      0.00
14:50:23         ens5    472.00    535.00    207.38   2063.32      0.00      0.00      0.00      0.00

14:50:23        IFACE   rxpck/s   txpck/s    rxkB/s    txkB/s   rxcmp/s   txcmp/s  rxmcst/s   %ifutil
14:50:24           lo      0.00      0.00      0.00      0.00      0.00      0.00      0.00      0.00
14:50:24         ens5    938.00   1005.00    286.11   2122.65      0.00      0.00      0.00      0.00

14:50:24        IFACE   rxpck/s   txpck/s    rxkB/s    txkB/s   rxcmp/s   txcmp/s  rxmcst/s   %ifutil
14:50:25           lo      0.00      0.00      0.00      0.00      0.00      0.00      0.00      0.00
14:50:25         ens5   1143.00   1354.00    367.64   4157.15      0.00      0.00      0.00      0.00

14:50:25        IFACE   rxpck/s   txpck/s    rxkB/s    txkB/s   rxcmp/s   txcmp/s  rxmcst/s   %ifutil
14:50:26           lo      0.00      0.00      0.00      0.00      0.00      0.00      0.00      0.00
14:50:26         ens5    461.00    283.00    209.76     37.72      0.00      0.00      0.00      0.00

14:50:26        IFACE   rxpck/s   txpck/s    rxkB/s    txkB/s   rxcmp/s   txcmp/s  rxmcst/s   %ifutil
14:50:27           lo      0.00      0.00      0.00      0.00      0.00      0.00      0.00      0.00
14:50:27         ens5    399.00    514.00    216.73   2061.51      0.00      0.00      0.00      0.00

14:50:27        IFACE   rxpck/s   txpck/s    rxkB/s    txkB/s   rxcmp/s   txcmp/s  rxmcst/s   %ifutil
14:50:28           lo      0.00      0.00      0.00      0.00      0.00      0.00      0.00      0.00
14:50:28         ens5    969.00   1014.00    380.26   2183.61      0.00      0.00      0.00      0.00

14:50:28        IFACE   rxpck/s   txpck/s    rxkB/s    txkB/s   rxcmp/s   txcmp/s  rxmcst/s   %ifutil
14:50:29           lo      0.00      0.00      0.00      0.00      0.00      0.00      0.00      0.00
14:50:29         ens5    778.00    882.00    370.94   2371.87      0.00      0.00      0.00      0.00

14:50:29        IFACE   rxpck/s   txpck/s    rxkB/s    txkB/s   rxcmp/s   txcmp/s  rxmcst/s   %ifutil
14:50:30           lo      0.00      0.00      0.00      0.00      0.00      0.00      0.00      0.00
14:50:30         ens5    300.00    494.00    117.75   2058.92      0.00      0.00      0.00      0.00

14:50:30        IFACE   rxpck/s   txpck/s    rxkB/s    txkB/s   rxcmp/s   txcmp/s  rxmcst/s   %ifutil
14:50:31           lo      0.00      0.00      0.00      0.00      0.00      0.00      0.00      0.00
14:50:31         ens5    508.00    350.00    231.70     54.93      0.00      0.00      0.00      0.00

14:50:31        IFACE   rxpck/s   txpck/s    rxkB/s    txkB/s   rxcmp/s   txcmp/s  rxmcst/s   %ifutil
14:50:32           lo      0.00      0.00      0.00      0.00      0.00      0.00      0.00      0.00
14:50:32         ens5   1290.00   1565.00    486.50   4194.64      0.00      0.00      0.00      0.00
