Linux 6.1.166-197.305.amzn2023.x86_64 (ip-172-31-40-165.ec2.internal) 	04/21/26 	_x86_64_	(2 CPU)

17:40:44        IFACE   rxpck/s   txpck/s    rxkB/s    txkB/s   rxcmp/s   txcmp/s  rxmcst/s   %ifutil
17:40:45           lo      0.00      0.00      0.00      0.00      0.00      0.00      0.00      0.00
17:40:45         ens5   2909.00   2879.00    327.16   1244.67      0.00      0.00      0.00      0.00

17:40:45        IFACE   rxpck/s   txpck/s    rxkB/s    txkB/s   rxcmp/s   txcmp/s  rxmcst/s   %ifutil
17:40:46           lo      0.00      0.00      0.00      0.00      0.00      0.00      0.00      0.00
17:40:46         ens5   2110.00   2047.00    706.46    885.01      0.00      0.00      0.00      0.00

17:40:46        IFACE   rxpck/s   txpck/s    rxkB/s    txkB/s   rxcmp/s   txcmp/s  rxmcst/s   %ifutil
17:40:47           lo      0.00      0.00      0.00      0.00      0.00      0.00      0.00      0.00
17:40:47         ens5   2365.00   2181.00    788.22    991.08      0.00      0.00      0.00      0.00

17:40:47        IFACE   rxpck/s   txpck/s    rxkB/s    txkB/s   rxcmp/s   txcmp/s  rxmcst/s   %ifutil
17:40:48           lo      0.00      0.00      0.00      0.00      0.00      0.00      0.00      0.00
17:40:48         ens5   2080.00   2063.00    682.34    879.04      0.00      0.00      0.00      0.00

17:40:48        IFACE   rxpck/s   txpck/s    rxkB/s    txkB/s   rxcmp/s   txcmp/s  rxmcst/s   %ifutil
17:40:49           lo      0.00      0.00      0.00      0.00      0.00      0.00      0.00      0.00
17:40:49         ens5   2294.00   2070.00    772.56   1003.30      0.00      0.00      0.00      0.00

17:40:49        IFACE   rxpck/s   txpck/s    rxkB/s    txkB/s   rxcmp/s   txcmp/s  rxmcst/s   %ifutil
17:40:50           lo      0.00      0.00      0.00      0.00      0.00      0.00      0.00      0.00
17:40:50         ens5   2286.00   2206.00    798.12   1016.72      0.00      0.00      0.00      0.00

17:40:50        IFACE   rxpck/s   txpck/s    rxkB/s    txkB/s   rxcmp/s   txcmp/s  rxmcst/s   %ifutil
17:40:51           lo      0.00      0.00      0.00      0.00      0.00      0.00      0.00      0.00
17:40:51         ens5   1915.00   2003.00    773.43   1077.41      0.00      0.00      0.00      0.00

17:40:51        IFACE   rxpck/s   txpck/s    rxkB/s    txkB/s   rxcmp/s   txcmp/s  rxmcst/s   %ifutil
17:40:52           lo      0.00      0.00      0.00      0.00      0.00      0.00      0.00      0.00
17:40:52         ens5   2465.00   2295.00    805.88   1081.35      0.00      0.00      0.00      0.00

17:40:52        IFACE   rxpck/s   txpck/s    rxkB/s    txkB/s   rxcmp/s   txcmp/s  rxmcst/s   %ifutil
17:40:53           lo      0.00      0.00      0.00      0.00      0.00      0.00      0.00      0.00
17:40:53         ens5   2208.00   2082.00    738.09    956.06      0.00      0.00      0.00      0.00

17:40:53        IFACE   rxpck/s   txpck/s    rxkB/s    txkB/s   rxcmp/s   txcmp/s  rxmcst/s   %ifutil
17:40:54           lo      0.00      0.00      0.00      0.00      0.00      0.00      0.00      0.00
17:40:54         ens5   1970.00   2096.00    645.81    842.19      0.00      0.00      0.00      0.00

17:40:54        IFACE   rxpck/s   txpck/s    rxkB/s    txkB/s   rxcmp/s   txcmp/s  rxmcst/s   %ifutil
17:40:55           lo      0.00      0.00      0.00      0.00      0.00      0.00      0.00      0.00
17:40:55         ens5   2751.00   2375.00    909.98   1122.26      0.00      0.00      0.00      0.00

17:40:55        IFACE   rxpck/s   txpck/s    rxkB/s    txkB/s   rxcmp/s   txcmp/s  rxmcst/s   %ifutil
17:40:56           lo      0.00      0.00      0.00      0.00      0.00      0.00      0.00      0.00
17:40:56         ens5   2216.00   2179.00    735.93    924.78      0.00      0.00      0.00      0.00

17:40:56        IFACE   rxpck/s   txpck/s    rxkB/s    txkB/s   rxcmp/s   txcmp/s  rxmcst/s   %ifutil
17:40:57           lo      0.00      0.00      0.00      0.00      0.00      0.00      0.00      0.00
17:40:57         ens5   2242.00   2172.00    739.15    893.86      0.00      0.00      0.00      0.00

17:40:57        IFACE   rxpck/s   txpck/s    rxkB/s    txkB/s   rxcmp/s   txcmp/s  rxmcst/s   %ifutil
17:40:58           lo      0.00      0.00      0.00      0.00      0.00      0.00      0.00      0.00
17:40:58         ens5   2513.00   2310.00    838.23   1075.85      0.00      0.00      0.00      0.00

17:40:58        IFACE   rxpck/s   txpck/s    rxkB/s    txkB/s   rxcmp/s   txcmp/s  rxmcst/s   %ifutil
17:40:59           lo      0.00      0.00      0.00      0.00      0.00      0.00      0.00      0.00
17:40:59         ens5   1922.00   2032.00    624.85    870.42      0.00      0.00      0.00      0.00

17:40:59        IFACE   rxpck/s   txpck/s    rxkB/s    txkB/s   rxcmp/s   txcmp/s  rxmcst/s   %ifutil
17:41:00           lo      0.00      0.00      0.00      0.00      0.00      0.00      0.00      0.00
17:41:00         ens5   2630.69   2326.73    927.90   1184.01      0.00      0.00      0.00      0.00

17:41:00        IFACE   rxpck/s   txpck/s    rxkB/s    txkB/s   rxcmp/s   txcmp/s  rxmcst/s   %ifutil
17:41:02           lo      0.00      0.00      0.00      0.00      0.00      0.00      0.00      0.00
17:41:02         ens5   1796.00   2002.00    750.17   1074.85      0.00      0.00      0.00      0.00

17:41:02        IFACE   rxpck/s   txpck/s    rxkB/s    txkB/s   rxcmp/s   txcmp/s  rxmcst/s   %ifutil
17:41:03           lo      0.00      0.00      0.00      0.00      0.00      0.00      0.00      0.00
17:41:03         ens5   2018.00   2139.00    759.84   1036.76      0.00      0.00      0.00      0.00

17:41:03        IFACE   rxpck/s   txpck/s    rxkB/s    txkB/s   rxcmp/s   txcmp/s  rxmcst/s   %ifutil
17:41:04           lo      0.00      0.00      0.00      0.00      0.00      0.00      0.00      0.00
17:41:04         ens5   2468.00   2310.00    853.49   1078.29      0.00      0.00      0.00      0.00

17:41:04        IFACE   rxpck/s   txpck/s    rxkB/s    txkB/s   rxcmp/s   txcmp/s  rxmcst/s   %ifutil
17:41:05           lo      0.00      0.00      0.00      0.00      0.00      0.00      0.00      0.00
17:41:05         ens5   1757.00   1901.00    589.22    775.55      0.00      0.00      0.00      0.00

17:41:05        IFACE   rxpck/s   txpck/s    rxkB/s    txkB/s   rxcmp/s   txcmp/s  rxmcst/s   %ifutil
17:41:06           lo      0.00      0.00      0.00      0.00      0.00      0.00      0.00      0.00
17:41:06         ens5   2682.00   2370.00    887.34   1068.26      0.00      0.00      0.00      0.00

17:41:06        IFACE   rxpck/s   txpck/s    rxkB/s    txkB/s   rxcmp/s   txcmp/s  rxmcst/s   %ifutil
17:41:07           lo      0.00      0.00      0.00      0.00      0.00      0.00      0.00      0.00
17:41:07         ens5   2230.00   2204.00    733.45    933.32      0.00      0.00      0.00      0.00

17:41:07        IFACE   rxpck/s   txpck/s    rxkB/s    txkB/s   rxcmp/s   txcmp/s  rxmcst/s   %ifutil
17:41:08           lo      0.00      0.00      0.00      0.00      0.00      0.00      0.00      0.00
17:41:08         ens5   2143.00   2122.00    703.36    888.17      0.00      0.00      0.00      0.00

17:41:08        IFACE   rxpck/s   txpck/s    rxkB/s    txkB/s   rxcmp/s   txcmp/s  rxmcst/s   %ifutil
17:41:09           lo      0.00      0.00      0.00      0.00      0.00      0.00      0.00      0.00
17:41:09         ens5   2787.00   2472.00    924.96   1143.37      0.00      0.00      0.00      0.00

17:41:09        IFACE   rxpck/s   txpck/s    rxkB/s    txkB/s   rxcmp/s   txcmp/s  rxmcst/s   %ifutil
17:41:10           lo      0.00      0.00      0.00      0.00      0.00      0.00      0.00      0.00
17:41:10         ens5   2015.00   2019.00    689.86    844.96      0.00      0.00      0.00      0.00

17:41:10        IFACE   rxpck/s   txpck/s    rxkB/s    txkB/s   rxcmp/s   txcmp/s  rxmcst/s   %ifutil
17:41:11           lo      0.00      0.00      0.00      0.00      0.00      0.00      0.00      0.00
17:41:11         ens5   2486.00   2348.00    887.63   1143.98      0.00      0.00      0.00      0.00

17:41:11        IFACE   rxpck/s   txpck/s    rxkB/s    txkB/s   rxcmp/s   txcmp/s  rxmcst/s   %ifutil
17:41:12           lo      0.00      0.00      0.00      0.00      0.00      0.00      0.00      0.00
17:41:12         ens5   2068.00   2067.00    785.98   1147.73      0.00      0.00      0.00      0.00

17:41:12        IFACE   rxpck/s   txpck/s    rxkB/s    txkB/s   rxcmp/s   txcmp/s  rxmcst/s   %ifutil
17:41:13           lo      0.00      0.00      0.00      0.00      0.00      0.00      0.00      0.00
17:41:13         ens5   1318.00   1547.00    494.34    689.98      0.00      0.00      0.00      0.00

17:41:13        IFACE   rxpck/s   txpck/s    rxkB/s    txkB/s   rxcmp/s   txcmp/s  rxmcst/s   %ifutil
17:41:14           lo      0.00      0.00      0.00      0.00      0.00      0.00      0.00      0.00
17:41:14         ens5   1584.00   1759.00    534.08    720.33      0.00      0.00      0.00      0.00

17:41:14        IFACE   rxpck/s   txpck/s    rxkB/s    txkB/s   rxcmp/s   txcmp/s  rxmcst/s   %ifutil
17:41:15           lo      0.00      0.00      0.00      0.00      0.00      0.00      0.00      0.00
17:41:15         ens5   1961.00   2070.00    653.44    795.57      0.00      0.00      0.00      0.00

17:41:15        IFACE   rxpck/s   txpck/s    rxkB/s    txkB/s   rxcmp/s   txcmp/s  rxmcst/s   %ifutil
17:41:16           lo      0.00      0.00      0.00      0.00      0.00      0.00      0.00      0.00
17:41:16         ens5   2729.00   2442.00    900.60   1122.03      0.00      0.00      0.00      0.00

17:41:16        IFACE   rxpck/s   txpck/s    rxkB/s    txkB/s   rxcmp/s   txcmp/s  rxmcst/s   %ifutil
17:41:17           lo      0.00      0.00      0.00      0.00      0.00      0.00      0.00      0.00
17:41:17         ens5   2579.00   2266.00    848.21   1042.98      0.00      0.00      0.00      0.00

17:41:17        IFACE   rxpck/s   txpck/s    rxkB/s    txkB/s   rxcmp/s   txcmp/s  rxmcst/s   %ifutil
17:41:18           lo      0.00      0.00      0.00      0.00      0.00      0.00      0.00      0.00
17:41:18         ens5   2250.00   2126.00    726.51    918.80      0.00      0.00      0.00      0.00

17:41:18        IFACE   rxpck/s   txpck/s    rxkB/s    txkB/s   rxcmp/s   txcmp/s  rxmcst/s   %ifutil
17:41:19           lo      0.00      0.00      0.00      0.00      0.00      0.00      0.00      0.00
17:41:19         ens5   2779.00   2499.00    897.63   1106.94      0.00      0.00      0.00      0.00

17:41:19        IFACE   rxpck/s   txpck/s    rxkB/s    txkB/s   rxcmp/s   txcmp/s  rxmcst/s   %ifutil
17:41:20           lo      0.00      0.00      0.00      0.00      0.00      0.00      0.00      0.00
17:41:20         ens5   2565.00   2365.00    847.83   1134.25      0.00      0.00      0.00      0.00

17:41:20        IFACE   rxpck/s   txpck/s    rxkB/s    txkB/s   rxcmp/s   txcmp/s  rxmcst/s   %ifutil
17:41:21           lo      0.00      0.00      0.00      0.00      0.00      0.00      0.00      0.00
17:41:21         ens5   2148.00   2106.00    775.90    992.34      0.00      0.00      0.00      0.00

17:41:21        IFACE   rxpck/s   txpck/s    rxkB/s    txkB/s   rxcmp/s   txcmp/s  rxmcst/s   %ifutil
17:41:22           lo      0.00      0.00      0.00      0.00      0.00      0.00      0.00      0.00
17:41:22         ens5   2618.00   2372.00   1003.12   1347.01      0.00      0.00      0.00      0.00

17:41:22        IFACE   rxpck/s   txpck/s    rxkB/s    txkB/s   rxcmp/s   txcmp/s  rxmcst/s   %ifutil
17:41:23           lo      0.00      0.00      0.00      0.00      0.00      0.00      0.00      0.00
17:41:23         ens5   2576.00   2265.00    926.28   1159.65      0.00      0.00      0.00      0.00

17:41:23        IFACE   rxpck/s   txpck/s    rxkB/s    txkB/s   rxcmp/s   txcmp/s  rxmcst/s   %ifutil
17:41:24           lo      0.00      0.00      0.00      0.00      0.00      0.00      0.00      0.00
17:41:24         ens5   2371.00   2146.00    833.98    928.27      0.00      0.00      0.00      0.00

17:41:24        IFACE   rxpck/s   txpck/s    rxkB/s    txkB/s   rxcmp/s   txcmp/s  rxmcst/s   %ifutil
17:41:25           lo      0.00      0.00      0.00      0.00      0.00      0.00      0.00      0.00
17:41:25         ens5   2762.00   2467.00    926.78   1140.50      0.00      0.00      0.00      0.00

17:41:25        IFACE   rxpck/s   txpck/s    rxkB/s    txkB/s   rxcmp/s   txcmp/s  rxmcst/s   %ifutil
17:41:26           lo      0.00      0.00      0.00      0.00      0.00      0.00      0.00      0.00
17:41:26         ens5   2400.00   2177.00    801.38    977.35      0.00      0.00      0.00      0.00

17:41:26        IFACE   rxpck/s   txpck/s    rxkB/s    txkB/s   rxcmp/s   txcmp/s  rxmcst/s   %ifutil
17:41:27           lo      0.00      0.00      0.00      0.00      0.00      0.00      0.00      0.00
17:41:27         ens5   2066.00   1999.00    694.56    855.78      0.00      0.00      0.00      0.00

17:41:27        IFACE   rxpck/s   txpck/s    rxkB/s    txkB/s   rxcmp/s   txcmp/s  rxmcst/s   %ifutil
17:41:28           lo      0.00      0.00      0.00      0.00      0.00      0.00      0.00      0.00
17:41:28         ens5   2855.00   2524.00    956.43   1154.21      0.00      0.00      0.00      0.00

17:41:28        IFACE   rxpck/s   txpck/s    rxkB/s    txkB/s   rxcmp/s   txcmp/s  rxmcst/s   %ifutil
17:41:29           lo      0.00      0.00      0.00      0.00      0.00      0.00      0.00      0.00
17:41:29         ens5   2333.00   2192.00    757.00    945.78      0.00      0.00      0.00      0.00

17:41:29        IFACE   rxpck/s   txpck/s    rxkB/s    txkB/s   rxcmp/s   txcmp/s  rxmcst/s   %ifutil
17:41:30           lo      0.00      0.00      0.00      0.00      0.00      0.00      0.00      0.00
17:41:30         ens5   2207.00   2140.00    733.03    973.17      0.00      0.00      0.00      0.00

17:41:30        IFACE   rxpck/s   txpck/s    rxkB/s    txkB/s   rxcmp/s   txcmp/s  rxmcst/s   %ifutil
17:41:31           lo      0.00      0.00      0.00      0.00      0.00      0.00      0.00      0.00
17:41:31         ens5   2855.00   2444.00    992.11   1237.27      0.00      0.00      0.00      0.00

17:41:31        IFACE   rxpck/s   txpck/s    rxkB/s    txkB/s   rxcmp/s   txcmp/s  rxmcst/s   %ifutil
17:41:32           lo      0.00      0.00      0.00      0.00      0.00      0.00      0.00      0.00
17:41:32         ens5   2095.00   2061.00    839.13   1141.65      0.00      0.00      0.00      0.00

17:41:32        IFACE   rxpck/s   txpck/s    rxkB/s    txkB/s   rxcmp/s   txcmp/s  rxmcst/s   %ifutil
17:41:33           lo      0.00      0.00      0.00      0.00      0.00      0.00      0.00      0.00
17:41:33         ens5   2161.00   2063.00    725.97    997.98      0.00      0.00      0.00      0.00

17:41:33        IFACE   rxpck/s   txpck/s    rxkB/s    txkB/s   rxcmp/s   txcmp/s  rxmcst/s   %ifutil
17:41:34           lo      0.00      0.00      0.00      0.00      0.00      0.00      0.00      0.00
17:41:34         ens5   2827.00   2449.00    928.77   1147.74      0.00      0.00      0.00      0.00

17:41:34        IFACE   rxpck/s   txpck/s    rxkB/s    txkB/s   rxcmp/s   txcmp/s  rxmcst/s   %ifutil
17:41:35           lo      0.00      0.00      0.00      0.00      0.00      0.00      0.00      0.00
17:41:35         ens5   2285.00   2192.00    746.52    931.22      0.00      0.00      0.00      0.00

17:41:35        IFACE   rxpck/s   txpck/s    rxkB/s    txkB/s   rxcmp/s   txcmp/s  rxmcst/s   %ifutil
17:41:36           lo      0.00      0.00      0.00      0.00      0.00      0.00      0.00      0.00
17:41:36         ens5   2479.00   2294.00    822.66   1016.62      0.00      0.00      0.00      0.00

17:41:36        IFACE   rxpck/s   txpck/s    rxkB/s    txkB/s   rxcmp/s   txcmp/s  rxmcst/s   %ifutil
17:41:37           lo      0.00      0.00      0.00      0.00      0.00      0.00      0.00      0.00
17:41:37         ens5   2859.00   2460.00    930.51   1145.23      0.00      0.00      0.00      0.00

17:41:37        IFACE   rxpck/s   txpck/s    rxkB/s    txkB/s   rxcmp/s   txcmp/s  rxmcst/s   %ifutil
17:41:38           lo      0.00      0.00      0.00      0.00      0.00      0.00      0.00      0.00
17:41:38         ens5   2216.00   2164.00    725.94    918.51      0.00      0.00      0.00      0.00

17:41:38        IFACE   rxpck/s   txpck/s    rxkB/s    txkB/s   rxcmp/s   txcmp/s  rxmcst/s   %ifutil
17:41:39           lo      0.00      0.00      0.00      0.00      0.00      0.00      0.00      0.00
17:41:39         ens5   2358.00   2183.00    794.78    986.69      0.00      0.00      0.00      0.00

17:41:39        IFACE   rxpck/s   txpck/s    rxkB/s    txkB/s   rxcmp/s   txcmp/s  rxmcst/s   %ifutil
17:41:40           lo      0.00      0.00      0.00      0.00      0.00      0.00      0.00      0.00
17:41:40         ens5   2908.00   2493.00    953.60   1212.82      0.00      0.00      0.00      0.00

17:41:40        IFACE   rxpck/s   txpck/s    rxkB/s    txkB/s   rxcmp/s   txcmp/s  rxmcst/s   %ifutil
17:41:41           lo      0.00      0.00      0.00      0.00      0.00      0.00      0.00      0.00
17:41:41         ens5   2258.00   2195.00    784.50    996.06      0.00      0.00      0.00      0.00

17:41:41        IFACE   rxpck/s   txpck/s    rxkB/s    txkB/s   rxcmp/s   txcmp/s  rxmcst/s   %ifutil
17:41:42           lo      0.00      0.00      0.00      0.00      0.00      0.00      0.00      0.00
17:41:42         ens5   2296.00   2182.00    879.26   1171.25      0.00      0.00      0.00      0.00

17:41:42        IFACE   rxpck/s   txpck/s    rxkB/s    txkB/s   rxcmp/s   txcmp/s  rxmcst/s   %ifutil
17:41:43           lo      0.00      0.00      0.00      0.00      0.00      0.00      0.00      0.00
17:41:43         ens5   2764.00   2457.00    928.96   1230.73      0.00      0.00      0.00      0.00

17:41:43        IFACE   rxpck/s   txpck/s    rxkB/s    txkB/s   rxcmp/s   txcmp/s  rxmcst/s   %ifutil
17:41:44           lo      0.00      0.00      0.00      0.00      0.00      0.00      0.00      0.00
17:41:44         ens5   2470.00   2292.00    826.19   1014.28      0.00      0.00      0.00      0.00

17:41:44        IFACE   rxpck/s   txpck/s    rxkB/s    txkB/s   rxcmp/s   txcmp/s  rxmcst/s   %ifutil
17:41:45           lo      0.00      0.00      0.00      0.00      0.00      0.00      0.00      0.00
17:41:45         ens5   2163.00   2093.00    718.69    929.35      0.00      0.00      0.00      0.00

17:41:45        IFACE   rxpck/s   txpck/s    rxkB/s    txkB/s   rxcmp/s   txcmp/s  rxmcst/s   %ifutil
17:41:46           lo      0.00      0.00      0.00      0.00      0.00      0.00      0.00      0.00
17:41:46         ens5   1853.00   1895.00    611.12    653.48      0.00      0.00      0.00      0.00

17:41:46        IFACE   rxpck/s   txpck/s    rxkB/s    txkB/s   rxcmp/s   txcmp/s  rxmcst/s   %ifutil
17:41:47           lo      0.00      0.00      0.00      0.00      0.00      0.00      0.00      0.00
17:41:47         ens5   2752.00   2301.00   5010.26    937.59      0.00      0.00      0.00      0.00

17:41:47        IFACE   rxpck/s   txpck/s    rxkB/s    txkB/s   rxcmp/s   txcmp/s  rxmcst/s   %ifutil
17:41:48           lo      0.00      0.00      0.00      0.00      0.00      0.00      0.00      0.00
17:41:48         ens5   2166.00   1924.00   3344.24    806.11      0.00      0.00      0.00      0.00

17:41:48        IFACE   rxpck/s   txpck/s    rxkB/s    txkB/s   rxcmp/s   txcmp/s  rxmcst/s   %ifutil
17:41:49           lo      0.00      0.00      0.00      0.00      0.00      0.00      0.00      0.00
17:41:49         ens5   1569.00   1728.00    560.44    542.04      0.00      0.00      0.00      0.00

17:41:49        IFACE   rxpck/s   txpck/s    rxkB/s    txkB/s   rxcmp/s   txcmp/s  rxmcst/s   %ifutil
17:41:50           lo      0.00      0.00      0.00      0.00      0.00      0.00      0.00      0.00
17:41:50         ens5   2201.00   2010.00    764.96    767.61      0.00      0.00      0.00      0.00

17:41:50        IFACE   rxpck/s   txpck/s    rxkB/s    txkB/s   rxcmp/s   txcmp/s  rxmcst/s   %ifutil
17:41:51           lo      0.00      0.00      0.00      0.00      0.00      0.00      0.00      0.00
17:41:51         ens5   1360.00   1508.00    527.55    542.36      0.00      0.00      0.00      0.00

17:41:51        IFACE   rxpck/s   txpck/s    rxkB/s    txkB/s   rxcmp/s   txcmp/s  rxmcst/s   %ifutil
17:41:52           lo      0.00      0.00      0.00      0.00      0.00      0.00      0.00      0.00
17:41:52         ens5   1898.00   1837.00    777.56    866.56      0.00      0.00      0.00      0.00

17:41:52        IFACE   rxpck/s   txpck/s    rxkB/s    txkB/s   rxcmp/s   txcmp/s  rxmcst/s   %ifutil
17:41:53           lo      0.00      0.00      0.00      0.00      0.00      0.00      0.00      0.00
17:41:53         ens5   1752.00   1868.00    629.43    690.05      0.00      0.00      0.00      0.00

17:41:53        IFACE   rxpck/s   txpck/s    rxkB/s    txkB/s   rxcmp/s   txcmp/s  rxmcst/s   %ifutil
17:41:54           lo      0.00      0.00      0.00      0.00      0.00      0.00      0.00      0.00
17:41:54         ens5   1696.00   1781.00    621.99    576.63      0.00      0.00      0.00      0.00

17:41:54        IFACE   rxpck/s   txpck/s    rxkB/s    txkB/s   rxcmp/s   txcmp/s  rxmcst/s   %ifutil
17:41:55           lo      0.00      0.00      0.00      0.00      0.00      0.00      0.00      0.00
17:41:55         ens5   2645.00   1997.00   6530.03    642.89      0.00      0.00      0.00      0.00

17:41:55        IFACE   rxpck/s   txpck/s    rxkB/s    txkB/s   rxcmp/s   txcmp/s  rxmcst/s   %ifutil
17:41:56           lo      0.00      0.00      0.00      0.00      0.00      0.00      0.00      0.00
17:41:56         ens5   2074.00   2333.00    711.76   2885.18      0.00      0.00      0.00      0.00

17:41:56        IFACE   rxpck/s   txpck/s    rxkB/s    txkB/s   rxcmp/s   txcmp/s  rxmcst/s   %ifutil
17:41:57           lo      0.00      0.00      0.00      0.00      0.00      0.00      0.00      0.00
17:41:57         ens5   1429.00   1616.00    497.00    738.09      0.00      0.00      0.00      0.00

17:41:57        IFACE   rxpck/s   txpck/s    rxkB/s    txkB/s   rxcmp/s   txcmp/s  rxmcst/s   %ifutil
17:41:58           lo      0.00      0.00      0.00      0.00      0.00      0.00      0.00      0.00
17:41:58         ens5   1660.00   1778.00    581.48    555.15      0.00      0.00      0.00      0.00

17:41:58        IFACE   rxpck/s   txpck/s    rxkB/s    txkB/s   rxcmp/s   txcmp/s  rxmcst/s   %ifutil
17:41:59           lo      0.00      0.00      0.00      0.00      0.00      0.00      0.00      0.00
17:41:59         ens5   1959.00   1911.00    694.09    659.53      0.00      0.00      0.00      0.00

17:41:59        IFACE   rxpck/s   txpck/s    rxkB/s    txkB/s   rxcmp/s   txcmp/s  rxmcst/s   %ifutil
17:42:00           lo      0.00      0.00      0.00      0.00      0.00      0.00      0.00      0.00
17:42:00         ens5   1594.00   1716.00    585.08    618.64      0.00      0.00      0.00      0.00

17:42:00        IFACE   rxpck/s   txpck/s    rxkB/s    txkB/s   rxcmp/s   txcmp/s  rxmcst/s   %ifutil
17:42:01           lo      0.00      0.00      0.00      0.00      0.00      0.00      0.00      0.00
17:42:01         ens5   1586.00   1759.00    597.87    606.27      0.00      0.00      0.00      0.00

17:42:01        IFACE   rxpck/s   txpck/s    rxkB/s    txkB/s   rxcmp/s   txcmp/s  rxmcst/s   %ifutil
17:42:02           lo      0.00      0.00      0.00      0.00      0.00      0.00      0.00      0.00
17:42:02         ens5   1991.00   1934.00    823.24    910.02      0.00      0.00      0.00      0.00

17:42:02        IFACE   rxpck/s   txpck/s    rxkB/s    txkB/s   rxcmp/s   txcmp/s  rxmcst/s   %ifutil
17:42:03           lo      0.00      0.00      0.00      0.00      0.00      0.00      0.00      0.00
17:42:03         ens5   1479.00   1699.00    509.87    585.89      0.00      0.00      0.00      0.00

17:42:03        IFACE   rxpck/s   txpck/s    rxkB/s    txkB/s   rxcmp/s   txcmp/s  rxmcst/s   %ifutil
17:42:04           lo      0.00      0.00      0.00      0.00      0.00      0.00      0.00      0.00
17:42:04         ens5   2158.00   1926.00    757.56    698.65      0.00      0.00      0.00      0.00

17:42:04        IFACE   rxpck/s   txpck/s    rxkB/s    txkB/s   rxcmp/s   txcmp/s  rxmcst/s   %ifutil
17:42:05           lo      0.00      0.00      0.00      0.00      0.00      0.00      0.00      0.00
17:42:05         ens5   1635.00   1763.00    586.49    555.39      0.00      0.00      0.00      0.00

17:42:05        IFACE   rxpck/s   txpck/s    rxkB/s    txkB/s   rxcmp/s   txcmp/s  rxmcst/s   %ifutil
17:42:06           lo      0.00      0.00      0.00      0.00      0.00      0.00      0.00      0.00
17:42:06         ens5   2094.00   1993.00    744.89    706.37      0.00      0.00      0.00      0.00

17:42:06        IFACE   rxpck/s   txpck/s    rxkB/s    txkB/s   rxcmp/s   txcmp/s  rxmcst/s   %ifutil
17:42:07           lo      0.00      0.00      0.00      0.00      0.00      0.00      0.00      0.00
17:42:07         ens5   2152.00   1969.00    761.68    698.66      0.00      0.00      0.00      0.00

17:42:07        IFACE   rxpck/s   txpck/s    rxkB/s    txkB/s   rxcmp/s   txcmp/s  rxmcst/s   %ifutil
17:42:08           lo      0.00      0.00      0.00      0.00      0.00      0.00      0.00      0.00
17:42:08         ens5   1631.00   1785.00    583.04    556.68      0.00      0.00      0.00      0.00

17:42:08        IFACE   rxpck/s   txpck/s    rxkB/s    txkB/s   rxcmp/s   txcmp/s  rxmcst/s   %ifutil
17:42:09           lo      0.00      0.00      0.00      0.00      0.00      0.00      0.00      0.00
17:42:09         ens5   2313.00   2009.00    811.64    749.99      0.00      0.00      0.00      0.00

17:42:09        IFACE   rxpck/s   txpck/s    rxkB/s    txkB/s   rxcmp/s   txcmp/s  rxmcst/s   %ifutil
17:42:10           lo      0.00      0.00      0.00      0.00      0.00      0.00      0.00      0.00
17:42:10         ens5   1451.00   1620.00    528.65    564.81      0.00      0.00      0.00      0.00

17:42:10        IFACE   rxpck/s   txpck/s    rxkB/s    txkB/s   rxcmp/s   txcmp/s  rxmcst/s   %ifutil
17:42:11           lo      0.00      0.00      0.00      0.00      0.00      0.00      0.00      0.00
17:42:11         ens5   1915.00   1933.00    728.53    720.57      0.00      0.00      0.00      0.00

17:42:11        IFACE   rxpck/s   txpck/s    rxkB/s    txkB/s   rxcmp/s   txcmp/s  rxmcst/s   %ifutil
17:42:12           lo      0.00      0.00      0.00      0.00      0.00      0.00      0.00      0.00
17:42:12         ens5   1680.00   1675.00    734.83    828.76      0.00      0.00      0.00      0.00

17:42:12        IFACE   rxpck/s   txpck/s    rxkB/s    txkB/s   rxcmp/s   txcmp/s  rxmcst/s   %ifutil
17:42:13           lo      0.00      0.00      0.00      0.00      0.00      0.00      0.00      0.00
17:42:13         ens5   1784.00   1838.00    667.03    714.60      0.00      0.00      0.00      0.00

17:42:13        IFACE   rxpck/s   txpck/s    rxkB/s    txkB/s   rxcmp/s   txcmp/s  rxmcst/s   %ifutil
17:42:14           lo      0.00      0.00      0.00      0.00      0.00      0.00      0.00      0.00
17:42:14         ens5   1996.00   1878.00    725.13    678.48      0.00      0.00      0.00      0.00

17:42:14        IFACE   rxpck/s   txpck/s    rxkB/s    txkB/s   rxcmp/s   txcmp/s  rxmcst/s   %ifutil
17:42:15           lo      0.00      0.00      0.00      0.00      0.00      0.00      0.00      0.00
17:42:15         ens5   1484.00   1698.00    530.98    509.14      0.00      0.00      0.00      0.00

17:42:15        IFACE   rxpck/s   txpck/s    rxkB/s    txkB/s   rxcmp/s   txcmp/s  rxmcst/s   %ifutil
17:42:16           lo      0.00      0.00      0.00      0.00      0.00      0.00      0.00      0.00
17:42:16         ens5   2306.00   2108.00    809.59    757.67      0.00      0.00      0.00      0.00

17:42:16        IFACE   rxpck/s   txpck/s    rxkB/s    txkB/s   rxcmp/s   txcmp/s  rxmcst/s   %ifutil
17:42:17           lo      0.00      0.00      0.00      0.00      0.00      0.00      0.00      0.00
17:42:17         ens5   1659.00   1704.00    581.97    557.12      0.00      0.00      0.00      0.00

17:42:17        IFACE   rxpck/s   txpck/s    rxkB/s    txkB/s   rxcmp/s   txcmp/s  rxmcst/s   %ifutil
17:42:18           lo      0.00      0.00      0.00      0.00      0.00      0.00      0.00      0.00
17:42:18         ens5   1865.00   1824.00    685.45    641.20      0.00      0.00      0.00      0.00

17:42:18        IFACE   rxpck/s   txpck/s    rxkB/s    txkB/s   rxcmp/s   txcmp/s  rxmcst/s   %ifutil
17:42:19           lo      0.00      0.00      0.00      0.00      0.00      0.00      0.00      0.00
17:42:19         ens5   1395.00   1655.00    487.76    482.63      0.00      0.00      0.00      0.00

17:42:19        IFACE   rxpck/s   txpck/s    rxkB/s    txkB/s   rxcmp/s   txcmp/s  rxmcst/s   %ifutil
17:42:20           lo      0.00      0.00      0.00      0.00      0.00      0.00      0.00      0.00
17:42:20         ens5   2288.00   2037.00    796.46    792.67      0.00      0.00      0.00      0.00

17:42:20        IFACE   rxpck/s   txpck/s    rxkB/s    txkB/s   rxcmp/s   txcmp/s  rxmcst/s   %ifutil
17:42:21           lo      0.00      0.00      0.00      0.00      0.00      0.00      0.00      0.00
17:42:21         ens5   1058.00   1488.00    429.49   2493.02      0.00      0.00      0.00      0.00

17:42:21        IFACE   rxpck/s   txpck/s    rxkB/s    txkB/s   rxcmp/s   txcmp/s  rxmcst/s   %ifutil
17:42:22           lo      0.00      0.00      0.00      0.00      0.00      0.00      0.00      0.00
17:42:22         ens5   1245.00   1815.00    566.96   2725.00      0.00      0.00      0.00      0.00

17:42:22        IFACE   rxpck/s   txpck/s    rxkB/s    txkB/s   rxcmp/s   txcmp/s  rxmcst/s   %ifutil
17:42:23           lo      0.00      0.00      0.00      0.00      0.00      0.00      0.00      0.00
17:42:23         ens5   1246.00   1752.00    433.28   2560.29      0.00      0.00      0.00      0.00

17:42:23        IFACE   rxpck/s   txpck/s    rxkB/s    txkB/s   rxcmp/s   txcmp/s  rxmcst/s   %ifutil
17:42:24           lo      0.00      0.00      0.00      0.00      0.00      0.00      0.00      0.00
17:42:24         ens5    962.00   1280.00    332.10    333.73      0.00      0.00      0.00      0.00

17:42:24        IFACE   rxpck/s   txpck/s    rxkB/s    txkB/s   rxcmp/s   txcmp/s  rxmcst/s   %ifutil
17:42:25           lo      0.00      0.00      0.00      0.00      0.00      0.00      0.00      0.00
17:42:25         ens5   1730.00   2149.00    639.80   2659.05      0.00      0.00      0.00      0.00

17:42:25        IFACE   rxpck/s   txpck/s    rxkB/s    txkB/s   rxcmp/s   txcmp/s  rxmcst/s   %ifutil
17:42:26           lo      0.00      0.00      0.00      0.00      0.00      0.00      0.00      0.00
17:42:26         ens5   1891.00   2107.00    666.36   2670.27      0.00      0.00      0.00      0.00

17:42:26        IFACE   rxpck/s   txpck/s    rxkB/s    txkB/s   rxcmp/s   txcmp/s  rxmcst/s   %ifutil
17:42:27           lo      0.00      0.00      0.00      0.00      0.00      0.00      0.00      0.00
17:42:27         ens5    845.00   1152.00    295.16    300.83      0.00      0.00      0.00      0.00

17:42:27        IFACE   rxpck/s   txpck/s    rxkB/s    txkB/s   rxcmp/s   txcmp/s  rxmcst/s   %ifutil
17:42:28           lo      0.00      0.00      0.00      0.00      0.00      0.00      0.00      0.00
17:42:28         ens5   1356.00   1815.00    461.22   2500.16      0.00      0.00      0.00      0.00

17:42:28        IFACE   rxpck/s   txpck/s    rxkB/s    txkB/s   rxcmp/s   txcmp/s  rxmcst/s   %ifutil
17:42:29           lo      0.00      0.00      0.00      0.00      0.00      0.00      0.00      0.00
17:42:29         ens5   1356.00   1906.00    462.66   2511.45      0.00      0.00      0.00      0.00

17:42:29        IFACE   rxpck/s   txpck/s    rxkB/s    txkB/s   rxcmp/s   txcmp/s  rxmcst/s   %ifutil
17:42:30           lo      0.00      0.00      0.00      0.00      0.00      0.00      0.00      0.00
17:42:30         ens5   1280.00   1738.00    446.03   2545.56      0.00      0.00      0.00      0.00

17:42:30        IFACE   rxpck/s   txpck/s    rxkB/s    txkB/s   rxcmp/s   txcmp/s  rxmcst/s   %ifutil
17:42:31           lo      0.00      0.00      0.00      0.00      0.00      0.00      0.00      0.00
17:42:31         ens5   2153.00   2044.00    794.00    774.51      0.00      0.00      0.00      0.00

17:42:31        IFACE   rxpck/s   txpck/s    rxkB/s    txkB/s   rxcmp/s   txcmp/s  rxmcst/s   %ifutil
17:42:32           lo      0.00      0.00      0.00      0.00      0.00      0.00      0.00      0.00
17:42:32         ens5   1490.00   1929.00    661.43   2819.00      0.00      0.00      0.00      0.00

17:42:32        IFACE   rxpck/s   txpck/s    rxkB/s    txkB/s   rxcmp/s   txcmp/s  rxmcst/s   %ifutil
17:42:33           lo      0.00      0.00      0.00      0.00      0.00      0.00      0.00      0.00
17:42:33         ens5   1045.00   1527.00    365.72   2490.30      0.00      0.00      0.00      0.00

17:42:33        IFACE   rxpck/s   txpck/s    rxkB/s    txkB/s   rxcmp/s   txcmp/s  rxmcst/s   %ifutil
17:42:34           lo      0.00      0.00      0.00      0.00      0.00      0.00      0.00      0.00
17:42:34         ens5   1333.00   1855.00    454.71   2492.87      0.00      0.00      0.00      0.00

17:42:34        IFACE   rxpck/s   txpck/s    rxkB/s    txkB/s   rxcmp/s   txcmp/s  rxmcst/s   %ifutil
17:42:35           lo      0.00      0.00      0.00      0.00      0.00      0.00      0.00      0.00
17:42:35         ens5   2142.00   2236.00    751.02   2740.05      0.00      0.00      0.00      0.00

17:42:35        IFACE   rxpck/s   txpck/s    rxkB/s    txkB/s   rxcmp/s   txcmp/s  rxmcst/s   %ifutil
17:42:36           lo      0.00      0.00      0.00      0.00      0.00      0.00      0.00      0.00
17:42:36         ens5   1301.00   1683.00    473.42   2489.73      0.00      0.00      0.00      0.00

17:42:36        IFACE   rxpck/s   txpck/s    rxkB/s    txkB/s   rxcmp/s   txcmp/s  rxmcst/s   %ifutil
17:42:37           lo      0.00      0.00      0.00      0.00      0.00      0.00      0.00      0.00
17:42:37         ens5   1180.00   1555.00    409.56    415.72      0.00      0.00      0.00      0.00

17:42:37        IFACE   rxpck/s   txpck/s    rxkB/s    txkB/s   rxcmp/s   txcmp/s  rxmcst/s   %ifutil
17:42:38           lo      0.00      0.00      0.00      0.00      0.00      0.00      0.00      0.00
17:42:38         ens5   1611.00   1995.00    577.51   2593.17      0.00      0.00      0.00      0.00

17:42:38        IFACE   rxpck/s   txpck/s    rxkB/s    txkB/s   rxcmp/s   txcmp/s  rxmcst/s   %ifutil
17:42:39           lo      0.00      0.00      0.00      0.00      0.00      0.00      0.00      0.00
17:42:39         ens5   1666.00   1891.00    543.93   2558.17      0.00      0.00      0.00      0.00

17:42:39        IFACE   rxpck/s   txpck/s    rxkB/s    txkB/s   rxcmp/s   txcmp/s  rxmcst/s   %ifutil
17:42:40           lo      0.00      0.00      0.00      0.00      0.00      0.00      0.00      0.00
17:42:40         ens5   1661.00   2000.00    591.66   2669.60      0.00      0.00      0.00      0.00

17:42:40        IFACE   rxpck/s   txpck/s    rxkB/s    txkB/s   rxcmp/s   txcmp/s  rxmcst/s   %ifutil
17:42:41           lo      0.00      0.00      0.00      0.00      0.00      0.00      0.00      0.00
17:42:41         ens5   1731.00   2082.00    713.18   2757.37      0.00      0.00      0.00      0.00

17:42:41        IFACE   rxpck/s   txpck/s    rxkB/s    txkB/s   rxcmp/s   txcmp/s  rxmcst/s   %ifutil
17:42:42           lo      0.00      0.00      0.00      0.00      0.00      0.00      0.00      0.00
17:42:42         ens5    993.00   1442.00    500.96    634.74      0.00      0.00      0.00      0.00

17:42:42        IFACE   rxpck/s   txpck/s    rxkB/s    txkB/s   rxcmp/s   txcmp/s  rxmcst/s   %ifutil
17:42:43           lo      0.00      0.00      0.00      0.00      0.00      0.00      0.00      0.00
17:42:43         ens5   1044.00   1598.00    346.79   2481.83      0.00      0.00      0.00      0.00

17:42:43        IFACE   rxpck/s   txpck/s    rxkB/s    txkB/s   rxcmp/s   txcmp/s  rxmcst/s   %ifutil
17:42:44           lo      0.00      0.00      0.00      0.00      0.00      0.00      0.00      0.00
17:42:44         ens5   1829.00   2076.00    630.92   2637.38      0.00      0.00      0.00      0.00

17:42:44        IFACE   rxpck/s   txpck/s    rxkB/s    txkB/s   rxcmp/s   txcmp/s  rxmcst/s   %ifutil
17:42:45           lo      0.00      0.00      0.00      0.00      0.00      0.00      0.00      0.00
17:42:45         ens5   1831.00   1999.00    650.41   2656.12      0.00      0.00      0.00      0.00

17:42:45        IFACE   rxpck/s   txpck/s    rxkB/s    txkB/s   rxcmp/s   txcmp/s  rxmcst/s   %ifutil
17:42:46           lo      0.00      0.00      0.00      0.00      0.00      0.00      0.00      0.00
17:42:46         ens5   1223.00   1723.00    451.22   2484.59      0.00      0.00      0.00      0.00
