procs -----------memory---------- ---swap-- -----io---- -system-- ------cpu-----
 r  b   swpd   free   buff  cache   si   so    bi    bo   in   cs us sy id wa st
 3  1      0 12050248   2168 1739532    0    0    28  3875 1620  470 50  3 42  4  0
 2  0      0 12050248   2168 1739548    0    0     0  3940 4277 1849 76  4  2 19  0
 2  0      0 12050024   2168 1739560    0    0     0  1736 3834  665 92  1  1  7  0
 2  0      0 12048516   2168 1740360    0    0     0  3136 4296  719 87  5  0  8  0
 2  0      0 12099672   2168 1753908    0    0     0 13784 5509 1180 90  5  0  4  0
 1  1      0 12098916   2168 1753660    0    0     0 21052 6619 1908 84  9  0  6  0
 2  0      0 12081528   2168 1742988    0    0     0 19212 5855 1141 84  6  1  9  0
 2  0      0 12081276   2168 1743004    0    0     0  1220 3653  579 92  3  0  5  0
 2  0      0 12043728   2168 1743012    0    0     0  1260 4148  584 92  2  0  5  0
 2  0      0 12042468   2168 1743024    0    0     0  1800 5115  780 85  5  1  9  0
 2  0      0 12041964   2168 1743032    0    0     0   944 3176  544 94  2  0  4  0
 2  0      0 12040452   2168 1743044    0    0     0  1796 4399  716 91  2  0  8  0
 2  0      0 12038940   2168 1743056    0    0     0  2328 4936  752 89  2  1  9  0
 2  0      0 12021804   2168 1743068    0    0     0  2532 2982  540 91  4  0  5  0
 2  0      0 11989800   2168 1743080    0    0     0  1596 4524  699 90  3  0  8  0
 2  0      0 11988540   2168 1743096    0    0     0  7804 4733  918 87  6  0  8  0
 2  0      0 11988036   2168 1743108    0    0     0   912 2996  521 92  4  0  5  0
 2  0      0 11987028   2168 1743120    0    0     0  1684 4761  749 89  3  0  8  0
 1  1      0 11985768   2168 1743132    0    0     0  1788 4987  721 89  3  0  9  0
 1  1      0 11985012   2168 1743144    0    0     0   964 2920  541 94  2  0  4  0
 2  0      0 11981484   2168 1743156    0    0     0  1656 4652  750 91  2  0  7  0
procs -----------memory---------- ---swap-- -----io---- -system-- ------cpu-----
 r  b   swpd   free   buff  cache   si   so    bi    bo   in   cs us sy id wa st
 2  0      0 11980224   2168 1743168    0    0     0  1900 4124  719 88  4  0  8  0
 1  1      0 11977700   2168 1743176    0    0     0  1416 3083  556 94  1  0  5  0
 2  0      0 11973948   2168 1743188    0    0     0  3536 4690  760 85  6  1  8  0
 2  0      0 11973192   2168 1743200    0    0     0  1752 4667  755 89  3  0  8  0
 2  0      0 11969160   2168 1743208    0    0     0   824 2798  495 92  4  0  4  0
 2  0      0 11960844   2168 1743220    0    0     0  1676 4687  746 87  5  0  8  0
 2  0      0 11960340   2168 1743236    0    0     0  1592 4567  729 90  3  0  8  0
 2  0      0 11959836   2168 1743248    0    0     0  1004 3247  550 92  3  1  5  0
 2  0      0 11958828   2168 1743260    0    0     0  1720 4624  774 87  5  0  9  0
 2  0      0 11957820   2168 1743272    0    0     0  1672 4670  732 89  3  0  8  0
 2  0      0 11956812   2168 1743284    0    0     0  1164 2898  518 94  2  0  4  0
 2  0      0 11955300   2168 1743292    0    0     0  2072 4453  747 86  5  1  9  0
 2  0      0 11934460   2168 1743308    0    0     0  3224 4306  688 89  4  0  8  0
 2  0      0 11933956   2168 1743308    0    0     0   984 2988  506 92  4  0  4  0
 2  0      0 11932696   2168 1743324    0    0     0  1884 4883  753 86  5  0  9  0
 2  0      0 11931688   2168 1743340    0    0     0  1812 4667  766 87  4  0  9  0
 1  1      0 11930680   2168 1743348    0    0     0  1168 3008  669 92  3  1  5  0
 2  0      0 11929672   2168 1743360    0    0     0  1696 4584  833 87  5  1  8  0
 1  1      0 11928412   2168 1743372    0    0     0  1752 4629  742 88  4  0  9  0
 3  0      0 11927908   2168 1743380    0    0     0   944 3037  526 95  1  0  5  0
 2  0      0 11902388   2168 1743396    0    0     0 12496 3748  690 88  5  0  7  0
procs -----------memory---------- ---swap-- -----io---- -system-- ------cpu-----
 r  b   swpd   free   buff  cache   si   so    bi    bo   in   cs us sy id wa st
 2  0      0 11856840   2168 1743400    0    0     0  1604 5248  627 90  6  0  5  0
 2  0      0 11825780   2168 1743424    0    0     0  2232 2305  446 95  2  0  3  0
 2  0      0 11811856   2168 1743432    0    0     0  1636 4428  748 87  5  0  8  0
 2  0      0 11788356   2168 1743448    0    0     0  1420 4183  659 88  5  0  7  0
 2  0      0 11756196   2168 1743456    0    0     0   928 3134  557 91  4  0  4  0
 2  0      0 11759972   2168 1748724    0    0     0 22248 4891 1211 87  5  1  6  0
 2  0      0 11754228   2168 1748404    0    0     0 34132 5045 1605 88  7  1  5  0
 2  0      0 11717184   2168 1757896    0    0     0 24776 3688  791 91  4  1  4  0
 3  1      0 11649392   2168 1754068    0    0     0 55080 7724 2666 81 11  2  7  0
 3  0      0 11683404   2168 1759924    0    0     0 33000 8174 1740 82 11  0  6  0
 3  0      0 11684596   2168 1768540    0    0     0 24188 6541 1074 87  9  0  4  0
 5  0      0 11628216   2168 1760920    0    0     0 32868 6811 1471 83 10  1  6  0
 3  0      0 11636532   2168 1760404    0    0     0 40368 5942 1983 83  9  1  7  0
 3  0      0 11636532   2168 1764924    0    0     0 19384 3742  543 92  5  0  4  0
 4  0      0 11623676   2168 1767200    0    0     0 32060 8110 1462 80 12  0  7  0
 5  0      0 11643960   2168 1769932    0    0     0 52148 6350 2168 85  9  1  6  0
 3  0      0 11615040   2168 1763952    0    0     0 19020 5264 1003 90  6  1  4  0
 3  0      0 11595692   2168 1766508    0    0     0 19932 6822 1156 88  8  0  3  0
 3  0      0 11585500   2168 1779760    0    0     0 20760 5819 1575 90  4  0  5  0
 3  0      0 11585248   2168 1775212    0    0     0 16068 7183 1137 88  7  1  5  0
 3  0      0 11601124   2168 1762236    0    0     0  5912 5008  957 93  4  0  3  0
procs -----------memory---------- ---swap-- -----io---- -system-- ------cpu-----
 r  b   swpd   free   buff  cache   si   so    bi    bo   in   cs us sy id wa st
 3  0      0 11598884   2168 1761836    0    0     0  3220 6111  812 90  5  0  6  0
 2  1      0 11598884   2168 1761848    0    0     0  8980 3726  620 92  4  0  4  0
 2  0      0 11597876   2168 1765536    0    0     0 25304 3133  787 89  7  1  4  0
 2  0      0 11617784   2168 1777736    0    0     0 22592 7910 1923 83 11  0  5  0
 3  0      0 11580740   2168 1781916    0    0     0 37332 6396 1883 85  7  0  7  0
 2  0      0 11621444   2168 1771416    0    0     0 13196 4353  992 92  5  0  3  0
 1  0      0 11578044   2168 1783564    0    0     0 51428 6887 1511 87  7  1  6  0
 2  0      0 11600544   2168 1767852    0    0     0 10352 4860  878 88  6  0  6  0
 2  0      0 11639676   2168 1773072    0    0     0 16884 3086 1000 93  4  1  3  0
 2  0      0 11650544   2168 1783560    0    0     0 32260 8246 1344 83 11  0  6  0
 1  1      0 11635116   2168 1780096    0    0     0 35352 6714 1588 83  9  1  8  0
 3  0      0 11587116   2168 1772472    0    0     0 28516 5919 1833 89  6  1  5  0
 2  0      0 11602568   2168 1775976    0    0     0 12840 2685 1586 86 11  1  3  0
 2  0      0 11609920   2168 1778196    0    0     0 36104 5235 1327 87  7  1  5  0
 2  0      0 11623504   2168 1773964    0    0     0 24128 7250 1668 91  3  0  5  0
 2  0      0 11612188   2168 1778496    0    0     0 25664 6351 1017 91  5  1  4  0
 3  0      0 11571196   2168 1775988    0    0     0 31812 5567 1747 88  8  1  4  0
 2  0      0 11582388   2168 1781924    0    0     0 32196 8211 1476 85  9  1  6  0
 2  0      0 11558496   2168 1788944    0    0     0 32260 8166 1600 86  8  0  6  0
 2  0      0 11521180   2168 1784776    0    0     0 15476 5404 1249 90  5  1  4  0
 3  0      0 11450524   2168 1776856    0    0     0 13888 6844  778 91  5  1  4  0
procs -----------memory---------- ---swap-- -----io---- -system-- ------cpu-----
 r  b   swpd   free   buff  cache   si   so    bi    bo   in   cs us sy id wa st
 2  0      0 11451904   2168 1779940    0    0     0 19488 7577 1406 88  6  1  6  0
 1  1      0 11464504   2168 1770008    0    0     0  3556 5000  752 89  5  1  6  0
 2  0      0 11417464   2168 1770016    0    0     0   760 3192  514 93  5  0  3  0
 2  0      0 11416708   2168 1770028    0    0     0  1724 4910  727 92  2  1  6  0
 2  0      0 11405116   2168 1770044    0    0     0 16332 4785  929 91  2  0  7  0
 2  0      0 11384456   2168 1774324    0    0     0 19464 2633  669 90  5  1  4  0
 2  0      0 11426540   2168 1778812    0    0     0 20632 6246 1503 86  8  0  6  0
 2  0      0 11430320   2168 1788476    0    0     0 29884 7294 2114 82 10  2  7  0
 2  0      0 11625120   2168 1775964    0    0     0 26096 5801 1523 85  8  1  7  0
 1  2      0 11585608   2168 1790064    0    0     0 32352 3358 1579 85  6  0  8  0
 2  0      0 11600476   2168 1790044    0    0     0 30672 6369 1717 80 12  1  7  0
 2  0      0 11606708   2168 1779472    0    0     0 12208 5540 1283 88  7  0  5  0
 1  1      0 11537912   2168 1794188    0    0     0 30328 5411  819 89  6  1  5  0
 2  0      0 11522540   2168 1782140    0    0     0 30080 7189 1335 86  8  1  5  0
 2  0      0 11532788   2168 1781128    0    0     0 36920 5206 2439 82 10  1  7  0
 2  0      0 11528776   2168 1788908    0    0     0 12640 6614 1620 85 11  1  4  0
 3  0      0 11504456   2168 1794800    0    0     0 20064 3690 1126 93  4  0  3  0
 2  0      0 11493368   2168 1789284    0    0     0 33344 7902 2336 82  7  1 10  0
 0  1      0 11493808   2168 1786560    0    0     0 34024 5648 1769 81  6  2 11  0
 2  0      0 11493108   2168 1783576    0    0     0 23216 4820 1119 86  8  1  5  0
 1  1      0 11470800   2168 1795972    0    0     0 28556 4277 1873 84  9  1  7  0
procs -----------memory---------- ---swap-- -----io---- -system-- ------cpu-----
 r  b   swpd   free   buff  cache   si   so    bi    bo   in   cs us sy id wa st
 2  0      0 11437288   2168 1792332    0    0     0 20956 7348 1272 81 10  1  8  0
 2  0      0 11381004   2168 1795948    0    0     0 19592 6578 1425 87  5  1  7  0
 2  0      0 11400772   2168 1781956    0    0     0  8784 5355  795 92  5  1  3  0
 2  0      0 11430052   2168 1777752    0    0     0  1512 4685  655 93  3  0  4  0
 2  0      0 11443252   2168 1777768    0    0     0  1700 5481  738 88  6  0  6  0
 2  0      0 11441684   2168 1777776    0    0     0   928 3203  529 93  3  0  3  0
 2  0      0 11437652   2168 1777788    0    0     0  9420 4338  873 89  5  0  6  0
 2  0      0 11520212   2168 1785324    0    0     0 24356 6078 1670 87  6  1  7  0
 2  0      0 11405916   2168 1801232    0    0     0 33932 6775 1314 88  7  1  5  0
 2  0      0 11404144   2168 1780104    0    0     0 18684 5338  750 89  6  0  4  0
 2  0      0 11397592   2168 1785924    0    0     0 29848 7609 1514 88  5  1  6  0
 2  0      0 11431792   2168 1796300    0    0     0 41104 5924 1529 85  8  1  6  0
 2  0      0 11530688   2168 1786328    0    0     0 25700 6157 1211 87  9  0  4  0
 0  2      0 11524380   2168 1793620    0    0     0 23204 7470 1077 85  9  1  6  0
 2  0      0 11516820   2168 1781260    0    0     0 21856 7480 1594 87  7  0  6  0
 2  0      0 11524380   2168 1782796    0    0     0 28420 5719 1458 90  5  0  5  0
 2  0      0 11461596   2168 1798468    0    0     0 31032 3096 1793 88  8  1  4  0
 3  0      0 11499900   2168 1793936    0    0     0 35280 7241 2505 82 11  1  6  0
