Linux 6.1.166-197.305.amzn2023.x86_64 (ip-172-31-36-198.ec2.internal) 	04/22/26 	_x86_64_	(2 CPU)

17:05:25        IFACE   rxpck/s   txpck/s    rxkB/s    txkB/s   rxcmp/s   txcmp/s  rxmcst/s   %ifutil
17:05:26           lo      0.00      0.00      0.00      0.00      0.00      0.00      0.00      0.00
17:05:26         ens5    967.00    824.00   1328.59    536.88      0.00      0.00      0.00      0.00

17:05:26        IFACE   rxpck/s   txpck/s    rxkB/s    txkB/s   rxcmp/s   txcmp/s  rxmcst/s   %ifutil
17:05:27           lo      0.00      0.00      0.00      0.00      0.00      0.00      0.00      0.00
17:05:27         ens5   1098.00   1289.00   1344.61    377.28      0.00      0.00      0.00      0.00

17:05:27        IFACE   rxpck/s   txpck/s    rxkB/s    txkB/s   rxcmp/s   txcmp/s  rxmcst/s   %ifutil
17:05:28           lo      0.00      0.00      0.00      0.00      0.00      0.00      0.00      0.00
17:05:28         ens5   1366.00   1464.00   1417.77    487.73      0.00      0.00      0.00      0.00

17:05:28        IFACE   rxpck/s   txpck/s    rxkB/s    txkB/s   rxcmp/s   txcmp/s  rxmcst/s   %ifutil
17:05:29           lo      0.00      0.00      0.00      0.00      0.00      0.00      0.00      0.00
17:05:29         ens5   1946.00   1792.00   1543.54    686.97      0.00      0.00      0.00      0.00

17:05:29        IFACE   rxpck/s   txpck/s    rxkB/s    txkB/s   rxcmp/s   txcmp/s  rxmcst/s   %ifutil
17:05:30           lo      0.00      0.00      0.00      0.00      0.00      0.00      0.00      0.00
17:05:30         ens5   1025.00   1284.00    263.69    443.26      0.00      0.00      0.00      0.00

17:05:30        IFACE   rxpck/s   txpck/s    rxkB/s    txkB/s   rxcmp/s   txcmp/s  rxmcst/s   %ifutil
17:05:31           lo      0.00      0.00      0.00      0.00      0.00      0.00      0.00      0.00
17:05:31         ens5   1403.00   1486.00   1429.50    517.07      0.00      0.00      0.00      0.00

17:05:31        IFACE   rxpck/s   txpck/s    rxkB/s    txkB/s   rxcmp/s   txcmp/s  rxmcst/s   %ifutil
17:05:32           lo      0.00      0.00      0.00      0.00      0.00      0.00      0.00      0.00
17:05:32         ens5   1115.00   1257.00   1338.74    365.33      0.00      0.00      0.00      0.00

17:05:32        IFACE   rxpck/s   txpck/s    rxkB/s    txkB/s   rxcmp/s   txcmp/s  rxmcst/s   %ifutil
17:05:33           lo      0.00      0.00      0.00      0.00      0.00      0.00      0.00      0.00
17:05:33         ens5   1501.00   1654.00    360.19    591.46      0.00      0.00      0.00      0.00

17:05:33        IFACE   rxpck/s   txpck/s    rxkB/s    txkB/s   rxcmp/s   txcmp/s  rxmcst/s   %ifutil
17:05:34           lo      0.00      0.00      0.00      0.00      0.00      0.00      0.00      0.00
17:05:34         ens5   1518.00   1415.00   2531.61    558.22      0.00      0.00      0.00      0.00

17:05:34        IFACE   rxpck/s   txpck/s    rxkB/s    txkB/s   rxcmp/s   txcmp/s  rxmcst/s   %ifutil
17:05:35           lo      0.00      0.00      0.00      0.00      0.00      0.00      0.00      0.00
17:05:35         ens5    861.00   1143.00    321.70    506.00      0.00      0.00      0.00      0.00

17:05:35        IFACE   rxpck/s   txpck/s    rxkB/s    txkB/s   rxcmp/s   txcmp/s  rxmcst/s   %ifutil
17:05:36           lo      0.00      0.00      0.00      0.00      0.00      0.00      0.00      0.00
17:05:36         ens5   1436.00   1521.00   1605.14    584.62      0.00      0.00      0.00      0.00

17:05:36        IFACE   rxpck/s   txpck/s    rxkB/s    txkB/s   rxcmp/s   txcmp/s  rxmcst/s   %ifutil
17:05:37           lo      0.00      0.00      0.00      0.00      0.00      0.00      0.00      0.00
17:05:37         ens5   1447.00   1477.00   1425.13    524.65      0.00      0.00      0.00      0.00

17:05:37        IFACE   rxpck/s   txpck/s    rxkB/s    txkB/s   rxcmp/s   txcmp/s  rxmcst/s   %ifutil
17:05:38           lo      0.00      0.00      0.00      0.00      0.00      0.00      0.00      0.00
17:05:38         ens5   1284.00   1353.00   1385.29    444.78      0.00      0.00      0.00      0.00

17:05:38        IFACE   rxpck/s   txpck/s    rxkB/s    txkB/s   rxcmp/s   txcmp/s  rxmcst/s   %ifutil
17:05:39           lo      0.00      0.00      0.00      0.00      0.00      0.00      0.00      0.00
17:05:39         ens5   1055.00   1409.00    259.93    475.10      0.00      0.00      0.00      0.00

17:05:39        IFACE   rxpck/s   txpck/s    rxkB/s    txkB/s   rxcmp/s   txcmp/s  rxmcst/s   %ifutil
17:05:40           lo      0.00      0.00      0.00      0.00      0.00      0.00      0.00      0.00
17:05:40         ens5   1106.00   1275.00   1351.44    417.13      0.00      0.00      0.00      0.00

17:05:40        IFACE   rxpck/s   txpck/s    rxkB/s    txkB/s   rxcmp/s   txcmp/s  rxmcst/s   %ifutil
17:05:41           lo      0.00      0.00      0.00      0.00      0.00      0.00      0.00      0.00
17:05:41         ens5   1625.74   1630.69   1468.55    570.19      0.00      0.00      0.00      0.00

17:05:41        IFACE   rxpck/s   txpck/s    rxkB/s    txkB/s   rxcmp/s   txcmp/s  rxmcst/s   %ifutil
17:05:42           lo      0.00      0.00      0.00      0.00      0.00      0.00      0.00      0.00
17:05:42         ens5   1359.00   1352.00   1398.54    506.41      0.00      0.00      0.00      0.00

17:05:42        IFACE   rxpck/s   txpck/s    rxkB/s    txkB/s   rxcmp/s   txcmp/s  rxmcst/s   %ifutil
17:05:43           lo      0.00      0.00      0.00      0.00      0.00      0.00      0.00      0.00
17:05:43         ens5   1299.00   1320.00   1391.66    426.80      0.00      0.00      0.00      0.00

17:05:43        IFACE   rxpck/s   txpck/s    rxkB/s    txkB/s   rxcmp/s   txcmp/s  rxmcst/s   %ifutil
17:05:44           lo      0.00      0.00      0.00      0.00      0.00      0.00      0.00      0.00
17:05:44         ens5   1325.00   1511.00   1414.00    592.91      0.00      0.00      0.00      0.00

17:05:44        IFACE   rxpck/s   txpck/s    rxkB/s    txkB/s   rxcmp/s   txcmp/s  rxmcst/s   %ifutil
17:05:45           lo      0.00      0.00      0.00      0.00      0.00      0.00      0.00      0.00
17:05:45         ens5    921.00   1163.00    352.74    535.43      0.00      0.00      0.00      0.00

17:05:45        IFACE   rxpck/s   txpck/s    rxkB/s    txkB/s   rxcmp/s   txcmp/s  rxmcst/s   %ifutil
17:05:46           lo      0.00      0.00      0.00      0.00      0.00      0.00      0.00      0.00
17:05:46         ens5   1556.00   1535.00   1584.09    559.34      0.00      0.00      0.00      0.00

17:05:46        IFACE   rxpck/s   txpck/s    rxkB/s    txkB/s   rxcmp/s   txcmp/s  rxmcst/s   %ifutil
17:05:47           lo      0.00      0.00      0.00      0.00      0.00      0.00      0.00      0.00
17:05:47         ens5   1239.00   1375.00   1403.15    454.49      0.00      0.00      0.00      0.00

17:05:47        IFACE   rxpck/s   txpck/s    rxkB/s    txkB/s   rxcmp/s   txcmp/s  rxmcst/s   %ifutil
17:05:48           lo      0.00      0.00      0.00      0.00      0.00      0.00      0.00      0.00
17:05:48         ens5   1122.00   1305.00   1363.12    413.26      0.00      0.00      0.00      0.00

17:05:48        IFACE   rxpck/s   txpck/s    rxkB/s    txkB/s   rxcmp/s   txcmp/s  rxmcst/s   %ifutil
17:05:49           lo      0.00      0.00      0.00      0.00      0.00      0.00      0.00      0.00
17:05:49         ens5   1507.00   1658.00    361.70    574.34      0.00      0.00      0.00      0.00

17:05:49        IFACE   rxpck/s   txpck/s    rxkB/s    txkB/s   rxcmp/s   txcmp/s  rxmcst/s   %ifutil
17:05:50           lo      0.00      0.00      0.00      0.00      0.00      0.00      0.00      0.00
17:05:50         ens5   1214.00   1289.00   1372.80    425.94      0.00      0.00      0.00      0.00

17:05:50        IFACE   rxpck/s   txpck/s    rxkB/s    txkB/s   rxcmp/s   txcmp/s  rxmcst/s   %ifutil
17:05:51           lo      0.00      0.00      0.00      0.00      0.00      0.00      0.00      0.00
17:05:51         ens5   1412.00   1374.00   2486.44    453.32      0.00      0.00      0.00      0.00

17:05:51        IFACE   rxpck/s   txpck/s    rxkB/s    txkB/s   rxcmp/s   txcmp/s  rxmcst/s   %ifutil
17:05:52           lo      0.00      0.00      0.00      0.00      0.00      0.00      0.00      0.00
17:05:52         ens5   1152.00   1453.00    295.09    504.85      0.00      0.00      0.00      0.00

17:05:52        IFACE   rxpck/s   txpck/s    rxkB/s    txkB/s   rxcmp/s   txcmp/s  rxmcst/s   %ifutil
17:05:53           lo      0.00      0.00      0.00      0.00      0.00      0.00      0.00      0.00
17:05:53         ens5   1118.00   1299.00   1364.32    402.59      0.00      0.00      0.00      0.00

17:05:53        IFACE   rxpck/s   txpck/s    rxkB/s    txkB/s   rxcmp/s   txcmp/s  rxmcst/s   %ifutil
17:05:54           lo      0.00      0.00      0.00      0.00      0.00      0.00      0.00      0.00
17:05:54         ens5   1422.00   1475.00   1421.23    582.51      0.00      0.00      0.00      0.00

17:05:54        IFACE   rxpck/s   txpck/s    rxkB/s    txkB/s   rxcmp/s   txcmp/s  rxmcst/s   %ifutil
17:05:55           lo      0.00      0.00      0.00      0.00      0.00      0.00      0.00      0.00
17:05:55         ens5   1332.00   1399.00   1515.47    626.02      0.00      0.00      0.00      0.00

17:05:55        IFACE   rxpck/s   txpck/s    rxkB/s    txkB/s   rxcmp/s   txcmp/s  rxmcst/s   %ifutil
17:05:56           lo      0.00      0.00      0.00      0.00      0.00      0.00      0.00      0.00
17:05:56         ens5   1029.00   1158.00   1468.74    430.53      0.00      0.00      0.00      0.00

17:05:56        IFACE   rxpck/s   txpck/s    rxkB/s    txkB/s   rxcmp/s   txcmp/s  rxmcst/s   %ifutil
17:05:57           lo      0.00      0.00      0.00      0.00      0.00      0.00      0.00      0.00
17:05:57         ens5   1302.00   1565.00    310.98    526.29      0.00      0.00      0.00      0.00

17:05:57        IFACE   rxpck/s   txpck/s    rxkB/s    txkB/s   rxcmp/s   txcmp/s  rxmcst/s   %ifutil
17:05:58           lo      0.00      0.00      0.00      0.00      0.00      0.00      0.00      0.00
17:05:58         ens5   1275.00   1356.00   1383.52    479.08      0.00      0.00      0.00      0.00

17:05:58        IFACE   rxpck/s   txpck/s    rxkB/s    txkB/s   rxcmp/s   txcmp/s  rxmcst/s   %ifutil
17:05:59           lo      0.00      0.00      0.00      0.00      0.00      0.00      0.00      0.00
17:05:59         ens5   1287.00   1308.00   1370.55    426.24      0.00      0.00      0.00      0.00

17:05:59        IFACE   rxpck/s   txpck/s    rxkB/s    txkB/s   rxcmp/s   txcmp/s  rxmcst/s   %ifutil
17:06:00           lo      0.00      0.00      0.00      0.00      0.00      0.00      0.00      0.00
17:06:00         ens5   1211.00   1330.00   1366.99    443.63      0.00      0.00      0.00      0.00

17:06:00        IFACE   rxpck/s   txpck/s    rxkB/s    txkB/s   rxcmp/s   txcmp/s  rxmcst/s   %ifutil
17:06:01           lo      0.00      0.00      0.00      0.00      0.00      0.00      0.00      0.00
17:06:01         ens5    912.00   1274.00    229.11    390.86      0.00      0.00      0.00      0.00

17:06:01        IFACE   rxpck/s   txpck/s    rxkB/s    txkB/s   rxcmp/s   txcmp/s  rxmcst/s   %ifutil
17:06:02           lo      0.00      0.00      0.00      0.00      0.00      0.00      0.00      0.00
17:06:02         ens5   1407.00   1429.00   1419.49    502.29      0.00      0.00      0.00      0.00

17:06:02        IFACE   rxpck/s   txpck/s    rxkB/s    txkB/s   rxcmp/s   txcmp/s  rxmcst/s   %ifutil
17:06:03           lo      0.00      0.00      0.00      0.00      0.00      0.00      0.00      0.00
17:06:03         ens5   1402.00   1473.00   1438.67    503.86      0.00      0.00      0.00      0.00

17:06:03        IFACE   rxpck/s   txpck/s    rxkB/s    txkB/s   rxcmp/s   txcmp/s  rxmcst/s   %ifutil
17:06:04           lo      0.00      0.00      0.00      0.00      0.00      0.00      0.00      0.00
17:06:04         ens5    940.00   1146.00   1311.04    398.37      0.00      0.00      0.00      0.00

17:06:04        IFACE   rxpck/s   txpck/s    rxkB/s    txkB/s   rxcmp/s   txcmp/s  rxmcst/s   %ifutil
17:06:05           lo      0.00      0.00      0.00      0.00      0.00      0.00      0.00      0.00
17:06:05         ens5   1339.00   1474.00   1515.10    657.58      0.00      0.00      0.00      0.00

17:06:05        IFACE   rxpck/s   txpck/s    rxkB/s    txkB/s   rxcmp/s   txcmp/s  rxmcst/s   %ifutil
17:06:06           lo      0.00      0.00      0.00      0.00      0.00      0.00      0.00      0.00
17:06:06         ens5   1058.00   1309.00    395.43    485.74      0.00      0.00      0.00      0.00

17:06:06        IFACE   rxpck/s   txpck/s    rxkB/s    txkB/s   rxcmp/s   txcmp/s  rxmcst/s   %ifutil
17:06:07           lo      0.00      0.00      0.00      0.00      0.00      0.00      0.00      0.00
17:06:07         ens5   1344.00   1375.00   1380.43    466.30      0.00      0.00      0.00      0.00

17:06:07        IFACE   rxpck/s   txpck/s    rxkB/s    txkB/s   rxcmp/s   txcmp/s  rxmcst/s   %ifutil
17:06:08           lo      0.00      0.00      0.00      0.00      0.00      0.00      0.00      0.00
17:06:08         ens5   1500.00   1556.00   1445.15    538.29      0.00      0.00      0.00      0.00

17:06:08        IFACE   rxpck/s   txpck/s    rxkB/s    txkB/s   rxcmp/s   txcmp/s  rxmcst/s   %ifutil
17:06:09           lo      0.00      0.00      0.00      0.00      0.00      0.00      0.00      0.00
17:06:09         ens5   1034.00   1323.00    264.85    434.51      0.00      0.00      0.00      0.00

17:06:09        IFACE   rxpck/s   txpck/s    rxkB/s    txkB/s   rxcmp/s   txcmp/s  rxmcst/s   %ifutil
17:06:10           lo      0.00      0.00      0.00      0.00      0.00      0.00      0.00      0.00
17:06:10         ens5   1215.00   1359.00   1390.82    453.65      0.00      0.00      0.00      0.00

17:06:10        IFACE   rxpck/s   txpck/s    rxkB/s    txkB/s   rxcmp/s   txcmp/s  rxmcst/s   %ifutil
17:06:11           lo      0.00      0.00      0.00      0.00      0.00      0.00      0.00      0.00
17:06:11         ens5   1554.00   1546.00   1440.40    548.72      0.00      0.00      0.00      0.00

17:06:11        IFACE   rxpck/s   txpck/s    rxkB/s    txkB/s   rxcmp/s   txcmp/s  rxmcst/s   %ifutil
17:06:12           lo      0.00      0.00      0.00      0.00      0.00      0.00      0.00      0.00
17:06:12         ens5   1198.00   1260.00   1361.40    409.50      0.00      0.00      0.00      0.00

17:06:12        IFACE   rxpck/s   txpck/s    rxkB/s    txkB/s   rxcmp/s   txcmp/s  rxmcst/s   %ifutil
17:06:13           lo      0.00      0.00      0.00      0.00      0.00      0.00      0.00      0.00
17:06:13         ens5   1278.00   1427.00   1408.92    489.39      0.00      0.00      0.00      0.00

17:06:13        IFACE   rxpck/s   txpck/s    rxkB/s    txkB/s   rxcmp/s   txcmp/s  rxmcst/s   %ifutil
17:06:14           lo      0.00      0.00      0.00      0.00      0.00      0.00      0.00      0.00
17:06:14         ens5   1260.00   1418.00   1399.63    548.51      0.00      0.00      0.00      0.00

17:06:14        IFACE   rxpck/s   txpck/s    rxkB/s    txkB/s   rxcmp/s   txcmp/s  rxmcst/s   %ifutil
17:06:15           lo      0.00      0.00      0.00      0.00      0.00      0.00      0.00      0.00
17:06:15         ens5   1050.00   1189.00   1464.24    561.42      0.00      0.00      0.00      0.00

17:06:15        IFACE   rxpck/s   txpck/s    rxkB/s    txkB/s   rxcmp/s   txcmp/s  rxmcst/s   %ifutil
17:06:16           lo      0.00      0.00      0.00      0.00      0.00      0.00      0.00      0.00
17:06:16         ens5   1384.00   1485.00   1284.18    564.43      0.00      0.00      0.00      0.00

17:06:16        IFACE   rxpck/s   txpck/s    rxkB/s    txkB/s   rxcmp/s   txcmp/s  rxmcst/s   %ifutil
17:06:17           lo      0.00      0.00      0.00      0.00      0.00      0.00      0.00      0.00
17:06:17         ens5   1267.00   1415.00    300.22    481.43      0.00      0.00      0.00      0.00

17:06:17        IFACE   rxpck/s   txpck/s    rxkB/s    txkB/s   rxcmp/s   txcmp/s  rxmcst/s   %ifutil
17:06:18           lo      0.00      0.00      0.00      0.00      0.00      0.00      0.00      0.00
17:06:18         ens5   1538.00   1579.00    441.64    624.08      0.00      0.00      0.00      0.00

17:06:18        IFACE   rxpck/s   txpck/s    rxkB/s    txkB/s   rxcmp/s   txcmp/s  rxmcst/s   %ifutil
17:06:19           lo      0.00      0.00      0.00      0.00      0.00      0.00      0.00      0.00
17:06:19         ens5   1057.00   1194.00   1765.88    419.09      0.00      0.00      0.00      0.00

17:06:19        IFACE   rxpck/s   txpck/s    rxkB/s    txkB/s   rxcmp/s   txcmp/s  rxmcst/s   %ifutil
17:06:20           lo      0.00      0.00      0.00      0.00      0.00      0.00      0.00      0.00
17:06:20         ens5    950.00   1458.00    362.36   2842.55      0.00      0.00      0.00      0.00

17:06:20        IFACE   rxpck/s   txpck/s    rxkB/s    txkB/s   rxcmp/s   txcmp/s  rxmcst/s   %ifutil
17:06:21           lo      0.00      0.00      0.00      0.00      0.00      0.00      0.00      0.00
17:06:21         ens5   1380.00   1809.00    451.99   3704.45      0.00      0.00      0.00      0.00

17:06:21        IFACE   rxpck/s   txpck/s    rxkB/s    txkB/s   rxcmp/s   txcmp/s  rxmcst/s   %ifutil
17:06:22           lo      0.00      0.00      0.00      0.00      0.00      0.00      0.00      0.00
17:06:22         ens5   1112.00   1367.00    249.19    392.63      0.00      0.00      0.00      0.00

17:06:22        IFACE   rxpck/s   txpck/s    rxkB/s    txkB/s   rxcmp/s   txcmp/s  rxmcst/s   %ifutil
17:06:23           lo      0.00      0.00      0.00      0.00      0.00      0.00      0.00      0.00
17:06:23         ens5   1383.00   2113.00    453.09   6360.00      0.00      0.00      0.00      0.00

17:06:23        IFACE   rxpck/s   txpck/s    rxkB/s    txkB/s   rxcmp/s   txcmp/s  rxmcst/s   %ifutil
17:06:24           lo      0.00      0.00      0.00      0.00      0.00      0.00      0.00      0.00
17:06:24         ens5   1477.00   1874.00    618.07   3619.84      0.00      0.00      0.00      0.00

17:06:24        IFACE   rxpck/s   txpck/s    rxkB/s    txkB/s   rxcmp/s   txcmp/s  rxmcst/s   %ifutil
17:06:25           lo      0.00      0.00      0.00      0.00      0.00      0.00      0.00      0.00
17:06:25         ens5   1506.00   1953.00    581.16   3694.94      0.00      0.00      0.00      0.00

17:06:25        IFACE   rxpck/s   txpck/s    rxkB/s    txkB/s   rxcmp/s   txcmp/s  rxmcst/s   %ifutil
17:06:26           lo      0.00      0.00      0.00      0.00      0.00      0.00      0.00      0.00
17:06:26         ens5   1480.00   2185.00    705.26   6371.60      0.00      0.00      0.00      0.00

17:06:26        IFACE   rxpck/s   txpck/s    rxkB/s    txkB/s   rxcmp/s   txcmp/s  rxmcst/s   %ifutil
17:06:27           lo      0.00      0.00      0.00      0.00      0.00      0.00      0.00      0.00
17:06:27         ens5   1693.00   2201.00    497.85   5320.68      0.00      0.00      0.00      0.00

17:06:27        IFACE   rxpck/s   txpck/s    rxkB/s    txkB/s   rxcmp/s   txcmp/s  rxmcst/s   %ifutil
17:06:28           lo      0.00      0.00      0.00      0.00      0.00      0.00      0.00      0.00
17:06:28         ens5   1341.00   1848.00    564.44   4094.90      0.00      0.00      0.00      0.00

17:06:28        IFACE   rxpck/s   txpck/s    rxkB/s    txkB/s   rxcmp/s   txcmp/s  rxmcst/s   %ifutil
17:06:29           lo      0.00      0.00      0.00      0.00      0.00      0.00      0.00      0.00
17:06:29         ens5   1818.00   2316.00    591.10   5375.86      0.00      0.00      0.00      0.00

17:06:29        IFACE   rxpck/s   txpck/s    rxkB/s    txkB/s   rxcmp/s   txcmp/s  rxmcst/s   %ifutil
17:06:30           lo      0.00      0.00      0.00      0.00      0.00      0.00      0.00      0.00
17:06:30         ens5   1593.00   1699.00    382.26    626.84      0.00      0.00      0.00      0.00

17:06:30        IFACE   rxpck/s   txpck/s    rxkB/s    txkB/s   rxcmp/s   txcmp/s  rxmcst/s   %ifutil
17:06:31           lo      0.00      0.00      0.00      0.00      0.00      0.00      0.00      0.00
17:06:31         ens5   2358.00   2153.00    542.78    871.24      0.00      0.00      0.00      0.00

17:06:31        IFACE   rxpck/s   txpck/s    rxkB/s    txkB/s   rxcmp/s   txcmp/s  rxmcst/s   %ifutil
17:06:32           lo      0.00      0.00      0.00      0.00      0.00      0.00      0.00      0.00
17:06:32         ens5   1545.00   1648.00    350.55    579.94      0.00      0.00      0.00      0.00

17:06:32        IFACE   rxpck/s   txpck/s    rxkB/s    txkB/s   rxcmp/s   txcmp/s  rxmcst/s   %ifutil
17:06:33           lo      0.00      0.00      0.00      0.00      0.00      0.00      0.00      0.00
17:06:33         ens5   2321.00   2177.00    538.26    862.80      0.00      0.00      0.00      0.00

17:06:33        IFACE   rxpck/s   txpck/s    rxkB/s    txkB/s   rxcmp/s   txcmp/s  rxmcst/s   %ifutil
17:06:34           lo      0.00      0.00      0.00      0.00      0.00      0.00      0.00      0.00
17:06:34         ens5   1454.00   1571.00    324.22    610.24      0.00      0.00      0.00      0.00

17:06:34        IFACE   rxpck/s   txpck/s    rxkB/s    txkB/s   rxcmp/s   txcmp/s  rxmcst/s   %ifutil
17:06:35           lo      0.00      0.00      0.00      0.00      0.00      0.00      0.00      0.00
17:06:35         ens5   2084.00   1982.00    578.44    931.80      0.00      0.00      0.00      0.00

17:06:35        IFACE   rxpck/s   txpck/s    rxkB/s    txkB/s   rxcmp/s   txcmp/s  rxmcst/s   %ifutil
17:06:36           lo      0.00      0.00      0.00      0.00      0.00      0.00      0.00      0.00
17:06:36         ens5   1546.00   2331.00    520.70   7010.03      0.00      0.00      0.00      0.00

17:06:36        IFACE   rxpck/s   txpck/s    rxkB/s    txkB/s   rxcmp/s   txcmp/s  rxmcst/s   %ifutil
17:06:37           lo      0.00      0.00      0.00      0.00      0.00      0.00      0.00      0.00
17:06:37         ens5   1315.00   2342.00    285.72   8490.28      0.00      0.00      0.00      0.00

17:06:37        IFACE   rxpck/s   txpck/s    rxkB/s    txkB/s   rxcmp/s   txcmp/s  rxmcst/s   %ifutil
17:06:38           lo      0.00      0.00      0.00      0.00      0.00      0.00      0.00      0.00
17:06:38         ens5   1957.00   3145.00    437.16  11864.43      0.00      0.00      0.00      0.00

17:06:38        IFACE   rxpck/s   txpck/s    rxkB/s    txkB/s   rxcmp/s   txcmp/s  rxmcst/s   %ifutil
17:06:39           lo      0.00      0.00      0.00      0.00      0.00      0.00      0.00      0.00
17:06:39         ens5   1637.00   2655.00    383.59   9375.36      0.00      0.00      0.00      0.00

17:06:39        IFACE   rxpck/s   txpck/s    rxkB/s    txkB/s   rxcmp/s   txcmp/s  rxmcst/s   %ifutil
17:06:40           lo      0.00      0.00      0.00      0.00      0.00      0.00      0.00      0.00
17:06:40         ens5   1801.00   1794.00    418.54    665.58      0.00      0.00      0.00      0.00

17:06:40        IFACE   rxpck/s   txpck/s    rxkB/s    txkB/s   rxcmp/s   txcmp/s  rxmcst/s   %ifutil
17:06:41           lo      0.00      0.00      0.00      0.00      0.00      0.00      0.00      0.00
17:06:41         ens5   1393.00   1516.00   1419.16    520.38      0.00      0.00      0.00      0.00

17:06:41        IFACE   rxpck/s   txpck/s    rxkB/s    txkB/s   rxcmp/s   txcmp/s  rxmcst/s   %ifutil
17:06:42           lo      0.00      0.00      0.00      0.00      0.00      0.00      0.00      0.00
17:06:42         ens5   1005.00   1174.00   1342.73    372.44      0.00      0.00      0.00      0.00

17:06:42        IFACE   rxpck/s   txpck/s    rxkB/s    txkB/s   rxcmp/s   txcmp/s  rxmcst/s   %ifutil
17:06:43           lo      0.00      0.00      0.00      0.00      0.00      0.00      0.00      0.00
17:06:43         ens5   1448.00   1494.00   1463.84    534.75      0.00      0.00      0.00      0.00

17:06:43        IFACE   rxpck/s   txpck/s    rxkB/s    txkB/s   rxcmp/s   txcmp/s  rxmcst/s   %ifutil
17:06:44           lo      0.00      0.00      0.00      0.00      0.00      0.00      0.00      0.00
17:06:44         ens5   1405.00   1588.00    321.54    603.98      0.00      0.00      0.00      0.00

17:06:44        IFACE   rxpck/s   txpck/s    rxkB/s    txkB/s   rxcmp/s   txcmp/s  rxmcst/s   %ifutil
17:06:45           lo      0.00      0.00      0.00      0.00      0.00      0.00      0.00      0.00
17:06:45         ens5   1081.00   1134.00   1440.95    505.04      0.00      0.00      0.00      0.00

17:06:45        IFACE   rxpck/s   txpck/s    rxkB/s    txkB/s   rxcmp/s   txcmp/s  rxmcst/s   %ifutil
17:06:46           lo      0.00      0.00      0.00      0.00      0.00      0.00      0.00      0.00
17:06:46         ens5   1466.00   1561.00   1573.79    593.53      0.00      0.00      0.00      0.00

17:06:46        IFACE   rxpck/s   txpck/s    rxkB/s    txkB/s   rxcmp/s   txcmp/s  rxmcst/s   %ifutil
17:06:47           lo      0.00      0.00      0.00      0.00      0.00      0.00      0.00      0.00
17:06:47         ens5   1006.00   1155.00   1349.21    368.32      0.00      0.00      0.00      0.00

17:06:47        IFACE   rxpck/s   txpck/s    rxkB/s    txkB/s   rxcmp/s   txcmp/s  rxmcst/s   %ifutil
17:06:48           lo      0.00      0.00      0.00      0.00      0.00      0.00      0.00      0.00
17:06:48         ens5   1468.00   1654.00    361.54    602.96      0.00      0.00      0.00      0.00

17:06:48        IFACE   rxpck/s   txpck/s    rxkB/s    txkB/s   rxcmp/s   txcmp/s  rxmcst/s   %ifutil
17:06:49           lo      0.00      0.00      0.00      0.00      0.00      0.00      0.00      0.00
17:06:49         ens5   1499.00   1406.00   2519.54    481.93      0.00      0.00      0.00      0.00

17:06:49        IFACE   rxpck/s   txpck/s    rxkB/s    txkB/s   rxcmp/s   txcmp/s  rxmcst/s   %ifutil
17:06:50           lo      0.00      0.00      0.00      0.00      0.00      0.00      0.00      0.00
17:06:50         ens5    996.00   1243.00    257.29    417.92      0.00      0.00      0.00      0.00

17:06:50        IFACE   rxpck/s   txpck/s    rxkB/s    txkB/s   rxcmp/s   txcmp/s  rxmcst/s   %ifutil
17:06:51           lo      0.00      0.00      0.00      0.00      0.00      0.00      0.00      0.00
17:06:51         ens5   1430.00   1584.00   1438.54    557.82      0.00      0.00      0.00      0.00

17:06:51        IFACE   rxpck/s   txpck/s    rxkB/s    txkB/s   rxcmp/s   txcmp/s  rxmcst/s   %ifutil
17:06:52           lo      0.00      0.00      0.00      0.00      0.00      0.00      0.00      0.00
17:06:52         ens5   1099.00   1210.00   1342.96    383.46      0.00      0.00      0.00      0.00

17:06:52        IFACE   rxpck/s   txpck/s    rxkB/s    txkB/s   rxcmp/s   txcmp/s  rxmcst/s   %ifutil
17:06:53           lo      0.00      0.00      0.00      0.00      0.00      0.00      0.00      0.00
17:06:53         ens5   1514.00   1477.00   1451.45    530.67      0.00      0.00      0.00      0.00

17:06:53        IFACE   rxpck/s   txpck/s    rxkB/s    txkB/s   rxcmp/s   txcmp/s  rxmcst/s   %ifutil
17:06:54           lo      0.00      0.00      0.00      0.00      0.00      0.00      0.00      0.00
17:06:54         ens5    975.00   1072.00   1326.92    429.47      0.00      0.00      0.00      0.00

17:06:54        IFACE   rxpck/s   txpck/s    rxkB/s    txkB/s   rxcmp/s   txcmp/s  rxmcst/s   %ifutil
17:06:55           lo      0.00      0.00      0.00      0.00      0.00      0.00      0.00      0.00
17:06:55         ens5   1068.00   1339.00    384.31    627.81      0.00      0.00      0.00      0.00

17:06:55        IFACE   rxpck/s   txpck/s    rxkB/s    txkB/s   rxcmp/s   txcmp/s  rxmcst/s   %ifutil
17:06:56           lo      0.00      0.00      0.00      0.00      0.00      0.00      0.00      0.00
17:06:56         ens5   1337.00   1451.00   1549.53    559.35      0.00      0.00      0.00      0.00

17:06:56        IFACE   rxpck/s   txpck/s    rxkB/s    txkB/s   rxcmp/s   txcmp/s  rxmcst/s   %ifutil
17:06:57           lo      0.00      0.00      0.00      0.00      0.00      0.00      0.00      0.00
17:06:57         ens5   1288.00   1341.00   1391.07    409.29      0.00      0.00      0.00      0.00

17:06:57        IFACE   rxpck/s   txpck/s    rxkB/s    txkB/s   rxcmp/s   txcmp/s  rxmcst/s   %ifutil
17:06:58           lo      0.00      0.00      0.00      0.00      0.00      0.00      0.00      0.00
17:06:58         ens5   1484.00   1543.00   1434.54    518.87      0.00      0.00      0.00      0.00

17:06:58        IFACE   rxpck/s   txpck/s    rxkB/s    txkB/s   rxcmp/s   txcmp/s  rxmcst/s   %ifutil
17:06:59           lo      0.00      0.00      0.00      0.00      0.00      0.00      0.00      0.00
17:06:59         ens5   1123.00   1335.00   1352.44    398.14      0.00      0.00      0.00      0.00

17:06:59        IFACE   rxpck/s   txpck/s    rxkB/s    txkB/s   rxcmp/s   txcmp/s  rxmcst/s   %ifutil
17:07:00           lo      0.00      0.00      0.00      0.00      0.00      0.00      0.00      0.00
17:07:00         ens5   1292.00   1529.00    336.71    546.31      0.00      0.00      0.00      0.00

17:07:00        IFACE   rxpck/s   txpck/s    rxkB/s    txkB/s   rxcmp/s   txcmp/s  rxmcst/s   %ifutil
17:07:01           lo      0.00      0.00      0.00      0.00      0.00      0.00      0.00      0.00
17:07:01         ens5   1328.00   1424.00   1394.02    490.33      0.00      0.00      0.00      0.00

17:07:01        IFACE   rxpck/s   txpck/s    rxkB/s    txkB/s   rxcmp/s   txcmp/s  rxmcst/s   %ifutil
17:07:02           lo      0.00      0.00      0.00      0.00      0.00      0.00      0.00      0.00
17:07:02         ens5   1231.00   1289.00   1376.19    410.94      0.00      0.00      0.00      0.00

17:07:02        IFACE   rxpck/s   txpck/s    rxkB/s    txkB/s   rxcmp/s   txcmp/s  rxmcst/s   %ifutil
17:07:03           lo      0.00      0.00      0.00      0.00      0.00      0.00      0.00      0.00
17:07:03         ens5   1644.00   1669.00   1471.61    618.49      0.00      0.00      0.00      0.00

17:07:03        IFACE   rxpck/s   txpck/s    rxkB/s    txkB/s   rxcmp/s   txcmp/s  rxmcst/s   %ifutil
17:07:04           lo      0.00      0.00      0.00      0.00      0.00      0.00      0.00      0.00
17:07:04         ens5   1000.00   1150.00   1356.61    454.98      0.00      0.00      0.00      0.00

17:07:04        IFACE   rxpck/s   txpck/s    rxkB/s    txkB/s   rxcmp/s   txcmp/s  rxmcst/s   %ifutil
17:07:05           lo      0.00      0.00      0.00      0.00      0.00      0.00      0.00      0.00
17:07:05         ens5   1496.00   1687.00    498.41    756.83      0.00      0.00      0.00      0.00

17:07:05        IFACE   rxpck/s   txpck/s    rxkB/s    txkB/s   rxcmp/s   txcmp/s  rxmcst/s   %ifutil
17:07:06           lo      0.00      0.00      0.00      0.00      0.00      0.00      0.00      0.00
17:07:06         ens5   1228.00   1329.00   1512.98    506.62      0.00      0.00      0.00      0.00

17:07:06        IFACE   rxpck/s   txpck/s    rxkB/s    txkB/s   rxcmp/s   txcmp/s  rxmcst/s   %ifutil
17:07:07           lo      0.00      0.00      0.00      0.00      0.00      0.00      0.00      0.00
17:07:07         ens5   1076.00   1244.00   1354.26    407.52      0.00      0.00      0.00      0.00

17:07:07        IFACE   rxpck/s   txpck/s    rxkB/s    txkB/s   rxcmp/s   txcmp/s  rxmcst/s   %ifutil
17:07:08           lo      0.00      0.00      0.00      0.00      0.00      0.00      0.00      0.00
17:07:08         ens5   1591.00   1683.00   1469.98    595.15      0.00      0.00      0.00      0.00

17:07:08        IFACE   rxpck/s   txpck/s    rxkB/s    txkB/s   rxcmp/s   txcmp/s  rxmcst/s   %ifutil
17:07:09           lo      0.00      0.00      0.00      0.00      0.00      0.00      0.00      0.00
17:07:09         ens5    959.00   1228.00    228.31    356.98      0.00      0.00      0.00      0.00

17:07:09        IFACE   rxpck/s   txpck/s    rxkB/s    txkB/s   rxcmp/s   txcmp/s  rxmcst/s   %ifutil
17:07:10           lo      0.00      0.00      0.00      0.00      0.00      0.00      0.00      0.00
17:07:10         ens5   1459.00   1530.00   1427.40    527.09      0.00      0.00      0.00      0.00

17:07:10        IFACE   rxpck/s   txpck/s    rxkB/s    txkB/s   rxcmp/s   txcmp/s  rxmcst/s   %ifutil
17:07:11           lo      0.00      0.00      0.00      0.00      0.00      0.00      0.00      0.00
17:07:11         ens5   1258.00   1302.00   1369.71    426.74      0.00      0.00      0.00      0.00

17:07:11        IFACE   rxpck/s   txpck/s    rxkB/s    txkB/s   rxcmp/s   txcmp/s  rxmcst/s   %ifutil
17:07:12           lo      0.00      0.00      0.00      0.00      0.00      0.00      0.00      0.00
17:07:12         ens5   1067.00   1218.00   1364.76    409.42      0.00      0.00      0.00      0.00

17:07:12        IFACE   rxpck/s   txpck/s    rxkB/s    txkB/s   rxcmp/s   txcmp/s  rxmcst/s   %ifutil
17:07:13           lo      0.00      0.00      0.00      0.00      0.00      0.00      0.00      0.00
17:07:13         ens5   1407.00   1602.00   1452.66    581.68      0.00      0.00      0.00      0.00

17:07:13        IFACE   rxpck/s   txpck/s    rxkB/s    txkB/s   rxcmp/s   txcmp/s  rxmcst/s   %ifutil
17:07:14           lo      0.00      0.00      0.00      0.00      0.00      0.00      0.00      0.00
17:07:14         ens5   1090.00   1225.00   1338.75    429.52      0.00      0.00      0.00      0.00

17:07:14        IFACE   rxpck/s   txpck/s    rxkB/s    txkB/s   rxcmp/s   txcmp/s  rxmcst/s   %ifutil
17:07:15           lo      0.00      0.00      0.00      0.00      0.00      0.00      0.00      0.00
17:07:15         ens5   1413.00   1583.00    464.14    732.44      0.00      0.00      0.00      0.00

17:07:15        IFACE   rxpck/s   txpck/s    rxkB/s    txkB/s   rxcmp/s   txcmp/s  rxmcst/s   %ifutil
17:07:16           lo      0.00      0.00      0.00      0.00      0.00      0.00      0.00      0.00
17:07:16         ens5   1068.00   1166.00   1471.17    411.61      0.00      0.00      0.00      0.00

17:07:16        IFACE   rxpck/s   txpck/s    rxkB/s    txkB/s   rxcmp/s   txcmp/s  rxmcst/s   %ifutil
17:07:17           lo      0.00      0.00      0.00      0.00      0.00      0.00      0.00      0.00
17:07:17         ens5   1271.00   1411.00   1384.29    469.83      0.00      0.00      0.00      0.00

17:07:17        IFACE   rxpck/s   txpck/s    rxkB/s    txkB/s   rxcmp/s   txcmp/s  rxmcst/s   %ifutil
17:07:18           lo      0.00      0.00      0.00      0.00      0.00      0.00      0.00      0.00
17:07:18         ens5   1496.00   1526.00   1440.13    538.35      0.00      0.00      0.00      0.00

17:07:18        IFACE   rxpck/s   txpck/s    rxkB/s    txkB/s   rxcmp/s   txcmp/s  rxmcst/s   %ifutil
17:07:19           lo      0.00      0.00      0.00      0.00      0.00      0.00      0.00      0.00
17:07:19         ens5   1109.00   1180.00   1351.12    368.53      0.00      0.00      0.00      0.00

17:07:19        IFACE   rxpck/s   txpck/s    rxkB/s    txkB/s   rxcmp/s   txcmp/s  rxmcst/s   %ifutil
17:07:20           lo      0.00      0.00      0.00      0.00      0.00      0.00      0.00      0.00
17:07:20         ens5   1596.00   1596.00   1462.12    593.16      0.00      0.00      0.00      0.00

17:07:20        IFACE   rxpck/s   txpck/s    rxkB/s    txkB/s   rxcmp/s   txcmp/s  rxmcst/s   %ifutil
17:07:21           lo      0.00      0.00      0.00      0.00      0.00      0.00      0.00      0.00
17:07:21         ens5   1022.00   1361.00    261.92    441.90      0.00      0.00      0.00      0.00

17:07:21        IFACE   rxpck/s   txpck/s    rxkB/s    txkB/s   rxcmp/s   txcmp/s  rxmcst/s   %ifutil
17:07:22           lo      0.00      0.00      0.00      0.00      0.00      0.00      0.00      0.00
17:07:22         ens5   1211.00   1360.00   1382.34    458.72      0.00      0.00      0.00      0.00

17:07:22        IFACE   rxpck/s   txpck/s    rxkB/s    txkB/s   rxcmp/s   txcmp/s  rxmcst/s   %ifutil
17:07:23           lo      0.00      0.00      0.00      0.00      0.00      0.00      0.00      0.00
17:07:23         ens5   1536.00   1555.00   1469.36    576.69      0.00      0.00      0.00      0.00

17:07:23        IFACE   rxpck/s   txpck/s    rxkB/s    txkB/s   rxcmp/s   txcmp/s  rxmcst/s   %ifutil
17:07:24           lo      0.00      0.00      0.00      0.00      0.00      0.00      0.00      0.00
17:07:24         ens5   1034.00   1135.00   1319.65    436.81      0.00      0.00      0.00      0.00

17:07:24        IFACE   rxpck/s   txpck/s    rxkB/s    txkB/s   rxcmp/s   txcmp/s  rxmcst/s   %ifutil
17:07:25           lo      0.00      0.00      0.00      0.00      0.00      0.00      0.00      0.00
17:07:25         ens5   1205.00   1394.00   1495.83    611.88      0.00      0.00      0.00      0.00

17:07:25        IFACE   rxpck/s   txpck/s    rxkB/s    txkB/s   rxcmp/s   txcmp/s  rxmcst/s   %ifutil
17:07:26           lo      0.00      0.00      0.00      0.00      0.00      0.00      0.00      0.00
17:07:26         ens5   1364.00   1608.00    460.91    594.58      0.00      0.00      0.00      0.00

17:07:26        IFACE   rxpck/s   txpck/s    rxkB/s    txkB/s   rxcmp/s   txcmp/s  rxmcst/s   %ifutil
17:07:27           lo      0.00      0.00      0.00      0.00      0.00      0.00      0.00      0.00
17:07:27         ens5    822.00    676.00   1276.77    298.24      0.00      0.00      0.00      0.00
