Linux 6.1.166-197.305.amzn2023.x86_64 (ip-172-31-43-117.ec2.internal) 	04/21/26 	_x86_64_	(2 CPU)

18:12:40        IFACE   rxpck/s   txpck/s    rxkB/s    txkB/s   rxcmp/s   txcmp/s  rxmcst/s   %ifutil
18:12:41           lo      0.00      0.00      0.00      0.00      0.00      0.00      0.00      0.00
18:12:41         ens5   1170.00   1422.00    653.52    481.04      0.00      0.00      0.00      0.00

18:12:41        IFACE   rxpck/s   txpck/s    rxkB/s    txkB/s   rxcmp/s   txcmp/s  rxmcst/s   %ifutil
18:12:42           lo      0.00      0.00      0.00      0.00      0.00      0.00      0.00      0.00
18:12:42         ens5    830.00   1076.00    592.78    600.72      0.00      0.00      0.00      0.00

18:12:42        IFACE   rxpck/s   txpck/s    rxkB/s    txkB/s   rxcmp/s   txcmp/s  rxmcst/s   %ifutil
18:12:43           lo      0.00      0.00      0.00      0.00      0.00      0.00      0.00      0.00
18:12:43         ens5   1417.00   2139.00    785.33   1005.30      0.00      0.00      0.00      0.00

18:12:43        IFACE   rxpck/s   txpck/s    rxkB/s    txkB/s   rxcmp/s   txcmp/s  rxmcst/s   %ifutil
18:12:44           lo      0.00      0.00      0.00      0.00      0.00      0.00      0.00      0.00
18:12:44         ens5   1005.00   1399.00    501.97    619.63      0.00      0.00      0.00      0.00

18:12:44        IFACE   rxpck/s   txpck/s    rxkB/s    txkB/s   rxcmp/s   txcmp/s  rxmcst/s   %ifutil
18:12:45           lo      0.00      0.00      0.00      0.00      0.00      0.00      0.00      0.00
18:12:45         ens5   1090.00   1609.00    560.59    720.07      0.00      0.00      0.00      0.00

18:12:45        IFACE   rxpck/s   txpck/s    rxkB/s    txkB/s   rxcmp/s   txcmp/s  rxmcst/s   %ifutil
18:12:46           lo      0.00      0.00      0.00      0.00      0.00      0.00      0.00      0.00
18:12:46         ens5   1480.00   2135.00    772.01    991.36      0.00      0.00      0.00      0.00

18:12:46        IFACE   rxpck/s   txpck/s    rxkB/s    txkB/s   rxcmp/s   txcmp/s  rxmcst/s   %ifutil
18:12:47           lo      0.00      0.00      0.00      0.00      0.00      0.00      0.00      0.00
18:12:47         ens5   1093.00   1594.00    587.20    731.83      0.00      0.00      0.00      0.00

18:12:47        IFACE   rxpck/s   txpck/s    rxkB/s    txkB/s   rxcmp/s   txcmp/s  rxmcst/s   %ifutil
18:12:48           lo      0.00      0.00      0.00      0.00      0.00      0.00      0.00      0.00
18:12:48         ens5   1028.00   1476.00    519.61    634.95      0.00      0.00      0.00      0.00

18:12:48        IFACE   rxpck/s   txpck/s    rxkB/s    txkB/s   rxcmp/s   txcmp/s  rxmcst/s   %ifutil
18:12:49           lo      0.00      0.00      0.00      0.00      0.00      0.00      0.00      0.00
18:12:49         ens5   1455.00   2133.00    741.75    961.57      0.00      0.00      0.00      0.00

18:12:49        IFACE   rxpck/s   txpck/s    rxkB/s    txkB/s   rxcmp/s   txcmp/s  rxmcst/s   %ifutil
18:12:50           lo      0.00      0.00      0.00      0.00      0.00      0.00      0.00      0.00
18:12:50         ens5    866.00   1215.00    455.76    547.71      0.00      0.00      0.00      0.00

18:12:50        IFACE   rxpck/s   txpck/s    rxkB/s    txkB/s   rxcmp/s   txcmp/s  rxmcst/s   %ifutil
18:12:51           lo      0.00      0.00      0.00      0.00      0.00      0.00      0.00      0.00
18:12:51         ens5   1137.00   1615.00    622.54    755.47      0.00      0.00      0.00      0.00

18:12:51        IFACE   rxpck/s   txpck/s    rxkB/s    txkB/s   rxcmp/s   txcmp/s  rxmcst/s   %ifutil
18:12:52           lo      0.00      0.00      0.00      0.00      0.00      0.00      0.00      0.00
18:12:52         ens5    645.00    780.00    584.86    517.84      0.00      0.00      0.00      0.00

18:12:52        IFACE   rxpck/s   txpck/s    rxkB/s    txkB/s   rxcmp/s   txcmp/s  rxmcst/s   %ifutil
18:12:53           lo      0.00      0.00      0.00      0.00      0.00      0.00      0.00      0.00
18:12:53         ens5    931.00   1080.00    509.76    590.42      0.00      0.00      0.00      0.00

18:12:53        IFACE   rxpck/s   txpck/s    rxkB/s    txkB/s   rxcmp/s   txcmp/s  rxmcst/s   %ifutil
18:12:54           lo      0.00      0.00      0.00      0.00      0.00      0.00      0.00      0.00
18:12:54         ens5    938.00   1276.00    478.79    583.53      0.00      0.00      0.00      0.00

18:12:54        IFACE   rxpck/s   txpck/s    rxkB/s    txkB/s   rxcmp/s   txcmp/s  rxmcst/s   %ifutil
18:12:55           lo      0.00      0.00      0.00      0.00      0.00      0.00      0.00      0.00
18:12:55         ens5   1467.00   2066.00    733.16    926.94      0.00      0.00      0.00      0.00

18:12:55        IFACE   rxpck/s   txpck/s    rxkB/s    txkB/s   rxcmp/s   txcmp/s  rxmcst/s   %ifutil
18:12:56           lo      0.00      0.00      0.00      0.00      0.00      0.00      0.00      0.00
18:12:56         ens5   1086.00   1468.00    551.81    700.60      0.00      0.00      0.00      0.00

18:12:56        IFACE   rxpck/s   txpck/s    rxkB/s    txkB/s   rxcmp/s   txcmp/s  rxmcst/s   %ifutil
18:12:57           lo      0.00      0.00      0.00      0.00      0.00      0.00      0.00      0.00
18:12:57         ens5    843.00   1195.00    433.50    538.13      0.00      0.00      0.00      0.00

18:12:57        IFACE   rxpck/s   txpck/s    rxkB/s    txkB/s   rxcmp/s   txcmp/s  rxmcst/s   %ifutil
18:12:58           lo      0.00      0.00      0.00      0.00      0.00      0.00      0.00      0.00
18:12:58         ens5   1451.00   2035.00    704.76    888.22      0.00      0.00      0.00      0.00

18:12:58        IFACE   rxpck/s   txpck/s    rxkB/s    txkB/s   rxcmp/s   txcmp/s  rxmcst/s   %ifutil
18:12:59           lo      0.00      0.00      0.00      0.00      0.00      0.00      0.00      0.00
18:12:59         ens5   1162.00   1656.00    589.48    754.00      0.00      0.00      0.00      0.00

18:12:59        IFACE   rxpck/s   txpck/s    rxkB/s    txkB/s   rxcmp/s   txcmp/s  rxmcst/s   %ifutil
18:13:00           lo      0.00      0.00      0.00      0.00      0.00      0.00      0.00      0.00
18:13:00         ens5    865.00   1204.00    472.56    537.92      0.00      0.00      0.00      0.00

18:13:00        IFACE   rxpck/s   txpck/s    rxkB/s    txkB/s   rxcmp/s   txcmp/s  rxmcst/s   %ifutil
18:13:01           lo      0.00      0.00      0.00      0.00      0.00      0.00      0.00      0.00
18:13:01         ens5   1502.00   2185.00    774.13    969.88      0.00      0.00      0.00      0.00

18:13:01        IFACE   rxpck/s   txpck/s    rxkB/s    txkB/s   rxcmp/s   txcmp/s  rxmcst/s   %ifutil
18:13:02           lo      0.00      0.00      0.00      0.00      0.00      0.00      0.00      0.00
18:13:02         ens5   1137.00   1575.00    775.35    832.49      0.00      0.00      0.00      0.00

18:13:02        IFACE   rxpck/s   txpck/s    rxkB/s    txkB/s   rxcmp/s   txcmp/s  rxmcst/s   %ifutil
18:13:03           lo      0.00      0.00      0.00      0.00      0.00      0.00      0.00      0.00
18:13:03         ens5    813.00   1144.00    410.15    498.90      0.00      0.00      0.00      0.00

18:13:03        IFACE   rxpck/s   txpck/s    rxkB/s    txkB/s   rxcmp/s   txcmp/s  rxmcst/s   %ifutil
18:13:04           lo      0.00      0.00      0.00      0.00      0.00      0.00      0.00      0.00
18:13:04         ens5   1225.00   1792.00    649.19    841.52      0.00      0.00      0.00      0.00

18:13:04        IFACE   rxpck/s   txpck/s    rxkB/s    txkB/s   rxcmp/s   txcmp/s  rxmcst/s   %ifutil
18:13:05           lo      0.00      0.00      0.00      0.00      0.00      0.00      0.00      0.00
18:13:05         ens5   1338.00   1894.00    672.96    863.92      0.00      0.00      0.00      0.00

18:13:05        IFACE   rxpck/s   txpck/s    rxkB/s    txkB/s   rxcmp/s   txcmp/s  rxmcst/s   %ifutil
18:13:06           lo      0.00      0.00      0.00      0.00      0.00      0.00      0.00      0.00
18:13:06         ens5    752.00   1032.00    387.51    481.66      0.00      0.00      0.00      0.00

18:13:06        IFACE   rxpck/s   txpck/s    rxkB/s    txkB/s   rxcmp/s   txcmp/s  rxmcst/s   %ifutil
18:13:07           lo      0.00      0.00      0.00      0.00      0.00      0.00      0.00      0.00
18:13:07         ens5    967.00   1360.00    488.35    619.45      0.00      0.00      0.00      0.00

18:13:07        IFACE   rxpck/s   txpck/s    rxkB/s    txkB/s   rxcmp/s   txcmp/s  rxmcst/s   %ifutil
18:13:08           lo      0.00      0.00      0.00      0.00      0.00      0.00      0.00      0.00
18:13:08         ens5   1384.00   1979.00    698.65    899.52      0.00      0.00      0.00      0.00

18:13:08        IFACE   rxpck/s   txpck/s    rxkB/s    txkB/s   rxcmp/s   txcmp/s  rxmcst/s   %ifutil
18:13:09           lo      0.00      0.00      0.00      0.00      0.00      0.00      0.00      0.00
18:13:09         ens5   1067.00   1611.00    564.88    723.42      0.00      0.00      0.00      0.00

18:13:09        IFACE   rxpck/s   txpck/s    rxkB/s    txkB/s   rxcmp/s   txcmp/s  rxmcst/s   %ifutil
18:13:10           lo      0.00      0.00      0.00      0.00      0.00      0.00      0.00      0.00
18:13:10         ens5    946.00   1385.00    508.95    602.51      0.00      0.00      0.00      0.00

18:13:10        IFACE   rxpck/s   txpck/s    rxkB/s    txkB/s   rxcmp/s   txcmp/s  rxmcst/s   %ifutil
18:13:11           lo      0.00      0.00      0.00      0.00      0.00      0.00      0.00      0.00
18:13:11         ens5   1274.00   1863.00    671.81    813.72      0.00      0.00      0.00      0.00

18:13:11        IFACE   rxpck/s   txpck/s    rxkB/s    txkB/s   rxcmp/s   txcmp/s  rxmcst/s   %ifutil
18:13:12           lo      0.00      0.00      0.00      0.00      0.00      0.00      0.00      0.00
18:13:12         ens5   1131.00   1583.00    728.45    766.21      0.00      0.00      0.00      0.00

18:13:12        IFACE   rxpck/s   txpck/s    rxkB/s    txkB/s   rxcmp/s   txcmp/s  rxmcst/s   %ifutil
18:13:13           lo      0.00      0.00      0.00      0.00      0.00      0.00      0.00      0.00
18:13:13         ens5    839.00   1154.00    443.67    552.28      0.00      0.00      0.00      0.00

18:13:13        IFACE   rxpck/s   txpck/s    rxkB/s    txkB/s   rxcmp/s   txcmp/s  rxmcst/s   %ifutil
18:13:14           lo      0.00      0.00      0.00      0.00      0.00      0.00      0.00      0.00
18:13:14         ens5   1490.00   2035.00    739.69    942.46      0.00      0.00      0.00      0.00

18:13:14        IFACE   rxpck/s   txpck/s    rxkB/s    txkB/s   rxcmp/s   txcmp/s  rxmcst/s   %ifutil
18:13:15           lo      0.00      0.00      0.00      0.00      0.00      0.00      0.00      0.00
18:13:15         ens5   1395.00   1767.00    714.58    833.72      0.00      0.00      0.00      0.00

18:13:15        IFACE   rxpck/s   txpck/s    rxkB/s    txkB/s   rxcmp/s   txcmp/s  rxmcst/s   %ifutil
18:13:16           lo      0.00      0.00      0.00      0.00      0.00      0.00      0.00      0.00
18:13:16         ens5    924.00   1236.00    460.26    551.29      0.00      0.00      0.00      0.00

18:13:16        IFACE   rxpck/s   txpck/s    rxkB/s    txkB/s   rxcmp/s   txcmp/s  rxmcst/s   %ifutil
18:13:17           lo      0.00      0.00      0.00      0.00      0.00      0.00      0.00      0.00
18:13:17         ens5   1426.00   2026.00    716.92    920.50      0.00      0.00      0.00      0.00

18:13:17        IFACE   rxpck/s   txpck/s    rxkB/s    txkB/s   rxcmp/s   txcmp/s  rxmcst/s   %ifutil
18:13:18           lo      0.00      0.00      0.00      0.00      0.00      0.00      0.00      0.00
18:13:18         ens5   1275.00   1875.00    631.77    809.50      0.00      0.00      0.00      0.00

18:13:18        IFACE   rxpck/s   txpck/s    rxkB/s    txkB/s   rxcmp/s   txcmp/s  rxmcst/s   %ifutil
18:13:19           lo      0.00      0.00      0.00      0.00      0.00      0.00      0.00      0.00
18:13:19         ens5    781.00   1110.00    383.78    511.18      0.00      0.00      0.00      0.00

18:13:19        IFACE   rxpck/s   txpck/s    rxkB/s    txkB/s   rxcmp/s   txcmp/s  rxmcst/s   %ifutil
18:13:20           lo      0.00      0.00      0.00      0.00      0.00      0.00      0.00      0.00
18:13:20         ens5   1385.00   1945.00    704.08    835.79      0.00      0.00      0.00      0.00

18:13:20        IFACE   rxpck/s   txpck/s    rxkB/s    txkB/s   rxcmp/s   txcmp/s  rxmcst/s   %ifutil
18:13:21           lo      0.00      0.00      0.00      0.00      0.00      0.00      0.00      0.00
18:13:21         ens5   1325.00   1998.00    741.96    913.88      0.00      0.00      0.00      0.00

18:13:21        IFACE   rxpck/s   txpck/s    rxkB/s    txkB/s   rxcmp/s   txcmp/s  rxmcst/s   %ifutil
18:13:22           lo      0.00      0.00      0.00      0.00      0.00      0.00      0.00      0.00
18:13:22         ens5    763.00   1078.00    572.47    566.84      0.00      0.00      0.00      0.00

18:13:22        IFACE   rxpck/s   txpck/s    rxkB/s    txkB/s   rxcmp/s   txcmp/s  rxmcst/s   %ifutil
18:13:23           lo      0.00      0.00      0.00      0.00      0.00      0.00      0.00      0.00
18:13:23         ens5   1335.00   1911.00    660.04    815.97      0.00      0.00      0.00      0.00

18:13:23        IFACE   rxpck/s   txpck/s    rxkB/s    txkB/s   rxcmp/s   txcmp/s  rxmcst/s   %ifutil
18:13:24           lo      0.00      0.00      0.00      0.00      0.00      0.00      0.00      0.00
18:13:24         ens5   1475.00   2131.00    757.66    977.21      0.00      0.00      0.00      0.00

18:13:24        IFACE   rxpck/s   txpck/s    rxkB/s    txkB/s   rxcmp/s   txcmp/s  rxmcst/s   %ifutil
18:13:25           lo      0.00      0.00      0.00      0.00      0.00      0.00      0.00      0.00
18:13:25         ens5    813.00   1196.00    408.29    510.10      0.00      0.00      0.00      0.00

18:13:25        IFACE   rxpck/s   txpck/s    rxkB/s    txkB/s   rxcmp/s   txcmp/s  rxmcst/s   %ifutil
18:13:26           lo      0.00      0.00      0.00      0.00      0.00      0.00      0.00      0.00
18:13:26         ens5   1318.00   1843.00    698.38    861.20      0.00      0.00      0.00      0.00

18:13:26        IFACE   rxpck/s   txpck/s    rxkB/s    txkB/s   rxcmp/s   txcmp/s  rxmcst/s   %ifutil
18:13:27           lo      0.00      0.00      0.00      0.00      0.00      0.00      0.00      0.00
18:13:27         ens5   1487.00   2099.00    775.21    981.13      0.00      0.00      0.00      0.00

18:13:27        IFACE   rxpck/s   txpck/s    rxkB/s    txkB/s   rxcmp/s   txcmp/s  rxmcst/s   %ifutil
18:13:28           lo      0.00      0.00      0.00      0.00      0.00      0.00      0.00      0.00
18:13:28         ens5    822.00   1178.00    445.39    539.09      0.00      0.00      0.00      0.00

18:13:28        IFACE   rxpck/s   txpck/s    rxkB/s    txkB/s   rxcmp/s   txcmp/s  rxmcst/s   %ifutil
18:13:29           lo      0.00      0.00      0.00      0.00      0.00      0.00      0.00      0.00
18:13:29         ens5   1391.00   1935.00    712.50    917.52      0.00      0.00      0.00      0.00

18:13:29        IFACE   rxpck/s   txpck/s    rxkB/s    txkB/s   rxcmp/s   txcmp/s  rxmcst/s   %ifutil
18:13:30           lo      0.00      0.00      0.00      0.00      0.00      0.00      0.00      0.00
18:13:30         ens5   1357.00   1972.00    760.53    907.43      0.00      0.00      0.00      0.00

18:13:30        IFACE   rxpck/s   txpck/s    rxkB/s    txkB/s   rxcmp/s   txcmp/s  rxmcst/s   %ifutil
18:13:31           lo      0.00      0.00      0.00      0.00      0.00      0.00      0.00      0.00
18:13:31         ens5    885.00   1292.00    494.61    606.31      0.00      0.00      0.00      0.00

18:13:31        IFACE   rxpck/s   txpck/s    rxkB/s    txkB/s   rxcmp/s   txcmp/s  rxmcst/s   %ifutil
18:13:32           lo      0.00      0.00      0.00      0.00      0.00      0.00      0.00      0.00
18:13:32         ens5   1417.00   1930.00    936.39   1047.19      0.00      0.00      0.00      0.00

18:13:32        IFACE   rxpck/s   txpck/s    rxkB/s    txkB/s   rxcmp/s   txcmp/s  rxmcst/s   %ifutil
18:13:33           lo      0.00      0.00      0.00      0.00      0.00      0.00      0.00      0.00
18:13:33         ens5   1287.00   1865.00    661.66    847.80      0.00      0.00      0.00      0.00

18:13:33        IFACE   rxpck/s   txpck/s    rxkB/s    txkB/s   rxcmp/s   txcmp/s  rxmcst/s   %ifutil
18:13:34           lo      0.00      0.00      0.00      0.00      0.00      0.00      0.00      0.00
18:13:34         ens5   1057.00   1412.00    593.00    687.75      0.00      0.00      0.00      0.00

18:13:34        IFACE   rxpck/s   txpck/s    rxkB/s    txkB/s   rxcmp/s   txcmp/s  rxmcst/s   %ifutil
18:13:35           lo      0.00      0.00      0.00      0.00      0.00      0.00      0.00      0.00
18:13:35         ens5   1519.00   2172.00    775.07   1023.21      0.00      0.00      0.00      0.00

18:13:35        IFACE   rxpck/s   txpck/s    rxkB/s    txkB/s   rxcmp/s   txcmp/s  rxmcst/s   %ifutil
18:13:36           lo      0.00      0.00      0.00      0.00      0.00      0.00      0.00      0.00
18:13:36         ens5   1173.00   1631.00    626.43    777.59      0.00      0.00      0.00      0.00

18:13:36        IFACE   rxpck/s   txpck/s    rxkB/s    txkB/s   rxcmp/s   txcmp/s  rxmcst/s   %ifutil
18:13:37           lo      0.00      0.00      0.00      0.00      0.00      0.00      0.00      0.00
18:13:37         ens5    979.00   1372.00    524.16    657.83      0.00      0.00      0.00      0.00

18:13:37        IFACE   rxpck/s   txpck/s    rxkB/s    txkB/s   rxcmp/s   txcmp/s  rxmcst/s   %ifutil
18:13:38           lo      0.00      0.00      0.00      0.00      0.00      0.00      0.00      0.00
18:13:38         ens5   1438.00   2101.00    798.69   1025.45      0.00      0.00      0.00      0.00

18:13:38        IFACE   rxpck/s   txpck/s    rxkB/s    txkB/s   rxcmp/s   txcmp/s  rxmcst/s   %ifutil
18:13:39           lo      0.00      0.00      0.00      0.00      0.00      0.00      0.00      0.00
18:13:39         ens5   1067.00   1517.00    570.82    745.77      0.00      0.00      0.00      0.00

18:13:39        IFACE   rxpck/s   txpck/s    rxkB/s    txkB/s   rxcmp/s   txcmp/s  rxmcst/s   %ifutil
18:13:40           lo      0.00      0.00      0.00      0.00      0.00      0.00      0.00      0.00
18:13:40         ens5    450.00    542.00    315.48    303.26      0.00      0.00      0.00      0.00

18:13:40        IFACE   rxpck/s   txpck/s    rxkB/s    txkB/s   rxcmp/s   txcmp/s  rxmcst/s   %ifutil
18:13:41           lo      0.00      0.00      0.00      0.00      0.00      0.00      0.00      0.00
18:13:41         ens5    780.00   1175.00    491.29    574.03      0.00      0.00      0.00      0.00

18:13:41        IFACE   rxpck/s   txpck/s    rxkB/s    txkB/s   rxcmp/s   txcmp/s  rxmcst/s   %ifutil
18:13:42           lo      0.00      0.00      0.00      0.00      0.00      0.00      0.00      0.00
18:13:42         ens5   1325.00   1912.00    876.68    969.41      0.00      0.00      0.00      0.00

18:13:42        IFACE   rxpck/s   txpck/s    rxkB/s    txkB/s   rxcmp/s   txcmp/s  rxmcst/s   %ifutil
18:13:43           lo      0.00      0.00      0.00      0.00      0.00      0.00      0.00      0.00
18:13:43         ens5    995.00   1419.00    490.65    611.24      0.00      0.00      0.00      0.00

18:13:43        IFACE   rxpck/s   txpck/s    rxkB/s    txkB/s   rxcmp/s   txcmp/s  rxmcst/s   %ifutil
18:13:44           lo      0.00      0.00      0.00      0.00      0.00      0.00      0.00      0.00
18:13:44         ens5   1437.00   2079.00    725.30    953.08      0.00      0.00      0.00      0.00

18:13:44        IFACE   rxpck/s   txpck/s    rxkB/s    txkB/s   rxcmp/s   txcmp/s  rxmcst/s   %ifutil
18:13:45           lo      0.00      0.00      0.00      0.00      0.00      0.00      0.00      0.00
18:13:45         ens5    849.00   1134.00    346.75    547.86      0.00      0.00      0.00      0.00

18:13:45        IFACE   rxpck/s   txpck/s    rxkB/s    txkB/s   rxcmp/s   txcmp/s  rxmcst/s   %ifutil
18:13:46           lo      0.00      0.00      0.00      0.00      0.00      0.00      0.00      0.00
18:13:46         ens5   1920.00   2506.00    741.70   1134.42      0.00      0.00      0.00      0.00

18:13:46        IFACE   rxpck/s   txpck/s    rxkB/s    txkB/s   rxcmp/s   txcmp/s  rxmcst/s   %ifutil
18:13:47           lo      0.00      0.00      0.00      0.00      0.00      0.00      0.00      0.00
18:13:47         ens5   2243.00   3056.00    835.58   1442.43      0.00      0.00      0.00      0.00

18:13:47        IFACE   rxpck/s   txpck/s    rxkB/s    txkB/s   rxcmp/s   txcmp/s  rxmcst/s   %ifutil
18:13:48           lo      0.00      0.00      0.00      0.00      0.00      0.00      0.00      0.00
18:13:48         ens5   1478.00   1991.00    546.46    934.47      0.00      0.00      0.00      0.00

18:13:48        IFACE   rxpck/s   txpck/s    rxkB/s    txkB/s   rxcmp/s   txcmp/s  rxmcst/s   %ifutil
18:13:49           lo      0.00      0.00      0.00      0.00      0.00      0.00      0.00      0.00
18:13:49         ens5   2231.00   3015.00    846.45   1467.92      0.00      0.00      0.00      0.00

18:13:49        IFACE   rxpck/s   txpck/s    rxkB/s    txkB/s   rxcmp/s   txcmp/s  rxmcst/s   %ifutil
18:13:50           lo      0.00      0.00      0.00      0.00      0.00      0.00      0.00      0.00
18:13:50         ens5   1522.00   2003.00    587.56    961.48      0.00      0.00      0.00      0.00

18:13:50        IFACE   rxpck/s   txpck/s    rxkB/s    txkB/s   rxcmp/s   txcmp/s  rxmcst/s   %ifutil
18:13:51           lo      0.00      0.00      0.00      0.00      0.00      0.00      0.00      0.00
18:13:51         ens5   1855.00   2572.00    751.14   1240.62      0.00      0.00      0.00      0.00

18:13:51        IFACE   rxpck/s   txpck/s    rxkB/s    txkB/s   rxcmp/s   txcmp/s  rxmcst/s   %ifutil
18:13:52           lo      0.00      0.00      0.00      0.00      0.00      0.00      0.00      0.00
18:13:52         ens5   1755.00   2282.00    837.91   1204.39      0.00      0.00      0.00      0.00

18:13:52        IFACE   rxpck/s   txpck/s    rxkB/s    txkB/s   rxcmp/s   txcmp/s  rxmcst/s   %ifutil
18:13:53           lo      0.00      0.00      0.00      0.00      0.00      0.00      0.00      0.00
18:13:53         ens5   1694.00   2298.00    625.68   1093.17      0.00      0.00      0.00      0.00

18:13:53        IFACE   rxpck/s   txpck/s    rxkB/s    txkB/s   rxcmp/s   txcmp/s  rxmcst/s   %ifutil
18:13:54           lo      0.00      0.00      0.00      0.00      0.00      0.00      0.00      0.00
18:13:54         ens5   2021.00   2695.00    777.30   1360.59      0.00      0.00      0.00      0.00

18:13:54        IFACE   rxpck/s   txpck/s    rxkB/s    txkB/s   rxcmp/s   txcmp/s  rxmcst/s   %ifutil
18:13:55           lo      0.00      0.00      0.00      0.00      0.00      0.00      0.00      0.00
18:13:55         ens5   1424.00   1922.00    552.11    970.50      0.00      0.00      0.00      0.00

18:13:55        IFACE   rxpck/s   txpck/s    rxkB/s    txkB/s   rxcmp/s   txcmp/s  rxmcst/s   %ifutil
18:13:56           lo      0.00      0.00      0.00      0.00      0.00      0.00      0.00      0.00
18:13:56         ens5   2099.00   2817.00    803.37   1363.22      0.00      0.00      0.00      0.00

18:13:56        IFACE   rxpck/s   txpck/s    rxkB/s    txkB/s   rxcmp/s   txcmp/s  rxmcst/s   %ifutil
18:13:57           lo      0.00      0.00      0.00      0.00      0.00      0.00      0.00      0.00
18:13:57         ens5   1466.00   2040.00    538.95    925.75      0.00      0.00      0.00      0.00

18:13:57        IFACE   rxpck/s   txpck/s    rxkB/s    txkB/s   rxcmp/s   txcmp/s  rxmcst/s   %ifutil
18:13:58           lo      0.00      0.00      0.00      0.00      0.00      0.00      0.00      0.00
18:13:58         ens5   2092.00   2838.00    773.63   1317.17      0.00      0.00      0.00      0.00

18:13:58        IFACE   rxpck/s   txpck/s    rxkB/s    txkB/s   rxcmp/s   txcmp/s  rxmcst/s   %ifutil
18:13:59           lo      0.00      0.00      0.00      0.00      0.00      0.00      0.00      0.00
18:13:59         ens5   1588.00   2061.00    567.42    986.38      0.00      0.00      0.00      0.00

18:13:59        IFACE   rxpck/s   txpck/s    rxkB/s    txkB/s   rxcmp/s   txcmp/s  rxmcst/s   %ifutil
18:14:00           lo      0.00      0.00      0.00      0.00      0.00      0.00      0.00      0.00
18:14:00         ens5   1954.00   2619.00    750.61   1216.67      0.00      0.00      0.00      0.00

18:14:00        IFACE   rxpck/s   txpck/s    rxkB/s    txkB/s   rxcmp/s   txcmp/s  rxmcst/s   %ifutil
18:14:01           lo      0.00      0.00      0.00      0.00      0.00      0.00      0.00      0.00
18:14:01         ens5   1632.00   2200.00    649.28   1075.91      0.00      0.00      0.00      0.00

18:14:01        IFACE   rxpck/s   txpck/s    rxkB/s    txkB/s   rxcmp/s   txcmp/s  rxmcst/s   %ifutil
18:14:02           lo      0.00      0.00      0.00      0.00      0.00      0.00      0.00      0.00
18:14:02         ens5   1716.00   2256.00    824.07   1184.01      0.00      0.00      0.00      0.00

18:14:02        IFACE   rxpck/s   txpck/s    rxkB/s    txkB/s   rxcmp/s   txcmp/s  rxmcst/s   %ifutil
18:14:03           lo      0.00      0.00      0.00      0.00      0.00      0.00      0.00      0.00
18:14:03         ens5   1799.00   2388.00    687.19   1169.94      0.00      0.00      0.00      0.00

18:14:03        IFACE   rxpck/s   txpck/s    rxkB/s    txkB/s   rxcmp/s   txcmp/s  rxmcst/s   %ifutil
18:14:04           lo      0.00      0.00      0.00      0.00      0.00      0.00      0.00      0.00
18:14:04         ens5   1607.00   2216.00    576.07   1006.08      0.00      0.00      0.00      0.00

18:14:04        IFACE   rxpck/s   txpck/s    rxkB/s    txkB/s   rxcmp/s   txcmp/s  rxmcst/s   %ifutil
18:14:05           lo      0.00      0.00      0.00      0.00      0.00      0.00      0.00      0.00
18:14:05         ens5   1694.00   2322.00    641.14   1113.89      0.00      0.00      0.00      0.00

18:14:05        IFACE   rxpck/s   txpck/s    rxkB/s    txkB/s   rxcmp/s   txcmp/s  rxmcst/s   %ifutil
18:14:06           lo      0.00      0.00      0.00      0.00      0.00      0.00      0.00      0.00
18:14:06         ens5   1779.00   2397.00    660.13   1109.95      0.00      0.00      0.00      0.00

18:14:06        IFACE   rxpck/s   txpck/s    rxkB/s    txkB/s   rxcmp/s   txcmp/s  rxmcst/s   %ifutil
18:14:07           lo      0.00      0.00      0.00      0.00      0.00      0.00      0.00      0.00
18:14:07         ens5   1740.00   2297.00    643.04   1115.72      0.00      0.00      0.00      0.00

18:14:07        IFACE   rxpck/s   txpck/s    rxkB/s    txkB/s   rxcmp/s   txcmp/s  rxmcst/s   %ifutil
18:14:08           lo      0.00      0.00      0.00      0.00      0.00      0.00      0.00      0.00
18:14:08         ens5   1700.00   2285.00    637.08   1096.40      0.00      0.00      0.00      0.00

18:14:08        IFACE   rxpck/s   txpck/s    rxkB/s    txkB/s   rxcmp/s   txcmp/s  rxmcst/s   %ifutil
18:14:09           lo      0.00      0.00      0.00      0.00      0.00      0.00      0.00      0.00
18:14:09         ens5   1767.00   2344.00    665.12   1153.27      0.00      0.00      0.00      0.00

18:14:09        IFACE   rxpck/s   txpck/s    rxkB/s    txkB/s   rxcmp/s   txcmp/s  rxmcst/s   %ifutil
18:14:10           lo      0.00      0.00      0.00      0.00      0.00      0.00      0.00      0.00
18:14:10         ens5   1676.00   2092.00    653.06   1055.02      0.00      0.00      0.00      0.00

18:14:10        IFACE   rxpck/s   txpck/s    rxkB/s    txkB/s   rxcmp/s   txcmp/s  rxmcst/s   %ifutil
18:14:11           lo      0.00      0.00      0.00      0.00      0.00      0.00      0.00      0.00
18:14:11         ens5   1919.00   2588.00    739.56   1224.45      0.00      0.00      0.00      0.00

18:14:11        IFACE   rxpck/s   txpck/s    rxkB/s    txkB/s   rxcmp/s   txcmp/s  rxmcst/s   %ifutil
18:14:12           lo      0.00      0.00      0.00      0.00      0.00      0.00      0.00      0.00
18:14:12         ens5   1579.00   2122.00    765.32   1095.89      0.00      0.00      0.00      0.00

18:14:12        IFACE   rxpck/s   txpck/s    rxkB/s    txkB/s   rxcmp/s   txcmp/s  rxmcst/s   %ifutil
18:14:13           lo      0.00      0.00      0.00      0.00      0.00      0.00      0.00      0.00
18:14:13         ens5   2055.00   2777.00    775.59   1323.20      0.00      0.00      0.00      0.00

18:14:13        IFACE   rxpck/s   txpck/s    rxkB/s    txkB/s   rxcmp/s   txcmp/s  rxmcst/s   %ifutil
18:14:14           lo      0.00      0.00      0.00      0.00      0.00      0.00      0.00      0.00
18:14:14         ens5   1660.00   2243.00    588.13   1025.13      0.00      0.00      0.00      0.00

18:14:14        IFACE   rxpck/s   txpck/s    rxkB/s    txkB/s   rxcmp/s   txcmp/s  rxmcst/s   %ifutil
18:14:15           lo      0.00      0.00      0.00      0.00      0.00      0.00      0.00      0.00
18:14:15         ens5   2195.00   2967.00    821.92   1424.98      0.00      0.00      0.00      0.00

18:14:15        IFACE   rxpck/s   txpck/s    rxkB/s    txkB/s   rxcmp/s   txcmp/s  rxmcst/s   %ifutil
18:14:16           lo      0.00      0.00      0.00      0.00      0.00      0.00      0.00      0.00
18:14:16         ens5   1354.00   1740.00    503.93    865.84      0.00      0.00      0.00      0.00

18:14:16        IFACE   rxpck/s   txpck/s    rxkB/s    txkB/s   rxcmp/s   txcmp/s  rxmcst/s   %ifutil
18:14:17           lo      0.00      0.00      0.00      0.00      0.00      0.00      0.00      0.00
18:14:17         ens5   2044.00   2760.00    771.92   1303.91      0.00      0.00      0.00      0.00

18:14:17        IFACE   rxpck/s   txpck/s    rxkB/s    txkB/s   rxcmp/s   txcmp/s  rxmcst/s   %ifutil
18:14:18           lo      0.00      0.00      0.00      0.00      0.00      0.00      0.00      0.00
18:14:18         ens5   1267.00   1694.00    469.58    807.58      0.00      0.00      0.00      0.00

18:14:18        IFACE   rxpck/s   txpck/s    rxkB/s    txkB/s   rxcmp/s   txcmp/s  rxmcst/s   %ifutil
18:14:19           lo      0.00      0.00      0.00      0.00      0.00      0.00      0.00      0.00
18:14:19         ens5   2106.00   2877.00    764.16   1322.41      0.00      0.00      0.00      0.00

18:14:19        IFACE   rxpck/s   txpck/s    rxkB/s    txkB/s   rxcmp/s   txcmp/s  rxmcst/s   %ifutil
18:14:20           lo      0.00      0.00      0.00      0.00      0.00      0.00      0.00      0.00
18:14:20         ens5   1372.00   1892.00    553.24    907.00      0.00      0.00      0.00      0.00

18:14:20        IFACE   rxpck/s   txpck/s    rxkB/s    txkB/s   rxcmp/s   txcmp/s  rxmcst/s   %ifutil
18:14:21           lo      0.00      0.00      0.00      0.00      0.00      0.00      0.00      0.00
18:14:21         ens5   1888.00   2511.00    738.18   1248.34      0.00      0.00      0.00      0.00

18:14:21        IFACE   rxpck/s   txpck/s    rxkB/s    txkB/s   rxcmp/s   txcmp/s  rxmcst/s   %ifutil
18:14:22           lo      0.00      0.00      0.00      0.00      0.00      0.00      0.00      0.00
18:14:22         ens5   1478.00   1963.00    731.89   1014.56      0.00      0.00      0.00      0.00

18:14:22        IFACE   rxpck/s   txpck/s    rxkB/s    txkB/s   rxcmp/s   txcmp/s  rxmcst/s   %ifutil
18:14:23           lo      0.00      0.00      0.00      0.00      0.00      0.00      0.00      0.00
18:14:23         ens5   2160.00   2836.00    803.70   1371.12      0.00      0.00      0.00      0.00

18:14:23        IFACE   rxpck/s   txpck/s    rxkB/s    txkB/s   rxcmp/s   txcmp/s  rxmcst/s   %ifutil
18:14:24           lo      0.00      0.00      0.00      0.00      0.00      0.00      0.00      0.00
18:14:24         ens5   1622.00   2206.00    595.12   1045.90      0.00      0.00      0.00      0.00

18:14:24        IFACE   rxpck/s   txpck/s    rxkB/s    txkB/s   rxcmp/s   txcmp/s  rxmcst/s   %ifutil
18:14:25           lo      0.00      0.00      0.00      0.00      0.00      0.00      0.00      0.00
18:14:25         ens5   2153.00   2855.00    793.56   1354.39      0.00      0.00      0.00      0.00

18:14:25        IFACE   rxpck/s   txpck/s    rxkB/s    txkB/s   rxcmp/s   txcmp/s  rxmcst/s   %ifutil
18:14:26           lo      0.00      0.00      0.00      0.00      0.00      0.00      0.00      0.00
18:14:26         ens5   1431.00   1947.00    544.80    945.80      0.00      0.00      0.00      0.00

18:14:26        IFACE   rxpck/s   txpck/s    rxkB/s    txkB/s   rxcmp/s   txcmp/s  rxmcst/s   %ifutil
18:14:27           lo      0.00      0.00      0.00      0.00      0.00      0.00      0.00      0.00
18:14:27         ens5   1884.00   2531.00    683.69   1170.39      0.00      0.00      0.00      0.00

18:14:27        IFACE   rxpck/s   txpck/s    rxkB/s    txkB/s   rxcmp/s   txcmp/s  rxmcst/s   %ifutil
18:14:28           lo      0.00      0.00      0.00      0.00      0.00      0.00      0.00      0.00
18:14:28         ens5   1624.00   2110.00    603.36   1047.35      0.00      0.00      0.00      0.00

18:14:28        IFACE   rxpck/s   txpck/s    rxkB/s    txkB/s   rxcmp/s   txcmp/s  rxmcst/s   %ifutil
18:14:29           lo      0.00      0.00      0.00      0.00      0.00      0.00      0.00      0.00
18:14:29         ens5   1982.00   2688.00    730.75   1262.33      0.00      0.00      0.00      0.00

18:14:29        IFACE   rxpck/s   txpck/s    rxkB/s    txkB/s   rxcmp/s   txcmp/s  rxmcst/s   %ifutil
18:14:30           lo      0.00      0.00      0.00      0.00      0.00      0.00      0.00      0.00
18:14:30         ens5   1669.00   2240.00    651.28   1064.88      0.00      0.00      0.00      0.00

18:14:30        IFACE   rxpck/s   txpck/s    rxkB/s    txkB/s   rxcmp/s   txcmp/s  rxmcst/s   %ifutil
18:14:31           lo      0.00      0.00      0.00      0.00      0.00      0.00      0.00      0.00
18:14:31         ens5   1800.00   2379.00    665.47   1095.58      0.00      0.00      0.00      0.00

18:14:31        IFACE   rxpck/s   txpck/s    rxkB/s    txkB/s   rxcmp/s   txcmp/s  rxmcst/s   %ifutil
18:14:32           lo      0.00      0.00      0.00      0.00      0.00      0.00      0.00      0.00
18:14:32         ens5   1615.00   2024.00    792.41   1112.69      0.00      0.00      0.00      0.00

18:14:32        IFACE   rxpck/s   txpck/s    rxkB/s    txkB/s   rxcmp/s   txcmp/s  rxmcst/s   %ifutil
18:14:33           lo      0.00      0.00      0.00      0.00      0.00      0.00      0.00      0.00
18:14:33         ens5   1846.00   2467.00    688.39   1203.58      0.00      0.00      0.00      0.00

18:14:33        IFACE   rxpck/s   txpck/s    rxkB/s    txkB/s   rxcmp/s   txcmp/s  rxmcst/s   %ifutil
18:14:34           lo      0.00      0.00      0.00      0.00      0.00      0.00      0.00      0.00
18:14:34         ens5   1745.00   2313.00    679.43   1177.10      0.00      0.00      0.00      0.00

18:14:34        IFACE   rxpck/s   txpck/s    rxkB/s    txkB/s   rxcmp/s   txcmp/s  rxmcst/s   %ifutil
18:14:35           lo      0.00      0.00      0.00      0.00      0.00      0.00      0.00      0.00
18:14:35         ens5   1825.00   2478.00    658.98   1140.27      0.00      0.00      0.00      0.00

18:14:35        IFACE   rxpck/s   txpck/s    rxkB/s    txkB/s   rxcmp/s   txcmp/s  rxmcst/s   %ifutil
18:14:36           lo      0.00      0.00      0.00      0.00      0.00      0.00      0.00      0.00
18:14:36         ens5   1740.00   2348.00    657.31   1161.14      0.00      0.00      0.00      0.00

18:14:36        IFACE   rxpck/s   txpck/s    rxkB/s    txkB/s   rxcmp/s   txcmp/s  rxmcst/s   %ifutil
18:14:37           lo      0.00      0.00      0.00      0.00      0.00      0.00      0.00      0.00
18:14:37         ens5   1404.00   1843.00    524.09    900.66      0.00      0.00      0.00      0.00

18:14:37        IFACE   rxpck/s   txpck/s    rxkB/s    txkB/s   rxcmp/s   txcmp/s  rxmcst/s   %ifutil
18:14:38           lo      0.00      0.00      0.00      0.00      0.00      0.00      0.00      0.00
18:14:38         ens5   2205.00   2934.00    817.06   1399.99      0.00      0.00      0.00      0.00

18:14:38        IFACE   rxpck/s   txpck/s    rxkB/s    txkB/s   rxcmp/s   txcmp/s  rxmcst/s   %ifutil
18:14:39           lo      0.00      0.00      0.00      0.00      0.00      0.00      0.00      0.00
18:14:39         ens5   1336.00   1767.00    504.62    904.74      0.00      0.00      0.00      0.00

18:14:39        IFACE   rxpck/s   txpck/s    rxkB/s    txkB/s   rxcmp/s   txcmp/s  rxmcst/s   %ifutil
18:14:40           lo      0.00      0.00      0.00      0.00      0.00      0.00      0.00      0.00
18:14:40         ens5   2181.00   2935.00    857.09   1444.74      0.00      0.00      0.00      0.00

18:14:40        IFACE   rxpck/s   txpck/s    rxkB/s    txkB/s   rxcmp/s   txcmp/s  rxmcst/s   %ifutil
18:14:41           lo      0.00      0.00      0.00      0.00      0.00      0.00      0.00      0.00
18:14:41         ens5   1053.00   1326.00    383.77    605.55      0.00      0.00      0.00      0.00
