Linux 6.1.166-197.305.amzn2023.x86_64 (ip-172-31-35-124.ec2.internal) 	04/22/26 	_x86_64_	(2 CPU)

16:58:37        IFACE   rxpck/s   txpck/s    rxkB/s    txkB/s   rxcmp/s   txcmp/s  rxmcst/s   %ifutil
16:58:38           lo      0.00      0.00      0.00      0.00      0.00      0.00      0.00      0.00
16:58:38         ens5   1073.00   1008.00   1507.09    140.28      0.00      0.00      0.00      0.00

16:58:38        IFACE   rxpck/s   txpck/s    rxkB/s    txkB/s   rxcmp/s   txcmp/s  rxmcst/s   %ifutil
16:58:39           lo      0.00      0.00      0.00      0.00      0.00      0.00      0.00      0.00
16:58:39         ens5    669.00    641.00   1380.32    134.89      0.00      0.00      0.00      0.00

16:58:39        IFACE   rxpck/s   txpck/s    rxkB/s    txkB/s   rxcmp/s   txcmp/s  rxmcst/s   %ifutil
16:58:40           lo      0.00      0.00      0.00      0.00      0.00      0.00      0.00      0.00
16:58:40         ens5    492.00    437.00   1329.87     91.76      0.00      0.00      0.00      0.00

16:58:40        IFACE   rxpck/s   txpck/s    rxkB/s    txkB/s   rxcmp/s   txcmp/s  rxmcst/s   %ifutil
16:58:41           lo      0.00      0.00      0.00      0.00      0.00      0.00      0.00      0.00
16:58:41         ens5    851.00    923.00    419.34    143.50      0.00      0.00      0.00      0.00

16:58:41        IFACE   rxpck/s   txpck/s    rxkB/s    txkB/s   rxcmp/s   txcmp/s  rxmcst/s   %ifutil
16:58:42           lo      0.00      0.00      0.00      0.00      0.00      0.00      0.00      0.00
16:58:42         ens5    850.00    795.00   1409.74    146.89      0.00      0.00      0.00      0.00

16:58:42        IFACE   rxpck/s   txpck/s    rxkB/s    txkB/s   rxcmp/s   txcmp/s  rxmcst/s   %ifutil
16:58:43           lo      0.00      0.00      0.00      0.00      0.00      0.00      0.00      0.00
16:58:43         ens5    843.00    817.00   1460.67    148.19      0.00      0.00      0.00      0.00

16:58:43        IFACE   rxpck/s   txpck/s    rxkB/s    txkB/s   rxcmp/s   txcmp/s  rxmcst/s   %ifutil
16:58:44           lo      0.00      0.00      0.00      0.00      0.00      0.00      0.00      0.00
16:58:44         ens5    469.00    391.00   1334.68    165.10      0.00      0.00      0.00      0.00

16:58:44        IFACE   rxpck/s   txpck/s    rxkB/s    txkB/s   rxcmp/s   txcmp/s  rxmcst/s   %ifutil
16:58:45           lo      0.00      0.00      0.00      0.00      0.00      0.00      0.00      0.00
16:58:45         ens5    410.00    506.00    320.55    233.08      0.00      0.00      0.00      0.00

16:58:45        IFACE   rxpck/s   txpck/s    rxkB/s    txkB/s   rxcmp/s   txcmp/s  rxmcst/s   %ifutil
16:58:46           lo      0.00      0.00      0.00      0.00      0.00      0.00      0.00      0.00
16:58:46         ens5    845.00    879.00   1550.24    452.11      0.00      0.00      0.00      0.00

16:58:46        IFACE   rxpck/s   txpck/s    rxkB/s    txkB/s   rxcmp/s   txcmp/s  rxmcst/s   %ifutil
16:58:47           lo      0.00      0.00      0.00      0.00      0.00      0.00      0.00      0.00
16:58:47         ens5    857.00    879.00   1453.06    202.86      0.00      0.00      0.00      0.00

16:58:47        IFACE   rxpck/s   txpck/s    rxkB/s    txkB/s   rxcmp/s   txcmp/s  rxmcst/s   %ifutil
16:58:48           lo      0.00      0.00      0.00      0.00      0.00      0.00      0.00      0.00
16:58:48         ens5    495.00    416.00   1341.65     87.92      0.00      0.00      0.00      0.00

16:58:48        IFACE   rxpck/s   txpck/s    rxkB/s    txkB/s   rxcmp/s   txcmp/s  rxmcst/s   %ifutil
16:58:49           lo      0.00      0.00      0.00      0.00      0.00      0.00      0.00      0.00
16:58:49         ens5    705.00    798.00    371.15    132.71      0.00      0.00      0.00      0.00

16:58:49        IFACE   rxpck/s   txpck/s    rxkB/s    txkB/s   rxcmp/s   txcmp/s  rxmcst/s   %ifutil
16:58:50           lo      0.00      0.00      0.00      0.00      0.00      0.00      0.00      0.00
16:58:50         ens5    865.00    912.00   1436.13    170.86      0.00      0.00      0.00      0.00

16:58:50        IFACE   rxpck/s   txpck/s    rxkB/s    txkB/s   rxcmp/s   txcmp/s  rxmcst/s   %ifutil
16:58:51           lo      0.00      0.00      0.00      0.00      0.00      0.00      0.00      0.00
16:58:51         ens5    809.00    800.00   1444.32    153.03      0.00      0.00      0.00      0.00

16:58:51        IFACE   rxpck/s   txpck/s    rxkB/s    txkB/s   rxcmp/s   txcmp/s  rxmcst/s   %ifutil
16:58:52           lo      0.00      0.00      0.00      0.00      0.00      0.00      0.00      0.00
16:58:52         ens5    545.00    488.00   1336.11     96.11      0.00      0.00      0.00      0.00

16:58:52        IFACE   rxpck/s   txpck/s    rxkB/s    txkB/s   rxcmp/s   txcmp/s  rxmcst/s   %ifutil
16:58:53           lo      0.00      0.00      0.00      0.00      0.00      0.00      0.00      0.00
16:58:53         ens5    361.00    346.00    847.03     64.27      0.00      0.00      0.00      0.00

16:58:53        IFACE   rxpck/s   txpck/s    rxkB/s    txkB/s   rxcmp/s   txcmp/s  rxmcst/s   %ifutil
16:58:54           lo      0.00      0.00      0.00      0.00      0.00      0.00      0.00      0.00
16:58:54         ens5   1096.00   1275.00    543.99    328.43      0.00      0.00      0.00      0.00

16:58:54        IFACE   rxpck/s   txpck/s    rxkB/s    txkB/s   rxcmp/s   txcmp/s  rxmcst/s   %ifutil
16:58:55           lo      0.00      0.00      0.00      0.00      0.00      0.00      0.00      0.00
16:58:55         ens5    848.00   1028.00    424.72    340.26      0.00      0.00      0.00      0.00

16:58:55        IFACE   rxpck/s   txpck/s    rxkB/s    txkB/s   rxcmp/s   txcmp/s  rxmcst/s   %ifutil
16:58:56           lo      0.00      0.00      0.00      0.00      0.00      0.00      0.00      0.00
16:58:56         ens5    677.00    571.00   1806.98    363.71      0.00      0.00      0.00      0.00

16:58:56        IFACE   rxpck/s   txpck/s    rxkB/s    txkB/s   rxcmp/s   txcmp/s  rxmcst/s   %ifutil
16:58:57           lo      0.00      0.00      0.00      0.00      0.00      0.00      0.00      0.00
16:58:57         ens5    455.00    492.00    172.56     99.17      0.00      0.00      0.00      0.00

16:58:57        IFACE   rxpck/s   txpck/s    rxkB/s    txkB/s   rxcmp/s   txcmp/s  rxmcst/s   %ifutil
16:58:58           lo      0.00      0.00      0.00      0.00      0.00      0.00      0.00      0.00
16:58:58         ens5    372.00    446.00    170.94     83.91      0.00      0.00      0.00      0.00

16:58:58        IFACE   rxpck/s   txpck/s    rxkB/s    txkB/s   rxcmp/s   txcmp/s  rxmcst/s   %ifutil
16:58:59           lo      0.00      0.00      0.00      0.00      0.00      0.00      0.00      0.00
16:58:59         ens5    513.00    585.00    252.66    113.28      0.00      0.00      0.00      0.00

16:58:59        IFACE   rxpck/s   txpck/s    rxkB/s    txkB/s   rxcmp/s   txcmp/s  rxmcst/s   %ifutil
16:59:00           lo      0.00      0.00      0.00      0.00      0.00      0.00      0.00      0.00
16:59:00         ens5    431.00    490.00    212.83     88.72      0.00      0.00      0.00      0.00

16:59:00        IFACE   rxpck/s   txpck/s    rxkB/s    txkB/s   rxcmp/s   txcmp/s  rxmcst/s   %ifutil
16:59:01           lo      0.00      0.00      0.00      0.00      0.00      0.00      0.00      0.00
16:59:01         ens5    707.00    845.00    348.88    160.04      0.00      0.00      0.00      0.00

16:59:01        IFACE   rxpck/s   txpck/s    rxkB/s    txkB/s   rxcmp/s   txcmp/s  rxmcst/s   %ifutil
16:59:02           lo      0.00      0.00      0.00      0.00      0.00      0.00      0.00      0.00
16:59:02         ens5    776.00    926.00    315.10    176.09      0.00      0.00      0.00      0.00

16:59:02        IFACE   rxpck/s   txpck/s    rxkB/s    txkB/s   rxcmp/s   txcmp/s  rxmcst/s   %ifutil
16:59:03           lo      0.00      0.00      0.00      0.00      0.00      0.00      0.00      0.00
16:59:03         ens5    999.00   1224.00    450.55    237.56      0.00      0.00      0.00      0.00

16:59:03        IFACE   rxpck/s   txpck/s    rxkB/s    txkB/s   rxcmp/s   txcmp/s  rxmcst/s   %ifutil
16:59:04           lo      0.00      0.00      0.00      0.00      0.00      0.00      0.00      0.00
16:59:04         ens5   1001.00   1188.00    502.07    328.28      0.00      0.00      0.00      0.00

16:59:04        IFACE   rxpck/s   txpck/s    rxkB/s    txkB/s   rxcmp/s   txcmp/s  rxmcst/s   %ifutil
16:59:05           lo      0.00      0.00      0.00      0.00      0.00      0.00      0.00      0.00
16:59:05         ens5    955.00   1133.00    455.19    367.85      0.00      0.00      0.00      0.00

16:59:05        IFACE   rxpck/s   txpck/s    rxkB/s    txkB/s   rxcmp/s   txcmp/s  rxmcst/s   %ifutil
16:59:06           lo      0.00      0.00      0.00      0.00      0.00      0.00      0.00      0.00
16:59:06         ens5    837.00   1017.00    455.07    453.04      0.00      0.00      0.00      0.00

16:59:06        IFACE   rxpck/s   txpck/s    rxkB/s    txkB/s   rxcmp/s   txcmp/s  rxmcst/s   %ifutil
16:59:07           lo      0.00      0.00      0.00      0.00      0.00      0.00      0.00      0.00
16:59:07         ens5    807.00    995.00    358.39    200.52      0.00      0.00      0.00      0.00

16:59:07        IFACE   rxpck/s   txpck/s    rxkB/s    txkB/s   rxcmp/s   txcmp/s  rxmcst/s   %ifutil
16:59:08           lo      0.00      0.00      0.00      0.00      0.00      0.00      0.00      0.00
16:59:08         ens5    769.00    904.00    329.74    166.30      0.00      0.00      0.00      0.00

16:59:08        IFACE   rxpck/s   txpck/s    rxkB/s    txkB/s   rxcmp/s   txcmp/s  rxmcst/s   %ifutil
16:59:09           lo      0.00      0.00      0.00      0.00      0.00      0.00      0.00      0.00
16:59:09         ens5   1108.00   1157.00   1550.94    228.51      0.00      0.00      0.00      0.00

16:59:09        IFACE   rxpck/s   txpck/s    rxkB/s    txkB/s   rxcmp/s   txcmp/s  rxmcst/s   %ifutil
16:59:10           lo      0.00      0.00      0.00      0.00      0.00      0.00      0.00      0.00
16:59:10         ens5    617.00    571.00   1347.76    100.50      0.00      0.00      0.00      0.00

16:59:10        IFACE   rxpck/s   txpck/s    rxkB/s    txkB/s   rxcmp/s   txcmp/s  rxmcst/s   %ifutil
16:59:11           lo      0.00      0.00      0.00      0.00      0.00      0.00      0.00      0.00
16:59:11         ens5    415.00    465.00    261.04     88.67      0.00      0.00      0.00      0.00

16:59:11        IFACE   rxpck/s   txpck/s    rxkB/s    txkB/s   rxcmp/s   txcmp/s  rxmcst/s   %ifutil
16:59:12           lo      0.00      0.00      0.00      0.00      0.00      0.00      0.00      0.00
16:59:12         ens5    483.00    445.00   1336.35     83.56      0.00      0.00      0.00      0.00

16:59:12        IFACE   rxpck/s   txpck/s    rxkB/s    txkB/s   rxcmp/s   txcmp/s  rxmcst/s   %ifutil
16:59:13           lo      0.00      0.00      0.00      0.00      0.00      0.00      0.00      0.00
16:59:13         ens5    720.00    709.00   1370.57    136.78      0.00      0.00      0.00      0.00

16:59:13        IFACE   rxpck/s   txpck/s    rxkB/s    txkB/s   rxcmp/s   txcmp/s  rxmcst/s   %ifutil
16:59:14           lo      0.00      0.00      0.00      0.00      0.00      0.00      0.00      0.00
16:59:14         ens5    899.00    928.00   1525.32    260.88      0.00      0.00      0.00      0.00

16:59:14        IFACE   rxpck/s   txpck/s    rxkB/s    txkB/s   rxcmp/s   txcmp/s  rxmcst/s   %ifutil
16:59:15           lo      0.00      0.00      0.00      0.00      0.00      0.00      0.00      0.00
16:59:15         ens5    428.00    468.00    359.59    309.94      0.00      0.00      0.00      0.00

16:59:15        IFACE   rxpck/s   txpck/s    rxkB/s    txkB/s   rxcmp/s   txcmp/s  rxmcst/s   %ifutil
16:59:16           lo      0.00      0.00      0.00      0.00      0.00      0.00      0.00      0.00
16:59:16         ens5    499.00    436.00   1422.55    331.45      0.00      0.00      0.00      0.00

16:59:16        IFACE   rxpck/s   txpck/s    rxkB/s    txkB/s   rxcmp/s   txcmp/s  rxmcst/s   %ifutil
16:59:17           lo      0.00      0.00      0.00      0.00      0.00      0.00      0.00      0.00
16:59:17         ens5   1175.00   1357.00    526.68    239.86      0.00      0.00      0.00      0.00

16:59:17        IFACE   rxpck/s   txpck/s    rxkB/s    txkB/s   rxcmp/s   txcmp/s  rxmcst/s   %ifutil
16:59:18           lo      0.00      0.00      0.00      0.00      0.00      0.00      0.00      0.00
16:59:18         ens5    957.00    813.00   2514.51    156.68      0.00      0.00      0.00      0.00

16:59:18        IFACE   rxpck/s   txpck/s    rxkB/s    txkB/s   rxcmp/s   txcmp/s  rxmcst/s   %ifutil
16:59:19           lo      0.00      0.00      0.00      0.00      0.00      0.00      0.00      0.00
16:59:19         ens5    434.00    487.00    264.66    107.34      0.00      0.00      0.00      0.00

16:59:19        IFACE   rxpck/s   txpck/s    rxkB/s    txkB/s   rxcmp/s   txcmp/s  rxmcst/s   %ifutil
16:59:20           lo      0.00      0.00      0.00      0.00      0.00      0.00      0.00      0.00
16:59:20         ens5    421.00    339.00   1273.45     68.96      0.00      0.00      0.00      0.00

16:59:20        IFACE   rxpck/s   txpck/s    rxkB/s    txkB/s   rxcmp/s   txcmp/s  rxmcst/s   %ifutil
16:59:21           lo      0.00      0.00      0.00      0.00      0.00      0.00      0.00      0.00
16:59:21         ens5    652.00    620.00   1391.86    117.38      0.00      0.00      0.00      0.00

16:59:21        IFACE   rxpck/s   txpck/s    rxkB/s    txkB/s   rxcmp/s   txcmp/s  rxmcst/s   %ifutil
16:59:22           lo      0.00      0.00      0.00      0.00      0.00      0.00      0.00      0.00
16:59:22         ens5    907.00    912.00   1453.62    165.58      0.00      0.00      0.00      0.00

16:59:22        IFACE   rxpck/s   txpck/s    rxkB/s    txkB/s   rxcmp/s   txcmp/s  rxmcst/s   %ifutil
16:59:23           lo      0.00      0.00      0.00      0.00      0.00      0.00      0.00      0.00
16:59:23         ens5    415.00    483.00    246.99     92.12      0.00      0.00      0.00      0.00

16:59:23        IFACE   rxpck/s   txpck/s    rxkB/s    txkB/s   rxcmp/s   txcmp/s  rxmcst/s   %ifutil
16:59:24           lo      0.00      0.00      0.00      0.00      0.00      0.00      0.00      0.00
16:59:24         ens5    485.00    429.00   1398.08    166.30      0.00      0.00      0.00      0.00

16:59:24        IFACE   rxpck/s   txpck/s    rxkB/s    txkB/s   rxcmp/s   txcmp/s  rxmcst/s   %ifutil
16:59:25           lo      0.00      0.00      0.00      0.00      0.00      0.00      0.00      0.00
16:59:25         ens5    682.00    702.00   1427.65    267.46      0.00      0.00      0.00      0.00

16:59:25        IFACE   rxpck/s   txpck/s    rxkB/s    txkB/s   rxcmp/s   txcmp/s  rxmcst/s   %ifutil
16:59:26           lo      0.00      0.00      0.00      0.00      0.00      0.00      0.00      0.00
16:59:26         ens5    930.00    967.00   1540.76    452.93      0.00      0.00      0.00      0.00

16:59:26        IFACE   rxpck/s   txpck/s    rxkB/s    txkB/s   rxcmp/s   txcmp/s  rxmcst/s   %ifutil
16:59:27           lo      0.00      0.00      0.00      0.00      0.00      0.00      0.00      0.00
16:59:27         ens5    414.00    481.00    260.28     90.87      0.00      0.00      0.00      0.00

16:59:27        IFACE   rxpck/s   txpck/s    rxkB/s    txkB/s   rxcmp/s   txcmp/s  rxmcst/s   %ifutil
16:59:28           lo      0.00      0.00      0.00      0.00      0.00      0.00      0.00      0.00
16:59:28         ens5    567.00    540.00   1374.27    156.75      0.00      0.00      0.00      0.00

16:59:28        IFACE   rxpck/s   txpck/s    rxkB/s    txkB/s   rxcmp/s   txcmp/s  rxmcst/s   %ifutil
16:59:29           lo      0.00      0.00      0.00      0.00      0.00      0.00      0.00      0.00
16:59:29         ens5   1230.00   1307.00   1630.49    274.43      0.00      0.00      0.00      0.00

16:59:29        IFACE   rxpck/s   txpck/s    rxkB/s    txkB/s   rxcmp/s   txcmp/s  rxmcst/s   %ifutil
16:59:30           lo      0.00      0.00      0.00      0.00      0.00      0.00      0.00      0.00
16:59:30         ens5    765.00    760.00   1419.27    135.22      0.00      0.00      0.00      0.00

16:59:30        IFACE   rxpck/s   txpck/s    rxkB/s    txkB/s   rxcmp/s   txcmp/s  rxmcst/s   %ifutil
16:59:31           lo      0.00      0.00      0.00      0.00      0.00      0.00      0.00      0.00
16:59:31         ens5    449.00    502.00    289.34    103.36      0.00      0.00      0.00      0.00

16:59:31        IFACE   rxpck/s   txpck/s    rxkB/s    txkB/s   rxcmp/s   txcmp/s  rxmcst/s   %ifutil
16:59:32           lo      0.00      0.00      0.00      0.00      0.00      0.00      0.00      0.00
16:59:32         ens5    534.00    455.00   1352.14     80.43      0.00      0.00      0.00      0.00

16:59:32        IFACE   rxpck/s   txpck/s    rxkB/s    txkB/s   rxcmp/s   txcmp/s  rxmcst/s   %ifutil
16:59:33           lo      0.00      0.00      0.00      0.00      0.00      0.00      0.00      0.00
16:59:33         ens5    719.00    710.00   1384.47    126.76      0.00      0.00      0.00      0.00

16:59:33        IFACE   rxpck/s   txpck/s    rxkB/s    txkB/s   rxcmp/s   txcmp/s  rxmcst/s   %ifutil
16:59:34           lo      0.00      0.00      0.00      0.00      0.00      0.00      0.00      0.00
16:59:34         ens5    953.00    934.00   1528.99    264.72      0.00      0.00      0.00      0.00

16:59:34        IFACE   rxpck/s   txpck/s    rxkB/s    txkB/s   rxcmp/s   txcmp/s  rxmcst/s   %ifutil
16:59:35           lo      0.00      0.00      0.00      0.00      0.00      0.00      0.00      0.00
16:59:35         ens5    511.00    546.00    336.44    262.61      0.00      0.00      0.00      0.00

16:59:35        IFACE   rxpck/s   txpck/s    rxkB/s    txkB/s   rxcmp/s   txcmp/s  rxmcst/s   %ifutil
16:59:36           lo      0.00      0.00      0.00      0.00      0.00      0.00      0.00      0.00
16:59:36         ens5    462.00    402.00   1333.68    343.75      0.00      0.00      0.00      0.00

16:59:36        IFACE   rxpck/s   txpck/s    rxkB/s    txkB/s   rxcmp/s   txcmp/s  rxmcst/s   %ifutil
16:59:37           lo      0.00      0.00      0.00      0.00      0.00      0.00      0.00      0.00
16:59:37         ens5   1113.00   1235.00   1540.39    236.09      0.00      0.00      0.00      0.00

16:59:37        IFACE   rxpck/s   txpck/s    rxkB/s    txkB/s   rxcmp/s   txcmp/s  rxmcst/s   %ifutil
16:59:38           lo      0.00      0.00      0.00      0.00      0.00      0.00      0.00      0.00
16:59:38         ens5    511.00    454.00   1279.93     85.91      0.00      0.00      0.00      0.00

16:59:38        IFACE   rxpck/s   txpck/s    rxkB/s    txkB/s   rxcmp/s   txcmp/s  rxmcst/s   %ifutil
16:59:39           lo      0.00      0.00      0.00      0.00      0.00      0.00      0.00      0.00
16:59:39         ens5    509.00    443.00   1326.59     80.26      0.00      0.00      0.00      0.00

16:59:39        IFACE   rxpck/s   txpck/s    rxkB/s    txkB/s   rxcmp/s   txcmp/s  rxmcst/s   %ifutil
16:59:40           lo      0.00      0.00      0.00      0.00      0.00      0.00      0.00      0.00
16:59:40         ens5    552.00    639.00    294.49    114.82      0.00      0.00      0.00      0.00

16:59:40        IFACE   rxpck/s   txpck/s    rxkB/s    txkB/s   rxcmp/s   txcmp/s  rxmcst/s   %ifutil
16:59:41           lo      0.00      0.00      0.00      0.00      0.00      0.00      0.00      0.00
16:59:41         ens5    932.00    837.00   2527.82    152.65      0.00      0.00      0.00      0.00

16:59:41        IFACE   rxpck/s   txpck/s    rxkB/s    txkB/s   rxcmp/s   txcmp/s  rxmcst/s   %ifutil
16:59:42           lo      0.00      0.00      0.00      0.00      0.00      0.00      0.00      0.00
16:59:42         ens5   1178.00   1219.00   1563.26    234.23      0.00      0.00      0.00      0.00

16:59:42        IFACE   rxpck/s   txpck/s    rxkB/s    txkB/s   rxcmp/s   txcmp/s  rxmcst/s   %ifutil
16:59:43           lo      0.00      0.00      0.00      0.00      0.00      0.00      0.00      0.00
16:59:43         ens5    328.00    374.00    204.33     70.57      0.00      0.00      0.00      0.00

16:59:43        IFACE   rxpck/s   txpck/s    rxkB/s    txkB/s   rxcmp/s   txcmp/s  rxmcst/s   %ifutil
16:59:44           lo      0.00      0.00      0.00      0.00      0.00      0.00      0.00      0.00
16:59:44         ens5    525.00    495.00   1364.26    180.36      0.00      0.00      0.00      0.00

16:59:44        IFACE   rxpck/s   txpck/s    rxkB/s    txkB/s   rxcmp/s   txcmp/s  rxmcst/s   %ifutil
16:59:45           lo      0.00      0.00      0.00      0.00      0.00      0.00      0.00      0.00
16:59:45         ens5    898.00    985.00   1535.48    319.47      0.00      0.00      0.00      0.00

16:59:45        IFACE   rxpck/s   txpck/s    rxkB/s    txkB/s   rxcmp/s   txcmp/s  rxmcst/s   %ifutil
16:59:46           lo      0.00      0.00      0.00      0.00      0.00      0.00      0.00      0.00
16:59:46         ens5    965.00   1023.00   1555.78    447.54      0.00      0.00      0.00      0.00

16:59:46        IFACE   rxpck/s   txpck/s    rxkB/s    txkB/s   rxcmp/s   txcmp/s  rxmcst/s   %ifutil
16:59:47           lo      0.00      0.00      0.00      0.00      0.00      0.00      0.00      0.00
16:59:47         ens5    403.00    446.00    250.61     83.59      0.00      0.00      0.00      0.00

16:59:47        IFACE   rxpck/s   txpck/s    rxkB/s    txkB/s   rxcmp/s   txcmp/s  rxmcst/s   %ifutil
16:59:48           lo      0.00      0.00      0.00      0.00      0.00      0.00      0.00      0.00
16:59:48         ens5    441.00    348.00   1276.66     74.69      0.00      0.00      0.00      0.00

16:59:48        IFACE   rxpck/s   txpck/s    rxkB/s    txkB/s   rxcmp/s   txcmp/s  rxmcst/s   %ifutil
16:59:49           lo      0.00      0.00      0.00      0.00      0.00      0.00      0.00      0.00
16:59:49         ens5    545.00    465.00   1325.91     78.96      0.00      0.00      0.00      0.00

16:59:49        IFACE   rxpck/s   txpck/s    rxkB/s    txkB/s   rxcmp/s   txcmp/s  rxmcst/s   %ifutil
16:59:50           lo      0.00      0.00      0.00      0.00      0.00      0.00      0.00      0.00
16:59:50         ens5    766.00    733.00   1413.81    135.15      0.00      0.00      0.00      0.00

16:59:50        IFACE   rxpck/s   txpck/s    rxkB/s    txkB/s   rxcmp/s   txcmp/s  rxmcst/s   %ifutil
16:59:51           lo      0.00      0.00      0.00      0.00      0.00      0.00      0.00      0.00
16:59:51         ens5   1124.00   1183.00   1526.17    223.88      0.00      0.00      0.00      0.00

16:59:51        IFACE   rxpck/s   txpck/s    rxkB/s    txkB/s   rxcmp/s   txcmp/s  rxmcst/s   %ifutil
16:59:52           lo      0.00      0.00      0.00      0.00      0.00      0.00      0.00      0.00
16:59:52         ens5    392.00    426.00    211.98     84.80      0.00      0.00      0.00      0.00

16:59:52        IFACE   rxpck/s   txpck/s    rxkB/s    txkB/s   rxcmp/s   txcmp/s  rxmcst/s   %ifutil
16:59:53           lo      0.00      0.00      0.00      0.00      0.00      0.00      0.00      0.00
16:59:53         ens5    528.00    479.00   1343.95     86.74      0.00      0.00      0.00      0.00

16:59:53        IFACE   rxpck/s   txpck/s    rxkB/s    txkB/s   rxcmp/s   txcmp/s  rxmcst/s   %ifutil
16:59:54           lo      0.00      0.00      0.00      0.00      0.00      0.00      0.00      0.00
16:59:54         ens5    607.00    582.00   1402.04    193.55      0.00      0.00      0.00      0.00

16:59:54        IFACE   rxpck/s   txpck/s    rxkB/s    txkB/s   rxcmp/s   txcmp/s  rxmcst/s   %ifutil
16:59:55           lo      0.00      0.00      0.00      0.00      0.00      0.00      0.00      0.00
16:59:55         ens5   1189.00   1392.00    556.97    405.56      0.00      0.00      0.00      0.00

16:59:55        IFACE   rxpck/s   txpck/s    rxkB/s    txkB/s   rxcmp/s   txcmp/s  rxmcst/s   %ifutil
16:59:56           lo      0.00      0.00      0.00      0.00      0.00      0.00      0.00      0.00
16:59:56         ens5    507.00    435.00   1380.68    350.18      0.00      0.00      0.00      0.00

16:59:56        IFACE   rxpck/s   txpck/s    rxkB/s    txkB/s   rxcmp/s   txcmp/s  rxmcst/s   %ifutil
16:59:57           lo      0.00      0.00      0.00      0.00      0.00      0.00      0.00      0.00
16:59:57         ens5    487.00    413.00   1316.41     80.95      0.00      0.00      0.00      0.00

16:59:57        IFACE   rxpck/s   txpck/s    rxkB/s    txkB/s   rxcmp/s   txcmp/s  rxmcst/s   %ifutil
16:59:58           lo      0.00      0.00      0.00      0.00      0.00      0.00      0.00      0.00
16:59:58         ens5   1097.00   1111.00   1553.40    196.15      0.00      0.00      0.00      0.00

16:59:58        IFACE   rxpck/s   txpck/s    rxkB/s    txkB/s   rxcmp/s   txcmp/s  rxmcst/s   %ifutil
16:59:59           lo      0.00      0.00      0.00      0.00      0.00      0.00      0.00      0.00
16:59:59         ens5    887.00   1073.00    371.49    216.96      0.00      0.00      0.00      0.00

16:59:59        IFACE   rxpck/s   txpck/s    rxkB/s    txkB/s   rxcmp/s   txcmp/s  rxmcst/s   %ifutil
17:00:00           lo      0.00      0.00      0.00      0.00      0.00      0.00      0.00      0.00
17:00:00         ens5    589.00    542.00   1377.25     96.80      0.00      0.00      0.00      0.00

17:00:00        IFACE   rxpck/s   txpck/s    rxkB/s    txkB/s   rxcmp/s   txcmp/s  rxmcst/s   %ifutil
17:00:01           lo      0.00      0.00      0.00      0.00      0.00      0.00      0.00      0.00
17:00:01         ens5    426.00    332.00   1274.53     62.84      0.00      0.00      0.00      0.00

17:00:01        IFACE   rxpck/s   txpck/s    rxkB/s    txkB/s   rxcmp/s   txcmp/s  rxmcst/s   %ifutil
17:00:02           lo      0.00      0.00      0.00      0.00      0.00      0.00      0.00      0.00
17:00:02         ens5    727.00    729.00   1417.65    131.19      0.00      0.00      0.00      0.00

17:00:02        IFACE   rxpck/s   txpck/s    rxkB/s    txkB/s   rxcmp/s   txcmp/s  rxmcst/s   %ifutil
17:00:03           lo      0.00      0.00      0.00      0.00      0.00      0.00      0.00      0.00
17:00:03         ens5   1065.00   1247.00    460.76    233.34      0.00      0.00      0.00      0.00

17:00:03        IFACE   rxpck/s   txpck/s    rxkB/s    txkB/s   rxcmp/s   txcmp/s  rxmcst/s   %ifutil
17:00:04           lo      0.00      0.00      0.00      0.00      0.00      0.00      0.00      0.00
17:00:04         ens5    562.00    556.00   1378.06    192.57      0.00      0.00      0.00      0.00

17:00:04        IFACE   rxpck/s   txpck/s    rxkB/s    txkB/s   rxcmp/s   txcmp/s  rxmcst/s   %ifutil
17:00:05           lo      0.00      0.00      0.00      0.00      0.00      0.00      0.00      0.00
17:00:05         ens5    472.00    417.00   1366.86    218.00      0.00      0.00      0.00      0.00

17:00:05        IFACE   rxpck/s   txpck/s    rxkB/s    txkB/s   rxcmp/s   txcmp/s  rxmcst/s   %ifutil
17:00:06           lo      0.00      0.00      0.00      0.00      0.00      0.00      0.00      0.00
17:00:06         ens5    380.00    473.00    316.13    350.01      0.00      0.00      0.00      0.00

17:00:06        IFACE   rxpck/s   txpck/s    rxkB/s    txkB/s   rxcmp/s   txcmp/s  rxmcst/s   %ifutil
17:00:07           lo      0.00      0.00      0.00      0.00      0.00      0.00      0.00      0.00
17:00:07         ens5    733.00    743.00   1381.16    151.57      0.00      0.00      0.00      0.00

17:00:07        IFACE   rxpck/s   txpck/s    rxkB/s    txkB/s   rxcmp/s   txcmp/s  rxmcst/s   %ifutil
17:00:08           lo      0.00      0.00      0.00      0.00      0.00      0.00      0.00      0.00
17:00:08         ens5   1512.00    569.00   9791.55    105.20      0.00      0.00      0.00      0.00

17:00:08        IFACE   rxpck/s   txpck/s    rxkB/s    txkB/s   rxcmp/s   txcmp/s  rxmcst/s   %ifutil
17:00:09           lo      0.00      0.00      0.00      0.00      0.00      0.00      0.00      0.00
17:00:09         ens5   2237.00    550.00  16939.15     85.12      0.00      0.00      0.00      0.00

17:00:09        IFACE   rxpck/s   txpck/s    rxkB/s    txkB/s   rxcmp/s   txcmp/s  rxmcst/s   %ifutil
17:00:10           lo      0.00      0.00      0.00      0.00      0.00      0.00      0.00      0.00
17:00:10         ens5    803.00    533.00   3750.72    101.94      0.00      0.00      0.00      0.00

17:00:10        IFACE   rxpck/s   txpck/s    rxkB/s    txkB/s   rxcmp/s   txcmp/s  rxmcst/s   %ifutil
17:00:11           lo      0.00      0.00      0.00      0.00      0.00      0.00      0.00      0.00
17:00:11         ens5   1021.00    951.00   2541.10    182.46      0.00      0.00      0.00      0.00

17:00:11        IFACE   rxpck/s   txpck/s    rxkB/s    txkB/s   rxcmp/s   txcmp/s  rxmcst/s   %ifutil
17:00:12           lo      0.00      0.00      0.00      0.00      0.00      0.00      0.00      0.00
17:00:12         ens5   1146.00   1334.00    591.94    262.61      0.00      0.00      0.00      0.00

17:00:12        IFACE   rxpck/s   txpck/s    rxkB/s    txkB/s   rxcmp/s   txcmp/s  rxmcst/s   %ifutil
17:00:13           lo      0.00      0.00      0.00      0.00      0.00      0.00      0.00      0.00
17:00:13         ens5    799.00    964.00    345.66    188.88      0.00      0.00      0.00      0.00

17:00:13        IFACE   rxpck/s   txpck/s    rxkB/s    txkB/s   rxcmp/s   txcmp/s  rxmcst/s   %ifutil
17:00:14           lo      0.00      0.00      0.00      0.00      0.00      0.00      0.00      0.00
17:00:14         ens5    705.00    649.00   1795.47    216.03      0.00      0.00      0.00      0.00

17:00:14        IFACE   rxpck/s   txpck/s    rxkB/s    txkB/s   rxcmp/s   txcmp/s  rxmcst/s   %ifutil
17:00:15           lo      0.00      0.00      0.00      0.00      0.00      0.00      0.00      0.00
17:00:15         ens5    298.00    316.00    198.68    203.64      0.00      0.00      0.00      0.00

17:00:15        IFACE   rxpck/s   txpck/s    rxkB/s    txkB/s   rxcmp/s   txcmp/s  rxmcst/s   %ifutil
17:00:16           lo      0.00      0.00      0.00      0.00      0.00      0.00      0.00      0.00
17:00:16         ens5    498.00    551.00    276.19    368.10      0.00      0.00      0.00      0.00

17:00:16        IFACE   rxpck/s   txpck/s    rxkB/s    txkB/s   rxcmp/s   txcmp/s  rxmcst/s   %ifutil
17:00:17           lo      0.00      0.00      0.00      0.00      0.00      0.00      0.00      0.00
17:00:17         ens5    491.00    576.00    240.09    111.27      0.00      0.00      0.00      0.00

17:00:17        IFACE   rxpck/s   txpck/s    rxkB/s    txkB/s   rxcmp/s   txcmp/s  rxmcst/s   %ifutil
17:00:18           lo      0.00      0.00      0.00      0.00      0.00      0.00      0.00      0.00
17:00:18         ens5    666.00    738.00    312.19    140.04      0.00      0.00      0.00      0.00

17:00:18        IFACE   rxpck/s   txpck/s    rxkB/s    txkB/s   rxcmp/s   txcmp/s  rxmcst/s   %ifutil
17:00:19           lo      0.00      0.00      0.00      0.00      0.00      0.00      0.00      0.00
17:00:19         ens5    508.00    585.00    233.00    116.04      0.00      0.00      0.00      0.00

17:00:19        IFACE   rxpck/s   txpck/s    rxkB/s    txkB/s   rxcmp/s   txcmp/s  rxmcst/s   %ifutil
17:00:20           lo      0.00      0.00      0.00      0.00      0.00      0.00      0.00      0.00
17:00:20         ens5    828.00   1031.00    384.55    205.91      0.00      0.00      0.00      0.00

17:00:20        IFACE   rxpck/s   txpck/s    rxkB/s    txkB/s   rxcmp/s   txcmp/s  rxmcst/s   %ifutil
17:00:21           lo      0.00      0.00      0.00      0.00      0.00      0.00      0.00      0.00
17:00:21         ens5    951.00   1104.00    412.92    221.60      0.00      0.00      0.00      0.00

17:00:21        IFACE   rxpck/s   txpck/s    rxkB/s    txkB/s   rxcmp/s   txcmp/s  rxmcst/s   %ifutil
17:00:22           lo      0.00      0.00      0.00      0.00      0.00      0.00      0.00      0.00
17:00:22         ens5    992.00   1217.00    435.70    246.41      0.00      0.00      0.00      0.00

17:00:22        IFACE   rxpck/s   txpck/s    rxkB/s    txkB/s   rxcmp/s   txcmp/s  rxmcst/s   %ifutil
17:00:23           lo      0.00      0.00      0.00      0.00      0.00      0.00      0.00      0.00
17:00:23         ens5    874.00   1039.00    401.75    199.58      0.00      0.00      0.00      0.00

17:00:23        IFACE   rxpck/s   txpck/s    rxkB/s    txkB/s   rxcmp/s   txcmp/s  rxmcst/s   %ifutil
17:00:24           lo      0.00      0.00      0.00      0.00      0.00      0.00      0.00      0.00
17:00:24         ens5    983.00   1155.00    496.19    312.17      0.00      0.00      0.00      0.00

17:00:24        IFACE   rxpck/s   txpck/s    rxkB/s    txkB/s   rxcmp/s   txcmp/s  rxmcst/s   %ifutil
17:00:25           lo      0.00      0.00      0.00      0.00      0.00      0.00      0.00      0.00
17:00:25         ens5    969.00   1186.00    475.91    369.62      0.00      0.00      0.00      0.00

17:00:25        IFACE   rxpck/s   txpck/s    rxkB/s    txkB/s   rxcmp/s   txcmp/s  rxmcst/s   %ifutil
17:00:26           lo      0.00      0.00      0.00      0.00      0.00      0.00      0.00      0.00
17:00:26         ens5    777.00    923.00    425.46    435.10      0.00      0.00      0.00      0.00

17:00:26        IFACE   rxpck/s   txpck/s    rxkB/s    txkB/s   rxcmp/s   txcmp/s  rxmcst/s   %ifutil
17:00:27           lo      0.00      0.00      0.00      0.00      0.00      0.00      0.00      0.00
17:00:27         ens5    701.00    793.00    297.99    139.35      0.00      0.00      0.00      0.00

17:00:27        IFACE   rxpck/s   txpck/s    rxkB/s    txkB/s   rxcmp/s   txcmp/s  rxmcst/s   %ifutil
17:00:28           lo      0.00      0.00      0.00      0.00      0.00      0.00      0.00      0.00
17:00:28         ens5   1050.00   1266.00    449.43    257.80      0.00      0.00      0.00      0.00

17:00:28        IFACE   rxpck/s   txpck/s    rxkB/s    txkB/s   rxcmp/s   txcmp/s  rxmcst/s   %ifutil
17:00:29           lo      0.00      0.00      0.00      0.00      0.00      0.00      0.00      0.00
17:00:29         ens5    554.00    504.00   1327.03     99.65      0.00      0.00      0.00      0.00

17:00:29        IFACE   rxpck/s   txpck/s    rxkB/s    txkB/s   rxcmp/s   txcmp/s  rxmcst/s   %ifutil
17:00:30           lo      0.00      0.00      0.00      0.00      0.00      0.00      0.00      0.00
17:00:30         ens5    506.00    452.00   1334.28     97.03      0.00      0.00      0.00      0.00

17:00:30        IFACE   rxpck/s   txpck/s    rxkB/s    txkB/s   rxcmp/s   txcmp/s  rxmcst/s   %ifutil
17:00:31           lo      0.00      0.00      0.00      0.00      0.00      0.00      0.00      0.00
17:00:31         ens5    551.00    523.00   1386.06     89.85      0.00      0.00      0.00      0.00

17:00:31        IFACE   rxpck/s   txpck/s    rxkB/s    txkB/s   rxcmp/s   txcmp/s  rxmcst/s   %ifutil
17:00:32           lo      0.00      0.00      0.00      0.00      0.00      0.00      0.00      0.00
17:00:32         ens5    813.00    937.00    324.45    189.15      0.00      0.00      0.00      0.00

17:00:32        IFACE   rxpck/s   txpck/s    rxkB/s    txkB/s   rxcmp/s   txcmp/s  rxmcst/s   %ifutil
17:00:33           lo      0.00      0.00      0.00      0.00      0.00      0.00      0.00      0.00
17:00:33         ens5    671.00    609.00   1400.48    119.96      0.00      0.00      0.00      0.00

17:00:33        IFACE   rxpck/s   txpck/s    rxkB/s    txkB/s   rxcmp/s   txcmp/s  rxmcst/s   %ifutil
17:00:34           lo      0.00      0.00      0.00      0.00      0.00      0.00      0.00      0.00
17:00:34         ens5    493.00    391.00   1380.20    162.12      0.00      0.00      0.00      0.00

17:00:34        IFACE   rxpck/s   txpck/s    rxkB/s    txkB/s   rxcmp/s   txcmp/s  rxmcst/s   %ifutil
17:00:35           lo      0.00      0.00      0.00      0.00      0.00      0.00      0.00      0.00
17:00:35         ens5    505.00    464.00   1338.33    236.25      0.00      0.00      0.00      0.00

17:00:35        IFACE   rxpck/s   txpck/s    rxkB/s    txkB/s   rxcmp/s   txcmp/s  rxmcst/s   %ifutil
17:00:36           lo      0.00      0.00      0.00      0.00      0.00      0.00      0.00      0.00
17:00:36         ens5   1026.00   1202.00    503.64    485.24      0.00      0.00      0.00      0.00

17:00:36        IFACE   rxpck/s   txpck/s    rxkB/s    txkB/s   rxcmp/s   txcmp/s  rxmcst/s   %ifutil
17:00:37           lo      0.00      0.00      0.00      0.00      0.00      0.00      0.00      0.00
17:00:37         ens5    622.00    604.00   1360.02    115.71      0.00      0.00      0.00      0.00

17:00:37        IFACE   rxpck/s   txpck/s    rxkB/s    txkB/s   rxcmp/s   txcmp/s  rxmcst/s   %ifutil
17:00:38           lo      0.00      0.00      0.00      0.00      0.00      0.00      0.00      0.00
17:00:38         ens5    518.00    442.00   1341.81     80.79      0.00      0.00      0.00      0.00
