Linux 6.1.166-197.305.amzn2023.x86_64 (ip-172-31-35-124.ec2.internal) 	04/22/26 	_x86_64_	(2 CPU)

17:24:24        IFACE   rxpck/s   txpck/s    rxkB/s    txkB/s   rxcmp/s   txcmp/s  rxmcst/s   %ifutil
17:24:25           lo      0.00      0.00      0.00      0.00      0.00      0.00      0.00      0.00
17:24:25         ens5    869.00   1111.00    408.40    387.98      0.00      0.00      0.00      0.00

17:24:25        IFACE   rxpck/s   txpck/s    rxkB/s    txkB/s   rxcmp/s   txcmp/s  rxmcst/s   %ifutil
17:24:26           lo      0.00      0.00      0.00      0.00      0.00      0.00      0.00      0.00
17:24:26         ens5    709.00   1160.00    542.92    592.88      0.00      0.00      0.00      0.00

17:24:26        IFACE   rxpck/s   txpck/s    rxkB/s    txkB/s   rxcmp/s   txcmp/s  rxmcst/s   %ifutil
17:24:27           lo      0.00      0.00      0.00      0.00      0.00      0.00      0.00      0.00
17:24:27         ens5    570.00    953.00    427.08    702.60      0.00      0.00      0.00      0.00

17:24:27        IFACE   rxpck/s   txpck/s    rxkB/s    txkB/s   rxcmp/s   txcmp/s  rxmcst/s   %ifutil
17:24:28           lo      0.00      0.00      0.00      0.00      0.00      0.00      0.00      0.00
17:24:28         ens5    415.00    628.00    245.10    286.42      0.00      0.00      0.00      0.00

17:24:28        IFACE   rxpck/s   txpck/s    rxkB/s    txkB/s   rxcmp/s   txcmp/s  rxmcst/s   %ifutil
17:24:29           lo      0.00      0.00      0.00      0.00      0.00      0.00      0.00      0.00
17:24:29         ens5    563.00    864.00    344.67    412.24      0.00      0.00      0.00      0.00

17:24:29        IFACE   rxpck/s   txpck/s    rxkB/s    txkB/s   rxcmp/s   txcmp/s  rxmcst/s   %ifutil
17:24:30           lo      0.00      0.00      0.00      0.00      0.00      0.00      0.00      0.00
17:24:30         ens5    638.00   1135.00    442.36    513.96      0.00      0.00      0.00      0.00

17:24:30        IFACE   rxpck/s   txpck/s    rxkB/s    txkB/s   rxcmp/s   txcmp/s  rxmcst/s   %ifutil
17:24:31           lo      0.00      0.00      0.00      0.00      0.00      0.00      0.00      0.00
17:24:31         ens5    377.00    476.00    263.52    297.63      0.00      0.00      0.00      0.00

17:24:31        IFACE   rxpck/s   txpck/s    rxkB/s    txkB/s   rxcmp/s   txcmp/s  rxmcst/s   %ifutil
17:24:32           lo      0.00      0.00      0.00      0.00      0.00      0.00      0.00      0.00
17:24:32         ens5    822.00   1366.00    492.04    616.16      0.00      0.00      0.00      0.00

17:24:32        IFACE   rxpck/s   txpck/s    rxkB/s    txkB/s   rxcmp/s   txcmp/s  rxmcst/s   %ifutil
17:24:33           lo      0.00      0.00      0.00      0.00      0.00      0.00      0.00      0.00
17:24:33         ens5    638.00   1105.00    432.96    501.20      0.00      0.00      0.00      0.00

17:24:33        IFACE   rxpck/s   txpck/s    rxkB/s    txkB/s   rxcmp/s   txcmp/s  rxmcst/s   %ifutil
17:24:34           lo      0.00      0.00      0.00      0.00      0.00      0.00      0.00      0.00
17:24:34         ens5    431.00    719.00    275.87    320.33      0.00      0.00      0.00      0.00

17:24:34        IFACE   rxpck/s   txpck/s    rxkB/s    txkB/s   rxcmp/s   txcmp/s  rxmcst/s   %ifutil
17:24:35           lo      0.00      0.00      0.00      0.00      0.00      0.00      0.00      0.00
17:24:35         ens5    764.00   1254.00    513.61    576.70      0.00      0.00      0.00      0.00

17:24:35        IFACE   rxpck/s   txpck/s    rxkB/s    txkB/s   rxcmp/s   txcmp/s  rxmcst/s   %ifutil
17:24:36           lo      0.00      0.00      0.00      0.00      0.00      0.00      0.00      0.00
17:24:36         ens5    941.00   1416.00    687.82    836.23      0.00      0.00      0.00      0.00

17:24:36        IFACE   rxpck/s   txpck/s    rxkB/s    txkB/s   rxcmp/s   txcmp/s  rxmcst/s   %ifutil
17:24:37           lo      0.00      0.00      0.00      0.00      0.00      0.00      0.00      0.00
17:24:37         ens5    417.00    619.00    329.14    556.34      0.00      0.00      0.00      0.00

17:24:37        IFACE   rxpck/s   txpck/s    rxkB/s    txkB/s   rxcmp/s   txcmp/s  rxmcst/s   %ifutil
17:24:38           lo      0.00      0.00      0.00      0.00      0.00      0.00      0.00      0.00
17:24:38         ens5    820.00   1309.00    484.05    556.06      0.00      0.00      0.00      0.00

17:24:38        IFACE   rxpck/s   txpck/s    rxkB/s    txkB/s   rxcmp/s   txcmp/s  rxmcst/s   %ifutil
17:24:39           lo      0.00      0.00      0.00      0.00      0.00      0.00      0.00      0.00
17:24:39         ens5    627.00   1037.00    403.18    482.93      0.00      0.00      0.00      0.00

17:24:39        IFACE   rxpck/s   txpck/s    rxkB/s    txkB/s   rxcmp/s   txcmp/s  rxmcst/s   %ifutil
17:24:40           lo      0.00      0.00      0.00      0.00      0.00      0.00      0.00      0.00
17:24:40         ens5    495.00    761.00    306.19    364.32      0.00      0.00      0.00      0.00

17:24:40        IFACE   rxpck/s   txpck/s    rxkB/s    txkB/s   rxcmp/s   txcmp/s  rxmcst/s   %ifutil
17:24:41           lo      0.00      0.00      0.00      0.00      0.00      0.00      0.00      0.00
17:24:41         ens5    720.00   1194.00    461.81    527.80      0.00      0.00      0.00      0.00

17:24:41        IFACE   rxpck/s   txpck/s    rxkB/s    txkB/s   rxcmp/s   txcmp/s  rxmcst/s   %ifutil
17:24:42           lo      0.00      0.00      0.00      0.00      0.00      0.00      0.00      0.00
17:24:42         ens5    649.00   1151.00    432.27    537.00      0.00      0.00      0.00      0.00

17:24:42        IFACE   rxpck/s   txpck/s    rxkB/s    txkB/s   rxcmp/s   txcmp/s  rxmcst/s   %ifutil
17:24:43           lo      0.00      0.00      0.00      0.00      0.00      0.00      0.00      0.00
17:24:43         ens5    470.00    757.00    324.32    374.82      0.00      0.00      0.00      0.00

17:24:43        IFACE   rxpck/s   txpck/s    rxkB/s    txkB/s   rxcmp/s   txcmp/s  rxmcst/s   %ifutil
17:24:44           lo      0.00      0.00      0.00      0.00      0.00      0.00      0.00      0.00
17:24:44         ens5    696.00   1109.00    485.11    558.67      0.00      0.00      0.00      0.00

17:24:44        IFACE   rxpck/s   txpck/s    rxkB/s    txkB/s   rxcmp/s   txcmp/s  rxmcst/s   %ifutil
17:24:45           lo      0.00      0.00      0.00      0.00      0.00      0.00      0.00      0.00
17:24:45         ens5    546.00    857.00    409.46    449.83      0.00      0.00      0.00      0.00

17:24:45        IFACE   rxpck/s   txpck/s    rxkB/s    txkB/s   rxcmp/s   txcmp/s  rxmcst/s   %ifutil
17:24:46           lo      0.00      0.00      0.00      0.00      0.00      0.00      0.00      0.00
17:24:46         ens5    486.00    739.00    403.30    421.59      0.00      0.00      0.00      0.00

17:24:46        IFACE   rxpck/s   txpck/s    rxkB/s    txkB/s   rxcmp/s   txcmp/s  rxmcst/s   %ifutil
17:24:47           lo      0.00      0.00      0.00      0.00      0.00      0.00      0.00      0.00
17:24:47         ens5    759.00   1264.00    557.51    838.81      0.00      0.00      0.00      0.00

17:24:47        IFACE   rxpck/s   txpck/s    rxkB/s    txkB/s   rxcmp/s   txcmp/s  rxmcst/s   %ifutil
17:24:48           lo      0.00      0.00      0.00      0.00      0.00      0.00      0.00      0.00
17:24:48         ens5    587.00   1001.00    378.06    435.58      0.00      0.00      0.00      0.00

17:24:48        IFACE   rxpck/s   txpck/s    rxkB/s    txkB/s   rxcmp/s   txcmp/s  rxmcst/s   %ifutil
17:24:49           lo      0.00      0.00      0.00      0.00      0.00      0.00      0.00      0.00
17:24:49         ens5    499.00    767.00    278.65    330.55      0.00      0.00      0.00      0.00

17:24:49        IFACE   rxpck/s   txpck/s    rxkB/s    txkB/s   rxcmp/s   txcmp/s  rxmcst/s   %ifutil
17:24:50           lo      0.00      0.00      0.00      0.00      0.00      0.00      0.00      0.00
17:24:50         ens5    714.00   1165.00    502.20    571.75      0.00      0.00      0.00      0.00

17:24:50        IFACE   rxpck/s   txpck/s    rxkB/s    txkB/s   rxcmp/s   txcmp/s  rxmcst/s   %ifutil
17:24:51           lo      0.00      0.00      0.00      0.00      0.00      0.00      0.00      0.00
17:24:51         ens5    637.00   1000.00    376.92    460.31      0.00      0.00      0.00      0.00

17:24:51        IFACE   rxpck/s   txpck/s    rxkB/s    txkB/s   rxcmp/s   txcmp/s  rxmcst/s   %ifutil
17:24:52           lo      0.00      0.00      0.00      0.00      0.00      0.00      0.00      0.00
17:24:52         ens5    496.00    799.00    321.44    383.01      0.00      0.00      0.00      0.00

17:24:52        IFACE   rxpck/s   txpck/s    rxkB/s    txkB/s   rxcmp/s   txcmp/s  rxmcst/s   %ifutil
17:24:53           lo      0.00      0.00      0.00      0.00      0.00      0.00      0.00      0.00
17:24:53         ens5    694.00   1075.00    485.79    568.49      0.00      0.00      0.00      0.00

17:24:53        IFACE   rxpck/s   txpck/s    rxkB/s    txkB/s   rxcmp/s   txcmp/s  rxmcst/s   %ifutil
17:24:54           lo      0.00      0.00      0.00      0.00      0.00      0.00      0.00      0.00
17:24:54         ens5    566.00    891.00    403.47    472.03      0.00      0.00      0.00      0.00

17:24:54        IFACE   rxpck/s   txpck/s    rxkB/s    txkB/s   rxcmp/s   txcmp/s  rxmcst/s   %ifutil
17:24:55           lo      0.00      0.00      0.00      0.00      0.00      0.00      0.00      0.00
17:24:55         ens5    505.00    771.00    330.00    349.37      0.00      0.00      0.00      0.00

17:24:55        IFACE   rxpck/s   txpck/s    rxkB/s    txkB/s   rxcmp/s   txcmp/s  rxmcst/s   %ifutil
17:24:56           lo      0.00      0.00      0.00      0.00      0.00      0.00      0.00      0.00
17:24:56         ens5    786.00   1210.00    561.75    634.23      0.00      0.00      0.00      0.00

17:24:56        IFACE   rxpck/s   txpck/s    rxkB/s    txkB/s   rxcmp/s   txcmp/s  rxmcst/s   %ifutil
17:24:57           lo      0.00      0.00      0.00      0.00      0.00      0.00      0.00      0.00
17:24:57         ens5    684.00   1116.00    504.39    785.76      0.00      0.00      0.00      0.00

17:24:57        IFACE   rxpck/s   txpck/s    rxkB/s    txkB/s   rxcmp/s   txcmp/s  rxmcst/s   %ifutil
17:24:58           lo      0.00      0.00      0.00      0.00      0.00      0.00      0.00      0.00
17:24:58         ens5    512.00    821.00    361.81    407.13      0.00      0.00      0.00      0.00

17:24:58        IFACE   rxpck/s   txpck/s    rxkB/s    txkB/s   rxcmp/s   txcmp/s  rxmcst/s   %ifutil
17:24:59           lo      0.00      0.00      0.00      0.00      0.00      0.00      0.00      0.00
17:24:59         ens5    747.00   1243.00    504.75    586.24      0.00      0.00      0.00      0.00

17:24:59        IFACE   rxpck/s   txpck/s    rxkB/s    txkB/s   rxcmp/s   txcmp/s  rxmcst/s   %ifutil
17:25:00           lo      0.00      0.00      0.00      0.00      0.00      0.00      0.00      0.00
17:25:00         ens5    549.00    843.00    387.00    438.81      0.00      0.00      0.00      0.00

17:25:00        IFACE   rxpck/s   txpck/s    rxkB/s    txkB/s   rxcmp/s   txcmp/s  rxmcst/s   %ifutil
17:25:01           lo      0.00      0.00      0.00      0.00      0.00      0.00      0.00      0.00
17:25:01         ens5    481.00    707.00    313.84    361.56      0.00      0.00      0.00      0.00

17:25:01        IFACE   rxpck/s   txpck/s    rxkB/s    txkB/s   rxcmp/s   txcmp/s  rxmcst/s   %ifutil
17:25:02           lo      0.00      0.00      0.00      0.00      0.00      0.00      0.00      0.00
17:25:02         ens5    747.00   1161.00    493.91    541.12      0.00      0.00      0.00      0.00

17:25:02        IFACE   rxpck/s   txpck/s    rxkB/s    txkB/s   rxcmp/s   txcmp/s  rxmcst/s   %ifutil
17:25:03           lo      0.00      0.00      0.00      0.00      0.00      0.00      0.00      0.00
17:25:03         ens5    657.00   1244.00    579.85   3730.54      0.00      0.00      0.00      0.00

17:25:03        IFACE   rxpck/s   txpck/s    rxkB/s    txkB/s   rxcmp/s   txcmp/s  rxmcst/s   %ifutil
17:25:04           lo      0.00      0.00      0.00      0.00      0.00      0.00      0.00      0.00
17:25:04         ens5    432.00   1556.00    251.47   9502.59      0.00      0.00      0.00      0.00

17:25:04        IFACE   rxpck/s   txpck/s    rxkB/s    txkB/s   rxcmp/s   txcmp/s  rxmcst/s   %ifutil
17:25:05           lo      0.00      0.00      0.00      0.00      0.00      0.00      0.00      0.00
17:25:05         ens5    677.00   1047.00   1078.79   2543.03      0.00      0.00      0.00      0.00

17:25:05        IFACE   rxpck/s   txpck/s    rxkB/s    txkB/s   rxcmp/s   txcmp/s  rxmcst/s   %ifutil
17:25:06           lo      0.00      0.00      0.00      0.00      0.00      0.00      0.00      0.00
17:25:06         ens5    419.00    677.00    381.15    403.17      0.00      0.00      0.00      0.00

17:25:06        IFACE   rxpck/s   txpck/s    rxkB/s    txkB/s   rxcmp/s   txcmp/s  rxmcst/s   %ifutil
17:25:07           lo      0.00      0.00      0.00      0.00      0.00      0.00      0.00      0.00
17:25:07         ens5    453.00    690.00    353.03    603.45      0.00      0.00      0.00      0.00

17:25:07        IFACE   rxpck/s   txpck/s    rxkB/s    txkB/s   rxcmp/s   txcmp/s  rxmcst/s   %ifutil
17:25:08           lo      0.00      0.00      0.00      0.00      0.00      0.00      0.00      0.00
17:25:08         ens5    709.00   1184.00    445.24    520.88      0.00      0.00      0.00      0.00

17:25:08        IFACE   rxpck/s   txpck/s    rxkB/s    txkB/s   rxcmp/s   txcmp/s  rxmcst/s   %ifutil
17:25:09           lo      0.00      0.00      0.00      0.00      0.00      0.00      0.00      0.00
17:25:09         ens5    485.00    820.00    309.00    368.74      0.00      0.00      0.00      0.00

17:25:09        IFACE   rxpck/s   txpck/s    rxkB/s    txkB/s   rxcmp/s   txcmp/s  rxmcst/s   %ifutil
17:25:10           lo      0.00      0.00      0.00      0.00      0.00      0.00      0.00      0.00
17:25:10         ens5    477.00    807.00    319.71    375.60      0.00      0.00      0.00      0.00

17:25:10        IFACE   rxpck/s   txpck/s    rxkB/s    txkB/s   rxcmp/s   txcmp/s  rxmcst/s   %ifutil
17:25:11           lo      0.00      0.00      0.00      0.00      0.00      0.00      0.00      0.00
17:25:11         ens5    546.00    465.00   2394.99    367.64      0.00      0.00      0.00      0.00

17:25:11        IFACE   rxpck/s   txpck/s    rxkB/s    txkB/s   rxcmp/s   txcmp/s  rxmcst/s   %ifutil
17:25:12           lo      0.00      0.00      0.00      0.00      0.00      0.00      0.00      0.00
17:25:12         ens5    272.00    444.00    203.14    257.90      0.00      0.00      0.00      0.00

17:25:12        IFACE   rxpck/s   txpck/s    rxkB/s    txkB/s   rxcmp/s   txcmp/s  rxmcst/s   %ifutil
17:25:13           lo      0.00      0.00      0.00      0.00      0.00      0.00      0.00      0.00
17:25:13         ens5    544.00    488.00   2294.38    249.66      0.00      0.00      0.00      0.00

17:25:13        IFACE   rxpck/s   txpck/s    rxkB/s    txkB/s   rxcmp/s   txcmp/s  rxmcst/s   %ifutil
17:25:14           lo      0.00      0.00      0.00      0.00      0.00      0.00      0.00      0.00
17:25:14         ens5    442.00    506.00   1309.88    305.96      0.00      0.00      0.00      0.00

17:25:14        IFACE   rxpck/s   txpck/s    rxkB/s    txkB/s   rxcmp/s   txcmp/s  rxmcst/s   %ifutil
17:25:15           lo      0.00      0.00      0.00      0.00      0.00      0.00      0.00      0.00
17:25:15         ens5    397.00    441.00   1293.48    270.81      0.00      0.00      0.00      0.00

17:25:15        IFACE   rxpck/s   txpck/s    rxkB/s    txkB/s   rxcmp/s   txcmp/s  rxmcst/s   %ifutil
17:25:16           lo      0.00      0.00      0.00      0.00      0.00      0.00      0.00      0.00
17:25:16         ens5    390.00    409.00   1318.51    262.79      0.00      0.00      0.00      0.00

17:25:16        IFACE   rxpck/s   txpck/s    rxkB/s    txkB/s   rxcmp/s   txcmp/s  rxmcst/s   %ifutil
17:25:17           lo      0.00      0.00      0.00      0.00      0.00      0.00      0.00      0.00
17:25:17         ens5    712.00    731.00   2456.07    606.43      0.00      0.00      0.00      0.00

17:25:17        IFACE   rxpck/s   txpck/s    rxkB/s    txkB/s   rxcmp/s   txcmp/s  rxmcst/s   %ifutil
17:25:18           lo      0.00      0.00      0.00      0.00      0.00      0.00      0.00      0.00
17:25:18         ens5    380.00    421.00   1298.68    309.72      0.00      0.00      0.00      0.00

17:25:18        IFACE   rxpck/s   txpck/s    rxkB/s    txkB/s   rxcmp/s   txcmp/s  rxmcst/s   %ifutil
17:25:19           lo      0.00      0.00      0.00      0.00      0.00      0.00      0.00      0.00
17:25:19         ens5    360.00    340.00   1219.95    200.01      0.00      0.00      0.00      0.00

17:25:19        IFACE   rxpck/s   txpck/s    rxkB/s    txkB/s   rxcmp/s   txcmp/s  rxmcst/s   %ifutil
17:25:20           lo      0.00      0.00      0.00      0.00      0.00      0.00      0.00      0.00
17:25:20         ens5    538.00    657.00   1344.88    340.81      0.00      0.00      0.00      0.00

17:25:20        IFACE   rxpck/s   txpck/s    rxkB/s    txkB/s   rxcmp/s   txcmp/s  rxmcst/s   %ifutil
17:25:21           lo      0.00      0.00      0.00      0.00      0.00      0.00      0.00      0.00
17:25:21         ens5    449.00    358.00   2037.51    235.32      0.00      0.00      0.00      0.00

17:25:21        IFACE   rxpck/s   txpck/s    rxkB/s    txkB/s   rxcmp/s   txcmp/s  rxmcst/s   %ifutil
17:25:22           lo      0.00      0.00      0.00      0.00      0.00      0.00      0.00      0.00
17:25:22         ens5    237.00    308.00    149.46    162.77      0.00      0.00      0.00      0.00

17:25:22        IFACE   rxpck/s   txpck/s    rxkB/s    txkB/s   rxcmp/s   txcmp/s  rxmcst/s   %ifutil
17:25:23           lo      0.00      0.00      0.00      0.00      0.00      0.00      0.00      0.00
17:25:23         ens5    485.00    697.00    288.89    348.86      0.00      0.00      0.00      0.00

17:25:23        IFACE   rxpck/s   txpck/s    rxkB/s    txkB/s   rxcmp/s   txcmp/s  rxmcst/s   %ifutil
17:25:24           lo      0.00      0.00      0.00      0.00      0.00      0.00      0.00      0.00
17:25:24         ens5    432.00    757.00    289.28    349.97      0.00      0.00      0.00      0.00

17:25:24        IFACE   rxpck/s   txpck/s    rxkB/s    txkB/s   rxcmp/s   txcmp/s  rxmcst/s   %ifutil
17:25:25           lo      0.00      0.00      0.00      0.00      0.00      0.00      0.00      0.00
17:25:25         ens5    352.00    575.00    257.59    275.43      0.00      0.00      0.00      0.00

17:25:25        IFACE   rxpck/s   txpck/s    rxkB/s    txkB/s   rxcmp/s   txcmp/s  rxmcst/s   %ifutil
17:25:26           lo      0.00      0.00      0.00      0.00      0.00      0.00      0.00      0.00
17:25:26         ens5    414.00    737.00    374.59    402.49      0.00      0.00      0.00      0.00

17:25:26        IFACE   rxpck/s   txpck/s    rxkB/s    txkB/s   rxcmp/s   txcmp/s  rxmcst/s   %ifutil
17:25:27           lo      0.00      0.00      0.00      0.00      0.00      0.00      0.00      0.00
17:25:27         ens5    665.00   1130.00    563.78    846.33      0.00      0.00      0.00      0.00

17:25:27        IFACE   rxpck/s   txpck/s    rxkB/s    txkB/s   rxcmp/s   txcmp/s  rxmcst/s   %ifutil
17:25:28           lo      0.00      0.00      0.00      0.00      0.00      0.00      0.00      0.00
17:25:28         ens5    568.00    724.00   1419.57    374.69      0.00      0.00      0.00      0.00

17:25:28        IFACE   rxpck/s   txpck/s    rxkB/s    txkB/s   rxcmp/s   txcmp/s  rxmcst/s   %ifutil
17:25:29           lo      0.00      0.00      0.00      0.00      0.00      0.00      0.00      0.00
17:25:29         ens5    472.00    570.00   1394.56    323.05      0.00      0.00      0.00      0.00

17:25:29        IFACE   rxpck/s   txpck/s    rxkB/s    txkB/s   rxcmp/s   txcmp/s  rxmcst/s   %ifutil
17:25:30           lo      0.00      0.00      0.00      0.00      0.00      0.00      0.00      0.00
17:25:30         ens5    338.00    496.00    319.82    376.33      0.00      0.00      0.00      0.00

17:25:30        IFACE   rxpck/s   txpck/s    rxkB/s    txkB/s   rxcmp/s   txcmp/s  rxmcst/s   %ifutil
17:25:31           lo      0.00      0.00      0.00      0.00      0.00      0.00      0.00      0.00
17:25:31         ens5    395.00    418.00   1387.87    281.89      0.00      0.00      0.00      0.00

17:25:31        IFACE   rxpck/s   txpck/s    rxkB/s    txkB/s   rxcmp/s   txcmp/s  rxmcst/s   %ifutil
17:25:32           lo      0.00      0.00      0.00      0.00      0.00      0.00      0.00      0.00
17:25:32         ens5    436.00    443.00   1315.18    228.96      0.00      0.00      0.00      0.00

17:25:32        IFACE   rxpck/s   txpck/s    rxkB/s    txkB/s   rxcmp/s   txcmp/s  rxmcst/s   %ifutil
17:25:33           lo      0.00      0.00      0.00      0.00      0.00      0.00      0.00      0.00
17:25:33         ens5    653.00    848.00   1467.63    412.62      0.00      0.00      0.00      0.00

17:25:33        IFACE   rxpck/s   txpck/s    rxkB/s    txkB/s   rxcmp/s   txcmp/s  rxmcst/s   %ifutil
17:25:34           lo      0.00      0.00      0.00      0.00      0.00      0.00      0.00      0.00
17:25:34         ens5    602.00    784.00   1465.63    402.67      0.00      0.00      0.00      0.00

17:25:34        IFACE   rxpck/s   txpck/s    rxkB/s    txkB/s   rxcmp/s   txcmp/s  rxmcst/s   %ifutil
17:25:35           lo      0.00      0.00      0.00      0.00      0.00      0.00      0.00      0.00
17:25:35         ens5    256.00    366.00    232.12    247.66      0.00      0.00      0.00      0.00

17:25:35        IFACE   rxpck/s   txpck/s    rxkB/s    txkB/s   rxcmp/s   txcmp/s  rxmcst/s   %ifutil
17:25:36           lo      0.00      0.00      0.00      0.00      0.00      0.00      0.00      0.00
17:25:36         ens5    594.00    710.00   1525.79    440.01      0.00      0.00      0.00      0.00

17:25:36        IFACE   rxpck/s   txpck/s    rxkB/s    txkB/s   rxcmp/s   txcmp/s  rxmcst/s   %ifutil
17:25:37           lo      0.00      0.00      0.00      0.00      0.00      0.00      0.00      0.00
17:25:37         ens5    578.00    763.00   1504.54    630.88      0.00      0.00      0.00      0.00

17:25:37        IFACE   rxpck/s   txpck/s    rxkB/s    txkB/s   rxcmp/s   txcmp/s  rxmcst/s   %ifutil
17:25:38           lo      0.00      0.00      0.00      0.00      0.00      0.00      0.00      0.00
17:25:38         ens5    395.00    407.00   1337.30    241.03      0.00      0.00      0.00      0.00

17:25:38        IFACE   rxpck/s   txpck/s    rxkB/s    txkB/s   rxcmp/s   txcmp/s  rxmcst/s   %ifutil
17:25:39           lo      0.00      0.00      0.00      0.00      0.00      0.00      0.00      0.00
17:25:39         ens5    381.00    341.00   1327.25    216.75      0.00      0.00      0.00      0.00

17:25:39        IFACE   rxpck/s   txpck/s    rxkB/s    txkB/s   rxcmp/s   txcmp/s  rxmcst/s   %ifutil
17:25:40           lo      0.00      0.00      0.00      0.00      0.00      0.00      0.00      0.00
17:25:40         ens5    291.00    569.00    285.17    370.77      0.00      0.00      0.00      0.00

17:25:40        IFACE   rxpck/s   txpck/s    rxkB/s    txkB/s   rxcmp/s   txcmp/s  rxmcst/s   %ifutil
17:25:41           lo      0.00      0.00      0.00      0.00      0.00      0.00      0.00      0.00
17:25:41         ens5    509.00    618.00   1423.58    362.67      0.00      0.00      0.00      0.00

17:25:41        IFACE   rxpck/s   txpck/s    rxkB/s    txkB/s   rxcmp/s   txcmp/s  rxmcst/s   %ifutil
17:25:42           lo      0.00      0.00      0.00      0.00      0.00      0.00      0.00      0.00
17:25:42         ens5    484.00    542.00   1319.06    240.16      0.00      0.00      0.00      0.00

17:25:42        IFACE   rxpck/s   txpck/s    rxkB/s    txkB/s   rxcmp/s   txcmp/s  rxmcst/s   %ifutil
17:25:43           lo      0.00      0.00      0.00      0.00      0.00      0.00      0.00      0.00
17:25:43         ens5    583.00    675.00   1392.09    389.57      0.00      0.00      0.00      0.00

17:25:43        IFACE   rxpck/s   txpck/s    rxkB/s    txkB/s   rxcmp/s   txcmp/s  rxmcst/s   %ifutil
17:25:44           lo      0.00      0.00      0.00      0.00      0.00      0.00      0.00      0.00
17:25:44         ens5    418.00    451.00   1367.23    314.30      0.00      0.00      0.00      0.00

17:25:44        IFACE   rxpck/s   txpck/s    rxkB/s    txkB/s   rxcmp/s   txcmp/s  rxmcst/s   %ifutil
17:25:45           lo      0.00      0.00      0.00      0.00      0.00      0.00      0.00      0.00
17:25:45         ens5    362.00    611.00    310.73    353.13      0.00      0.00      0.00      0.00

17:25:45        IFACE   rxpck/s   txpck/s    rxkB/s    txkB/s   rxcmp/s   txcmp/s  rxmcst/s   %ifutil
17:25:46           lo      0.00      0.00      0.00      0.00      0.00      0.00      0.00      0.00
17:25:46         ens5    304.00    394.00    243.85    262.61      0.00      0.00      0.00      0.00

17:25:46        IFACE   rxpck/s   txpck/s    rxkB/s    txkB/s   rxcmp/s   txcmp/s  rxmcst/s   %ifutil
17:25:47           lo      0.00      0.00      0.00      0.00      0.00      0.00      0.00      0.00
17:25:47         ens5    483.00    700.00    329.92    559.29      0.00      0.00      0.00      0.00

17:25:47        IFACE   rxpck/s   txpck/s    rxkB/s    txkB/s   rxcmp/s   txcmp/s  rxmcst/s   %ifutil
17:25:48           lo      0.00      0.00      0.00      0.00      0.00      0.00      0.00      0.00
17:25:48         ens5    584.00    959.00    375.81    450.88      0.00      0.00      0.00      0.00

17:25:48        IFACE   rxpck/s   txpck/s    rxkB/s    txkB/s   rxcmp/s   txcmp/s  rxmcst/s   %ifutil
17:25:49           lo      0.00      0.00      0.00      0.00      0.00      0.00      0.00      0.00
17:25:49         ens5    643.00   1119.00    422.77    523.78      0.00      0.00      0.00      0.00

17:25:49        IFACE   rxpck/s   txpck/s    rxkB/s    txkB/s   rxcmp/s   txcmp/s  rxmcst/s   %ifutil
17:25:50           lo      0.00      0.00      0.00      0.00      0.00      0.00      0.00      0.00
17:25:50         ens5    529.00    684.00    304.79    353.91      0.00      0.00      0.00      0.00

17:25:50        IFACE   rxpck/s   txpck/s    rxkB/s    txkB/s   rxcmp/s   txcmp/s  rxmcst/s   %ifutil
17:25:51           lo      0.00      0.00      0.00      0.00      0.00      0.00      0.00      0.00
17:25:51         ens5    787.00   1159.00   1577.96    559.93      0.00      0.00      0.00      0.00

17:25:51        IFACE   rxpck/s   txpck/s    rxkB/s    txkB/s   rxcmp/s   txcmp/s  rxmcst/s   %ifutil
17:25:52           lo      0.00      0.00      0.00      0.00      0.00      0.00      0.00      0.00
17:25:52         ens5    779.00   1136.00   1564.34    561.30      0.00      0.00      0.00      0.00

17:25:52        IFACE   rxpck/s   txpck/s    rxkB/s    txkB/s   rxcmp/s   txcmp/s  rxmcst/s   %ifutil
17:25:53           lo      0.00      0.00      0.00      0.00      0.00      0.00      0.00      0.00
17:25:53         ens5    242.00    314.00    174.63    202.85      0.00      0.00      0.00      0.00

17:25:53        IFACE   rxpck/s   txpck/s    rxkB/s    txkB/s   rxcmp/s   txcmp/s  rxmcst/s   %ifutil
17:25:54           lo      0.00      0.00      0.00      0.00      0.00      0.00      0.00      0.00
17:25:54         ens5    431.00    462.00   1407.75    320.22      0.00      0.00      0.00      0.00

17:25:54        IFACE   rxpck/s   txpck/s    rxkB/s    txkB/s   rxcmp/s   txcmp/s  rxmcst/s   %ifutil
17:25:55           lo      0.00      0.00      0.00      0.00      0.00      0.00      0.00      0.00
17:25:55         ens5    298.00    566.00    322.21    330.92      0.00      0.00      0.00      0.00

17:25:55        IFACE   rxpck/s   txpck/s    rxkB/s    txkB/s   rxcmp/s   txcmp/s  rxmcst/s   %ifutil
17:25:56           lo      0.00      0.00      0.00      0.00      0.00      0.00      0.00      0.00
17:25:56         ens5    478.00    550.00   1409.37    307.11      0.00      0.00      0.00      0.00

17:25:56        IFACE   rxpck/s   txpck/s    rxkB/s    txkB/s   rxcmp/s   txcmp/s  rxmcst/s   %ifutil
17:25:57           lo      0.00      0.00      0.00      0.00      0.00      0.00      0.00      0.00
17:25:57         ens5    438.00    575.00   1401.94    523.50      0.00      0.00      0.00      0.00

17:25:57        IFACE   rxpck/s   txpck/s    rxkB/s    txkB/s   rxcmp/s   txcmp/s  rxmcst/s   %ifutil
17:25:58           lo      0.00      0.00      0.00      0.00      0.00      0.00      0.00      0.00
17:25:58         ens5    420.00    451.00   1393.06    319.36      0.00      0.00      0.00      0.00

17:25:58        IFACE   rxpck/s   txpck/s    rxkB/s    txkB/s   rxcmp/s   txcmp/s  rxmcst/s   %ifutil
17:25:59           lo      0.00      0.00      0.00      0.00      0.00      0.00      0.00      0.00
17:25:59         ens5    360.00    324.00   1324.66    226.40      0.00      0.00      0.00      0.00

17:25:59        IFACE   rxpck/s   txpck/s    rxkB/s    txkB/s   rxcmp/s   txcmp/s  rxmcst/s   %ifutil
17:26:00           lo      0.00      0.00      0.00      0.00      0.00      0.00      0.00      0.00
17:26:00         ens5    330.00    536.00    233.02    286.41      0.00      0.00      0.00      0.00

17:26:00        IFACE   rxpck/s   txpck/s    rxkB/s    txkB/s   rxcmp/s   txcmp/s  rxmcst/s   %ifutil
17:26:01           lo      0.00      0.00      0.00      0.00      0.00      0.00      0.00      0.00
17:26:01         ens5    545.00    682.00   1406.84    347.22      0.00      0.00      0.00      0.00

17:26:01        IFACE   rxpck/s   txpck/s    rxkB/s    txkB/s   rxcmp/s   txcmp/s  rxmcst/s   %ifutil
17:26:02           lo      0.00      0.00      0.00      0.00      0.00      0.00      0.00      0.00
17:26:02         ens5    449.00    476.00   1392.44    309.39      0.00      0.00      0.00      0.00

17:26:02        IFACE   rxpck/s   txpck/s    rxkB/s    txkB/s   rxcmp/s   txcmp/s  rxmcst/s   %ifutil
17:26:03           lo      0.00      0.00      0.00      0.00      0.00      0.00      0.00      0.00
17:26:03         ens5    354.00    328.00   1310.46    210.46      0.00      0.00      0.00      0.00

17:26:03        IFACE   rxpck/s   txpck/s    rxkB/s    txkB/s   rxcmp/s   txcmp/s  rxmcst/s   %ifutil
17:26:04           lo      0.00      0.00      0.00      0.00      0.00      0.00      0.00      0.00
17:26:04         ens5    405.00    471.00   1330.49    242.37      0.00      0.00      0.00      0.00

17:26:04        IFACE   rxpck/s   txpck/s    rxkB/s    txkB/s   rxcmp/s   txcmp/s  rxmcst/s   %ifutil
17:26:05           lo      0.00      0.00      0.00      0.00      0.00      0.00      0.00      0.00
17:26:05         ens5    551.00    693.00   1460.32    354.82      0.00      0.00      0.00      0.00

17:26:05        IFACE   rxpck/s   txpck/s    rxkB/s    txkB/s   rxcmp/s   txcmp/s  rxmcst/s   %ifutil
17:26:06           lo      0.00      0.00      0.00      0.00      0.00      0.00      0.00      0.00
17:26:06         ens5    599.00    622.00   1494.66    410.23      0.00      0.00      0.00      0.00

17:26:06        IFACE   rxpck/s   txpck/s    rxkB/s    txkB/s   rxcmp/s   txcmp/s  rxmcst/s   %ifutil
17:26:07           lo      0.00      0.00      0.00      0.00      0.00      0.00      0.00      0.00
17:26:07         ens5    213.00    317.00    226.26    435.75      0.00      0.00      0.00      0.00

17:26:07        IFACE   rxpck/s   txpck/s    rxkB/s    txkB/s   rxcmp/s   txcmp/s  rxmcst/s   %ifutil
17:26:08           lo      0.00      0.00      0.00      0.00      0.00      0.00      0.00      0.00
17:26:08         ens5    508.00    555.00   1678.39    330.66      0.00      0.00      0.00      0.00

17:26:08        IFACE   rxpck/s   txpck/s    rxkB/s    txkB/s   rxcmp/s   txcmp/s  rxmcst/s   %ifutil
17:26:09           lo      0.00      0.00      0.00      0.00      0.00      0.00      0.00      0.00
17:26:09         ens5    478.00    770.00    311.21    373.96      0.00      0.00      0.00      0.00

17:26:09        IFACE   rxpck/s   txpck/s    rxkB/s    txkB/s   rxcmp/s   txcmp/s  rxmcst/s   %ifutil
17:26:10           lo      0.00      0.00      0.00      0.00      0.00      0.00      0.00      0.00
17:26:10         ens5    403.00    702.00    274.91    323.96      0.00      0.00      0.00      0.00

17:26:10        IFACE   rxpck/s   txpck/s    rxkB/s    txkB/s   rxcmp/s   txcmp/s  rxmcst/s   %ifutil
17:26:11           lo      0.00      0.00      0.00      0.00      0.00      0.00      0.00      0.00
17:26:11         ens5    376.00    495.00    173.26    197.91      0.00      0.00      0.00      0.00

17:26:11        IFACE   rxpck/s   txpck/s    rxkB/s    txkB/s   rxcmp/s   txcmp/s  rxmcst/s   %ifutil
17:26:12           lo      0.00      0.00      0.00      0.00      0.00      0.00      0.00      0.00
17:26:12         ens5    663.00   1119.00    455.70    534.95      0.00      0.00      0.00      0.00

17:26:12        IFACE   rxpck/s   txpck/s    rxkB/s    txkB/s   rxcmp/s   txcmp/s  rxmcst/s   %ifutil
17:26:13           lo      0.00      0.00      0.00      0.00      0.00      0.00      0.00      0.00
17:26:13         ens5    588.00   1056.00    432.03    521.78      0.00      0.00      0.00      0.00

17:26:13        IFACE   rxpck/s   txpck/s    rxkB/s    txkB/s   rxcmp/s   txcmp/s  rxmcst/s   %ifutil
17:26:14           lo      0.00      0.00      0.00      0.00      0.00      0.00      0.00      0.00
17:26:14         ens5    449.00    722.00    289.03    339.41      0.00      0.00      0.00      0.00

17:26:14        IFACE   rxpck/s   txpck/s    rxkB/s    txkB/s   rxcmp/s   txcmp/s  rxmcst/s   %ifutil
17:26:15           lo      0.00      0.00      0.00      0.00      0.00      0.00      0.00      0.00
17:26:15         ens5    710.00    931.00   1561.80    465.12      0.00      0.00      0.00      0.00

17:26:15        IFACE   rxpck/s   txpck/s    rxkB/s    txkB/s   rxcmp/s   txcmp/s  rxmcst/s   %ifutil
17:26:16           lo      0.00      0.00      0.00      0.00      0.00      0.00      0.00      0.00
17:26:16         ens5    533.00    670.00   1500.35    409.39      0.00      0.00      0.00      0.00

17:26:16        IFACE   rxpck/s   txpck/s    rxkB/s    txkB/s   rxcmp/s   txcmp/s  rxmcst/s   %ifutil
17:26:17           lo      0.00      0.00      0.00      0.00      0.00      0.00      0.00      0.00
17:26:17         ens5    264.00    384.00    289.91    524.21      0.00      0.00      0.00      0.00

17:26:17        IFACE   rxpck/s   txpck/s    rxkB/s    txkB/s   rxcmp/s   txcmp/s  rxmcst/s   %ifutil
17:26:18           lo      0.00      0.00      0.00      0.00      0.00      0.00      0.00      0.00
17:26:18         ens5    385.00    421.00   1349.32    274.69      0.00      0.00      0.00      0.00

17:26:18        IFACE   rxpck/s   txpck/s    rxkB/s    txkB/s   rxcmp/s   txcmp/s  rxmcst/s   %ifutil
17:26:19           lo      0.00      0.00      0.00      0.00      0.00      0.00      0.00      0.00
17:26:19         ens5    371.00    636.00    306.03    360.35      0.00      0.00      0.00      0.00

17:26:19        IFACE   rxpck/s   txpck/s    rxkB/s    txkB/s   rxcmp/s   txcmp/s  rxmcst/s   %ifutil
17:26:20           lo      0.00      0.00      0.00      0.00      0.00      0.00      0.00      0.00
17:26:20         ens5    485.00    634.00   1386.47    308.77      0.00      0.00      0.00      0.00

17:26:20        IFACE   rxpck/s   txpck/s    rxkB/s    txkB/s   rxcmp/s   txcmp/s  rxmcst/s   %ifutil
17:26:21           lo      0.00      0.00      0.00      0.00      0.00      0.00      0.00      0.00
17:26:21         ens5    355.00    304.00   1268.12    163.95      0.00      0.00      0.00      0.00

17:26:21        IFACE   rxpck/s   txpck/s    rxkB/s    txkB/s   rxcmp/s   txcmp/s  rxmcst/s   %ifutil
17:26:22           lo      0.00      0.00      0.00      0.00      0.00      0.00      0.00      0.00
17:26:22         ens5    384.00    371.00   1376.93    288.11      0.00      0.00      0.00      0.00

17:26:22        IFACE   rxpck/s   txpck/s    rxkB/s    txkB/s   rxcmp/s   txcmp/s  rxmcst/s   %ifutil
17:26:23           lo      0.00      0.00      0.00      0.00      0.00      0.00      0.00      0.00
17:26:23         ens5    620.00    771.00   1437.51    358.37      0.00      0.00      0.00      0.00

17:26:23        IFACE   rxpck/s   txpck/s    rxkB/s    txkB/s   rxcmp/s   txcmp/s  rxmcst/s   %ifutil
17:26:24           lo      0.00      0.00      0.00      0.00      0.00      0.00      0.00      0.00
17:26:24         ens5    504.00    607.00   1401.41    325.96      0.00      0.00      0.00      0.00

17:26:24        IFACE   rxpck/s   txpck/s    rxkB/s    txkB/s   rxcmp/s   txcmp/s  rxmcst/s   %ifutil
17:26:25           lo      0.00      0.00      0.00      0.00      0.00      0.00      0.00      0.00
17:26:25         ens5    422.00    404.00   1330.25    223.39      0.00      0.00      0.00      0.00

17:26:25        IFACE   rxpck/s   txpck/s    rxkB/s    txkB/s   rxcmp/s   txcmp/s  rxmcst/s   %ifutil
17:26:26           lo      0.00      0.00      0.00      0.00      0.00      0.00      0.00      0.00
17:26:26         ens5    453.00    628.00    425.05    461.36      0.00      0.00      0.00      0.00
