Linux 6.1.166-197.305.amzn2023.x86_64 (ip-172-31-65-7.ec2.internal) 	04/22/26 	_x86_64_	(2 CPU)

14:23:29        IFACE   rxpck/s   txpck/s    rxkB/s    txkB/s   rxcmp/s   txcmp/s  rxmcst/s   %ifutil
14:23:30           lo      0.00      0.00      0.00      0.00      0.00      0.00      0.00      0.00
14:23:30         ens5   1182.00    991.00    313.77    453.83      0.00      0.00      0.00      0.00

14:23:30        IFACE   rxpck/s   txpck/s    rxkB/s    txkB/s   rxcmp/s   txcmp/s  rxmcst/s   %ifutil
14:23:31           lo      0.00      0.00      0.00      0.00      0.00      0.00      0.00      0.00
14:23:31         ens5   3647.00   2968.00    849.36    882.73      0.00      0.00      0.00      0.00

14:23:31        IFACE   rxpck/s   txpck/s    rxkB/s    txkB/s   rxcmp/s   txcmp/s  rxmcst/s   %ifutil
14:23:32           lo      0.00      0.00      0.00      0.00      0.00      0.00      0.00      0.00
14:23:32         ens5   4109.00   3364.00   1031.48   1049.13      0.00      0.00      0.00      0.00

14:23:32        IFACE   rxpck/s   txpck/s    rxkB/s    txkB/s   rxcmp/s   txcmp/s  rxmcst/s   %ifutil
14:23:33           lo      0.00      0.00      0.00      0.00      0.00      0.00      0.00      0.00
14:23:33         ens5   4454.00   3680.00   1075.34   1107.47      0.00      0.00      0.00      0.00

14:23:33        IFACE   rxpck/s   txpck/s    rxkB/s    txkB/s   rxcmp/s   txcmp/s  rxmcst/s   %ifutil
14:23:34           lo      0.00      0.00      0.00      0.00      0.00      0.00      0.00      0.00
14:23:34         ens5   4150.00   3333.00   1003.37   1020.01      0.00      0.00      0.00      0.00

14:23:34        IFACE   rxpck/s   txpck/s    rxkB/s    txkB/s   rxcmp/s   txcmp/s  rxmcst/s   %ifutil
14:23:35           lo      0.00      0.00      0.00      0.00      0.00      0.00      0.00      0.00
14:23:35         ens5   3926.00   3180.00    970.76    975.45      0.00      0.00      0.00      0.00

14:23:35        IFACE   rxpck/s   txpck/s    rxkB/s    txkB/s   rxcmp/s   txcmp/s  rxmcst/s   %ifutil
14:23:36           lo      0.00      0.00      0.00      0.00      0.00      0.00      0.00      0.00
14:23:36         ens5   4352.00   3557.00   1074.93   1090.08      0.00      0.00      0.00      0.00

14:23:36        IFACE   rxpck/s   txpck/s    rxkB/s    txkB/s   rxcmp/s   txcmp/s  rxmcst/s   %ifutil
14:23:37           lo      0.00      0.00      0.00      0.00      0.00      0.00      0.00      0.00
14:23:37         ens5   4053.00   3395.00   1079.32   1091.52      0.00      0.00      0.00      0.00

14:23:37        IFACE   rxpck/s   txpck/s    rxkB/s    txkB/s   rxcmp/s   txcmp/s  rxmcst/s   %ifutil
14:23:38           lo      0.00      0.00      0.00      0.00      0.00      0.00      0.00      0.00
14:23:38         ens5   3751.00   3043.00   1009.75    952.96      0.00      0.00      0.00      0.00

14:23:38        IFACE   rxpck/s   txpck/s    rxkB/s    txkB/s   rxcmp/s   txcmp/s  rxmcst/s   %ifutil
14:23:39           lo      0.00      0.00      0.00      0.00      0.00      0.00      0.00      0.00
14:23:39         ens5   4263.00   3484.00   1081.02   1169.41      0.00      0.00      0.00      0.00

14:23:39        IFACE   rxpck/s   txpck/s    rxkB/s    txkB/s   rxcmp/s   txcmp/s  rxmcst/s   %ifutil
14:23:40           lo      0.00      0.00      0.00      0.00      0.00      0.00      0.00      0.00
14:23:40         ens5   4073.00   3406.00   1050.85   1233.82      0.00      0.00      0.00      0.00

14:23:40        IFACE   rxpck/s   txpck/s    rxkB/s    txkB/s   rxcmp/s   txcmp/s  rxmcst/s   %ifutil
14:23:41           lo      0.00      0.00      0.00      0.00      0.00      0.00      0.00      0.00
14:23:41         ens5   3594.00   2938.00    881.66    909.87      0.00      0.00      0.00      0.00

14:23:41        IFACE   rxpck/s   txpck/s    rxkB/s    txkB/s   rxcmp/s   txcmp/s  rxmcst/s   %ifutil
14:23:42           lo      0.00      0.00      0.00      0.00      0.00      0.00      0.00      0.00
14:23:42         ens5   4331.00   3518.00   1081.65   1098.96      0.00      0.00      0.00      0.00

14:23:42        IFACE   rxpck/s   txpck/s    rxkB/s    txkB/s   rxcmp/s   txcmp/s  rxmcst/s   %ifutil
14:23:43           lo      0.00      0.00      0.00      0.00      0.00      0.00      0.00      0.00
14:23:43         ens5   4245.00   3442.00   1061.92   1065.36      0.00      0.00      0.00      0.00

14:23:43        IFACE   rxpck/s   txpck/s    rxkB/s    txkB/s   rxcmp/s   txcmp/s  rxmcst/s   %ifutil
14:23:44           lo      0.00      0.00      0.00      0.00      0.00      0.00      0.00      0.00
14:23:44         ens5   3161.00   3081.00    893.96    930.22      0.00      0.00      0.00      0.00

14:23:44        IFACE   rxpck/s   txpck/s    rxkB/s    txkB/s   rxcmp/s   txcmp/s  rxmcst/s   %ifutil
14:23:45           lo      0.00      0.00      0.00      0.00      0.00      0.00      0.00      0.00
14:23:45         ens5   4471.00   3664.00   1138.95   1137.89      0.00      0.00      0.00      0.00

14:23:45        IFACE   rxpck/s   txpck/s    rxkB/s    txkB/s   rxcmp/s   txcmp/s  rxmcst/s   %ifutil
14:23:46           lo      0.00      0.00      0.00      0.00      0.00      0.00      0.00      0.00
14:23:46         ens5   4073.00   3313.00   1003.69   1030.46      0.00      0.00      0.00      0.00

14:23:46        IFACE   rxpck/s   txpck/s    rxkB/s    txkB/s   rxcmp/s   txcmp/s  rxmcst/s   %ifutil
14:23:47           lo      0.00      0.00      0.00      0.00      0.00      0.00      0.00      0.00
14:23:47         ens5   3772.00   3059.00    974.52    988.86      0.00      0.00      0.00      0.00

14:23:47        IFACE   rxpck/s   txpck/s    rxkB/s    txkB/s   rxcmp/s   txcmp/s  rxmcst/s   %ifutil
14:23:48           lo      0.00      0.00      0.00      0.00      0.00      0.00      0.00      0.00
14:23:48         ens5   4383.00   3602.00   1124.55   1111.31      0.00      0.00      0.00      0.00

14:23:48        IFACE   rxpck/s   txpck/s    rxkB/s    txkB/s   rxcmp/s   txcmp/s  rxmcst/s   %ifutil
14:23:49           lo      0.00      0.00      0.00      0.00      0.00      0.00      0.00      0.00
14:23:49         ens5   4018.00   3307.00   1026.33   1104.85      0.00      0.00      0.00      0.00

14:23:49        IFACE   rxpck/s   txpck/s    rxkB/s    txkB/s   rxcmp/s   txcmp/s  rxmcst/s   %ifutil
14:23:50           lo      0.00      0.00      0.00      0.00      0.00      0.00      0.00      0.00
14:23:50         ens5   3619.00   2968.00    946.13   1094.68      0.00      0.00      0.00      0.00

14:23:50        IFACE   rxpck/s   txpck/s    rxkB/s    txkB/s   rxcmp/s   txcmp/s  rxmcst/s   %ifutil
14:23:51           lo      0.00      0.00      0.00      0.00      0.00      0.00      0.00      0.00
14:23:51         ens5   4581.00   3740.00   1151.53   1181.94      0.00      0.00      0.00      0.00

14:23:51        IFACE   rxpck/s   txpck/s    rxkB/s    txkB/s   rxcmp/s   txcmp/s  rxmcst/s   %ifutil
14:23:52           lo      0.00      0.00      0.00      0.00      0.00      0.00      0.00      0.00
14:23:52         ens5   4008.00   3267.00    975.79    997.93      0.00      0.00      0.00      0.00

14:23:52        IFACE   rxpck/s   txpck/s    rxkB/s    txkB/s   rxcmp/s   txcmp/s  rxmcst/s   %ifutil
14:23:53           lo      0.00      0.00      0.00      0.00      0.00      0.00      0.00      0.00
14:23:53         ens5   3617.00   2954.00    900.73    917.35      0.00      0.00      0.00      0.00

14:23:53        IFACE   rxpck/s   txpck/s    rxkB/s    txkB/s   rxcmp/s   txcmp/s  rxmcst/s   %ifutil
14:23:54           lo      0.00      0.00      0.00      0.00      0.00      0.00      0.00      0.00
14:23:54         ens5   4761.00   3864.00   1178.84   1216.45      0.00      0.00      0.00      0.00

14:23:54        IFACE   rxpck/s   txpck/s    rxkB/s    txkB/s   rxcmp/s   txcmp/s  rxmcst/s   %ifutil
14:23:55           lo      0.00      0.00      0.00      0.00      0.00      0.00      0.00      0.00
14:23:55         ens5   3770.00   3129.00    961.37    973.98      0.00      0.00      0.00      0.00

14:23:55        IFACE   rxpck/s   txpck/s    rxkB/s    txkB/s   rxcmp/s   txcmp/s  rxmcst/s   %ifutil
14:23:56           lo      0.00      0.00      0.00      0.00      0.00      0.00      0.00      0.00
14:23:56         ens5   3913.00   3179.00    981.80    997.99      0.00      0.00      0.00      0.00

14:23:56        IFACE   rxpck/s   txpck/s    rxkB/s    txkB/s   rxcmp/s   txcmp/s  rxmcst/s   %ifutil
14:23:57           lo      0.00      0.00      0.00      0.00      0.00      0.00      0.00      0.00
14:23:57         ens5   4550.00   3715.00   1152.17   1197.76      0.00      0.00      0.00      0.00

14:23:57        IFACE   rxpck/s   txpck/s    rxkB/s    txkB/s   rxcmp/s   txcmp/s  rxmcst/s   %ifutil
14:23:58           lo      0.00      0.00      0.00      0.00      0.00      0.00      0.00      0.00
14:23:58         ens5   3598.00   2939.00    923.68    898.24      0.00      0.00      0.00      0.00

14:23:58        IFACE   rxpck/s   txpck/s    rxkB/s    txkB/s   rxcmp/s   txcmp/s  rxmcst/s   %ifutil
14:23:59           lo      0.00      0.00      0.00      0.00      0.00      0.00      0.00      0.00
14:23:59         ens5   4065.00   3329.00   1066.64   1107.53      0.00      0.00      0.00      0.00

14:23:59        IFACE   rxpck/s   txpck/s    rxkB/s    txkB/s   rxcmp/s   txcmp/s  rxmcst/s   %ifutil
14:24:00           lo      0.00      0.00      0.00      0.00      0.00      0.00      0.00      0.00
14:24:00         ens5   4126.00   3429.00   1056.82   1229.63      0.00      0.00      0.00      0.00

14:24:00        IFACE   rxpck/s   txpck/s    rxkB/s    txkB/s   rxcmp/s   txcmp/s  rxmcst/s   %ifutil
14:24:01           lo      0.00      0.00      0.00      0.00      0.00      0.00      0.00      0.00
14:24:01         ens5   3378.00   2739.00    822.87    849.26      0.00      0.00      0.00      0.00

14:24:01        IFACE   rxpck/s   txpck/s    rxkB/s    txkB/s   rxcmp/s   txcmp/s  rxmcst/s   %ifutil
14:24:02           lo      0.00      0.00      0.00      0.00      0.00      0.00      0.00      0.00
14:24:02         ens5   4492.00   3687.00   1119.19   1171.14      0.00      0.00      0.00      0.00

14:24:02        IFACE   rxpck/s   txpck/s    rxkB/s    txkB/s   rxcmp/s   txcmp/s  rxmcst/s   %ifutil
14:24:03           lo      0.00      0.00      0.00      0.00      0.00      0.00      0.00      0.00
14:24:03         ens5   3288.00   2672.00    805.02    833.63      0.00      0.00      0.00      0.00

14:24:03        IFACE   rxpck/s   txpck/s    rxkB/s    txkB/s   rxcmp/s   txcmp/s  rxmcst/s   %ifutil
14:24:04           lo      0.00      0.00      0.00      0.00      0.00      0.00      0.00      0.00
14:24:04         ens5   4078.00   3319.00   1016.25   1041.73      0.00      0.00      0.00      0.00

14:24:04        IFACE   rxpck/s   txpck/s    rxkB/s    txkB/s   rxcmp/s   txcmp/s  rxmcst/s   %ifutil
14:24:05           lo      0.00      0.00      0.00      0.00      0.00      0.00      0.00      0.00
14:24:05         ens5   4123.00   3391.00   1036.29   1064.03      0.00      0.00      0.00      0.00

14:24:05        IFACE   rxpck/s   txpck/s    rxkB/s    txkB/s   rxcmp/s   txcmp/s  rxmcst/s   %ifutil
14:24:06           lo      0.00      0.00      0.00      0.00      0.00      0.00      0.00      0.00
14:24:06         ens5   3624.00   2899.00    928.86    914.98      0.00      0.00      0.00      0.00

14:24:06        IFACE   rxpck/s   txpck/s    rxkB/s    txkB/s   rxcmp/s   txcmp/s  rxmcst/s   %ifutil
14:24:07           lo      0.00      0.00      0.00      0.00      0.00      0.00      0.00      0.00
14:24:07         ens5   4688.00   3894.00   1196.08   1271.47      0.00      0.00      0.00      0.00

14:24:07        IFACE   rxpck/s   txpck/s    rxkB/s    txkB/s   rxcmp/s   txcmp/s  rxmcst/s   %ifutil
14:24:08           lo      0.00      0.00      0.00      0.00      0.00      0.00      0.00      0.00
14:24:08         ens5   3599.00   2953.00    982.76    922.11      0.00      0.00      0.00      0.00

14:24:08        IFACE   rxpck/s   txpck/s    rxkB/s    txkB/s   rxcmp/s   txcmp/s  rxmcst/s   %ifutil
14:24:09           lo      0.00      0.00      0.00      0.00      0.00      0.00      0.00      0.00
14:24:09         ens5   4023.00   3255.00   1012.95   1105.26      0.00      0.00      0.00      0.00

14:24:09        IFACE   rxpck/s   txpck/s    rxkB/s    txkB/s   rxcmp/s   txcmp/s  rxmcst/s   %ifutil
14:24:10           lo      0.00      0.00      0.00      0.00      0.00      0.00      0.00      0.00
14:24:10         ens5   4066.00   3340.00   1052.30   1223.14      0.00      0.00      0.00      0.00

14:24:10        IFACE   rxpck/s   txpck/s    rxkB/s    txkB/s   rxcmp/s   txcmp/s  rxmcst/s   %ifutil
14:24:11           lo      0.00      0.00      0.00      0.00      0.00      0.00      0.00      0.00
14:24:11         ens5   3489.00   2822.00    851.08    891.47      0.00      0.00      0.00      0.00

14:24:11        IFACE   rxpck/s   txpck/s    rxkB/s    txkB/s   rxcmp/s   txcmp/s  rxmcst/s   %ifutil
14:24:12           lo      0.00      0.00      0.00      0.00      0.00      0.00      0.00      0.00
14:24:12         ens5   4923.00   3994.00   1223.84   1251.49      0.00      0.00      0.00      0.00

14:24:12        IFACE   rxpck/s   txpck/s    rxkB/s    txkB/s   rxcmp/s   txcmp/s  rxmcst/s   %ifutil
14:24:13           lo      0.00      0.00      0.00      0.00      0.00      0.00      0.00      0.00
14:24:13         ens5   3629.00   2899.00    882.78    896.87      0.00      0.00      0.00      0.00

14:24:13        IFACE   rxpck/s   txpck/s    rxkB/s    txkB/s   rxcmp/s   txcmp/s  rxmcst/s   %ifutil
14:24:14           lo      0.00      0.00      0.00      0.00      0.00      0.00      0.00      0.00
14:24:14         ens5   4264.00   3474.00   1067.83   1093.75      0.00      0.00      0.00      0.00

14:24:14        IFACE   rxpck/s   txpck/s    rxkB/s    txkB/s   rxcmp/s   txcmp/s  rxmcst/s   %ifutil
14:24:15           lo      0.00      0.00      0.00      0.00      0.00      0.00      0.00      0.00
14:24:15         ens5   4278.00   3489.00   1058.69   1095.02      0.00      0.00      0.00      0.00

14:24:15        IFACE   rxpck/s   txpck/s    rxkB/s    txkB/s   rxcmp/s   txcmp/s  rxmcst/s   %ifutil
14:24:16           lo      0.00      0.00      0.00      0.00      0.00      0.00      0.00      0.00
14:24:16         ens5   3670.00   2950.00    905.65    924.27      0.00      0.00      0.00      0.00

14:24:16        IFACE   rxpck/s   txpck/s    rxkB/s    txkB/s   rxcmp/s   txcmp/s  rxmcst/s   %ifutil
14:24:17           lo      0.00      0.00      0.00      0.00      0.00      0.00      0.00      0.00
14:24:17         ens5   4719.00   3866.00   1176.23   1245.87      0.00      0.00      0.00      0.00

14:24:17        IFACE   rxpck/s   txpck/s    rxkB/s    txkB/s   rxcmp/s   txcmp/s  rxmcst/s   %ifutil
14:24:18           lo      0.00      0.00      0.00      0.00      0.00      0.00      0.00      0.00
14:24:18         ens5   3429.00   2779.00    916.40    867.03      0.00      0.00      0.00      0.00

14:24:18        IFACE   rxpck/s   txpck/s    rxkB/s    txkB/s   rxcmp/s   txcmp/s  rxmcst/s   %ifutil
14:24:19           lo      0.00      0.00      0.00      0.00      0.00      0.00      0.00      0.00
14:24:19         ens5   4418.00   3627.00   1167.19   1237.55      0.00      0.00      0.00      0.00

14:24:19        IFACE   rxpck/s   txpck/s    rxkB/s    txkB/s   rxcmp/s   txcmp/s  rxmcst/s   %ifutil
14:24:20           lo      0.00      0.00      0.00      0.00      0.00      0.00      0.00      0.00
14:24:20         ens5   3826.00   3158.00   1019.82   1164.93      0.00      0.00      0.00      0.00

14:24:20        IFACE   rxpck/s   txpck/s    rxkB/s    txkB/s   rxcmp/s   txcmp/s  rxmcst/s   %ifutil
14:24:21           lo      0.00      0.00      0.00      0.00      0.00      0.00      0.00      0.00
14:24:21         ens5   3542.00   2908.00    866.58    922.19      0.00      0.00      0.00      0.00

14:24:21        IFACE   rxpck/s   txpck/s    rxkB/s    txkB/s   rxcmp/s   txcmp/s  rxmcst/s   %ifutil
14:24:22           lo      0.00      0.00      0.00      0.00      0.00      0.00      0.00      0.00
14:24:22         ens5   4354.00   3597.00   1098.35   1115.06      0.00      0.00      0.00      0.00

14:24:22        IFACE   rxpck/s   txpck/s    rxkB/s    txkB/s   rxcmp/s   txcmp/s  rxmcst/s   %ifutil
14:24:23           lo      0.00      0.00      0.00      0.00      0.00      0.00      0.00      0.00
14:24:23         ens5   3496.00   2828.00    855.62    870.04      0.00      0.00      0.00      0.00

14:24:23        IFACE   rxpck/s   txpck/s    rxkB/s    txkB/s   rxcmp/s   txcmp/s  rxmcst/s   %ifutil
14:24:24           lo      0.00      0.00      0.00      0.00      0.00      0.00      0.00      0.00
14:24:24         ens5   4868.00   3980.00   1206.70   1240.80      0.00      0.00      0.00      0.00

14:24:24        IFACE   rxpck/s   txpck/s    rxkB/s    txkB/s   rxcmp/s   txcmp/s  rxmcst/s   %ifutil
14:24:25           lo      0.00      0.00      0.00      0.00      0.00      0.00      0.00      0.00
14:24:25         ens5   3458.00   2779.00    874.06    884.15      0.00      0.00      0.00      0.00

14:24:25        IFACE   rxpck/s   txpck/s    rxkB/s    txkB/s   rxcmp/s   txcmp/s  rxmcst/s   %ifutil
14:24:26           lo      0.00      0.00      0.00      0.00      0.00      0.00      0.00      0.00
14:24:26         ens5   4378.00   3533.00   1093.42   1099.87      0.00      0.00      0.00      0.00

14:24:26        IFACE   rxpck/s   txpck/s    rxkB/s    txkB/s   rxcmp/s   txcmp/s  rxmcst/s   %ifutil
14:24:27           lo      0.00      0.00      0.00      0.00      0.00      0.00      0.00      0.00
14:24:27         ens5   3971.00   3267.00   1070.93   1084.46      0.00      0.00      0.00      0.00

14:24:27        IFACE   rxpck/s   txpck/s    rxkB/s    txkB/s   rxcmp/s   txcmp/s  rxmcst/s   %ifutil
14:24:28           lo      0.00      0.00      0.00      0.00      0.00      0.00      0.00      0.00
14:24:28         ens5   3545.00   2936.00    933.18    930.49      0.00      0.00      0.00      0.00

14:24:28        IFACE   rxpck/s   txpck/s    rxkB/s    txkB/s   rxcmp/s   txcmp/s  rxmcst/s   %ifutil
14:24:29           lo      0.00      0.00      0.00      0.00      0.00      0.00      0.00      0.00
14:24:29         ens5   4556.00   3715.00   1144.50   1224.71      0.00      0.00      0.00      0.00

14:24:29        IFACE   rxpck/s   txpck/s    rxkB/s    txkB/s   rxcmp/s   txcmp/s  rxmcst/s   %ifutil
14:24:30           lo      0.00      0.00      0.00      0.00      0.00      0.00      0.00      0.00
14:24:30         ens5   3305.00   2678.00    871.15   1029.17      0.00      0.00      0.00      0.00

14:24:30        IFACE   rxpck/s   txpck/s    rxkB/s    txkB/s   rxcmp/s   txcmp/s  rxmcst/s   %ifutil
14:24:31           lo      0.00      0.00      0.00      0.00      0.00      0.00      0.00      0.00
14:24:31         ens5   4791.00   3859.00   1241.95   1220.72      0.00      0.00      0.00      0.00

14:24:31        IFACE   rxpck/s   txpck/s    rxkB/s    txkB/s   rxcmp/s   txcmp/s  rxmcst/s   %ifutil
14:24:32           lo      0.00      0.00      0.00      0.00      0.00      0.00      0.00      0.00
14:24:32         ens5   3387.00   2753.00    843.35    875.44      0.00      0.00      0.00      0.00

14:24:32        IFACE   rxpck/s   txpck/s    rxkB/s    txkB/s   rxcmp/s   txcmp/s  rxmcst/s   %ifutil
14:24:33           lo      0.00      0.00      0.00      0.00      0.00      0.00      0.00      0.00
14:24:33         ens5   4534.00   3446.00   1228.64   1214.45      0.00      0.00      0.00      0.00

14:24:33        IFACE   rxpck/s   txpck/s    rxkB/s    txkB/s   rxcmp/s   txcmp/s  rxmcst/s   %ifutil
14:24:34           lo      0.00      0.00      0.00      0.00      0.00      0.00      0.00      0.00
14:24:34         ens5   3925.00   3130.00   1000.19   1013.98      0.00      0.00      0.00      0.00

14:24:34        IFACE   rxpck/s   txpck/s    rxkB/s    txkB/s   rxcmp/s   txcmp/s  rxmcst/s   %ifutil
14:24:35           lo      0.00      0.00      0.00      0.00      0.00      0.00      0.00      0.00
14:24:35         ens5   4056.00   3302.00   1004.73   1028.48      0.00      0.00      0.00      0.00

14:24:35        IFACE   rxpck/s   txpck/s    rxkB/s    txkB/s   rxcmp/s   txcmp/s  rxmcst/s   %ifutil
14:24:36           lo      0.00      0.00      0.00      0.00      0.00      0.00      0.00      0.00
14:24:36         ens5   4261.00   3440.00   1057.31   1083.59      0.00      0.00      0.00      0.00

14:24:36        IFACE   rxpck/s   txpck/s    rxkB/s    txkB/s   rxcmp/s   txcmp/s  rxmcst/s   %ifutil
14:24:37           lo      0.00      0.00      0.00      0.00      0.00      0.00      0.00      0.00
14:24:37         ens5   3490.00   2829.00    919.14    946.94      0.00      0.00      0.00      0.00

14:24:37        IFACE   rxpck/s   txpck/s    rxkB/s    txkB/s   rxcmp/s   txcmp/s  rxmcst/s   %ifutil
14:24:38           lo      0.00      0.00      0.00      0.00      0.00      0.00      0.00      0.00
14:24:38         ens5   4730.00   3856.00   1231.11   1215.12      0.00      0.00      0.00      0.00

14:24:38        IFACE   rxpck/s   txpck/s    rxkB/s    txkB/s   rxcmp/s   txcmp/s  rxmcst/s   %ifutil
14:24:39           lo      0.00      0.00      0.00      0.00      0.00      0.00      0.00      0.00
14:24:39         ens5   3264.00   2646.00    826.85    931.01      0.00      0.00      0.00      0.00

14:24:39        IFACE   rxpck/s   txpck/s    rxkB/s    txkB/s   rxcmp/s   txcmp/s  rxmcst/s   %ifutil
14:24:40           lo      0.00      0.00      0.00      0.00      0.00      0.00      0.00      0.00
14:24:40         ens5   4518.81   3748.51   1174.91   1362.51      0.00      0.00      0.00      0.00

14:24:40        IFACE   rxpck/s   txpck/s    rxkB/s    txkB/s   rxcmp/s   txcmp/s  rxmcst/s   %ifutil
14:24:41           lo      0.00      0.00      0.00      0.00      0.00      0.00      0.00      0.00
14:24:41         ens5   3090.00   2565.00    760.44    796.22      0.00      0.00      0.00      0.00

14:24:41        IFACE   rxpck/s   txpck/s    rxkB/s    txkB/s   rxcmp/s   txcmp/s  rxmcst/s   %ifutil
14:24:42           lo      0.00      0.00      0.00      0.00      0.00      0.00      0.00      0.00
14:24:42         ens5   4589.00   3770.00   1144.69   1186.44      0.00      0.00      0.00      0.00

14:24:42        IFACE   rxpck/s   txpck/s    rxkB/s    txkB/s   rxcmp/s   txcmp/s  rxmcst/s   %ifutil
14:24:43           lo      0.00      0.00      0.00      0.00      0.00      0.00      0.00      0.00
14:24:43         ens5   3359.00   2729.00    857.22    865.90      0.00      0.00      0.00      0.00

14:24:43        IFACE   rxpck/s   txpck/s    rxkB/s    txkB/s   rxcmp/s   txcmp/s  rxmcst/s   %ifutil
14:24:44           lo      0.00      0.00      0.00      0.00      0.00      0.00      0.00      0.00
14:24:44         ens5   4069.00   3308.00   1038.20   1064.02      0.00      0.00      0.00      0.00

14:24:44        IFACE   rxpck/s   txpck/s    rxkB/s    txkB/s   rxcmp/s   txcmp/s  rxmcst/s   %ifutil
14:24:45           lo      0.00      0.00      0.00      0.00      0.00      0.00      0.00      0.00
14:24:45         ens5   1894.00   1516.00    482.16    505.75      0.00      0.00      0.00      0.00

14:24:45        IFACE   rxpck/s   txpck/s    rxkB/s    txkB/s   rxcmp/s   txcmp/s  rxmcst/s   %ifutil
14:24:46           lo      0.00      0.00      0.00      0.00      0.00      0.00      0.00      0.00
14:24:46         ens5   3684.00   2975.00    922.88    951.36      0.00      0.00      0.00      0.00

14:24:46        IFACE   rxpck/s   txpck/s    rxkB/s    txkB/s   rxcmp/s   txcmp/s  rxmcst/s   %ifutil
14:24:47           lo      0.00      0.00      0.00      0.00      0.00      0.00      0.00      0.00
14:24:47         ens5   3195.00   2584.00    827.41    871.95      0.00      0.00      0.00      0.00

14:24:47        IFACE   rxpck/s   txpck/s    rxkB/s    txkB/s   rxcmp/s   txcmp/s  rxmcst/s   %ifutil
14:24:48           lo      0.00      0.00      0.00      0.00      0.00      0.00      0.00      0.00
14:24:48         ens5   4777.00   3904.00   1243.81   1236.45      0.00      0.00      0.00      0.00

14:24:48        IFACE   rxpck/s   txpck/s    rxkB/s    txkB/s   rxcmp/s   txcmp/s  rxmcst/s   %ifutil
14:24:49           lo      0.00      0.00      0.00      0.00      0.00      0.00      0.00      0.00
14:24:49         ens5   3124.00   2596.00    817.00    914.44      0.00      0.00      0.00      0.00

14:24:49        IFACE   rxpck/s   txpck/s    rxkB/s    txkB/s   rxcmp/s   txcmp/s  rxmcst/s   %ifutil
14:24:50           lo      0.00      0.00      0.00      0.00      0.00      0.00      0.00      0.00
14:24:50         ens5   4067.00   3367.00   1044.19   1230.00      0.00      0.00      0.00      0.00

14:24:50        IFACE   rxpck/s   txpck/s    rxkB/s    txkB/s   rxcmp/s   txcmp/s  rxmcst/s   %ifutil
14:24:51           lo      0.00      0.00      0.00      0.00      0.00      0.00      0.00      0.00
14:24:51         ens5   3797.00   3083.00    937.33    964.35      0.00      0.00      0.00      0.00

14:24:51        IFACE   rxpck/s   txpck/s    rxkB/s    txkB/s   rxcmp/s   txcmp/s  rxmcst/s   %ifutil
14:24:52           lo      0.00      0.00      0.00      0.00      0.00      0.00      0.00      0.00
14:24:52         ens5   4150.00   3391.00   1046.77   1072.06      0.00      0.00      0.00      0.00

14:24:52        IFACE   rxpck/s   txpck/s    rxkB/s    txkB/s   rxcmp/s   txcmp/s  rxmcst/s   %ifutil
14:24:53           lo      0.00      0.00      0.00      0.00      0.00      0.00      0.00      0.00
14:24:53         ens5   3982.00   3276.00    990.37   1034.14      0.00      0.00      0.00      0.00

14:24:53        IFACE   rxpck/s   txpck/s    rxkB/s    txkB/s   rxcmp/s   txcmp/s  rxmcst/s   %ifutil
14:24:54           lo      0.00      0.00      0.00      0.00      0.00      0.00      0.00      0.00
14:24:54         ens5   3903.00   3176.00    943.14    998.73      0.00      0.00      0.00      0.00

14:24:54        IFACE   rxpck/s   txpck/s    rxkB/s    txkB/s   rxcmp/s   txcmp/s  rxmcst/s   %ifutil
14:24:55           lo      0.00      0.00      0.00      0.00      0.00      0.00      0.00      0.00
14:24:55         ens5   4372.00   3543.00   1106.47   1131.65      0.00      0.00      0.00      0.00

14:24:55        IFACE   rxpck/s   txpck/s    rxkB/s    txkB/s   rxcmp/s   txcmp/s  rxmcst/s   %ifutil
14:24:56           lo      0.00      0.00      0.00      0.00      0.00      0.00      0.00      0.00
14:24:56         ens5   3829.00   3144.00    987.03   1014.25      0.00      0.00      0.00      0.00

14:24:56        IFACE   rxpck/s   txpck/s    rxkB/s    txkB/s   rxcmp/s   txcmp/s  rxmcst/s   %ifutil
14:24:57           lo      0.00      0.00      0.00      0.00      0.00      0.00      0.00      0.00
14:24:57         ens5   4159.00   3437.00   1076.92   1140.70      0.00      0.00      0.00      0.00

14:24:57        IFACE   rxpck/s   txpck/s    rxkB/s    txkB/s   rxcmp/s   txcmp/s  rxmcst/s   %ifutil
14:24:58           lo      0.00      0.00      0.00      0.00      0.00      0.00      0.00      0.00
14:24:58         ens5   3693.00   3004.00    989.46    965.16      0.00      0.00      0.00      0.00

14:24:58        IFACE   rxpck/s   txpck/s    rxkB/s    txkB/s   rxcmp/s   txcmp/s  rxmcst/s   %ifutil
14:24:59           lo      0.00      0.00      0.00      0.00      0.00      0.00      0.00      0.00
14:24:59         ens5   4311.00   3511.00   1083.32   1186.55      0.00      0.00      0.00      0.00

14:24:59        IFACE   rxpck/s   txpck/s    rxkB/s    txkB/s   rxcmp/s   txcmp/s  rxmcst/s   %ifutil
14:25:00           lo      0.00      0.00      0.00      0.00      0.00      0.00      0.00      0.00
14:25:00         ens5   3576.00   2967.00    949.09   1123.76      0.00      0.00      0.00      0.00

14:25:00        IFACE   rxpck/s   txpck/s    rxkB/s    txkB/s   rxcmp/s   txcmp/s  rxmcst/s   %ifutil
14:25:01           lo      0.00      0.00      0.00      0.00      0.00      0.00      0.00      0.00
14:25:01         ens5   4138.00   3384.00   1010.46   1056.96      0.00      0.00      0.00      0.00

14:25:01        IFACE   rxpck/s   txpck/s    rxkB/s    txkB/s   rxcmp/s   txcmp/s  rxmcst/s   %ifutil
14:25:02           lo      0.00      0.00      0.00      0.00      0.00      0.00      0.00      0.00
14:25:02         ens5   3539.00   2849.00    904.08    915.74      0.00      0.00      0.00      0.00

14:25:02        IFACE   rxpck/s   txpck/s    rxkB/s    txkB/s   rxcmp/s   txcmp/s  rxmcst/s   %ifutil
14:25:03           lo      0.00      0.00      0.00      0.00      0.00      0.00      0.00      0.00
14:25:03         ens5   3911.00   3168.00    987.27   1015.45      0.00      0.00      0.00      0.00

14:25:03        IFACE   rxpck/s   txpck/s    rxkB/s    txkB/s   rxcmp/s   txcmp/s  rxmcst/s   %ifutil
14:25:04           lo      0.00      0.00      0.00      0.00      0.00      0.00      0.00      0.00
14:25:04         ens5   3866.00   3145.00    976.44    997.10      0.00      0.00      0.00      0.00

14:25:04        IFACE   rxpck/s   txpck/s    rxkB/s    txkB/s   rxcmp/s   txcmp/s  rxmcst/s   %ifutil
14:25:05           lo      0.00      0.00      0.00      0.00      0.00      0.00      0.00      0.00
14:25:05         ens5   3852.00   3177.00    942.28   1002.17      0.00      0.00      0.00      0.00

14:25:05        IFACE   rxpck/s   txpck/s    rxkB/s    txkB/s   rxcmp/s   txcmp/s  rxmcst/s   %ifutil
14:25:06           lo      0.00      0.00      0.00      0.00      0.00      0.00      0.00      0.00
14:25:06         ens5   4128.00   3379.00   1021.02   1082.18      0.00      0.00      0.00      0.00

14:25:06        IFACE   rxpck/s   txpck/s    rxkB/s    txkB/s   rxcmp/s   txcmp/s  rxmcst/s   %ifutil
14:25:07           lo      0.00      0.00      0.00      0.00      0.00      0.00      0.00      0.00
14:25:07         ens5   3442.00   2817.00    886.27    949.74      0.00      0.00      0.00      0.00

14:25:07        IFACE   rxpck/s   txpck/s    rxkB/s    txkB/s   rxcmp/s   txcmp/s  rxmcst/s   %ifutil
14:25:08           lo      0.00      0.00      0.00      0.00      0.00      0.00      0.00      0.00
14:25:08         ens5   4384.00   3546.00   1159.04   1134.59      0.00      0.00      0.00      0.00

14:25:08        IFACE   rxpck/s   txpck/s    rxkB/s    txkB/s   rxcmp/s   txcmp/s  rxmcst/s   %ifutil
14:25:09           lo      0.00      0.00      0.00      0.00      0.00      0.00      0.00      0.00
14:25:09         ens5   3740.00   3036.00    977.64   1049.71      0.00      0.00      0.00      0.00

14:25:09        IFACE   rxpck/s   txpck/s    rxkB/s    txkB/s   rxcmp/s   txcmp/s  rxmcst/s   %ifutil
14:25:10           lo      0.00      0.00      0.00      0.00      0.00      0.00      0.00      0.00
14:25:10         ens5   4071.00   3334.00   1062.09   1239.61      0.00      0.00      0.00      0.00

14:25:10        IFACE   rxpck/s   txpck/s    rxkB/s    txkB/s   rxcmp/s   txcmp/s  rxmcst/s   %ifutil
14:25:11           lo      0.00      0.00      0.00      0.00      0.00      0.00      0.00      0.00
14:25:11         ens5   3712.00   3039.00    937.01    971.39      0.00      0.00      0.00      0.00

14:25:11        IFACE   rxpck/s   txpck/s    rxkB/s    txkB/s   rxcmp/s   txcmp/s  rxmcst/s   %ifutil
14:25:12           lo      0.00      0.00      0.00      0.00      0.00      0.00      0.00      0.00
14:25:12         ens5   4181.00   3453.00   1060.36   1110.87      0.00      0.00      0.00      0.00

14:25:12        IFACE   rxpck/s   txpck/s    rxkB/s    txkB/s   rxcmp/s   txcmp/s  rxmcst/s   %ifutil
14:25:13           lo      0.00      0.00      0.00      0.00      0.00      0.00      0.00      0.00
14:25:13         ens5   3684.00   2991.00    909.82    956.75      0.00      0.00      0.00      0.00

14:25:13        IFACE   rxpck/s   txpck/s    rxkB/s    txkB/s   rxcmp/s   txcmp/s  rxmcst/s   %ifutil
14:25:14           lo      0.00      0.00      0.00      0.00      0.00      0.00      0.00      0.00
14:25:14         ens5   4328.00   3561.00   1079.37   1142.25      0.00      0.00      0.00      0.00

14:25:14        IFACE   rxpck/s   txpck/s    rxkB/s    txkB/s   rxcmp/s   txcmp/s  rxmcst/s   %ifutil
14:25:15           lo      0.00      0.00      0.00      0.00      0.00      0.00      0.00      0.00
14:25:15         ens5   3630.00   2977.00    932.60    950.79      0.00      0.00      0.00      0.00

14:25:15        IFACE   rxpck/s   txpck/s    rxkB/s    txkB/s   rxcmp/s   txcmp/s  rxmcst/s   %ifutil
14:25:16           lo      0.00      0.00      0.00      0.00      0.00      0.00      0.00      0.00
14:25:16         ens5   4316.00   3556.00   1090.24   1131.61      0.00      0.00      0.00      0.00

14:25:16        IFACE   rxpck/s   txpck/s    rxkB/s    txkB/s   rxcmp/s   txcmp/s  rxmcst/s   %ifutil
14:25:17           lo      0.00      0.00      0.00      0.00      0.00      0.00      0.00      0.00
14:25:17         ens5   3633.00   2922.00    996.98   1009.34      0.00      0.00      0.00      0.00

14:25:17        IFACE   rxpck/s   txpck/s    rxkB/s    txkB/s   rxcmp/s   txcmp/s  rxmcst/s   %ifutil
14:25:18           lo      0.00      0.00      0.00      0.00      0.00      0.00      0.00      0.00
14:25:18         ens5   4514.00   3708.00   1208.34   1191.21      0.00      0.00      0.00      0.00

14:25:18        IFACE   rxpck/s   txpck/s    rxkB/s    txkB/s   rxcmp/s   txcmp/s  rxmcst/s   %ifutil
14:25:19           lo      0.00      0.00      0.00      0.00      0.00      0.00      0.00      0.00
14:25:19         ens5   3363.00   2738.00    884.51    956.15      0.00      0.00      0.00      0.00

14:25:19        IFACE   rxpck/s   txpck/s    rxkB/s    txkB/s   rxcmp/s   txcmp/s  rxmcst/s   %ifutil
14:25:20           lo      0.00      0.00      0.00      0.00      0.00      0.00      0.00      0.00
14:25:20         ens5   3617.00   3585.00   1083.41   1302.42      0.00      0.00      0.00      0.00

14:25:20        IFACE   rxpck/s   txpck/s    rxkB/s    txkB/s   rxcmp/s   txcmp/s  rxmcst/s   %ifutil
14:25:21           lo      0.00      0.00      0.00      0.00      0.00      0.00      0.00      0.00
14:25:21         ens5   3059.00   2544.00    789.27    826.26      0.00      0.00      0.00      0.00

14:25:21        IFACE   rxpck/s   txpck/s    rxkB/s    txkB/s   rxcmp/s   txcmp/s  rxmcst/s   %ifutil
14:25:22           lo      0.00      0.00      0.00      0.00      0.00      0.00      0.00      0.00
14:25:22         ens5   4745.00   3848.00   1213.72   1213.08      0.00      0.00      0.00      0.00

14:25:22        IFACE   rxpck/s   txpck/s    rxkB/s    txkB/s   rxcmp/s   txcmp/s  rxmcst/s   %ifutil
14:25:23           lo      0.00      0.00      0.00      0.00      0.00      0.00      0.00      0.00
14:25:23         ens5   3089.00   2501.00    765.25    804.91      0.00      0.00      0.00      0.00

14:25:23        IFACE   rxpck/s   txpck/s    rxkB/s    txkB/s   rxcmp/s   txcmp/s  rxmcst/s   %ifutil
14:25:24           lo      0.00      0.00      0.00      0.00      0.00      0.00      0.00      0.00
14:25:24         ens5   4786.00   3964.00   1206.70   1261.22      0.00      0.00      0.00      0.00

14:25:24        IFACE   rxpck/s   txpck/s    rxkB/s    txkB/s   rxcmp/s   txcmp/s  rxmcst/s   %ifutil
14:25:25           lo      0.00      0.00      0.00      0.00      0.00      0.00      0.00      0.00
14:25:25         ens5   3236.00   2634.00    829.79    836.96      0.00      0.00      0.00      0.00

14:25:25        IFACE   rxpck/s   txpck/s    rxkB/s    txkB/s   rxcmp/s   txcmp/s  rxmcst/s   %ifutil
14:25:26           lo      0.00      0.00      0.00      0.00      0.00      0.00      0.00      0.00
14:25:26         ens5   4688.00   3808.00   1184.02   1220.21      0.00      0.00      0.00      0.00

14:25:26        IFACE   rxpck/s   txpck/s    rxkB/s    txkB/s   rxcmp/s   txcmp/s  rxmcst/s   %ifutil
14:25:27           lo      0.00      0.00      0.00      0.00      0.00      0.00      0.00      0.00
14:25:27         ens5   3447.00   2764.00    889.84    936.79      0.00      0.00      0.00      0.00

14:25:27        IFACE   rxpck/s   txpck/s    rxkB/s    txkB/s   rxcmp/s   txcmp/s  rxmcst/s   %ifutil
14:25:28           lo      0.00      0.00      0.00      0.00      0.00      0.00      0.00      0.00
14:25:28         ens5   4491.00   3667.00   1195.88   1157.88      0.00      0.00      0.00      0.00

14:25:28        IFACE   rxpck/s   txpck/s    rxkB/s    txkB/s   rxcmp/s   txcmp/s  rxmcst/s   %ifutil
14:25:29           lo      0.00      0.00      0.00      0.00      0.00      0.00      0.00      0.00
14:25:29         ens5   3520.00   2876.00    898.08   1002.92      0.00      0.00      0.00      0.00

14:25:29        IFACE   rxpck/s   txpck/s    rxkB/s    txkB/s   rxcmp/s   txcmp/s  rxmcst/s   %ifutil
14:25:30           lo      0.00      0.00      0.00      0.00      0.00      0.00      0.00      0.00
14:25:30         ens5   3356.00   2725.00    871.51   1034.60      0.00      0.00      0.00      0.00
