Linux 6.1.166-197.305.amzn2023.x86_64 (ip-172-31-35-8.ec2.internal) 	04/22/26 	_x86_64_	(2 CPU)

17:19:52        IFACE   rxpck/s   txpck/s    rxkB/s    txkB/s   rxcmp/s   txcmp/s  rxmcst/s   %ifutil
17:19:53           lo      0.00      0.00      0.00      0.00      0.00      0.00      0.00      0.00
17:19:53         ens5    875.00    882.00    403.63    161.89      0.00      0.00      0.00      0.00

17:19:53        IFACE   rxpck/s   txpck/s    rxkB/s    txkB/s   rxcmp/s   txcmp/s  rxmcst/s   %ifutil
17:19:54           lo      0.00      0.00      0.00      0.00      0.00      0.00      0.00      0.00
17:19:54         ens5    986.00   1037.00    511.93    213.94      0.00      0.00      0.00      0.00

17:19:54        IFACE   rxpck/s   txpck/s    rxkB/s    txkB/s   rxcmp/s   txcmp/s  rxmcst/s   %ifutil
17:19:55           lo      0.00      0.00      0.00      0.00      0.00      0.00      0.00      0.00
17:19:55         ens5    574.00    642.00    355.25    180.13      0.00      0.00      0.00      0.00

17:19:55        IFACE   rxpck/s   txpck/s    rxkB/s    txkB/s   rxcmp/s   txcmp/s  rxmcst/s   %ifutil
17:19:56           lo      0.00      0.00      0.00      0.00      0.00      0.00      0.00      0.00
17:19:56         ens5   1090.00   1202.00    614.69    281.26      0.00      0.00      0.00      0.00

17:19:56        IFACE   rxpck/s   txpck/s    rxkB/s    txkB/s   rxcmp/s   txcmp/s  rxmcst/s   %ifutil
17:19:57           lo      0.00      0.00      0.00      0.00      0.00      0.00      0.00      0.00
17:19:57         ens5    906.00   1011.00    430.27    179.08      0.00      0.00      0.00      0.00

17:19:57        IFACE   rxpck/s   txpck/s    rxkB/s    txkB/s   rxcmp/s   txcmp/s  rxmcst/s   %ifutil
17:19:58           lo      0.00      0.00      0.00      0.00      0.00      0.00      0.00      0.00
17:19:58         ens5    612.00    714.00    292.67    131.73      0.00      0.00      0.00      0.00

17:19:58        IFACE   rxpck/s   txpck/s    rxkB/s    txkB/s   rxcmp/s   txcmp/s  rxmcst/s   %ifutil
17:19:59           lo      0.00      0.00      0.00      0.00      0.00      0.00      0.00      0.00
17:19:59         ens5   1046.00   1166.00    495.40    225.12      0.00      0.00      0.00      0.00

17:19:59        IFACE   rxpck/s   txpck/s    rxkB/s    txkB/s   rxcmp/s   txcmp/s  rxmcst/s   %ifutil
17:20:00           lo      0.00      0.00      0.00      0.00      0.00      0.00      0.00      0.00
17:20:00         ens5   1023.00   1146.00    476.92    212.35      0.00      0.00      0.00      0.00

17:20:00        IFACE   rxpck/s   txpck/s    rxkB/s    txkB/s   rxcmp/s   txcmp/s  rxmcst/s   %ifutil
17:20:01           lo      0.00      0.00      0.00      0.00      0.00      0.00      0.00      0.00
17:20:01         ens5    592.00    668.00    292.63    127.23      0.00      0.00      0.00      0.00

17:20:01        IFACE   rxpck/s   txpck/s    rxkB/s    txkB/s   rxcmp/s   txcmp/s  rxmcst/s   %ifutil
17:20:02           lo      0.00      0.00      0.00      0.00      0.00      0.00      0.00      0.00
17:20:02         ens5    788.00    893.00    367.36    163.33      0.00      0.00      0.00      0.00

17:20:02        IFACE   rxpck/s   txpck/s    rxkB/s    txkB/s   rxcmp/s   txcmp/s  rxmcst/s   %ifutil
17:20:03           lo      0.00      0.00      0.00      0.00      0.00      0.00      0.00      0.00
17:20:03         ens5    994.00   1110.00    465.68    211.10      0.00      0.00      0.00      0.00

17:20:03        IFACE   rxpck/s   txpck/s    rxkB/s    txkB/s   rxcmp/s   txcmp/s  rxmcst/s   %ifutil
17:20:04           lo      0.00      0.00      0.00      0.00      0.00      0.00      0.00      0.00
17:20:04         ens5    629.00    712.00    337.91    127.67      0.00      0.00      0.00      0.00

17:20:04        IFACE   rxpck/s   txpck/s    rxkB/s    txkB/s   rxcmp/s   txcmp/s  rxmcst/s   %ifutil
17:20:05           lo      0.00      0.00      0.00      0.00      0.00      0.00      0.00      0.00
17:20:05         ens5    800.00    882.00    462.66    228.34      0.00      0.00      0.00      0.00

17:20:05        IFACE   rxpck/s   txpck/s    rxkB/s    txkB/s   rxcmp/s   txcmp/s  rxmcst/s   %ifutil
17:20:06           lo      0.00      0.00      0.00      0.00      0.00      0.00      0.00      0.00
17:20:06         ens5   1039.00   1157.00    617.66    271.00      0.00      0.00      0.00      0.00

17:20:06        IFACE   rxpck/s   txpck/s    rxkB/s    txkB/s   rxcmp/s   txcmp/s  rxmcst/s   %ifutil
17:20:07           lo      0.00      0.00      0.00      0.00      0.00      0.00      0.00      0.00
17:20:07         ens5    923.00   1067.00    495.84    232.56      0.00      0.00      0.00      0.00

17:20:07        IFACE   rxpck/s   txpck/s    rxkB/s    txkB/s   rxcmp/s   txcmp/s  rxmcst/s   %ifutil
17:20:08           lo      0.00      0.00      0.00      0.00      0.00      0.00      0.00      0.00
17:20:08         ens5    621.00    703.00    283.16    130.82      0.00      0.00      0.00      0.00

17:20:08        IFACE   rxpck/s   txpck/s    rxkB/s    txkB/s   rxcmp/s   txcmp/s  rxmcst/s   %ifutil
17:20:09           lo      0.00      0.00      0.00      0.00      0.00      0.00      0.00      0.00
17:20:09         ens5   1038.00   1156.00    487.93    210.12      0.00      0.00      0.00      0.00

17:20:09        IFACE   rxpck/s   txpck/s    rxkB/s    txkB/s   rxcmp/s   txcmp/s  rxmcst/s   %ifutil
17:20:10           lo      0.00      0.00      0.00      0.00      0.00      0.00      0.00      0.00
17:20:10         ens5    982.00   1138.00    446.57    224.55      0.00      0.00      0.00      0.00

17:20:10        IFACE   rxpck/s   txpck/s    rxkB/s    txkB/s   rxcmp/s   txcmp/s  rxmcst/s   %ifutil
17:20:11           lo      0.00      0.00      0.00      0.00      0.00      0.00      0.00      0.00
17:20:11         ens5    653.00    712.00    288.27    122.54      0.00      0.00      0.00      0.00

17:20:11        IFACE   rxpck/s   txpck/s    rxkB/s    txkB/s   rxcmp/s   txcmp/s  rxmcst/s   %ifutil
17:20:12           lo      0.00      0.00      0.00      0.00      0.00      0.00      0.00      0.00
17:20:12         ens5    975.00   1096.00    466.62    218.34      0.00      0.00      0.00      0.00

17:20:12        IFACE   rxpck/s   txpck/s    rxkB/s    txkB/s   rxcmp/s   txcmp/s  rxmcst/s   %ifutil
17:20:13           lo      0.00      0.00      0.00      0.00      0.00      0.00      0.00      0.00
17:20:13         ens5   1082.00   1211.00    493.77    242.04      0.00      0.00      0.00      0.00

17:20:13        IFACE   rxpck/s   txpck/s    rxkB/s    txkB/s   rxcmp/s   txcmp/s  rxmcst/s   %ifutil
17:20:14           lo      0.00      0.00      0.00      0.00      0.00      0.00      0.00      0.00
17:20:14         ens5    692.00    832.00    324.56    149.29      0.00      0.00      0.00      0.00

17:20:14        IFACE   rxpck/s   txpck/s    rxkB/s    txkB/s   rxcmp/s   txcmp/s  rxmcst/s   %ifutil
17:20:15           lo      0.00      0.00      0.00      0.00      0.00      0.00      0.00      0.00
17:20:15         ens5    857.00    960.00    489.69    238.88      0.00      0.00      0.00      0.00

17:20:15        IFACE   rxpck/s   txpck/s    rxkB/s    txkB/s   rxcmp/s   txcmp/s  rxmcst/s   %ifutil
17:20:16           lo      0.00      0.00      0.00      0.00      0.00      0.00      0.00      0.00
17:20:16         ens5    996.00   1105.00    618.56    254.89      0.00      0.00      0.00      0.00

17:20:16        IFACE   rxpck/s   txpck/s    rxkB/s    txkB/s   rxcmp/s   txcmp/s  rxmcst/s   %ifutil
17:20:17           lo      0.00      0.00      0.00      0.00      0.00      0.00      0.00      0.00
17:20:17         ens5    725.00    817.00    337.18    158.24      0.00      0.00      0.00      0.00

17:20:17        IFACE   rxpck/s   txpck/s    rxkB/s    txkB/s   rxcmp/s   txcmp/s  rxmcst/s   %ifutil
17:20:18           lo      0.00      0.00      0.00      0.00      0.00      0.00      0.00      0.00
17:20:18         ens5    784.00    895.00    397.07    185.08      0.00      0.00      0.00      0.00

17:20:18        IFACE   rxpck/s   txpck/s    rxkB/s    txkB/s   rxcmp/s   txcmp/s  rxmcst/s   %ifutil
17:20:19           lo      0.00      0.00      0.00      0.00      0.00      0.00      0.00      0.00
17:20:19         ens5   1083.00   1263.00    518.46    267.56      0.00      0.00      0.00      0.00

17:20:19        IFACE   rxpck/s   txpck/s    rxkB/s    txkB/s   rxcmp/s   txcmp/s  rxmcst/s   %ifutil
17:20:20           lo      0.00      0.00      0.00      0.00      0.00      0.00      0.00      0.00
17:20:20         ens5    865.00    974.00    404.09    177.48      0.00      0.00      0.00      0.00

17:20:20        IFACE   rxpck/s   txpck/s    rxkB/s    txkB/s   rxcmp/s   txcmp/s  rxmcst/s   %ifutil
17:20:21           lo      0.00      0.00      0.00      0.00      0.00      0.00      0.00      0.00
17:20:21         ens5    664.00    787.00    327.33    157.45      0.00      0.00      0.00      0.00

17:20:21        IFACE   rxpck/s   txpck/s    rxkB/s    txkB/s   rxcmp/s   txcmp/s  rxmcst/s   %ifutil
17:20:22           lo      0.00      0.00      0.00      0.00      0.00      0.00      0.00      0.00
17:20:22         ens5   1118.00   1267.00    511.23    256.71      0.00      0.00      0.00      0.00

17:20:22        IFACE   rxpck/s   txpck/s    rxkB/s    txkB/s   rxcmp/s   txcmp/s  rxmcst/s   %ifutil
17:20:23           lo      0.00      0.00      0.00      0.00      0.00      0.00      0.00      0.00
17:20:23         ens5    937.00   1058.00    440.89    197.93      0.00      0.00      0.00      0.00

17:20:23        IFACE   rxpck/s   txpck/s    rxkB/s    txkB/s   rxcmp/s   txcmp/s  rxmcst/s   %ifutil
17:20:24           lo      0.00      0.00      0.00      0.00      0.00      0.00      0.00      0.00
17:20:24         ens5    559.00    621.00    298.33    107.83      0.00      0.00      0.00      0.00

17:20:24        IFACE   rxpck/s   txpck/s    rxkB/s    txkB/s   rxcmp/s   txcmp/s  rxmcst/s   %ifutil
17:20:25           lo      0.00      0.00      0.00      0.00      0.00      0.00      0.00      0.00
17:20:25         ens5   1015.00   1143.00    551.43    275.36      0.00      0.00      0.00      0.00

17:20:25        IFACE   rxpck/s   txpck/s    rxkB/s    txkB/s   rxcmp/s   txcmp/s  rxmcst/s   %ifutil
17:20:26           lo      0.00      0.00      0.00      0.00      0.00      0.00      0.00      0.00
17:20:26         ens5   1120.00   1273.00    628.64    301.67      0.00      0.00      0.00      0.00

17:20:26        IFACE   rxpck/s   txpck/s    rxkB/s    txkB/s   rxcmp/s   txcmp/s  rxmcst/s   %ifutil
17:20:27           lo      0.00      0.00      0.00      0.00      0.00      0.00      0.00      0.00
17:20:27         ens5    675.00    749.00    292.28    149.72      0.00      0.00      0.00      0.00

17:20:27        IFACE   rxpck/s   txpck/s    rxkB/s    txkB/s   rxcmp/s   txcmp/s  rxmcst/s   %ifutil
17:20:28           lo      0.00      0.00      0.00      0.00      0.00      0.00      0.00      0.00
17:20:28         ens5    912.00   1035.00    438.94    194.84      0.00      0.00      0.00      0.00

17:20:28        IFACE   rxpck/s   txpck/s    rxkB/s    txkB/s   rxcmp/s   txcmp/s  rxmcst/s   %ifutil
17:20:29           lo      0.00      0.00      0.00      0.00      0.00      0.00      0.00      0.00
17:20:29         ens5   1021.00   1152.00    486.27    219.67      0.00      0.00      0.00      0.00

17:20:29        IFACE   rxpck/s   txpck/s    rxkB/s    txkB/s   rxcmp/s   txcmp/s  rxmcst/s   %ifutil
17:20:30           lo      0.00      0.00      0.00      0.00      0.00      0.00      0.00      0.00
17:20:30         ens5    559.00    595.00    244.63    110.45      0.00      0.00      0.00      0.00

17:20:30        IFACE   rxpck/s   txpck/s    rxkB/s    txkB/s   rxcmp/s   txcmp/s  rxmcst/s   %ifutil
17:20:31           lo      0.00      0.00      0.00      0.00      0.00      0.00      0.00      0.00
17:20:31         ens5    453.00    520.00    227.61    103.04      0.00      0.00      0.00      0.00

17:20:31        IFACE   rxpck/s   txpck/s    rxkB/s    txkB/s   rxcmp/s   txcmp/s  rxmcst/s   %ifutil
17:20:32           lo      0.00      0.00      0.00      0.00      0.00      0.00      0.00      0.00
17:20:32         ens5    595.00    683.00    296.91    126.74      0.00      0.00      0.00      0.00

17:20:32        IFACE   rxpck/s   txpck/s    rxkB/s    txkB/s   rxcmp/s   txcmp/s  rxmcst/s   %ifutil
17:20:33           lo      0.00      0.00      0.00      0.00      0.00      0.00      0.00      0.00
17:20:33         ens5    635.00    727.00    301.91    144.04      0.00      0.00      0.00      0.00

17:20:33        IFACE   rxpck/s   txpck/s    rxkB/s    txkB/s   rxcmp/s   txcmp/s  rxmcst/s   %ifutil
17:20:34           lo      0.00      0.00      0.00      0.00      0.00      0.00      0.00      0.00
17:20:34         ens5    658.00    687.00    365.56    143.20      0.00      0.00      0.00      0.00

17:20:34        IFACE   rxpck/s   txpck/s    rxkB/s    txkB/s   rxcmp/s   txcmp/s  rxmcst/s   %ifutil
17:20:35           lo      0.00      0.00      0.00      0.00      0.00      0.00      0.00      0.00
17:20:35         ens5   1070.00   1181.00    591.00    296.06      0.00      0.00      0.00      0.00

17:20:35        IFACE   rxpck/s   txpck/s    rxkB/s    txkB/s   rxcmp/s   txcmp/s  rxmcst/s   %ifutil
17:20:36           lo      0.00      0.00      0.00      0.00      0.00      0.00      0.00      0.00
17:20:36         ens5    760.00    834.00    485.69    196.59      0.00      0.00      0.00      0.00

17:20:36        IFACE   rxpck/s   txpck/s    rxkB/s    txkB/s   rxcmp/s   txcmp/s  rxmcst/s   %ifutil
17:20:37           lo      0.00      0.00      0.00      0.00      0.00      0.00      0.00      0.00
17:20:37         ens5    786.00    896.00    373.84    178.17      0.00      0.00      0.00      0.00

17:20:37        IFACE   rxpck/s   txpck/s    rxkB/s    txkB/s   rxcmp/s   txcmp/s  rxmcst/s   %ifutil
17:20:38           lo      0.00      0.00      0.00      0.00      0.00      0.00      0.00      0.00
17:20:38         ens5   1116.00   1238.00    523.79    241.05      0.00      0.00      0.00      0.00

17:20:38        IFACE   rxpck/s   txpck/s    rxkB/s    txkB/s   rxcmp/s   txcmp/s  rxmcst/s   %ifutil
17:20:39           lo      0.00      0.00      0.00      0.00      0.00      0.00      0.00      0.00
17:20:39         ens5    881.00    989.00    420.07    200.73      0.00      0.00      0.00      0.00

17:20:39        IFACE   rxpck/s   txpck/s    rxkB/s    txkB/s   rxcmp/s   txcmp/s  rxmcst/s   %ifutil
17:20:40           lo      0.00      0.00      0.00      0.00      0.00      0.00      0.00      0.00
17:20:40         ens5    616.00    675.00    309.88    120.34      0.00      0.00      0.00      0.00

17:20:40        IFACE   rxpck/s   txpck/s    rxkB/s    txkB/s   rxcmp/s   txcmp/s  rxmcst/s   %ifutil
17:20:41           lo      0.00      0.00      0.00      0.00      0.00      0.00      0.00      0.00
17:20:41         ens5    907.00    933.00    434.15    123.74      0.00      0.00      0.00      0.00

17:20:41        IFACE   rxpck/s   txpck/s    rxkB/s    txkB/s   rxcmp/s   txcmp/s  rxmcst/s   %ifutil
17:20:42           lo      0.00      0.00      0.00      0.00      0.00      0.00      0.00      0.00
17:20:42         ens5    835.00    847.00    392.59    109.90      0.00      0.00      0.00      0.00

17:20:42        IFACE   rxpck/s   txpck/s    rxkB/s    txkB/s   rxcmp/s   txcmp/s  rxmcst/s   %ifutil
17:20:43           lo      0.00      0.00      0.00      0.00      0.00      0.00      0.00      0.00
17:20:43         ens5    570.00    585.00    270.33     76.40      0.00      0.00      0.00      0.00

17:20:43        IFACE   rxpck/s   txpck/s    rxkB/s    txkB/s   rxcmp/s   txcmp/s  rxmcst/s   %ifutil
17:20:44           lo      0.00      0.00      0.00      0.00      0.00      0.00      0.00      0.00
17:20:44         ens5    922.00    937.00    470.30    122.69      0.00      0.00      0.00      0.00

17:20:44        IFACE   rxpck/s   txpck/s    rxkB/s    txkB/s   rxcmp/s   txcmp/s  rxmcst/s   %ifutil
17:20:45           lo      0.00      0.00      0.00      0.00      0.00      0.00      0.00      0.00
17:20:45         ens5    871.00    899.00    514.24    174.76      0.00      0.00      0.00      0.00

17:20:45        IFACE   rxpck/s   txpck/s    rxkB/s    txkB/s   rxcmp/s   txcmp/s  rxmcst/s   %ifutil
17:20:46           lo      0.00      0.00      0.00      0.00      0.00      0.00      0.00      0.00
17:20:46         ens5    568.00    631.00    371.24    117.53      0.00      0.00      0.00      0.00

17:20:46        IFACE   rxpck/s   txpck/s    rxkB/s    txkB/s   rxcmp/s   txcmp/s  rxmcst/s   %ifutil
17:20:47           lo      0.00      0.00      0.00      0.00      0.00      0.00      0.00      0.00
17:20:47         ens5    906.00    962.00    426.29    124.42      0.00      0.00      0.00      0.00

17:20:47        IFACE   rxpck/s   txpck/s    rxkB/s    txkB/s   rxcmp/s   txcmp/s  rxmcst/s   %ifutil
17:20:48           lo      0.00      0.00      0.00      0.00      0.00      0.00      0.00      0.00
17:20:48         ens5    963.00    992.00    468.56    134.86      0.00      0.00      0.00      0.00

17:20:48        IFACE   rxpck/s   txpck/s    rxkB/s    txkB/s   rxcmp/s   txcmp/s  rxmcst/s   %ifutil
17:20:49           lo      0.00      0.00      0.00      0.00      0.00      0.00      0.00      0.00
17:20:49         ens5    512.00    537.00    253.46     71.56      0.00      0.00      0.00      0.00

17:20:49        IFACE   rxpck/s   txpck/s    rxkB/s    txkB/s   rxcmp/s   txcmp/s  rxmcst/s   %ifutil
17:20:50           lo      0.00      0.00      0.00      0.00      0.00      0.00      0.00      0.00
17:20:50         ens5    846.00    863.00    406.58    114.65      0.00      0.00      0.00      0.00

17:20:50        IFACE   rxpck/s   txpck/s    rxkB/s    txkB/s   rxcmp/s   txcmp/s  rxmcst/s   %ifutil
17:20:51           lo      0.00      0.00      0.00      0.00      0.00      0.00      0.00      0.00
17:20:51         ens5    954.00    980.00    440.41    128.09      0.00      0.00      0.00      0.00

17:20:51        IFACE   rxpck/s   txpck/s    rxkB/s    txkB/s   rxcmp/s   txcmp/s  rxmcst/s   %ifutil
17:20:52           lo      0.00      0.00      0.00      0.00      0.00      0.00      0.00      0.00
17:20:52         ens5    578.00    594.00    280.76     79.21      0.00      0.00      0.00      0.00

17:20:52        IFACE   rxpck/s   txpck/s    rxkB/s    txkB/s   rxcmp/s   txcmp/s  rxmcst/s   %ifutil
17:20:53           lo      0.00      0.00      0.00      0.00      0.00      0.00      0.00      0.00
17:20:53         ens5    746.00    762.00    368.06    101.19      0.00      0.00      0.00      0.00

17:20:53        IFACE   rxpck/s   txpck/s    rxkB/s    txkB/s   rxcmp/s   txcmp/s  rxmcst/s   %ifutil
17:20:54           lo      0.00      0.00      0.00      0.00      0.00      0.00      0.00      0.00
17:20:54         ens5    964.00    965.00    468.06    126.02      0.00      0.00      0.00      0.00

17:20:54        IFACE   rxpck/s   txpck/s    rxkB/s    txkB/s   rxcmp/s   txcmp/s  rxmcst/s   %ifutil
17:20:55           lo      0.00      0.00      0.00      0.00      0.00      0.00      0.00      0.00
17:20:55         ens5    647.00    675.00    397.09    146.88      0.00      0.00      0.00      0.00

17:20:55        IFACE   rxpck/s   txpck/s    rxkB/s    txkB/s   rxcmp/s   txcmp/s  rxmcst/s   %ifutil
17:20:56           lo      0.00      0.00      0.00      0.00      0.00      0.00      0.00      0.00
17:20:56         ens5    761.00    767.00    471.14    140.76      0.00      0.00      0.00      0.00

17:20:56        IFACE   rxpck/s   txpck/s    rxkB/s    txkB/s   rxcmp/s   txcmp/s  rxmcst/s   %ifutil
17:20:57           lo      0.00      0.00      0.00      0.00      0.00      0.00      0.00      0.00
17:20:57         ens5    942.00    961.00    455.76    125.86      0.00      0.00      0.00      0.00

17:20:57        IFACE   rxpck/s   txpck/s    rxkB/s    txkB/s   rxcmp/s   txcmp/s  rxmcst/s   %ifutil
17:20:58           lo      0.00      0.00      0.00      0.00      0.00      0.00      0.00      0.00
17:20:58         ens5    755.00    786.00    367.09    103.94      0.00      0.00      0.00      0.00

17:20:58        IFACE   rxpck/s   txpck/s    rxkB/s    txkB/s   rxcmp/s   txcmp/s  rxmcst/s   %ifutil
17:20:59           lo      0.00      0.00      0.00      0.00      0.00      0.00      0.00      0.00
17:20:59         ens5    701.00    636.00    296.26     85.19      0.00      0.00      0.00      0.00

17:20:59        IFACE   rxpck/s   txpck/s    rxkB/s    txkB/s   rxcmp/s   txcmp/s  rxmcst/s   %ifutil
17:21:00           lo      0.00      0.00      0.00      0.00      0.00      0.00      0.00      0.00
17:21:00         ens5    930.00    943.00    439.23    122.58      0.00      0.00      0.00      0.00

17:21:00        IFACE   rxpck/s   txpck/s    rxkB/s    txkB/s   rxcmp/s   txcmp/s  rxmcst/s   %ifutil
17:21:01           lo      0.00      0.00      0.00      0.00      0.00      0.00      0.00      0.00
17:21:01         ens5    906.00    925.00    429.77    121.45      0.00      0.00      0.00      0.00

17:21:01        IFACE   rxpck/s   txpck/s    rxkB/s    txkB/s   rxcmp/s   txcmp/s  rxmcst/s   %ifutil
17:21:02           lo      0.00      0.00      0.00      0.00      0.00      0.00      0.00      0.00
17:21:02         ens5    502.00    515.00    226.39     68.62      0.00      0.00      0.00      0.00

17:21:02        IFACE   rxpck/s   txpck/s    rxkB/s    txkB/s   rxcmp/s   txcmp/s  rxmcst/s   %ifutil
17:21:03           lo      0.00      0.00      0.00      0.00      0.00      0.00      0.00      0.00
17:21:03         ens5    806.00    829.00    388.09    109.03      0.00      0.00      0.00      0.00

17:21:03        IFACE   rxpck/s   txpck/s    rxkB/s    txkB/s   rxcmp/s   txcmp/s  rxmcst/s   %ifutil
17:21:04           lo      0.00      0.00      0.00      0.00      0.00      0.00      0.00      0.00
17:21:04         ens5    893.00    909.00    474.11    120.64      0.00      0.00      0.00      0.00

17:21:04        IFACE   rxpck/s   txpck/s    rxkB/s    txkB/s   rxcmp/s   txcmp/s  rxmcst/s   %ifutil
17:21:05           lo      0.00      0.00      0.00      0.00      0.00      0.00      0.00      0.00
17:21:05         ens5    630.00    644.00    370.73    143.24      0.00      0.00      0.00      0.00

17:21:05        IFACE   rxpck/s   txpck/s    rxkB/s    txkB/s   rxcmp/s   txcmp/s  rxmcst/s   %ifutil
17:21:06           lo      0.00      0.00      0.00      0.00      0.00      0.00      0.00      0.00
17:21:06         ens5    738.00    748.00    477.01    139.25      0.00      0.00      0.00      0.00

17:21:06        IFACE   rxpck/s   txpck/s    rxkB/s    txkB/s   rxcmp/s   txcmp/s  rxmcst/s   %ifutil
17:21:07           lo      0.00      0.00      0.00      0.00      0.00      0.00      0.00      0.00
17:21:07         ens5    873.00    889.00    432.64    118.53      0.00      0.00      0.00      0.00

17:21:07        IFACE   rxpck/s   txpck/s    rxkB/s    txkB/s   rxcmp/s   txcmp/s  rxmcst/s   %ifutil
17:21:08           lo      0.00      0.00      0.00      0.00      0.00      0.00      0.00      0.00
17:21:08         ens5    669.00    712.00    320.37    121.34      0.00      0.00      0.00      0.00

17:21:08        IFACE   rxpck/s   txpck/s    rxkB/s    txkB/s   rxcmp/s   txcmp/s  rxmcst/s   %ifutil
17:21:09           lo      0.00      0.00      0.00      0.00      0.00      0.00      0.00      0.00
17:21:09         ens5    613.00    645.00    293.50     90.41      0.00      0.00      0.00      0.00

17:21:09        IFACE   rxpck/s   txpck/s    rxkB/s    txkB/s   rxcmp/s   txcmp/s  rxmcst/s   %ifutil
17:21:10           lo      0.00      0.00      0.00      0.00      0.00      0.00      0.00      0.00
17:21:10         ens5    635.00    655.00    309.64     91.94      0.00      0.00      0.00      0.00

17:21:10        IFACE   rxpck/s   txpck/s    rxkB/s    txkB/s   rxcmp/s   txcmp/s  rxmcst/s   %ifutil
17:21:11           lo      0.00      0.00      0.00      0.00      0.00      0.00      0.00      0.00
17:21:11         ens5    468.00    513.00    273.58     68.81      0.00      0.00      0.00      0.00

17:21:11        IFACE   rxpck/s   txpck/s    rxkB/s    txkB/s   rxcmp/s   txcmp/s  rxmcst/s   %ifutil
17:21:12           lo      0.00      0.00      0.00      0.00      0.00      0.00      0.00      0.00
17:21:12         ens5    480.00    474.00    216.10     61.00      0.00      0.00      0.00      0.00

17:21:12        IFACE   rxpck/s   txpck/s    rxkB/s    txkB/s   rxcmp/s   txcmp/s  rxmcst/s   %ifutil
17:21:13           lo      0.00      0.00      0.00      0.00      0.00      0.00      0.00      0.00
17:21:13         ens5    628.00    647.00    325.36     85.95      0.00      0.00      0.00      0.00

17:21:13        IFACE   rxpck/s   txpck/s    rxkB/s    txkB/s   rxcmp/s   txcmp/s  rxmcst/s   %ifutil
17:21:14           lo      0.00      0.00      0.00      0.00      0.00      0.00      0.00      0.00
17:21:14         ens5    879.00    888.00    470.39    118.03      0.00      0.00      0.00      0.00

17:21:14        IFACE   rxpck/s   txpck/s    rxkB/s    txkB/s   rxcmp/s   txcmp/s  rxmcst/s   %ifutil
17:21:15           lo      0.00      0.00      0.00      0.00      0.00      0.00      0.00      0.00
17:21:15         ens5    947.00    969.00    538.07    184.56      0.00      0.00      0.00      0.00

17:21:15        IFACE   rxpck/s   txpck/s    rxkB/s    txkB/s   rxcmp/s   txcmp/s  rxmcst/s   %ifutil
17:21:16           lo      0.00      0.00      0.00      0.00      0.00      0.00      0.00      0.00
17:21:16         ens5    407.00    413.00    323.22     93.70      0.00      0.00      0.00      0.00

17:21:16        IFACE   rxpck/s   txpck/s    rxkB/s    txkB/s   rxcmp/s   txcmp/s  rxmcst/s   %ifutil
17:21:17           lo      0.00      0.00      0.00      0.00      0.00      0.00      0.00      0.00
17:21:17         ens5    930.00    962.00    438.29    133.97      0.00      0.00      0.00      0.00

17:21:17        IFACE   rxpck/s   txpck/s    rxkB/s    txkB/s   rxcmp/s   txcmp/s  rxmcst/s   %ifutil
17:21:18           lo      0.00      0.00      0.00      0.00      0.00      0.00      0.00      0.00
17:21:18         ens5    700.00    739.00    320.76    100.94      0.00      0.00      0.00      0.00

17:21:18        IFACE   rxpck/s   txpck/s    rxkB/s    txkB/s   rxcmp/s   txcmp/s  rxmcst/s   %ifutil
17:21:19           lo      0.00      0.00      0.00      0.00      0.00      0.00      0.00      0.00
17:21:19         ens5    698.00    716.00    317.78     93.45      0.00      0.00      0.00      0.00

17:21:19        IFACE   rxpck/s   txpck/s    rxkB/s    txkB/s   rxcmp/s   txcmp/s  rxmcst/s   %ifutil
17:21:20           lo      0.00      0.00      0.00      0.00      0.00      0.00      0.00      0.00
17:21:20         ens5    794.00    808.00    398.42    107.45      0.00      0.00      0.00      0.00

17:21:20        IFACE   rxpck/s   txpck/s    rxkB/s    txkB/s   rxcmp/s   txcmp/s  rxmcst/s   %ifutil
17:21:21           lo      0.00      0.00      0.00      0.00      0.00      0.00      0.00      0.00
17:21:21         ens5    781.00    801.00    377.81    105.57      0.00      0.00      0.00      0.00

17:21:21        IFACE   rxpck/s   txpck/s    rxkB/s    txkB/s   rxcmp/s   txcmp/s  rxmcst/s   %ifutil
17:21:22           lo      0.00      0.00      0.00      0.00      0.00      0.00      0.00      0.00
17:21:22         ens5    557.00    572.00    241.45     79.33      0.00      0.00      0.00      0.00

17:21:22        IFACE   rxpck/s   txpck/s    rxkB/s    txkB/s   rxcmp/s   txcmp/s  rxmcst/s   %ifutil
17:21:23           lo      0.00      0.00      0.00      0.00      0.00      0.00      0.00      0.00
17:21:23         ens5    908.00    980.00    436.39    126.40      0.00      0.00      0.00      0.00

17:21:23        IFACE   rxpck/s   txpck/s    rxkB/s    txkB/s   rxcmp/s   txcmp/s  rxmcst/s   %ifutil
17:21:24           lo      0.00      0.00      0.00      0.00      0.00      0.00      0.00      0.00
17:21:24         ens5    697.00    711.00    353.17     93.87      0.00      0.00      0.00      0.00

17:21:24        IFACE   rxpck/s   txpck/s    rxkB/s    txkB/s   rxcmp/s   txcmp/s  rxmcst/s   %ifutil
17:21:25           lo      0.00      0.00      0.00      0.00      0.00      0.00      0.00      0.00
17:21:25         ens5    684.00    704.00    397.23    150.07      0.00      0.00      0.00      0.00

17:21:25        IFACE   rxpck/s   txpck/s    rxkB/s    txkB/s   rxcmp/s   txcmp/s  rxmcst/s   %ifutil
17:21:26           lo      0.00      0.00      0.00      0.00      0.00      0.00      0.00      0.00
17:21:26         ens5    799.00    803.00    523.53    146.50      0.00      0.00      0.00      0.00

17:21:26        IFACE   rxpck/s   txpck/s    rxkB/s    txkB/s   rxcmp/s   txcmp/s  rxmcst/s   %ifutil
17:21:27           lo      0.00      0.00      0.00      0.00      0.00      0.00      0.00      0.00
17:21:27         ens5    797.00    812.00    375.49    106.86      0.00      0.00      0.00      0.00

17:21:27        IFACE   rxpck/s   txpck/s    rxkB/s    txkB/s   rxcmp/s   txcmp/s  rxmcst/s   %ifutil
17:21:28           lo      0.00      0.00      0.00      0.00      0.00      0.00      0.00      0.00
17:21:28         ens5    556.00    592.00    264.35     83.89      0.00      0.00      0.00      0.00

17:21:28        IFACE   rxpck/s   txpck/s    rxkB/s    txkB/s   rxcmp/s   txcmp/s  rxmcst/s   %ifutil
17:21:29           lo      0.00      0.00      0.00      0.00      0.00      0.00      0.00      0.00
17:21:29         ens5    931.00    971.00    440.39    128.03      0.00      0.00      0.00      0.00

17:21:29        IFACE   rxpck/s   txpck/s    rxkB/s    txkB/s   rxcmp/s   txcmp/s  rxmcst/s   %ifutil
17:21:30           lo      0.00      0.00      0.00      0.00      0.00      0.00      0.00      0.00
17:21:30         ens5    737.00    762.00    344.43     99.18      0.00      0.00      0.00      0.00

17:21:30        IFACE   rxpck/s   txpck/s    rxkB/s    txkB/s   rxcmp/s   txcmp/s  rxmcst/s   %ifutil
17:21:31           lo      0.00      0.00      0.00      0.00      0.00      0.00      0.00      0.00
17:21:31         ens5    662.00    618.00    298.46     81.45      0.00      0.00      0.00      0.00

17:21:31        IFACE   rxpck/s   txpck/s    rxkB/s    txkB/s   rxcmp/s   txcmp/s  rxmcst/s   %ifutil
17:21:32           lo      0.00      0.00      0.00      0.00      0.00      0.00      0.00      0.00
17:21:32         ens5   1108.00   1126.00    529.98    157.62      0.00      0.00      0.00      0.00

17:21:32        IFACE   rxpck/s   txpck/s    rxkB/s    txkB/s   rxcmp/s   txcmp/s  rxmcst/s   %ifutil
17:21:33           lo      0.00      0.00      0.00      0.00      0.00      0.00      0.00      0.00
17:21:33         ens5    771.00    805.00    395.08    113.01      0.00      0.00      0.00      0.00

17:21:33        IFACE   rxpck/s   txpck/s    rxkB/s    txkB/s   rxcmp/s   txcmp/s  rxmcst/s   %ifutil
17:21:34           lo      0.00      0.00      0.00      0.00      0.00      0.00      0.00      0.00
17:21:34         ens5    518.00    582.00    267.07     72.95      0.00      0.00      0.00      0.00

17:21:34        IFACE   rxpck/s   txpck/s    rxkB/s    txkB/s   rxcmp/s   txcmp/s  rxmcst/s   %ifutil
17:21:35           lo      0.00      0.00      0.00      0.00      0.00      0.00      0.00      0.00
17:21:35         ens5    872.00    950.00    501.15    179.48      0.00      0.00      0.00      0.00

17:21:35        IFACE   rxpck/s   txpck/s    rxkB/s    txkB/s   rxcmp/s   txcmp/s  rxmcst/s   %ifutil
17:21:36           lo      0.00      0.00      0.00      0.00      0.00      0.00      0.00      0.00
17:21:36         ens5    694.00    718.00    464.33    137.00      0.00      0.00      0.00      0.00

17:21:36        IFACE   rxpck/s   txpck/s    rxkB/s    txkB/s   rxcmp/s   txcmp/s  rxmcst/s   %ifutil
17:21:37           lo      0.00      0.00      0.00      0.00      0.00      0.00      0.00      0.00
17:21:37         ens5    552.00    522.00    237.89     67.23      0.00      0.00      0.00      0.00

17:21:37        IFACE   rxpck/s   txpck/s    rxkB/s    txkB/s   rxcmp/s   txcmp/s  rxmcst/s   %ifutil
17:21:38           lo      0.00      0.00      0.00      0.00      0.00      0.00      0.00      0.00
17:21:38         ens5    969.00    981.00    460.22    129.52      0.00      0.00      0.00      0.00

17:21:38        IFACE   rxpck/s   txpck/s    rxkB/s    txkB/s   rxcmp/s   txcmp/s  rxmcst/s   %ifutil
17:21:39           lo      0.00      0.00      0.00      0.00      0.00      0.00      0.00      0.00
17:21:39         ens5    881.00    893.00    433.45    117.17      0.00      0.00      0.00      0.00

17:21:39        IFACE   rxpck/s   txpck/s    rxkB/s    txkB/s   rxcmp/s   txcmp/s  rxmcst/s   %ifutil
17:21:40           lo      0.00      0.00      0.00      0.00      0.00      0.00      0.00      0.00
17:21:40         ens5    544.00    564.00    253.98     74.15      0.00      0.00      0.00      0.00

17:21:40        IFACE   rxpck/s   txpck/s    rxkB/s    txkB/s   rxcmp/s   txcmp/s  rxmcst/s   %ifutil
17:21:41           lo      0.00      0.00      0.00      0.00      0.00      0.00      0.00      0.00
17:21:41         ens5    757.00    809.00    366.66    113.87      0.00      0.00      0.00      0.00

17:21:41        IFACE   rxpck/s   txpck/s    rxkB/s    txkB/s   rxcmp/s   txcmp/s  rxmcst/s   %ifutil
17:21:42           lo      0.00      0.00      0.00      0.00      0.00      0.00      0.00      0.00
17:21:42         ens5   1004.00   1022.00    494.36    141.89      0.00      0.00      0.00      0.00

17:21:42        IFACE   rxpck/s   txpck/s    rxkB/s    txkB/s   rxcmp/s   txcmp/s  rxmcst/s   %ifutil
17:21:43           lo      0.00      0.00      0.00      0.00      0.00      0.00      0.00      0.00
17:21:43         ens5    392.00    458.00    197.53     63.10      0.00      0.00      0.00      0.00

17:21:43        IFACE   rxpck/s   txpck/s    rxkB/s    txkB/s   rxcmp/s   txcmp/s  rxmcst/s   %ifutil
17:21:44           lo      0.00      0.00      0.00      0.00      0.00      0.00      0.00      0.00
17:21:44         ens5    927.00    970.00    447.54    122.86      0.00      0.00      0.00      0.00

17:21:44        IFACE   rxpck/s   txpck/s    rxkB/s    txkB/s   rxcmp/s   txcmp/s  rxmcst/s   %ifutil
17:21:45           lo      0.00      0.00      0.00      0.00      0.00      0.00      0.00      0.00
17:21:45         ens5    992.00    990.00    625.92    198.43      0.00      0.00      0.00      0.00

17:21:45        IFACE   rxpck/s   txpck/s    rxkB/s    txkB/s   rxcmp/s   txcmp/s  rxmcst/s   %ifutil
17:21:46           lo      0.00      0.00      0.00      0.00      0.00      0.00      0.00      0.00
17:21:46         ens5    544.00    548.00    386.95    110.89      0.00      0.00      0.00      0.00

17:21:46        IFACE   rxpck/s   txpck/s    rxkB/s    txkB/s   rxcmp/s   txcmp/s  rxmcst/s   %ifutil
17:21:47           lo      0.00      0.00      0.00      0.00      0.00      0.00      0.00      0.00
17:21:47         ens5    833.00    859.00    396.22    113.50      0.00      0.00      0.00      0.00

17:21:47        IFACE   rxpck/s   txpck/s    rxkB/s    txkB/s   rxcmp/s   txcmp/s  rxmcst/s   %ifutil
17:21:48           lo      0.00      0.00      0.00      0.00      0.00      0.00      0.00      0.00
17:21:48         ens5    887.00    918.00    441.36    126.07      0.00      0.00      0.00      0.00

17:21:48        IFACE   rxpck/s   txpck/s    rxkB/s    txkB/s   rxcmp/s   txcmp/s  rxmcst/s   %ifutil
17:21:49           lo      0.00      0.00      0.00      0.00      0.00      0.00      0.00      0.00
17:21:49         ens5    659.00    673.00    331.01     89.13      0.00      0.00      0.00      0.00

17:21:49        IFACE   rxpck/s   txpck/s    rxkB/s    txkB/s   rxcmp/s   txcmp/s  rxmcst/s   %ifutil
17:21:50           lo      0.00      0.00      0.00      0.00      0.00      0.00      0.00      0.00
17:21:50         ens5    559.00    586.00    249.42     73.69      0.00      0.00      0.00      0.00

17:21:50        IFACE   rxpck/s   txpck/s    rxkB/s    txkB/s   rxcmp/s   txcmp/s  rxmcst/s   %ifutil
17:21:51           lo      0.00      0.00      0.00      0.00      0.00      0.00      0.00      0.00
17:21:51         ens5    502.00    538.00    262.85     68.27      0.00      0.00      0.00      0.00

17:21:51        IFACE   rxpck/s   txpck/s    rxkB/s    txkB/s   rxcmp/s   txcmp/s  rxmcst/s   %ifutil
17:21:52           lo      0.00      0.00      0.00      0.00      0.00      0.00      0.00      0.00
17:21:52         ens5    400.00    411.00    190.47     53.61      0.00      0.00      0.00      0.00

17:21:52        IFACE   rxpck/s   txpck/s    rxkB/s    txkB/s   rxcmp/s   txcmp/s  rxmcst/s   %ifutil
17:21:53           lo      0.00      0.00      0.00      0.00      0.00      0.00      0.00      0.00
17:21:53         ens5    785.00    808.00    370.04    100.04      0.00      0.00      0.00      0.00
