Linux 6.1.166-197.305.amzn2023.x86_64 (ip-172-31-75-74.ec2.internal) 	04/22/26 	_x86_64_	(2 CPU)

14:14:29        IFACE   rxpck/s   txpck/s    rxkB/s    txkB/s   rxcmp/s   txcmp/s  rxmcst/s   %ifutil
14:14:30           lo      0.00      0.00      0.00      0.00      0.00      0.00      0.00      0.00
14:14:30         ens5    802.00    776.00    320.86     95.24      0.00      0.00      0.00      0.00

14:14:30        IFACE   rxpck/s   txpck/s    rxkB/s    txkB/s   rxcmp/s   txcmp/s  rxmcst/s   %ifutil
14:14:31           lo      0.00      0.00      0.00      0.00      0.00      0.00      0.00      0.00
14:14:31         ens5    571.00    576.00    220.19     70.27      0.00      0.00      0.00      0.00

14:14:31        IFACE   rxpck/s   txpck/s    rxkB/s    txkB/s   rxcmp/s   txcmp/s  rxmcst/s   %ifutil
14:14:32           lo      0.00      0.00      0.00      0.00      0.00      0.00      0.00      0.00
14:14:32         ens5    523.00    524.00    201.91     62.68      0.00      0.00      0.00      0.00

14:14:32        IFACE   rxpck/s   txpck/s    rxkB/s    txkB/s   rxcmp/s   txcmp/s  rxmcst/s   %ifutil
14:14:33           lo      0.00      0.00      0.00      0.00      0.00      0.00      0.00      0.00
14:14:33         ens5    573.00    573.00    218.44     71.12      0.00      0.00      0.00      0.00

14:14:33        IFACE   rxpck/s   txpck/s    rxkB/s    txkB/s   rxcmp/s   txcmp/s  rxmcst/s   %ifutil
14:14:34           lo      0.00      0.00      0.00      0.00      0.00      0.00      0.00      0.00
14:14:34         ens5    631.00    634.00    247.03     77.16      0.00      0.00      0.00      0.00

14:14:34        IFACE   rxpck/s   txpck/s    rxkB/s    txkB/s   rxcmp/s   txcmp/s  rxmcst/s   %ifutil
14:14:35           lo      0.00      0.00      0.00      0.00      0.00      0.00      0.00      0.00
14:14:35         ens5    556.00    555.00    214.92     68.13      0.00      0.00      0.00      0.00

14:14:35        IFACE   rxpck/s   txpck/s    rxkB/s    txkB/s   rxcmp/s   txcmp/s  rxmcst/s   %ifutil
14:14:36           lo      0.00      0.00      0.00      0.00      0.00      0.00      0.00      0.00
14:14:36         ens5    508.00    515.00    192.42     63.10      0.00      0.00      0.00      0.00

14:14:36        IFACE   rxpck/s   txpck/s    rxkB/s    txkB/s   rxcmp/s   txcmp/s  rxmcst/s   %ifutil
14:14:37           lo      0.00      0.00      0.00      0.00      0.00      0.00      0.00      0.00
14:14:37         ens5    634.00    637.00    342.37    250.20      0.00      0.00      0.00      0.00

14:14:37        IFACE   rxpck/s   txpck/s    rxkB/s    txkB/s   rxcmp/s   txcmp/s  rxmcst/s   %ifutil
14:14:38           lo      0.00      0.00      0.00      0.00      0.00      0.00      0.00      0.00
14:14:38         ens5    606.00    607.00    233.05    131.09      0.00      0.00      0.00      0.00

14:14:38        IFACE   rxpck/s   txpck/s    rxkB/s    txkB/s   rxcmp/s   txcmp/s  rxmcst/s   %ifutil
14:14:39           lo      0.00      0.00      0.00      0.00      0.00      0.00      0.00      0.00
14:14:39         ens5    541.00    535.00    326.32    105.23      0.00      0.00      0.00      0.00

14:14:39        IFACE   rxpck/s   txpck/s    rxkB/s    txkB/s   rxcmp/s   txcmp/s  rxmcst/s   %ifutil
14:14:40           lo      0.00      0.00      0.00      0.00      0.00      0.00      0.00      0.00
14:14:40         ens5    510.00    516.00    194.91     62.74      0.00      0.00      0.00      0.00

14:14:40        IFACE   rxpck/s   txpck/s    rxkB/s    txkB/s   rxcmp/s   txcmp/s  rxmcst/s   %ifutil
14:14:41           lo      0.00      0.00      0.00      0.00      0.00      0.00      0.00      0.00
14:14:41         ens5    586.00    587.00    228.80     70.24      0.00      0.00      0.00      0.00

14:14:41        IFACE   rxpck/s   txpck/s    rxkB/s    txkB/s   rxcmp/s   txcmp/s  rxmcst/s   %ifutil
14:14:42           lo      0.00      0.00      0.00      0.00      0.00      0.00      0.00      0.00
14:14:42         ens5    556.00    567.00    208.87     70.91      0.00      0.00      0.00      0.00

14:14:42        IFACE   rxpck/s   txpck/s    rxkB/s    txkB/s   rxcmp/s   txcmp/s  rxmcst/s   %ifutil
14:14:43           lo      0.00      0.00      0.00      0.00      0.00      0.00      0.00      0.00
14:14:43         ens5    541.00    545.00    206.01     67.00      0.00      0.00      0.00      0.00

14:14:43        IFACE   rxpck/s   txpck/s    rxkB/s    txkB/s   rxcmp/s   txcmp/s  rxmcst/s   %ifutil
14:14:44           lo      0.00      0.00      0.00      0.00      0.00      0.00      0.00      0.00
14:14:44         ens5    543.00    546.00    214.50     65.79      0.00      0.00      0.00      0.00

14:14:44        IFACE   rxpck/s   txpck/s    rxkB/s    txkB/s   rxcmp/s   txcmp/s  rxmcst/s   %ifutil
14:14:45           lo      0.00      0.00      0.00      0.00      0.00      0.00      0.00      0.00
14:14:45         ens5    622.00    630.00    234.96     77.42      0.00      0.00      0.00      0.00

14:14:45        IFACE   rxpck/s   txpck/s    rxkB/s    txkB/s   rxcmp/s   txcmp/s  rxmcst/s   %ifutil
14:14:46           lo      0.00      0.00      0.00      0.00      0.00      0.00      0.00      0.00
14:14:46         ens5    556.00    561.00    216.20     68.17      0.00      0.00      0.00      0.00

14:14:46        IFACE   rxpck/s   txpck/s    rxkB/s    txkB/s   rxcmp/s   txcmp/s  rxmcst/s   %ifutil
14:14:47           lo      0.00      0.00      0.00      0.00      0.00      0.00      0.00      0.00
14:14:47         ens5    559.00    537.00    306.11    237.41      0.00      0.00      0.00      0.00

14:14:47        IFACE   rxpck/s   txpck/s    rxkB/s    txkB/s   rxcmp/s   txcmp/s  rxmcst/s   %ifutil
14:14:48           lo      0.00      0.00      0.00      0.00      0.00      0.00      0.00      0.00
14:14:48         ens5    672.00    636.00    235.65    136.48      0.00      0.00      0.00      0.00

14:14:48        IFACE   rxpck/s   txpck/s    rxkB/s    txkB/s   rxcmp/s   txcmp/s  rxmcst/s   %ifutil
14:14:49           lo      0.00      0.00      0.00      0.00      0.00      0.00      0.00      0.00
14:14:49         ens5    593.00    588.00    350.03    111.46      0.00      0.00      0.00      0.00

14:14:49        IFACE   rxpck/s   txpck/s    rxkB/s    txkB/s   rxcmp/s   txcmp/s  rxmcst/s   %ifutil
14:14:50           lo      0.00      0.00      0.00      0.00      0.00      0.00      0.00      0.00
14:14:50         ens5    525.00    528.00    206.07     64.33      0.00      0.00      0.00      0.00

14:14:50        IFACE   rxpck/s   txpck/s    rxkB/s    txkB/s   rxcmp/s   txcmp/s  rxmcst/s   %ifutil
14:14:51           lo      0.00      0.00      0.00      0.00      0.00      0.00      0.00      0.00
14:14:51         ens5    531.00    539.00    196.59     66.05      0.00      0.00      0.00      0.00

14:14:51        IFACE   rxpck/s   txpck/s    rxkB/s    txkB/s   rxcmp/s   txcmp/s  rxmcst/s   %ifutil
14:14:52           lo      0.00      0.00      0.00      0.00      0.00      0.00      0.00      0.00
14:14:52         ens5    633.00    634.00    244.06     76.71      0.00      0.00      0.00      0.00

14:14:52        IFACE   rxpck/s   txpck/s    rxkB/s    txkB/s   rxcmp/s   txcmp/s  rxmcst/s   %ifutil
14:14:53           lo      0.00      0.00      0.00      0.00      0.00      0.00      0.00      0.00
14:14:53         ens5    592.00    596.00    234.24     72.65      0.00      0.00      0.00      0.00

14:14:53        IFACE   rxpck/s   txpck/s    rxkB/s    txkB/s   rxcmp/s   txcmp/s  rxmcst/s   %ifutil
14:14:54           lo      0.00      0.00      0.00      0.00      0.00      0.00      0.00      0.00
14:14:54         ens5    527.00    530.00    196.93     65.15      0.00      0.00      0.00      0.00

14:14:54        IFACE   rxpck/s   txpck/s    rxkB/s    txkB/s   rxcmp/s   txcmp/s  rxmcst/s   %ifutil
14:14:55           lo      0.00      0.00      0.00      0.00      0.00      0.00      0.00      0.00
14:14:55         ens5    564.00    566.00    220.85     69.49      0.00      0.00      0.00      0.00

14:14:55        IFACE   rxpck/s   txpck/s    rxkB/s    txkB/s   rxcmp/s   txcmp/s  rxmcst/s   %ifutil
14:14:56           lo      0.00      0.00      0.00      0.00      0.00      0.00      0.00      0.00
14:14:56         ens5    597.00    597.00    238.88     71.79      0.00      0.00      0.00      0.00

14:14:56        IFACE   rxpck/s   txpck/s    rxkB/s    txkB/s   rxcmp/s   txcmp/s  rxmcst/s   %ifutil
14:14:57           lo      0.00      0.00      0.00      0.00      0.00      0.00      0.00      0.00
14:14:57         ens5    580.00    593.00    323.66    245.84      0.00      0.00      0.00      0.00

14:14:57        IFACE   rxpck/s   txpck/s    rxkB/s    txkB/s   rxcmp/s   txcmp/s  rxmcst/s   %ifutil
14:14:58           lo      0.00      0.00      0.00      0.00      0.00      0.00      0.00      0.00
14:14:58         ens5    562.00    568.00    210.18    126.38      0.00      0.00      0.00      0.00

14:14:58        IFACE   rxpck/s   txpck/s    rxkB/s    txkB/s   rxcmp/s   txcmp/s  rxmcst/s   %ifutil
14:14:59           lo      0.00      0.00      0.00      0.00      0.00      0.00      0.00      0.00
14:14:59         ens5    550.00    548.00    336.42    105.88      0.00      0.00      0.00      0.00

14:14:59        IFACE   rxpck/s   txpck/s    rxkB/s    txkB/s   rxcmp/s   txcmp/s  rxmcst/s   %ifutil
14:15:00           lo      0.00      0.00      0.00      0.00      0.00      0.00      0.00      0.00
14:15:00         ens5    639.00    659.00    243.88    106.71      0.00      0.00      0.00      0.00

14:15:00        IFACE   rxpck/s   txpck/s    rxkB/s    txkB/s   rxcmp/s   txcmp/s  rxmcst/s   %ifutil
14:15:01           lo      0.00      0.00      0.00      0.00      0.00      0.00      0.00      0.00
14:15:01         ens5    415.00    422.00    154.43     52.54      0.00      0.00      0.00      0.00

14:15:01        IFACE   rxpck/s   txpck/s    rxkB/s    txkB/s   rxcmp/s   txcmp/s  rxmcst/s   %ifutil
14:15:02           lo      0.00      0.00      0.00      0.00      0.00      0.00      0.00      0.00
14:15:02         ens5   1028.00   1546.00    326.11   5006.83      0.00      0.00      0.00      0.00

14:15:02        IFACE   rxpck/s   txpck/s    rxkB/s    txkB/s   rxcmp/s   txcmp/s  rxmcst/s   %ifutil
14:15:03           lo      0.00      0.00      0.00      0.00      0.00      0.00      0.00      0.00
14:15:03         ens5    488.00    494.00    178.58     61.58      0.00      0.00      0.00      0.00

14:15:03        IFACE   rxpck/s   txpck/s    rxkB/s    txkB/s   rxcmp/s   txcmp/s  rxmcst/s   %ifutil
14:15:04           lo      0.00      0.00      0.00      0.00      0.00      0.00      0.00      0.00
14:15:04         ens5    331.00    337.00    118.08     41.91      0.00      0.00      0.00      0.00

14:15:04        IFACE   rxpck/s   txpck/s    rxkB/s    txkB/s   rxcmp/s   txcmp/s  rxmcst/s   %ifutil
14:15:05           lo      0.00      0.00      0.00      0.00      0.00      0.00      0.00      0.00
14:15:05         ens5    539.00    536.00    213.37     65.08      0.00      0.00      0.00      0.00

14:15:05        IFACE   rxpck/s   txpck/s    rxkB/s    txkB/s   rxcmp/s   txcmp/s  rxmcst/s   %ifutil
14:15:06           lo      0.00      0.00      0.00      0.00      0.00      0.00      0.00      0.00
14:15:06         ens5    580.00    583.00    219.10     71.67      0.00      0.00      0.00      0.00

14:15:06        IFACE   rxpck/s   txpck/s    rxkB/s    txkB/s   rxcmp/s   txcmp/s  rxmcst/s   %ifutil
14:15:07           lo      0.00      0.00      0.00      0.00      0.00      0.00      0.00      0.00
14:15:07         ens5    655.00    668.00    357.47    254.57      0.00      0.00      0.00      0.00

14:15:07        IFACE   rxpck/s   txpck/s    rxkB/s    txkB/s   rxcmp/s   txcmp/s  rxmcst/s   %ifutil
14:15:08           lo      0.00      0.00      0.00      0.00      0.00      0.00      0.00      0.00
14:15:08         ens5    500.00    505.00    190.55    117.37      0.00      0.00      0.00      0.00

14:15:08        IFACE   rxpck/s   txpck/s    rxkB/s    txkB/s   rxcmp/s   txcmp/s  rxmcst/s   %ifutil
14:15:09           lo      0.00      0.00      0.00      0.00      0.00      0.00      0.00      0.00
14:15:09         ens5    589.00    578.00    329.72    108.10      0.00      0.00      0.00      0.00

14:15:09        IFACE   rxpck/s   txpck/s    rxkB/s    txkB/s   rxcmp/s   txcmp/s  rxmcst/s   %ifutil
14:15:10           lo      0.00      0.00      0.00      0.00      0.00      0.00      0.00      0.00
14:15:10         ens5    665.00    654.00    238.58     76.95      0.00      0.00      0.00      0.00

14:15:10        IFACE   rxpck/s   txpck/s    rxkB/s    txkB/s   rxcmp/s   txcmp/s  rxmcst/s   %ifutil
14:15:11           lo      0.00      0.00      0.00      0.00      0.00      0.00      0.00      0.00
14:15:11         ens5    568.00    570.00    224.27     69.62      0.00      0.00      0.00      0.00

14:15:11        IFACE   rxpck/s   txpck/s    rxkB/s    txkB/s   rxcmp/s   txcmp/s  rxmcst/s   %ifutil
14:15:12           lo      0.00      0.00      0.00      0.00      0.00      0.00      0.00      0.00
14:15:12         ens5    511.00    516.00    191.61     63.53      0.00      0.00      0.00      0.00

14:15:12        IFACE   rxpck/s   txpck/s    rxkB/s    txkB/s   rxcmp/s   txcmp/s  rxmcst/s   %ifutil
14:15:13           lo      0.00      0.00      0.00      0.00      0.00      0.00      0.00      0.00
14:15:13         ens5    528.00    536.00    201.87     65.97      0.00      0.00      0.00      0.00

14:15:13        IFACE   rxpck/s   txpck/s    rxkB/s    txkB/s   rxcmp/s   txcmp/s  rxmcst/s   %ifutil
14:15:14           lo      0.00      0.00      0.00      0.00      0.00      0.00      0.00      0.00
14:15:14         ens5    621.00    618.00    247.09     74.68      0.00      0.00      0.00      0.00

14:15:14        IFACE   rxpck/s   txpck/s    rxkB/s    txkB/s   rxcmp/s   txcmp/s  rxmcst/s   %ifutil
14:15:15           lo      0.00      0.00      0.00      0.00      0.00      0.00      0.00      0.00
14:15:15         ens5    576.00    579.00    219.44     70.80      0.00      0.00      0.00      0.00

14:15:15        IFACE   rxpck/s   txpck/s    rxkB/s    txkB/s   rxcmp/s   txcmp/s  rxmcst/s   %ifutil
14:15:16           lo      0.00      0.00      0.00      0.00      0.00      0.00      0.00      0.00
14:15:16         ens5    541.00    539.00    202.90     65.10      0.00      0.00      0.00      0.00

14:15:16        IFACE   rxpck/s   txpck/s    rxkB/s    txkB/s   rxcmp/s   txcmp/s  rxmcst/s   %ifutil
14:15:17           lo      0.00      0.00      0.00      0.00      0.00      0.00      0.00      0.00
14:15:17         ens5    569.00    580.00    327.15    242.74      0.00      0.00      0.00      0.00

14:15:17        IFACE   rxpck/s   txpck/s    rxkB/s    txkB/s   rxcmp/s   txcmp/s  rxmcst/s   %ifutil
14:15:18           lo      0.00      0.00      0.00      0.00      0.00      0.00      0.00      0.00
14:15:18         ens5    638.00    650.00    238.22    137.52      0.00      0.00      0.00      0.00

14:15:18        IFACE   rxpck/s   txpck/s    rxkB/s    txkB/s   rxcmp/s   txcmp/s  rxmcst/s   %ifutil
14:15:19           lo      0.00      0.00      0.00      0.00      0.00      0.00      0.00      0.00
14:15:19         ens5    556.00    553.00    337.41    107.53      0.00      0.00      0.00      0.00

14:15:19        IFACE   rxpck/s   txpck/s    rxkB/s    txkB/s   rxcmp/s   txcmp/s  rxmcst/s   %ifutil
14:15:20           lo      0.00      0.00      0.00      0.00      0.00      0.00      0.00      0.00
14:15:20         ens5    506.00    502.00    199.87     59.99      0.00      0.00      0.00      0.00

14:15:20        IFACE   rxpck/s   txpck/s    rxkB/s    txkB/s   rxcmp/s   txcmp/s  rxmcst/s   %ifutil
14:15:21           lo      0.00      0.00      0.00      0.00      0.00      0.00      0.00      0.00
14:15:21         ens5    574.00    581.00    218.95     72.26      0.00      0.00      0.00      0.00

14:15:21        IFACE   rxpck/s   txpck/s    rxkB/s    txkB/s   rxcmp/s   txcmp/s  rxmcst/s   %ifutil
14:15:22           lo      0.00      0.00      0.00      0.00      0.00      0.00      0.00      0.00
14:15:22         ens5    611.00    613.00    236.39     74.79      0.00      0.00      0.00      0.00

14:15:22        IFACE   rxpck/s   txpck/s    rxkB/s    txkB/s   rxcmp/s   txcmp/s  rxmcst/s   %ifutil
14:15:23           lo      0.00      0.00      0.00      0.00      0.00      0.00      0.00      0.00
14:15:23         ens5    547.00    547.00    210.18     66.33      0.00      0.00      0.00      0.00

14:15:23        IFACE   rxpck/s   txpck/s    rxkB/s    txkB/s   rxcmp/s   txcmp/s  rxmcst/s   %ifutil
14:15:24           lo      0.00      0.00      0.00      0.00      0.00      0.00      0.00      0.00
14:15:24         ens5    555.00    556.00    209.02     69.66      0.00      0.00      0.00      0.00

14:15:24        IFACE   rxpck/s   txpck/s    rxkB/s    txkB/s   rxcmp/s   txcmp/s  rxmcst/s   %ifutil
14:15:25           lo      0.00      0.00      0.00      0.00      0.00      0.00      0.00      0.00
14:15:25         ens5    606.00    607.00    233.76     74.58      0.00      0.00      0.00      0.00

14:15:25        IFACE   rxpck/s   txpck/s    rxkB/s    txkB/s   rxcmp/s   txcmp/s  rxmcst/s   %ifutil
14:15:26           lo      0.00      0.00      0.00      0.00      0.00      0.00      0.00      0.00
14:15:26         ens5    485.00    483.00    196.56     58.28      0.00      0.00      0.00      0.00

14:15:26        IFACE   rxpck/s   txpck/s    rxkB/s    txkB/s   rxcmp/s   txcmp/s  rxmcst/s   %ifutil
14:15:27           lo      0.00      0.00      0.00      0.00      0.00      0.00      0.00      0.00
14:15:27         ens5    593.00    595.00    327.91    246.12      0.00      0.00      0.00      0.00

14:15:27        IFACE   rxpck/s   txpck/s    rxkB/s    txkB/s   rxcmp/s   txcmp/s  rxmcst/s   %ifutil
14:15:28           lo      0.00      0.00      0.00      0.00      0.00      0.00      0.00      0.00
14:15:28         ens5    546.00    559.00    204.92    125.60      0.00      0.00      0.00      0.00

14:15:28        IFACE   rxpck/s   txpck/s    rxkB/s    txkB/s   rxcmp/s   txcmp/s  rxmcst/s   %ifutil
14:15:29           lo      0.00      0.00      0.00      0.00      0.00      0.00      0.00      0.00
14:15:29         ens5    647.00    637.00    373.12    121.00      0.00      0.00      0.00      0.00

14:15:29        IFACE   rxpck/s   txpck/s    rxkB/s    txkB/s   rxcmp/s   txcmp/s  rxmcst/s   %ifutil
14:15:30           lo      0.00      0.00      0.00      0.00      0.00      0.00      0.00      0.00
14:15:30         ens5    607.00    613.00    230.99     75.16      0.00      0.00      0.00      0.00

14:15:30        IFACE   rxpck/s   txpck/s    rxkB/s    txkB/s   rxcmp/s   txcmp/s  rxmcst/s   %ifutil
14:15:31           lo      0.00      0.00      0.00      0.00      0.00      0.00      0.00      0.00
14:15:31         ens5    506.00    510.00    194.21     61.84      0.00      0.00      0.00      0.00

14:15:31        IFACE   rxpck/s   txpck/s    rxkB/s    txkB/s   rxcmp/s   txcmp/s  rxmcst/s   %ifutil
14:15:32           lo      0.00      0.00      0.00      0.00      0.00      0.00      0.00      0.00
14:15:32         ens5    532.00    529.00    206.64     63.52      0.00      0.00      0.00      0.00

14:15:32        IFACE   rxpck/s   txpck/s    rxkB/s    txkB/s   rxcmp/s   txcmp/s  rxmcst/s   %ifutil
14:15:33           lo      0.00      0.00      0.00      0.00      0.00      0.00      0.00      0.00
14:15:33         ens5    610.00    612.00    233.12     75.20      0.00      0.00      0.00      0.00

14:15:33        IFACE   rxpck/s   txpck/s    rxkB/s    txkB/s   rxcmp/s   txcmp/s  rxmcst/s   %ifutil
14:15:34           lo      0.00      0.00      0.00      0.00      0.00      0.00      0.00      0.00
14:15:34         ens5    604.00    605.00    233.88     74.07      0.00      0.00      0.00      0.00

14:15:34        IFACE   rxpck/s   txpck/s    rxkB/s    txkB/s   rxcmp/s   txcmp/s  rxmcst/s   %ifutil
14:15:35           lo      0.00      0.00      0.00      0.00      0.00      0.00      0.00      0.00
14:15:35         ens5    513.00    511.00    200.71     62.13      0.00      0.00      0.00      0.00

14:15:35        IFACE   rxpck/s   txpck/s    rxkB/s    txkB/s   rxcmp/s   txcmp/s  rxmcst/s   %ifutil
14:15:36           lo      0.00      0.00      0.00      0.00      0.00      0.00      0.00      0.00
14:15:36         ens5    525.00    527.00    197.97     66.38      0.00      0.00      0.00      0.00

14:15:36        IFACE   rxpck/s   txpck/s    rxkB/s    txkB/s   rxcmp/s   txcmp/s  rxmcst/s   %ifutil
14:15:37           lo      0.00      0.00      0.00      0.00      0.00      0.00      0.00      0.00
14:15:37         ens5    664.00    675.00    360.12    255.13      0.00      0.00      0.00      0.00

14:15:37        IFACE   rxpck/s   txpck/s    rxkB/s    txkB/s   rxcmp/s   txcmp/s  rxmcst/s   %ifutil
14:15:38           lo      0.00      0.00      0.00      0.00      0.00      0.00      0.00      0.00
14:15:38         ens5    617.00    619.00    234.24    131.31      0.00      0.00      0.00      0.00

14:15:38        IFACE   rxpck/s   txpck/s    rxkB/s    txkB/s   rxcmp/s   txcmp/s  rxmcst/s   %ifutil
14:15:39           lo      0.00      0.00      0.00      0.00      0.00      0.00      0.00      0.00
14:15:39         ens5    567.00    563.00    334.22    109.66      0.00      0.00      0.00      0.00

14:15:39        IFACE   rxpck/s   txpck/s    rxkB/s    txkB/s   rxcmp/s   txcmp/s  rxmcst/s   %ifutil
14:15:40           lo      0.00      0.00      0.00      0.00      0.00      0.00      0.00      0.00
14:15:40         ens5    526.00    532.00    201.66     65.62      0.00      0.00      0.00      0.00

14:15:40        IFACE   rxpck/s   txpck/s    rxkB/s    txkB/s   rxcmp/s   txcmp/s  rxmcst/s   %ifutil
14:15:41           lo      0.00      0.00      0.00      0.00      0.00      0.00      0.00      0.00
14:15:41         ens5    610.00    608.00    243.14     72.67      0.00      0.00      0.00      0.00

14:15:41        IFACE   rxpck/s   txpck/s    rxkB/s    txkB/s   rxcmp/s   txcmp/s  rxmcst/s   %ifutil
14:15:42           lo      0.00      0.00      0.00      0.00      0.00      0.00      0.00      0.00
14:15:42         ens5    548.00    552.00    208.52     67.97      0.00      0.00      0.00      0.00

14:15:42        IFACE   rxpck/s   txpck/s    rxkB/s    txkB/s   rxcmp/s   txcmp/s  rxmcst/s   %ifutil
14:15:43           lo      0.00      0.00      0.00      0.00      0.00      0.00      0.00      0.00
14:15:43         ens5    545.00    548.00    203.92     66.67      0.00      0.00      0.00      0.00

14:15:43        IFACE   rxpck/s   txpck/s    rxkB/s    txkB/s   rxcmp/s   txcmp/s  rxmcst/s   %ifutil
14:15:44           lo      0.00      0.00      0.00      0.00      0.00      0.00      0.00      0.00
14:15:44         ens5    589.00    588.00    232.61     71.67      0.00      0.00      0.00      0.00

14:15:44        IFACE   rxpck/s   txpck/s    rxkB/s    txkB/s   rxcmp/s   txcmp/s  rxmcst/s   %ifutil
14:15:45           lo      0.00      0.00      0.00      0.00      0.00      0.00      0.00      0.00
14:15:45         ens5    669.00    671.00    254.96     82.58      0.00      0.00      0.00      0.00

14:15:45        IFACE   rxpck/s   txpck/s    rxkB/s    txkB/s   rxcmp/s   txcmp/s  rxmcst/s   %ifutil
14:15:46           lo      0.00      0.00      0.00      0.00      0.00      0.00      0.00      0.00
14:15:46         ens5    499.00    500.00    189.89     61.31      0.00      0.00      0.00      0.00

14:15:46        IFACE   rxpck/s   txpck/s    rxkB/s    txkB/s   rxcmp/s   txcmp/s  rxmcst/s   %ifutil
14:15:47           lo      0.00      0.00      0.00      0.00      0.00      0.00      0.00      0.00
14:15:47         ens5    576.00    579.00    323.89    243.03      0.00      0.00      0.00      0.00

14:15:47        IFACE   rxpck/s   txpck/s    rxkB/s    txkB/s   rxcmp/s   txcmp/s  rxmcst/s   %ifutil
14:15:48           lo      0.00      0.00      0.00      0.00      0.00      0.00      0.00      0.00
14:15:48         ens5    638.00    648.00    237.11    135.83      0.00      0.00      0.00      0.00

14:15:48        IFACE   rxpck/s   txpck/s    rxkB/s    txkB/s   rxcmp/s   txcmp/s  rxmcst/s   %ifutil
14:15:49           lo      0.00      0.00      0.00      0.00      0.00      0.00      0.00      0.00
14:15:49         ens5    637.00    624.00    369.77    116.19      0.00      0.00      0.00      0.00

14:15:49        IFACE   rxpck/s   txpck/s    rxkB/s    txkB/s   rxcmp/s   txcmp/s  rxmcst/s   %ifutil
14:15:50           lo      0.00      0.00      0.00      0.00      0.00      0.00      0.00      0.00
14:15:50         ens5    504.00    507.00    198.37     61.92      0.00      0.00      0.00      0.00

14:15:50        IFACE   rxpck/s   txpck/s    rxkB/s    txkB/s   rxcmp/s   txcmp/s  rxmcst/s   %ifutil
14:15:51           lo      0.00      0.00      0.00      0.00      0.00      0.00      0.00      0.00
14:15:51         ens5    518.00    526.00    195.09     64.41      0.00      0.00      0.00      0.00

14:15:51        IFACE   rxpck/s   txpck/s    rxkB/s    txkB/s   rxcmp/s   txcmp/s  rxmcst/s   %ifutil
14:15:52           lo      0.00      0.00      0.00      0.00      0.00      0.00      0.00      0.00
14:15:52         ens5    610.00    609.00    234.53     73.89      0.00      0.00      0.00      0.00

14:15:52        IFACE   rxpck/s   txpck/s    rxkB/s    txkB/s   rxcmp/s   txcmp/s  rxmcst/s   %ifutil
14:15:53           lo      0.00      0.00      0.00      0.00      0.00      0.00      0.00      0.00
14:15:53         ens5    557.00    558.00    217.32     68.44      0.00      0.00      0.00      0.00

14:15:53        IFACE   rxpck/s   txpck/s    rxkB/s    txkB/s   rxcmp/s   txcmp/s  rxmcst/s   %ifutil
14:15:54           lo      0.00      0.00      0.00      0.00      0.00      0.00      0.00      0.00
14:15:54         ens5    558.00    562.00    212.32     69.57      0.00      0.00      0.00      0.00

14:15:54        IFACE   rxpck/s   txpck/s    rxkB/s    txkB/s   rxcmp/s   txcmp/s  rxmcst/s   %ifutil
14:15:55           lo      0.00      0.00      0.00      0.00      0.00      0.00      0.00      0.00
14:15:55         ens5    544.00    548.00    206.90     67.23      0.00      0.00      0.00      0.00

14:15:55        IFACE   rxpck/s   txpck/s    rxkB/s    txkB/s   rxcmp/s   txcmp/s  rxmcst/s   %ifutil
14:15:56           lo      0.00      0.00      0.00      0.00      0.00      0.00      0.00      0.00
14:15:56         ens5    622.00    626.00    247.57     75.66      0.00      0.00      0.00      0.00

14:15:56        IFACE   rxpck/s   txpck/s    rxkB/s    txkB/s   rxcmp/s   txcmp/s  rxmcst/s   %ifutil
14:15:57           lo      0.00      0.00      0.00      0.00      0.00      0.00      0.00      0.00
14:15:57         ens5    571.00    585.00    317.05    244.18      0.00      0.00      0.00      0.00

14:15:57        IFACE   rxpck/s   txpck/s    rxkB/s    txkB/s   rxcmp/s   txcmp/s  rxmcst/s   %ifutil
14:15:58           lo      0.00      0.00      0.00      0.00      0.00      0.00      0.00      0.00
14:15:58         ens5    563.00    571.00    211.54    126.45      0.00      0.00      0.00      0.00

14:15:58        IFACE   rxpck/s   txpck/s    rxkB/s    txkB/s   rxcmp/s   txcmp/s  rxmcst/s   %ifutil
14:15:59           lo      0.00      0.00      0.00      0.00      0.00      0.00      0.00      0.00
14:15:59         ens5    530.00    525.00    331.23    102.47      0.00      0.00      0.00      0.00

14:15:59        IFACE   rxpck/s   txpck/s    rxkB/s    txkB/s   rxcmp/s   txcmp/s  rxmcst/s   %ifutil
14:16:00           lo      0.00      0.00      0.00      0.00      0.00      0.00      0.00      0.00
14:16:00         ens5    425.00    431.00    153.58     54.52      0.00      0.00      0.00      0.00

14:16:00        IFACE   rxpck/s   txpck/s    rxkB/s    txkB/s   rxcmp/s   txcmp/s  rxmcst/s   %ifutil
14:16:01           lo      0.00      0.00      0.00      0.00      0.00      0.00      0.00      0.00
14:16:01         ens5    469.00    470.00    176.56     57.29      0.00      0.00      0.00      0.00

14:16:01        IFACE   rxpck/s   txpck/s    rxkB/s    txkB/s   rxcmp/s   txcmp/s  rxmcst/s   %ifutil
14:16:02           lo      0.00      0.00      0.00      0.00      0.00      0.00      0.00      0.00
14:16:02         ens5    522.00    537.00    205.16     91.85      0.00      0.00      0.00      0.00

14:16:02        IFACE   rxpck/s   txpck/s    rxkB/s    txkB/s   rxcmp/s   txcmp/s  rxmcst/s   %ifutil
14:16:03           lo      0.00      0.00      0.00      0.00      0.00      0.00      0.00      0.00
14:16:03         ens5    923.00   1363.00    268.44   4297.38      0.00      0.00      0.00      0.00

14:16:03        IFACE   rxpck/s   txpck/s    rxkB/s    txkB/s   rxcmp/s   txcmp/s  rxmcst/s   %ifutil
14:16:04           lo      0.00      0.00      0.00      0.00      0.00      0.00      0.00      0.00
14:16:04         ens5    811.00    904.00    300.03    864.04      0.00      0.00      0.00      0.00

14:16:04        IFACE   rxpck/s   txpck/s    rxkB/s    txkB/s   rxcmp/s   txcmp/s  rxmcst/s   %ifutil
14:16:05           lo      0.00      0.00      0.00      0.00      0.00      0.00      0.00      0.00
14:16:05         ens5    639.00    643.00    253.36     78.28      0.00      0.00      0.00      0.00

14:16:05        IFACE   rxpck/s   txpck/s    rxkB/s    txkB/s   rxcmp/s   txcmp/s  rxmcst/s   %ifutil
14:16:06           lo      0.00      0.00      0.00      0.00      0.00      0.00      0.00      0.00
14:16:06         ens5    548.00    552.00    207.60     67.68      0.00      0.00      0.00      0.00

14:16:06        IFACE   rxpck/s   txpck/s    rxkB/s    txkB/s   rxcmp/s   txcmp/s  rxmcst/s   %ifutil
14:16:07           lo      0.00      0.00      0.00      0.00      0.00      0.00      0.00      0.00
14:16:07         ens5    577.00    595.00    323.27    245.71      0.00      0.00      0.00      0.00

14:16:07        IFACE   rxpck/s   txpck/s    rxkB/s    txkB/s   rxcmp/s   txcmp/s  rxmcst/s   %ifutil
14:16:08           lo      0.00      0.00      0.00      0.00      0.00      0.00      0.00      0.00
14:16:08         ens5    589.00    595.00    229.21    128.15      0.00      0.00      0.00      0.00

14:16:08        IFACE   rxpck/s   txpck/s    rxkB/s    txkB/s   rxcmp/s   txcmp/s  rxmcst/s   %ifutil
14:16:09           lo      0.00      0.00      0.00      0.00      0.00      0.00      0.00      0.00
14:16:09         ens5    647.00    638.00    372.27    117.85      0.00      0.00      0.00      0.00

14:16:09        IFACE   rxpck/s   txpck/s    rxkB/s    txkB/s   rxcmp/s   txcmp/s  rxmcst/s   %ifutil
14:16:10           lo      0.00      0.00      0.00      0.00      0.00      0.00      0.00      0.00
14:16:10         ens5    551.00    557.00    209.78     67.76      0.00      0.00      0.00      0.00

14:16:10        IFACE   rxpck/s   txpck/s    rxkB/s    txkB/s   rxcmp/s   txcmp/s  rxmcst/s   %ifutil
14:16:11           lo      0.00      0.00      0.00      0.00      0.00      0.00      0.00      0.00
14:16:11         ens5    480.00    481.00    188.03     56.97      0.00      0.00      0.00      0.00

14:16:11        IFACE   rxpck/s   txpck/s    rxkB/s    txkB/s   rxcmp/s   txcmp/s  rxmcst/s   %ifutil
14:16:12           lo      0.00      0.00      0.00      0.00      0.00      0.00      0.00      0.00
14:16:12         ens5    619.00    621.00    237.08     76.77      0.00      0.00      0.00      0.00

14:16:12        IFACE   rxpck/s   txpck/s    rxkB/s    txkB/s   rxcmp/s   txcmp/s  rxmcst/s   %ifutil
14:16:13           lo      0.00      0.00      0.00      0.00      0.00      0.00      0.00      0.00
14:16:13         ens5    621.00    627.00    239.13     77.31      0.00      0.00      0.00      0.00

14:16:13        IFACE   rxpck/s   txpck/s    rxkB/s    txkB/s   rxcmp/s   txcmp/s  rxmcst/s   %ifutil
14:16:14           lo      0.00      0.00      0.00      0.00      0.00      0.00      0.00      0.00
14:16:14         ens5    534.00    534.00    211.12     64.52      0.00      0.00      0.00      0.00

14:16:14        IFACE   rxpck/s   txpck/s    rxkB/s    txkB/s   rxcmp/s   txcmp/s  rxmcst/s   %ifutil
14:16:15           lo      0.00      0.00      0.00      0.00      0.00      0.00      0.00      0.00
14:16:15         ens5    542.00    549.00    207.50     67.28      0.00      0.00      0.00      0.00

14:16:15        IFACE   rxpck/s   txpck/s    rxkB/s    txkB/s   rxcmp/s   txcmp/s  rxmcst/s   %ifutil
14:16:16           lo      0.00      0.00      0.00      0.00      0.00      0.00      0.00      0.00
14:16:16         ens5    626.00    631.00    244.38     76.90      0.00      0.00      0.00      0.00

14:16:16        IFACE   rxpck/s   txpck/s    rxkB/s    txkB/s   rxcmp/s   txcmp/s  rxmcst/s   %ifutil
14:16:17           lo      0.00      0.00      0.00      0.00      0.00      0.00      0.00      0.00
14:16:17         ens5    581.00    593.00    331.95    244.43      0.00      0.00      0.00      0.00

14:16:17        IFACE   rxpck/s   txpck/s    rxkB/s    txkB/s   rxcmp/s   txcmp/s  rxmcst/s   %ifutil
14:16:18           lo      0.00      0.00      0.00      0.00      0.00      0.00      0.00      0.00
14:16:18         ens5    556.00    563.00    206.75    126.55      0.00      0.00      0.00      0.00

14:16:18        IFACE   rxpck/s   txpck/s    rxkB/s    txkB/s   rxcmp/s   txcmp/s  rxmcst/s   %ifutil
14:16:19           lo      0.00      0.00      0.00      0.00      0.00      0.00      0.00      0.00
14:16:19         ens5    578.00    574.00    341.79    109.83      0.00      0.00      0.00      0.00

14:16:19        IFACE   rxpck/s   txpck/s    rxkB/s    txkB/s   rxcmp/s   txcmp/s  rxmcst/s   %ifutil
14:16:20           lo      0.00      0.00      0.00      0.00      0.00      0.00      0.00      0.00
14:16:20         ens5    586.00    589.00    235.18     70.68      0.00      0.00      0.00      0.00

14:16:20        IFACE   rxpck/s   txpck/s    rxkB/s    txkB/s   rxcmp/s   txcmp/s  rxmcst/s   %ifutil
14:16:21           lo      0.00      0.00      0.00      0.00      0.00      0.00      0.00      0.00
14:16:21         ens5    535.00    539.00    203.17     66.12      0.00      0.00      0.00      0.00

14:16:21        IFACE   rxpck/s   txpck/s    rxkB/s    txkB/s   rxcmp/s   txcmp/s  rxmcst/s   %ifutil
14:16:22           lo      0.00      0.00      0.00      0.00      0.00      0.00      0.00      0.00
14:16:22         ens5    489.00    490.00    185.96     62.03      0.00      0.00      0.00      0.00

14:16:22        IFACE   rxpck/s   txpck/s    rxkB/s    txkB/s   rxcmp/s   txcmp/s  rxmcst/s   %ifutil
14:16:23           lo      0.00      0.00      0.00      0.00      0.00      0.00      0.00      0.00
14:16:23         ens5    539.00    544.00    216.59     65.63      0.00      0.00      0.00      0.00

14:16:23        IFACE   rxpck/s   txpck/s    rxkB/s    txkB/s   rxcmp/s   txcmp/s  rxmcst/s   %ifutil
14:16:24           lo      0.00      0.00      0.00      0.00      0.00      0.00      0.00      0.00
14:16:24         ens5    601.00    604.00    227.89     74.72      0.00      0.00      0.00      0.00

14:16:24        IFACE   rxpck/s   txpck/s    rxkB/s    txkB/s   rxcmp/s   txcmp/s  rxmcst/s   %ifutil
14:16:25           lo      0.00      0.00      0.00      0.00      0.00      0.00      0.00      0.00
14:16:25         ens5    545.00    551.00    202.63     67.08      0.00      0.00      0.00      0.00

14:16:25        IFACE   rxpck/s   txpck/s    rxkB/s    txkB/s   rxcmp/s   txcmp/s  rxmcst/s   %ifutil
14:16:26           lo      0.00      0.00      0.00      0.00      0.00      0.00      0.00      0.00
14:16:26         ens5    538.00    539.00    212.11     64.98      0.00      0.00      0.00      0.00

14:16:26        IFACE   rxpck/s   txpck/s    rxkB/s    txkB/s   rxcmp/s   txcmp/s  rxmcst/s   %ifutil
14:16:27           lo      0.00      0.00      0.00      0.00      0.00      0.00      0.00      0.00
14:16:27         ens5    673.00    688.00    360.36    257.12      0.00      0.00      0.00      0.00

14:16:27        IFACE   rxpck/s   txpck/s    rxkB/s    txkB/s   rxcmp/s   txcmp/s  rxmcst/s   %ifutil
14:16:28           lo      0.00      0.00      0.00      0.00      0.00      0.00      0.00      0.00
14:16:28         ens5    602.00    612.00    230.97    131.49      0.00      0.00      0.00      0.00

14:16:28        IFACE   rxpck/s   txpck/s    rxkB/s    txkB/s   rxcmp/s   txcmp/s  rxmcst/s   %ifutil
14:16:29           lo      0.00      0.00      0.00      0.00      0.00      0.00      0.00      0.00
14:16:29         ens5    549.00    538.00    327.83    106.99      0.00      0.00      0.00      0.00

14:16:29        IFACE   rxpck/s   txpck/s    rxkB/s    txkB/s   rxcmp/s   txcmp/s  rxmcst/s   %ifutil
14:16:30           lo      0.00      0.00      0.00      0.00      0.00      0.00      0.00      0.00
14:16:30         ens5   1198.00   1181.00    480.19    143.69      0.00      0.00      0.00      0.00
