Linux 6.1.166-197.305.amzn2023.x86_64 (ip-172-31-75-74.ec2.internal) 	04/22/26 	_x86_64_	(2 CPU)

14:39:28        IFACE   rxpck/s   txpck/s    rxkB/s    txkB/s   rxcmp/s   txcmp/s  rxmcst/s   %ifutil
14:39:29           lo      0.00      0.00      0.00      0.00      0.00      0.00      0.00      0.00
14:39:29         ens5    776.00    761.00    396.29   2142.38      0.00      0.00      0.00      0.00

14:39:29        IFACE   rxpck/s   txpck/s    rxkB/s    txkB/s   rxcmp/s   txcmp/s  rxmcst/s   %ifutil
14:39:30           lo      0.00      0.00      0.00      0.00      0.00      0.00      0.00      0.00
14:39:30         ens5    417.00    661.00    136.44   2096.12      0.00      0.00      0.00      0.00

14:39:30        IFACE   rxpck/s   txpck/s    rxkB/s    txkB/s   rxcmp/s   txcmp/s  rxmcst/s   %ifutil
14:39:31           lo      0.00      0.00      0.00      0.00      0.00      0.00      0.00      0.00
14:39:31         ens5    254.00    437.00     91.91   2064.86      0.00      0.00      0.00      0.00

14:39:31        IFACE   rxpck/s   txpck/s    rxkB/s    txkB/s   rxcmp/s   txcmp/s  rxmcst/s   %ifutil
14:39:32           lo      0.00      0.00      0.00      0.00      0.00      0.00      0.00      0.00
14:39:32         ens5    518.00    727.00    183.44   2093.83      0.00      0.00      0.00      0.00

14:39:32        IFACE   rxpck/s   txpck/s    rxkB/s    txkB/s   rxcmp/s   txcmp/s  rxmcst/s   %ifutil
14:39:33           lo      0.00      0.00      0.00      0.00      0.00      0.00      0.00      0.00
14:39:33         ens5    543.00    766.00    198.38   2104.00      0.00      0.00      0.00      0.00

14:39:33        IFACE   rxpck/s   txpck/s    rxkB/s    txkB/s   rxcmp/s   txcmp/s  rxmcst/s   %ifutil
14:39:34           lo      0.00      0.00      0.00      0.00      0.00      0.00      0.00      0.00
14:39:34         ens5    269.00    491.00     79.98   2064.59      0.00      0.00      0.00      0.00

14:39:34        IFACE   rxpck/s   txpck/s    rxkB/s    txkB/s   rxcmp/s   txcmp/s  rxmcst/s   %ifutil
14:39:35           lo      0.00      0.00      0.00      0.00      0.00      0.00      0.00      0.00
14:39:35         ens5    303.00    415.00    170.47   2115.78      0.00      0.00      0.00      0.00

14:39:35        IFACE   rxpck/s   txpck/s    rxkB/s    txkB/s   rxcmp/s   txcmp/s  rxmcst/s   %ifutil
14:39:36           lo      0.00      0.00      0.00      0.00      0.00      0.00      0.00      0.00
14:39:36         ens5    398.00    526.00    165.73   2072.21      0.00      0.00      0.00      0.00

14:39:36        IFACE   rxpck/s   txpck/s    rxkB/s    txkB/s   rxcmp/s   txcmp/s  rxmcst/s   %ifutil
14:39:37           lo      0.00      0.00      0.00      0.00      0.00      0.00      0.00      0.00
14:39:37         ens5    386.00    575.00    225.56   2253.35      0.00      0.00      0.00      0.00

14:39:37        IFACE   rxpck/s   txpck/s    rxkB/s    txkB/s   rxcmp/s   txcmp/s  rxmcst/s   %ifutil
14:39:38           lo      0.00      0.00      0.00      0.00      0.00      0.00      0.00      0.00
14:39:38         ens5    335.00    507.00    178.28   2176.43      0.00      0.00      0.00      0.00

14:39:38        IFACE   rxpck/s   txpck/s    rxkB/s    txkB/s   rxcmp/s   txcmp/s  rxmcst/s   %ifutil
14:39:39           lo      0.00      0.00      0.00      0.00      0.00      0.00      0.00      0.00
14:39:39         ens5    435.00    307.00    281.31     79.28      0.00      0.00      0.00      0.00

14:39:39        IFACE   rxpck/s   txpck/s    rxkB/s    txkB/s   rxcmp/s   txcmp/s  rxmcst/s   %ifutil
14:39:40           lo      0.00      0.00      0.00      0.00      0.00      0.00      0.00      0.00
14:39:40         ens5    390.00    751.00    108.86   4114.05      0.00      0.00      0.00      0.00

14:39:40        IFACE   rxpck/s   txpck/s    rxkB/s    txkB/s   rxcmp/s   txcmp/s  rxmcst/s   %ifutil
14:39:41           lo      0.00      0.00      0.00      0.00      0.00      0.00      0.00      0.00
14:39:41         ens5    233.00    392.00     90.18   2051.20      0.00      0.00      0.00      0.00

14:39:41        IFACE   rxpck/s   txpck/s    rxkB/s    txkB/s   rxcmp/s   txcmp/s  rxmcst/s   %ifutil
14:39:42           lo      0.00      0.00      0.00      0.00      0.00      0.00      0.00      0.00
14:39:42         ens5    255.00    200.00     78.65     25.75      0.00      0.00      0.00      0.00

14:39:42        IFACE   rxpck/s   txpck/s    rxkB/s    txkB/s   rxcmp/s   txcmp/s  rxmcst/s   %ifutil
14:39:43           lo      0.00      0.00      0.00      0.00      0.00      0.00      0.00      0.00
14:39:43         ens5    616.00    828.00    225.86   2113.99      0.00      0.00      0.00      0.00

14:39:43        IFACE   rxpck/s   txpck/s    rxkB/s    txkB/s   rxcmp/s   txcmp/s  rxmcst/s   %ifutil
14:39:44           lo      0.00      0.00      0.00      0.00      0.00      0.00      0.00      0.00
14:39:44         ens5    356.00    731.00     96.95   4104.63      0.00      0.00      0.00      0.00

14:39:44        IFACE   rxpck/s   txpck/s    rxkB/s    txkB/s   rxcmp/s   txcmp/s  rxmcst/s   %ifutil
14:39:45           lo      0.00      0.00      0.00      0.00      0.00      0.00      0.00      0.00
14:39:45         ens5    283.00    195.00    112.19     25.51      0.00      0.00      0.00      0.00

14:39:45        IFACE   rxpck/s   txpck/s    rxkB/s    txkB/s   rxcmp/s   txcmp/s  rxmcst/s   %ifutil
14:39:46           lo      0.00      0.00      0.00      0.00      0.00      0.00      0.00      0.00
14:39:46         ens5    478.00    669.00    179.48   2098.99      0.00      0.00      0.00      0.00

14:39:46        IFACE   rxpck/s   txpck/s    rxkB/s    txkB/s   rxcmp/s   txcmp/s  rxmcst/s   %ifutil
14:39:47           lo      0.00      0.00      0.00      0.00      0.00      0.00      0.00      0.00
14:39:47         ens5    371.00    773.00    222.57   4292.89      0.00      0.00      0.00      0.00

14:39:47        IFACE   rxpck/s   txpck/s    rxkB/s    txkB/s   rxcmp/s   txcmp/s  rxmcst/s   %ifutil
14:39:48           lo      0.00      0.00      0.00      0.00      0.00      0.00      0.00      0.00
14:39:48         ens5    329.00    238.00    121.18     88.02      0.00      0.00      0.00      0.00

14:39:48        IFACE   rxpck/s   txpck/s    rxkB/s    txkB/s   rxcmp/s   txcmp/s  rxmcst/s   %ifutil
14:39:49           lo      0.00      0.00      0.00      0.00      0.00      0.00      0.00      0.00
14:39:49         ens5    277.00    424.00    228.71   2099.96      0.00      0.00      0.00      0.00

14:39:49        IFACE   rxpck/s   txpck/s    rxkB/s    txkB/s   rxcmp/s   txcmp/s  rxmcst/s   %ifutil
14:39:50           lo      0.00      0.00      0.00      0.00      0.00      0.00      0.00      0.00
14:39:50         ens5    352.00    473.00    125.43   2069.81      0.00      0.00      0.00      0.00

14:39:50        IFACE   rxpck/s   txpck/s    rxkB/s    txkB/s   rxcmp/s   txcmp/s  rxmcst/s   %ifutil
14:39:51           lo      0.00      0.00      0.00      0.00      0.00      0.00      0.00      0.00
14:39:51         ens5    368.00    503.00    116.99   2077.37      0.00      0.00      0.00      0.00

14:39:51        IFACE   rxpck/s   txpck/s    rxkB/s    txkB/s   rxcmp/s   txcmp/s  rxmcst/s   %ifutil
14:39:52           lo      0.00      0.00      0.00      0.00      0.00      0.00      0.00      0.00
14:39:52         ens5    334.00    500.00    127.88   2070.94      0.00      0.00      0.00      0.00

14:39:52        IFACE   rxpck/s   txpck/s    rxkB/s    txkB/s   rxcmp/s   txcmp/s  rxmcst/s   %ifutil
14:39:53           lo      0.00      0.00      0.00      0.00      0.00      0.00      0.00      0.00
14:39:53         ens5    513.00    688.00    157.52   2085.44      0.00      0.00      0.00      0.00

14:39:53        IFACE   rxpck/s   txpck/s    rxkB/s    txkB/s   rxcmp/s   txcmp/s  rxmcst/s   %ifutil
14:39:54           lo      0.00      0.00      0.00      0.00      0.00      0.00      0.00      0.00
14:39:54         ens5    513.00    681.00    161.49   2092.20      0.00      0.00      0.00      0.00

14:39:54        IFACE   rxpck/s   txpck/s    rxkB/s    txkB/s   rxcmp/s   txcmp/s  rxmcst/s   %ifutil
14:39:55           lo      0.00      0.00      0.00      0.00      0.00      0.00      0.00      0.00
14:39:55         ens5    244.00    448.00     84.05   2055.25      0.00      0.00      0.00      0.00

14:39:55        IFACE   rxpck/s   txpck/s    rxkB/s    txkB/s   rxcmp/s   txcmp/s  rxmcst/s   %ifutil
14:39:56           lo      0.00      0.00      0.00      0.00      0.00      0.00      0.00      0.00
14:39:56         ens5    288.00    491.00     97.89   2071.76      0.00      0.00      0.00      0.00

14:39:56        IFACE   rxpck/s   txpck/s    rxkB/s    txkB/s   rxcmp/s   txcmp/s  rxmcst/s   %ifutil
14:39:57           lo      0.00      0.00      0.00      0.00      0.00      0.00      0.00      0.00
14:39:57         ens5    504.00    690.00    267.02   2275.32      0.00      0.00      0.00      0.00

14:39:57        IFACE   rxpck/s   txpck/s    rxkB/s    txkB/s   rxcmp/s   txcmp/s  rxmcst/s   %ifutil
14:39:58           lo      0.00      0.00      0.00      0.00      0.00      0.00      0.00      0.00
14:39:58         ens5    286.00    493.00     79.35   2147.71      0.00      0.00      0.00      0.00

14:39:58        IFACE   rxpck/s   txpck/s    rxkB/s    txkB/s   rxcmp/s   txcmp/s  rxmcst/s   %ifutil
14:39:59           lo      0.00      0.00      0.00      0.00      0.00      0.00      0.00      0.00
14:39:59         ens5    319.00    435.00    247.15   2112.17      0.00      0.00      0.00      0.00

14:39:59        IFACE   rxpck/s   txpck/s    rxkB/s    txkB/s   rxcmp/s   txcmp/s  rxmcst/s   %ifutil
14:40:00           lo      0.00      0.00      0.00      0.00      0.00      0.00      0.00      0.00
14:40:00         ens5    473.00    579.00    155.85   2083.53      0.00      0.00      0.00      0.00

14:40:00        IFACE   rxpck/s   txpck/s    rxkB/s    txkB/s   rxcmp/s   txcmp/s  rxmcst/s   %ifutil
14:40:01           lo      0.00      0.00      0.00      0.00      0.00      0.00      0.00      0.00
14:40:01         ens5    324.00    536.00     98.67   2077.66      0.00      0.00      0.00      0.00

14:40:01        IFACE   rxpck/s   txpck/s    rxkB/s    txkB/s   rxcmp/s   txcmp/s  rxmcst/s   %ifutil
14:40:02           lo      0.00      0.00      0.00      0.00      0.00      0.00      0.00      0.00
14:40:02         ens5    295.00    483.00    111.49   2069.44      0.00      0.00      0.00      0.00

14:40:02        IFACE   rxpck/s   txpck/s    rxkB/s    txkB/s   rxcmp/s   txcmp/s  rxmcst/s   %ifutil
14:40:03           lo      0.00      0.00      0.00      0.00      0.00      0.00      0.00      0.00
14:40:03         ens5    335.00    455.00    136.76   2076.89      0.00      0.00      0.00      0.00

14:40:03        IFACE   rxpck/s   txpck/s    rxkB/s    txkB/s   rxcmp/s   txcmp/s  rxmcst/s   %ifutil
14:40:04           lo      0.00      0.00      0.00      0.00      0.00      0.00      0.00      0.00
14:40:04         ens5    349.00    507.00    137.77   2071.03      0.00      0.00      0.00      0.00

14:40:04        IFACE   rxpck/s   txpck/s    rxkB/s    txkB/s   rxcmp/s   txcmp/s  rxmcst/s   %ifutil
14:40:05           lo      0.00      0.00      0.00      0.00      0.00      0.00      0.00      0.00
14:40:05         ens5    361.00    523.00    125.25   2064.74      0.00      0.00      0.00      0.00

14:40:05        IFACE   rxpck/s   txpck/s    rxkB/s    txkB/s   rxcmp/s   txcmp/s  rxmcst/s   %ifutil
14:40:06           lo      0.00      0.00      0.00      0.00      0.00      0.00      0.00      0.00
14:40:06         ens5    262.00    448.00     88.06   2069.50      0.00      0.00      0.00      0.00

14:40:06        IFACE   rxpck/s   txpck/s    rxkB/s    txkB/s   rxcmp/s   txcmp/s  rxmcst/s   %ifutil
14:40:07           lo      0.00      0.00      0.00      0.00      0.00      0.00      0.00      0.00
14:40:07         ens5    526.00    632.00    289.02   2258.25      0.00      0.00      0.00      0.00

14:40:07        IFACE   rxpck/s   txpck/s    rxkB/s    txkB/s   rxcmp/s   txcmp/s  rxmcst/s   %ifutil
14:40:08           lo      0.00      0.00      0.00      0.00      0.00      0.00      0.00      0.00
14:40:08         ens5    463.00    670.00    138.41   2140.75      0.00      0.00      0.00      0.00

14:40:08        IFACE   rxpck/s   txpck/s    rxkB/s    txkB/s   rxcmp/s   txcmp/s  rxmcst/s   %ifutil
14:40:09           lo      0.00      0.00      0.00      0.00      0.00      0.00      0.00      0.00
14:40:09         ens5    271.00    499.00    208.77   2112.29      0.00      0.00      0.00      0.00

14:40:09        IFACE   rxpck/s   txpck/s    rxkB/s    txkB/s   rxcmp/s   txcmp/s  rxmcst/s   %ifutil
14:40:10           lo      0.00      0.00      0.00      0.00      0.00      0.00      0.00      0.00
14:40:10         ens5    348.00    491.00    115.44   2064.38      0.00      0.00      0.00      0.00

14:40:10        IFACE   rxpck/s   txpck/s    rxkB/s    txkB/s   rxcmp/s   txcmp/s  rxmcst/s   %ifutil
14:40:11           lo      0.00      0.00      0.00      0.00      0.00      0.00      0.00      0.00
14:40:11         ens5    578.00    735.00    191.44   2097.79      0.00      0.00      0.00      0.00

14:40:11        IFACE   rxpck/s   txpck/s    rxkB/s    txkB/s   rxcmp/s   txcmp/s  rxmcst/s   %ifutil
14:40:12           lo      0.00      0.00      0.00      0.00      0.00      0.00      0.00      0.00
14:40:12         ens5    238.00    586.00     62.46   3327.89      0.00      0.00      0.00      0.00

14:40:12        IFACE   rxpck/s   txpck/s    rxkB/s    txkB/s   rxcmp/s   txcmp/s  rxmcst/s   %ifutil
14:40:13           lo      0.00      0.00      0.00      0.00      0.00      0.00      0.00      0.00
14:40:13         ens5    355.00    279.00    162.07    330.18      0.00      0.00      0.00      0.00

14:40:13        IFACE   rxpck/s   txpck/s    rxkB/s    txkB/s   rxcmp/s   txcmp/s  rxmcst/s   %ifutil
14:40:14           lo      0.00      0.00      0.00      0.00      0.00      0.00      0.00      0.00
14:40:14         ens5   1254.00    560.00   7317.72    468.13      0.00      0.00      0.00      0.00

14:40:14        IFACE   rxpck/s   txpck/s    rxkB/s    txkB/s   rxcmp/s   txcmp/s  rxmcst/s   %ifutil
14:40:15           lo      0.00      0.00      0.00      0.00      0.00      0.00      0.00      0.00
14:40:15         ens5   1696.00    777.00  10319.09    611.20      0.00      0.00      0.00      0.00

14:40:15        IFACE   rxpck/s   txpck/s    rxkB/s    txkB/s   rxcmp/s   txcmp/s  rxmcst/s   %ifutil
14:40:16           lo      0.00      0.00      0.00      0.00      0.00      0.00      0.00      0.00
14:40:16         ens5   1179.00    698.00   6116.29    471.71      0.00      0.00      0.00      0.00

14:40:16        IFACE   rxpck/s   txpck/s    rxkB/s    txkB/s   rxcmp/s   txcmp/s  rxmcst/s   %ifutil
14:40:17           lo      0.00      0.00      0.00      0.00      0.00      0.00      0.00      0.00
14:40:17         ens5    580.00    517.00    303.25    235.32      0.00      0.00      0.00      0.00

14:40:17        IFACE   rxpck/s   txpck/s    rxkB/s    txkB/s   rxcmp/s   txcmp/s  rxmcst/s   %ifutil
14:40:18           lo      0.00      0.00      0.00      0.00      0.00      0.00      0.00      0.00
14:40:18         ens5    626.00    596.00    341.75    131.74      0.00      0.00      0.00      0.00

14:40:18        IFACE   rxpck/s   txpck/s    rxkB/s    txkB/s   rxcmp/s   txcmp/s  rxmcst/s   %ifutil
14:40:19           lo      0.00      0.00      0.00      0.00      0.00      0.00      0.00      0.00
14:40:19         ens5    465.00    455.00    296.40     95.78      0.00      0.00      0.00      0.00

14:40:19        IFACE   rxpck/s   txpck/s    rxkB/s    txkB/s   rxcmp/s   txcmp/s  rxmcst/s   %ifutil
14:40:20           lo      0.00      0.00      0.00      0.00      0.00      0.00      0.00      0.00
14:40:20         ens5   1347.00    680.00   6455.03     81.21      0.00      0.00      0.00      0.00

14:40:20        IFACE   rxpck/s   txpck/s    rxkB/s    txkB/s   rxcmp/s   txcmp/s  rxmcst/s   %ifutil
14:40:21           lo      0.00      0.00      0.00      0.00      0.00      0.00      0.00      0.00
14:40:21         ens5   2204.00    670.00  15061.64     76.34      0.00      0.00      0.00      0.00

14:40:21        IFACE   rxpck/s   txpck/s    rxkB/s    txkB/s   rxcmp/s   txcmp/s  rxmcst/s   %ifutil
14:40:22           lo      0.00      0.00      0.00      0.00      0.00      0.00      0.00      0.00
14:40:22         ens5    515.00    700.00    195.87   2086.81      0.00      0.00      0.00      0.00

14:40:22        IFACE   rxpck/s   txpck/s    rxkB/s    txkB/s   rxcmp/s   txcmp/s  rxmcst/s   %ifutil
14:40:23           lo      0.00      0.00      0.00      0.00      0.00      0.00      0.00      0.00
14:40:23         ens5    309.00    514.00    103.83   2069.96      0.00      0.00      0.00      0.00

14:40:23        IFACE   rxpck/s   txpck/s    rxkB/s    txkB/s   rxcmp/s   txcmp/s  rxmcst/s   %ifutil
14:40:24           lo      0.00      0.00      0.00      0.00      0.00      0.00      0.00      0.00
14:40:24         ens5    262.00    413.00     82.58   2057.18      0.00      0.00      0.00      0.00

14:40:24        IFACE   rxpck/s   txpck/s    rxkB/s    txkB/s   rxcmp/s   txcmp/s  rxmcst/s   %ifutil
14:40:25           lo      0.00      0.00      0.00      0.00      0.00      0.00      0.00      0.00
14:40:25         ens5    636.00    482.00    208.56     61.03      0.00      0.00      0.00      0.00

14:40:25        IFACE   rxpck/s   txpck/s    rxkB/s    txkB/s   rxcmp/s   txcmp/s  rxmcst/s   %ifutil
14:40:26           lo      0.00      0.00      0.00      0.00      0.00      0.00      0.00      0.00
14:40:26         ens5    379.00    793.00    114.96   4112.31      0.00      0.00      0.00      0.00

14:40:26        IFACE   rxpck/s   txpck/s    rxkB/s    txkB/s   rxcmp/s   txcmp/s  rxmcst/s   %ifutil
14:40:27           lo      0.00      0.00      0.00      0.00      0.00      0.00      0.00      0.00
14:40:27         ens5    338.00    560.00    226.56   2258.98      0.00      0.00      0.00      0.00

14:40:27        IFACE   rxpck/s   txpck/s    rxkB/s    txkB/s   rxcmp/s   txcmp/s  rxmcst/s   %ifutil
14:40:28           lo      0.00      0.00      0.00      0.00      0.00      0.00      0.00      0.00
14:40:28         ens5    290.00    233.00    119.26     86.72      0.00      0.00      0.00      0.00

14:40:28        IFACE   rxpck/s   txpck/s    rxkB/s    txkB/s   rxcmp/s   txcmp/s  rxmcst/s   %ifutil
14:40:29           lo      0.00      0.00      0.00      0.00      0.00      0.00      0.00      0.00
14:40:29         ens5    445.00    560.00    258.24   2099.70      0.00      0.00      0.00      0.00

14:40:29        IFACE   rxpck/s   txpck/s    rxkB/s    txkB/s   rxcmp/s   txcmp/s  rxmcst/s   %ifutil
14:40:30           lo      0.00      0.00      0.00      0.00      0.00      0.00      0.00      0.00
14:40:30         ens5    412.00    819.00    132.03   4132.22      0.00      0.00      0.00      0.00

14:40:30        IFACE   rxpck/s   txpck/s    rxkB/s    txkB/s   rxcmp/s   txcmp/s  rxmcst/s   %ifutil
14:40:31           lo      0.00      0.00      0.00      0.00      0.00      0.00      0.00      0.00
14:40:31         ens5    275.00    188.00    119.80     25.52      0.00      0.00      0.00      0.00

14:40:31        IFACE   rxpck/s   txpck/s    rxkB/s    txkB/s   rxcmp/s   txcmp/s  rxmcst/s   %ifutil
14:40:32           lo      0.00      0.00      0.00      0.00      0.00      0.00      0.00      0.00
14:40:32         ens5    393.00    510.00    119.66   2067.97      0.00      0.00      0.00      0.00

14:40:32        IFACE   rxpck/s   txpck/s    rxkB/s    txkB/s   rxcmp/s   txcmp/s  rxmcst/s   %ifutil
14:40:33           lo      0.00      0.00      0.00      0.00      0.00      0.00      0.00      0.00
14:40:33         ens5    560.00   1009.00    206.25   4134.69      0.00      0.00      0.00      0.00

14:40:33        IFACE   rxpck/s   txpck/s    rxkB/s    txkB/s   rxcmp/s   txcmp/s  rxmcst/s   %ifutil
14:40:34           lo      0.00      0.00      0.00      0.00      0.00      0.00      0.00      0.00
14:40:34         ens5    247.00    491.00     65.83   2063.39      0.00      0.00      0.00      0.00

14:40:34        IFACE   rxpck/s   txpck/s    rxkB/s    txkB/s   rxcmp/s   txcmp/s  rxmcst/s   %ifutil
14:40:35           lo      0.00      0.00      0.00      0.00      0.00      0.00      0.00      0.00
14:40:35         ens5    269.00    438.00    112.70   2062.04      0.00      0.00      0.00      0.00

14:40:35        IFACE   rxpck/s   txpck/s    rxkB/s    txkB/s   rxcmp/s   txcmp/s  rxmcst/s   %ifutil
14:40:36           lo      0.00      0.00      0.00      0.00      0.00      0.00      0.00      0.00
14:40:36         ens5    418.00    588.00    157.38   2083.95      0.00      0.00      0.00      0.00

14:40:36        IFACE   rxpck/s   txpck/s    rxkB/s    txkB/s   rxcmp/s   txcmp/s  rxmcst/s   %ifutil
14:40:37           lo      0.00      0.00      0.00      0.00      0.00      0.00      0.00      0.00
14:40:37         ens5    320.59    493.14    199.78   2198.57      0.00      0.00      0.00      0.00

14:40:37        IFACE   rxpck/s   txpck/s    rxkB/s    txkB/s   rxcmp/s   txcmp/s  rxmcst/s   %ifutil
14:40:38           lo      0.00      0.00      0.00      0.00      0.00      0.00      0.00      0.00
14:40:38         ens5    252.00    180.00    116.33     80.41      0.00      0.00      0.00      0.00

14:40:38        IFACE   rxpck/s   txpck/s    rxkB/s    txkB/s   rxcmp/s   txcmp/s  rxmcst/s   %ifutil
14:40:39           lo      0.00      0.00      0.00      0.00      0.00      0.00      0.00      0.00
14:40:39         ens5    359.00    524.00    253.08   2114.33      0.00      0.00      0.00      0.00

14:40:39        IFACE   rxpck/s   txpck/s    rxkB/s    txkB/s   rxcmp/s   txcmp/s  rxmcst/s   %ifutil
14:40:40           lo      0.00      0.00      0.00      0.00      0.00      0.00      0.00      0.00
14:40:40         ens5    288.00    717.00     82.65   4103.24      0.00      0.00      0.00      0.00

14:40:40        IFACE   rxpck/s   txpck/s    rxkB/s    txkB/s   rxcmp/s   txcmp/s  rxmcst/s   %ifutil
14:40:41           lo      0.00      0.00      0.00      0.00      0.00      0.00      0.00      0.00
14:40:41         ens5    428.00    572.00    133.50   2077.40      0.00      0.00      0.00      0.00

14:40:41        IFACE   rxpck/s   txpck/s    rxkB/s    txkB/s   rxcmp/s   txcmp/s  rxmcst/s   %ifutil
14:40:42           lo      0.00      0.00      0.00      0.00      0.00      0.00      0.00      0.00
14:40:42         ens5    300.00    448.00    106.75   2066.24      0.00      0.00      0.00      0.00

14:40:42        IFACE   rxpck/s   txpck/s    rxkB/s    txkB/s   rxcmp/s   txcmp/s  rxmcst/s   %ifutil
14:40:43           lo      0.00      0.00      0.00      0.00      0.00      0.00      0.00      0.00
14:40:43         ens5    362.00    493.00    138.95   2072.28      0.00      0.00      0.00      0.00

14:40:43        IFACE   rxpck/s   txpck/s    rxkB/s    txkB/s   rxcmp/s   txcmp/s  rxmcst/s   %ifutil
14:40:44           lo      0.00      0.00      0.00      0.00      0.00      0.00      0.00      0.00
14:40:44         ens5    449.00    610.00    142.81   2076.14      0.00      0.00      0.00      0.00

14:40:44        IFACE   rxpck/s   txpck/s    rxkB/s    txkB/s   rxcmp/s   txcmp/s  rxmcst/s   %ifutil
14:40:45           lo      0.00      0.00      0.00      0.00      0.00      0.00      0.00      0.00
14:40:45         ens5    305.00    239.00    123.10     30.48      0.00      0.00      0.00      0.00

14:40:45        IFACE   rxpck/s   txpck/s    rxkB/s    txkB/s   rxcmp/s   txcmp/s  rxmcst/s   %ifutil
14:40:46           lo      0.00      0.00      0.00      0.00      0.00      0.00      0.00      0.00
14:40:46         ens5    352.00    474.00    117.41   2063.59      0.00      0.00      0.00      0.00

14:40:46        IFACE   rxpck/s   txpck/s    rxkB/s    txkB/s   rxcmp/s   txcmp/s  rxmcst/s   %ifutil
14:40:47           lo      0.00      0.00      0.00      0.00      0.00      0.00      0.00      0.00
14:40:47         ens5    703.00    826.00    363.41   2274.82      0.00      0.00      0.00      0.00

14:40:47        IFACE   rxpck/s   txpck/s    rxkB/s    txkB/s   rxcmp/s   txcmp/s  rxmcst/s   %ifutil
14:40:48           lo      0.00      0.00      0.00      0.00      0.00      0.00      0.00      0.00
14:40:48         ens5    319.00    759.00     90.08   4167.46      0.00      0.00      0.00      0.00

14:40:48        IFACE   rxpck/s   txpck/s    rxkB/s    txkB/s   rxcmp/s   txcmp/s  rxmcst/s   %ifutil
14:40:49           lo      0.00      0.00      0.00      0.00      0.00      0.00      0.00      0.00
14:40:49         ens5    297.00    484.00    226.66   2100.04      0.00      0.00      0.00      0.00

14:40:49        IFACE   rxpck/s   txpck/s    rxkB/s    txkB/s   rxcmp/s   txcmp/s  rxmcst/s   %ifutil
14:40:50           lo      0.00      0.00      0.00      0.00      0.00      0.00      0.00      0.00
14:40:50         ens5    277.00    172.00    127.39     21.97      0.00      0.00      0.00      0.00

14:40:50        IFACE   rxpck/s   txpck/s    rxkB/s    txkB/s   rxcmp/s   txcmp/s  rxmcst/s   %ifutil
14:40:51           lo      0.00      0.00      0.00      0.00      0.00      0.00      0.00      0.00
14:40:51         ens5    413.00    619.00    136.89   2093.04      0.00      0.00      0.00      0.00

14:40:51        IFACE   rxpck/s   txpck/s    rxkB/s    txkB/s   rxcmp/s   txcmp/s  rxmcst/s   %ifutil
14:40:52           lo      0.00      0.00      0.00      0.00      0.00      0.00      0.00      0.00
14:40:52         ens5    308.00    443.00    105.22   2058.40      0.00      0.00      0.00      0.00

14:40:52        IFACE   rxpck/s   txpck/s    rxkB/s    txkB/s   rxcmp/s   txcmp/s  rxmcst/s   %ifutil
14:40:53           lo      0.00      0.00      0.00      0.00      0.00      0.00      0.00      0.00
14:40:53         ens5    309.00    414.00    115.65   2053.69      0.00      0.00      0.00      0.00

14:40:53        IFACE   rxpck/s   txpck/s    rxkB/s    txkB/s   rxcmp/s   txcmp/s  rxmcst/s   %ifutil
14:40:54           lo      0.00      0.00      0.00      0.00      0.00      0.00      0.00      0.00
14:40:54         ens5    395.00    501.00    141.80   2061.24      0.00      0.00      0.00      0.00

14:40:54        IFACE   rxpck/s   txpck/s    rxkB/s    txkB/s   rxcmp/s   txcmp/s  rxmcst/s   %ifutil
14:40:55           lo      0.00      0.00      0.00      0.00      0.00      0.00      0.00      0.00
14:40:55         ens5    591.00    730.00    184.99   2105.14      0.00      0.00      0.00      0.00

14:40:55        IFACE   rxpck/s   txpck/s    rxkB/s    txkB/s   rxcmp/s   txcmp/s  rxmcst/s   %ifutil
14:40:56           lo      0.00      0.00      0.00      0.00      0.00      0.00      0.00      0.00
14:40:56         ens5    302.00    492.00    110.89   2068.17      0.00      0.00      0.00      0.00

14:40:56        IFACE   rxpck/s   txpck/s    rxkB/s    txkB/s   rxcmp/s   txcmp/s  rxmcst/s   %ifutil
14:40:57           lo      0.00      0.00      0.00      0.00      0.00      0.00      0.00      0.00
14:40:57         ens5    339.00    457.00    241.14   2239.08      0.00      0.00      0.00      0.00

14:40:57        IFACE   rxpck/s   txpck/s    rxkB/s    txkB/s   rxcmp/s   txcmp/s  rxmcst/s   %ifutil
14:40:58           lo      0.00      0.00      0.00      0.00      0.00      0.00      0.00      0.00
14:40:58         ens5    514.00    587.00    212.28   2136.98      0.00      0.00      0.00      0.00

14:40:58        IFACE   rxpck/s   txpck/s    rxkB/s    txkB/s   rxcmp/s   txcmp/s  rxmcst/s   %ifutil
14:40:59           lo      0.00      0.00      0.00      0.00      0.00      0.00      0.00      0.00
14:40:59         ens5    333.00    545.00    223.68   2110.54      0.00      0.00      0.00      0.00

14:40:59        IFACE   rxpck/s   txpck/s    rxkB/s    txkB/s   rxcmp/s   txcmp/s  rxmcst/s   %ifutil
14:41:00           lo      0.00      0.00      0.00      0.00      0.00      0.00      0.00      0.00
14:41:00         ens5    306.00    456.00     97.03   2059.81      0.00      0.00      0.00      0.00

14:41:00        IFACE   rxpck/s   txpck/s    rxkB/s    txkB/s   rxcmp/s   txcmp/s  rxmcst/s   %ifutil
14:41:01           lo      0.00      0.00      0.00      0.00      0.00      0.00      0.00      0.00
14:41:01         ens5    606.00    737.00    201.97   2097.80      0.00      0.00      0.00      0.00

14:41:01        IFACE   rxpck/s   txpck/s    rxkB/s    txkB/s   rxcmp/s   txcmp/s  rxmcst/s   %ifutil
14:41:02           lo      0.00      0.00      0.00      0.00      0.00      0.00      0.00      0.00
14:41:02         ens5    422.00    576.00    122.13   2076.19      0.00      0.00      0.00      0.00

14:41:02        IFACE   rxpck/s   txpck/s    rxkB/s    txkB/s   rxcmp/s   txcmp/s  rxmcst/s   %ifutil
14:41:03           lo      0.00      0.00      0.00      0.00      0.00      0.00      0.00      0.00
14:41:03         ens5    296.00    443.00    104.34   2060.21      0.00      0.00      0.00      0.00

14:41:03        IFACE   rxpck/s   txpck/s    rxkB/s    txkB/s   rxcmp/s   txcmp/s  rxmcst/s   %ifutil
14:41:04           lo      0.00      0.00      0.00      0.00      0.00      0.00      0.00      0.00
14:41:04         ens5    294.00    421.00    105.73   2065.69      0.00      0.00      0.00      0.00

14:41:04        IFACE   rxpck/s   txpck/s    rxkB/s    txkB/s   rxcmp/s   txcmp/s  rxmcst/s   %ifutil
14:41:05           lo      0.00      0.00      0.00      0.00      0.00      0.00      0.00      0.00
14:41:05         ens5    408.00    517.00    134.14   2064.46      0.00      0.00      0.00      0.00

14:41:05        IFACE   rxpck/s   txpck/s    rxkB/s    txkB/s   rxcmp/s   txcmp/s  rxmcst/s   %ifutil
14:41:06           lo      0.00      0.00      0.00      0.00      0.00      0.00      0.00      0.00
14:41:06         ens5    380.00    512.00    117.88   2070.83      0.00      0.00      0.00      0.00

14:41:06        IFACE   rxpck/s   txpck/s    rxkB/s    txkB/s   rxcmp/s   txcmp/s  rxmcst/s   %ifutil
14:41:07           lo      0.00      0.00      0.00      0.00      0.00      0.00      0.00      0.00
14:41:07         ens5    357.00    466.00    234.31   2237.89      0.00      0.00      0.00      0.00

14:41:07        IFACE   rxpck/s   txpck/s    rxkB/s    txkB/s   rxcmp/s   txcmp/s  rxmcst/s   %ifutil
14:41:08           lo      0.00      0.00      0.00      0.00      0.00      0.00      0.00      0.00
14:41:08         ens5    378.00    485.00    133.47   2124.09      0.00      0.00      0.00      0.00

14:41:08        IFACE   rxpck/s   txpck/s    rxkB/s    txkB/s   rxcmp/s   txcmp/s  rxmcst/s   %ifutil
14:41:09           lo      0.00      0.00      0.00      0.00      0.00      0.00      0.00      0.00
14:41:09         ens5    611.00    915.00    341.34   2152.33      0.00      0.00      0.00      0.00

14:41:09        IFACE   rxpck/s   txpck/s    rxkB/s    txkB/s   rxcmp/s   txcmp/s  rxmcst/s   %ifutil
14:41:10           lo      0.00      0.00      0.00      0.00      0.00      0.00      0.00      0.00
14:41:10         ens5    267.00    195.00    103.45     26.45      0.00      0.00      0.00      0.00

14:41:10        IFACE   rxpck/s   txpck/s    rxkB/s    txkB/s   rxcmp/s   txcmp/s  rxmcst/s   %ifutil
14:41:11           lo      0.00      0.00      0.00      0.00      0.00      0.00      0.00      0.00
14:41:11         ens5    244.00    441.00     76.96   2065.91      0.00      0.00      0.00      0.00

14:41:11        IFACE   rxpck/s   txpck/s    rxkB/s    txkB/s   rxcmp/s   txcmp/s  rxmcst/s   %ifutil
14:41:12           lo      0.00      0.00      0.00      0.00      0.00      0.00      0.00      0.00
14:41:12         ens5    517.00    864.00    150.15   4131.40      0.00      0.00      0.00      0.00

14:41:12        IFACE   rxpck/s   txpck/s    rxkB/s    txkB/s   rxcmp/s   txcmp/s  rxmcst/s   %ifutil
14:41:13           lo      0.00      0.00      0.00      0.00      0.00      0.00      0.00      0.00
14:41:13         ens5    296.00    453.00    100.52   1713.77      0.00      0.00      0.00      0.00

14:41:13        IFACE   rxpck/s   txpck/s    rxkB/s    txkB/s   rxcmp/s   txcmp/s  rxmcst/s   %ifutil
14:41:14           lo      0.00      0.00      0.00      0.00      0.00      0.00      0.00      0.00
14:41:14         ens5    827.00    312.00   5224.58    474.07      0.00      0.00      0.00      0.00

14:41:14        IFACE   rxpck/s   txpck/s    rxkB/s    txkB/s   rxcmp/s   txcmp/s  rxmcst/s   %ifutil
14:41:15           lo      0.00      0.00      0.00      0.00      0.00      0.00      0.00      0.00
14:41:15         ens5   1415.00    659.00   8338.40    733.33      0.00      0.00      0.00      0.00

14:41:15        IFACE   rxpck/s   txpck/s    rxkB/s    txkB/s   rxcmp/s   txcmp/s  rxmcst/s   %ifutil
14:41:16           lo      0.00      0.00      0.00      0.00      0.00      0.00      0.00      0.00
14:41:16         ens5   1404.00    705.00   8280.24    611.74      0.00      0.00      0.00      0.00

14:41:16        IFACE   rxpck/s   txpck/s    rxkB/s    txkB/s   rxcmp/s   txcmp/s  rxmcst/s   %ifutil
14:41:17           lo      0.00      0.00      0.00      0.00      0.00      0.00      0.00      0.00
14:41:17         ens5    858.00    631.00   2773.43    274.98      0.00      0.00      0.00      0.00

14:41:17        IFACE   rxpck/s   txpck/s    rxkB/s    txkB/s   rxcmp/s   txcmp/s  rxmcst/s   %ifutil
14:41:18           lo      0.00      0.00      0.00      0.00      0.00      0.00      0.00      0.00
14:41:18         ens5    607.00    582.00    232.60    129.31      0.00      0.00      0.00      0.00

14:41:18        IFACE   rxpck/s   txpck/s    rxkB/s    txkB/s   rxcmp/s   txcmp/s  rxmcst/s   %ifutil
14:41:19           lo      0.00      0.00      0.00      0.00      0.00      0.00      0.00      0.00
14:41:19         ens5    455.00    430.00    291.52     92.72      0.00      0.00      0.00      0.00

14:41:19        IFACE   rxpck/s   txpck/s    rxkB/s    txkB/s   rxcmp/s   txcmp/s  rxmcst/s   %ifutil
14:41:20           lo      0.00      0.00      0.00      0.00      0.00      0.00      0.00      0.00
14:41:20         ens5    620.00    621.00    240.50     75.07      0.00      0.00      0.00      0.00

14:41:20        IFACE   rxpck/s   txpck/s    rxkB/s    txkB/s   rxcmp/s   txcmp/s  rxmcst/s   %ifutil
14:41:21           lo      0.00      0.00      0.00      0.00      0.00      0.00      0.00      0.00
14:41:21         ens5   2333.00    667.00  16276.08     76.62      0.00      0.00      0.00      0.00

14:41:21        IFACE   rxpck/s   txpck/s    rxkB/s    txkB/s   rxcmp/s   txcmp/s  rxmcst/s   %ifutil
14:41:22           lo      0.00      0.00      0.00      0.00      0.00      0.00      0.00      0.00
14:41:22         ens5   1268.00    673.00   5817.06     81.29      0.00      0.00      0.00      0.00

14:41:22        IFACE   rxpck/s   txpck/s    rxkB/s    txkB/s   rxcmp/s   txcmp/s  rxmcst/s   %ifutil
14:41:23           lo      0.00      0.00      0.00      0.00      0.00      0.00      0.00      0.00
14:41:23         ens5    530.00    671.00    172.83   2092.61      0.00      0.00      0.00      0.00

14:41:23        IFACE   rxpck/s   txpck/s    rxkB/s    txkB/s   rxcmp/s   txcmp/s  rxmcst/s   %ifutil
14:41:24           lo      0.00      0.00      0.00      0.00      0.00      0.00      0.00      0.00
14:41:24         ens5    419.00    832.00    109.70   4100.12      0.00      0.00      0.00      0.00

14:41:24        IFACE   rxpck/s   txpck/s    rxkB/s    txkB/s   rxcmp/s   txcmp/s  rxmcst/s   %ifutil
14:41:25           lo      0.00      0.00      0.00      0.00      0.00      0.00      0.00      0.00
14:41:25         ens5    279.00    204.00    117.54     25.16      0.00      0.00      0.00      0.00

14:41:25        IFACE   rxpck/s   txpck/s    rxkB/s    txkB/s   rxcmp/s   txcmp/s  rxmcst/s   %ifutil
14:41:26           lo      0.00      0.00      0.00      0.00      0.00      0.00      0.00      0.00
14:41:26         ens5    277.00    421.00    105.88   2065.30      0.00      0.00      0.00      0.00

14:41:26        IFACE   rxpck/s   txpck/s    rxkB/s    txkB/s   rxcmp/s   txcmp/s  rxmcst/s   %ifutil
14:41:27           lo      0.00      0.00      0.00      0.00      0.00      0.00      0.00      0.00
14:41:27         ens5    633.00    792.00    326.95   2272.90      0.00      0.00      0.00      0.00

14:41:27        IFACE   rxpck/s   txpck/s    rxkB/s    txkB/s   rxcmp/s   txcmp/s  rxmcst/s   %ifutil
14:41:28           lo      0.00      0.00      0.00      0.00      0.00      0.00      0.00      0.00
14:41:28         ens5    516.00    657.00    171.39   2152.12      0.00      0.00      0.00      0.00

14:41:28        IFACE   rxpck/s   txpck/s    rxkB/s    txkB/s   rxcmp/s   txcmp/s  rxmcst/s   %ifutil
14:41:29           lo      0.00      0.00      0.00      0.00      0.00      0.00      0.00      0.00
14:41:29         ens5    297.00    430.00    238.37   2091.52      0.00      0.00      0.00      0.00
