Linux 6.1.166-197.305.amzn2023.x86_64 (ip-172-31-79-52.ec2.internal) 	04/22/26 	_x86_64_	(2 CPU)

14:18:59        IFACE   rxpck/s   txpck/s    rxkB/s    txkB/s   rxcmp/s   txcmp/s  rxmcst/s   %ifutil
14:19:00           lo      0.00      0.00      0.00      0.00      0.00      0.00      0.00      0.00
14:19:00         ens5   1797.00   2166.00    704.50   1115.48      0.00      0.00      0.00      0.00

14:19:00        IFACE   rxpck/s   txpck/s    rxkB/s    txkB/s   rxcmp/s   txcmp/s  rxmcst/s   %ifutil
14:19:01           lo      0.00      0.00      0.00      0.00      0.00      0.00      0.00      0.00
14:19:01         ens5    577.00    939.00    388.99    630.61      0.00      0.00      0.00      0.00

14:19:01        IFACE   rxpck/s   txpck/s    rxkB/s    txkB/s   rxcmp/s   txcmp/s  rxmcst/s   %ifutil
14:19:02           lo      0.00      0.00      0.00      0.00      0.00      0.00      0.00      0.00
14:19:02         ens5    494.00    811.00    349.34    579.43      0.00      0.00      0.00      0.00

14:19:02        IFACE   rxpck/s   txpck/s    rxkB/s    txkB/s   rxcmp/s   txcmp/s  rxmcst/s   %ifutil
14:19:03           lo      0.00      0.00      0.00      0.00      0.00      0.00      0.00      0.00
14:19:03         ens5    639.00    999.00    440.94    696.75      0.00      0.00      0.00      0.00

14:19:03        IFACE   rxpck/s   txpck/s    rxkB/s    txkB/s   rxcmp/s   txcmp/s  rxmcst/s   %ifutil
14:19:04           lo      0.00      0.00      0.00      0.00      0.00      0.00      0.00      0.00
14:19:04         ens5    646.00   1056.00    440.23    717.77      0.00      0.00      0.00      0.00

14:19:04        IFACE   rxpck/s   txpck/s    rxkB/s    txkB/s   rxcmp/s   txcmp/s  rxmcst/s   %ifutil
14:19:05           lo      0.00      0.00      0.00      0.00      0.00      0.00      0.00      0.00
14:19:05         ens5    523.00    649.00    399.64    611.69      0.00      0.00      0.00      0.00

14:19:05        IFACE   rxpck/s   txpck/s    rxkB/s    txkB/s   rxcmp/s   txcmp/s  rxmcst/s   %ifutil
14:19:06           lo      0.00      0.00      0.00      0.00      0.00      0.00      0.00      0.00
14:19:06         ens5   1441.00   1223.00   5141.99    760.62      0.00      0.00      0.00      0.00

14:19:06        IFACE   rxpck/s   txpck/s    rxkB/s    txkB/s   rxcmp/s   txcmp/s  rxmcst/s   %ifutil
14:19:07           lo      0.00      0.00      0.00      0.00      0.00      0.00      0.00      0.00
14:19:07         ens5    698.00   1114.00    509.63    777.79      0.00      0.00      0.00      0.00

14:19:07        IFACE   rxpck/s   txpck/s    rxkB/s    txkB/s   rxcmp/s   txcmp/s  rxmcst/s   %ifutil
14:19:08           lo      0.00      0.00      0.00      0.00      0.00      0.00      0.00      0.00
14:19:08         ens5    734.00   1205.00    572.92    845.25      0.00      0.00      0.00      0.00

14:19:08        IFACE   rxpck/s   txpck/s    rxkB/s    txkB/s   rxcmp/s   txcmp/s  rxmcst/s   %ifutil
14:19:09           lo      0.00      0.00      0.00      0.00      0.00      0.00      0.00      0.00
14:19:09         ens5    593.00    896.00    504.26    708.72      0.00      0.00      0.00      0.00

14:19:09        IFACE   rxpck/s   txpck/s    rxkB/s    txkB/s   rxcmp/s   txcmp/s  rxmcst/s   %ifutil
14:19:10           lo      0.00      0.00      0.00      0.00      0.00      0.00      0.00      0.00
14:19:10         ens5    594.00    889.00    465.20    677.28      0.00      0.00      0.00      0.00

14:19:10        IFACE   rxpck/s   txpck/s    rxkB/s    txkB/s   rxcmp/s   txcmp/s  rxmcst/s   %ifutil
14:19:11           lo      0.00      0.00      0.00      0.00      0.00      0.00      0.00      0.00
14:19:11         ens5    624.00    984.00    460.85    737.41      0.00      0.00      0.00      0.00

14:19:11        IFACE   rxpck/s   txpck/s    rxkB/s    txkB/s   rxcmp/s   txcmp/s  rxmcst/s   %ifutil
14:19:12           lo      0.00      0.00      0.00      0.00      0.00      0.00      0.00      0.00
14:19:12         ens5    686.00   1091.00    479.85    773.21      0.00      0.00      0.00      0.00

14:19:12        IFACE   rxpck/s   txpck/s    rxkB/s    txkB/s   rxcmp/s   txcmp/s  rxmcst/s   %ifutil
14:19:13           lo      0.00      0.00      0.00      0.00      0.00      0.00      0.00      0.00
14:19:13         ens5    636.00   1006.00    448.56    721.86      0.00      0.00      0.00      0.00

14:19:13        IFACE   rxpck/s   txpck/s    rxkB/s    txkB/s   rxcmp/s   txcmp/s  rxmcst/s   %ifutil
14:19:14           lo      0.00      0.00      0.00      0.00      0.00      0.00      0.00      0.00
14:19:14         ens5    604.00    972.00    418.00    682.88      0.00      0.00      0.00      0.00

14:19:14        IFACE   rxpck/s   txpck/s    rxkB/s    txkB/s   rxcmp/s   txcmp/s  rxmcst/s   %ifutil
14:19:15           lo      0.00      0.00      0.00      0.00      0.00      0.00      0.00      0.00
14:19:15         ens5    588.00    969.00    412.62    670.29      0.00      0.00      0.00      0.00

14:19:15        IFACE   rxpck/s   txpck/s    rxkB/s    txkB/s   rxcmp/s   txcmp/s  rxmcst/s   %ifutil
14:19:16           lo      0.00      0.00      0.00      0.00      0.00      0.00      0.00      0.00
14:19:16         ens5    705.00   1081.00    487.84    798.50      0.00      0.00      0.00      0.00

14:19:16        IFACE   rxpck/s   txpck/s    rxkB/s    txkB/s   rxcmp/s   txcmp/s  rxmcst/s   %ifutil
14:19:17           lo      0.00      0.00      0.00      0.00      0.00      0.00      0.00      0.00
14:19:17         ens5    664.00   1005.00    491.55    742.25      0.00      0.00      0.00      0.00

14:19:17        IFACE   rxpck/s   txpck/s    rxkB/s    txkB/s   rxcmp/s   txcmp/s  rxmcst/s   %ifutil
14:19:18           lo      0.00      0.00      0.00      0.00      0.00      0.00      0.00      0.00
14:19:18         ens5    633.00    929.00    492.64    703.83      0.00      0.00      0.00      0.00

14:19:18        IFACE   rxpck/s   txpck/s    rxkB/s    txkB/s   rxcmp/s   txcmp/s  rxmcst/s   %ifutil
14:19:19           lo      0.00      0.00      0.00      0.00      0.00      0.00      0.00      0.00
14:19:19         ens5    631.00   1005.00    522.16    726.94      0.00      0.00      0.00      0.00

14:19:19        IFACE   rxpck/s   txpck/s    rxkB/s    txkB/s   rxcmp/s   txcmp/s  rxmcst/s   %ifutil
14:19:20           lo      0.00      0.00      0.00      0.00      0.00      0.00      0.00      0.00
14:19:20         ens5    598.00    728.00    494.14    696.06      0.00      0.00      0.00      0.00

14:19:20        IFACE   rxpck/s   txpck/s    rxkB/s    txkB/s   rxcmp/s   txcmp/s  rxmcst/s   %ifutil
14:19:21           lo      0.00      0.00      0.00      0.00      0.00      0.00      0.00      0.00
14:19:21         ens5    697.00   1061.00    489.24    793.04      0.00      0.00      0.00      0.00

14:19:21        IFACE   rxpck/s   txpck/s    rxkB/s    txkB/s   rxcmp/s   txcmp/s  rxmcst/s   %ifutil
14:19:22           lo      0.00      0.00      0.00      0.00      0.00      0.00      0.00      0.00
14:19:22         ens5    554.00    850.00    364.04    587.50      0.00      0.00      0.00      0.00

14:19:22        IFACE   rxpck/s   txpck/s    rxkB/s    txkB/s   rxcmp/s   txcmp/s  rxmcst/s   %ifutil
14:19:23           lo      0.00      0.00      0.00      0.00      0.00      0.00      0.00      0.00
14:19:23         ens5    596.00    941.00    419.33    672.14      0.00      0.00      0.00      0.00

14:19:23        IFACE   rxpck/s   txpck/s    rxkB/s    txkB/s   rxcmp/s   txcmp/s  rxmcst/s   %ifutil
14:19:24           lo      0.00      0.00      0.00      0.00      0.00      0.00      0.00      0.00
14:19:24         ens5    675.00   1033.00    445.32    719.17      0.00      0.00      0.00      0.00

14:19:24        IFACE   rxpck/s   txpck/s    rxkB/s    txkB/s   rxcmp/s   txcmp/s  rxmcst/s   %ifutil
14:19:25           lo      0.00      0.00      0.00      0.00      0.00      0.00      0.00      0.00
14:19:25         ens5    694.00   1080.00    481.38    772.85      0.00      0.00      0.00      0.00

14:19:25        IFACE   rxpck/s   txpck/s    rxkB/s    txkB/s   rxcmp/s   txcmp/s  rxmcst/s   %ifutil
14:19:26           lo      0.00      0.00      0.00      0.00      0.00      0.00      0.00      0.00
14:19:26         ens5    572.00    898.00    405.95    651.77      0.00      0.00      0.00      0.00

14:19:26        IFACE   rxpck/s   txpck/s    rxkB/s    txkB/s   rxcmp/s   txcmp/s  rxmcst/s   %ifutil
14:19:27           lo      0.00      0.00      0.00      0.00      0.00      0.00      0.00      0.00
14:19:27         ens5    557.00    890.00    424.69    642.82      0.00      0.00      0.00      0.00

14:19:27        IFACE   rxpck/s   txpck/s    rxkB/s    txkB/s   rxcmp/s   txcmp/s  rxmcst/s   %ifutil
14:19:28           lo      0.00      0.00      0.00      0.00      0.00      0.00      0.00      0.00
14:19:28         ens5    770.00   1147.00    594.00    889.82      0.00      0.00      0.00      0.00

14:19:28        IFACE   rxpck/s   txpck/s    rxkB/s    txkB/s   rxcmp/s   txcmp/s  rxmcst/s   %ifutil
14:19:29           lo      0.00      0.00      0.00      0.00      0.00      0.00      0.00      0.00
14:19:29         ens5    767.00   1184.00    546.41    856.99      0.00      0.00      0.00      0.00

14:19:29        IFACE   rxpck/s   txpck/s    rxkB/s    txkB/s   rxcmp/s   txcmp/s  rxmcst/s   %ifutil
14:19:30           lo      0.00      0.00      0.00      0.00      0.00      0.00      0.00      0.00
14:19:30         ens5    590.00    844.00    470.80    614.42      0.00      0.00      0.00      0.00

14:19:30        IFACE   rxpck/s   txpck/s    rxkB/s    txkB/s   rxcmp/s   txcmp/s  rxmcst/s   %ifutil
14:19:31           lo      0.00      0.00      0.00      0.00      0.00      0.00      0.00      0.00
14:19:31         ens5    937.00   1487.00    526.90    864.32      0.00      0.00      0.00      0.00

14:19:31        IFACE   rxpck/s   txpck/s    rxkB/s    txkB/s   rxcmp/s   txcmp/s  rxmcst/s   %ifutil
14:19:32           lo      0.00      0.00      0.00      0.00      0.00      0.00      0.00      0.00
14:19:32         ens5    793.00   1412.00    574.01    936.34      0.00      0.00      0.00      0.00

14:19:32        IFACE   rxpck/s   txpck/s    rxkB/s    txkB/s   rxcmp/s   txcmp/s  rxmcst/s   %ifutil
14:19:33           lo      0.00      0.00      0.00      0.00      0.00      0.00      0.00      0.00
14:19:33         ens5    730.00   1142.00    502.21    801.58      0.00      0.00      0.00      0.00

14:19:33        IFACE   rxpck/s   txpck/s    rxkB/s    txkB/s   rxcmp/s   txcmp/s  rxmcst/s   %ifutil
14:19:34           lo      0.00      0.00      0.00      0.00      0.00      0.00      0.00      0.00
14:19:34         ens5    680.00    989.00    440.77    714.77      0.00      0.00      0.00      0.00

14:19:34        IFACE   rxpck/s   txpck/s    rxkB/s    txkB/s   rxcmp/s   txcmp/s  rxmcst/s   %ifutil
14:19:35           lo      0.00      0.00      0.00      0.00      0.00      0.00      0.00      0.00
14:19:35         ens5    619.00    993.00    443.53    703.64      0.00      0.00      0.00      0.00

14:19:35        IFACE   rxpck/s   txpck/s    rxkB/s    txkB/s   rxcmp/s   txcmp/s  rxmcst/s   %ifutil
14:19:36           lo      0.00      0.00      0.00      0.00      0.00      0.00      0.00      0.00
14:19:36         ens5    622.00    968.00    437.53    702.86      0.00      0.00      0.00      0.00

14:19:36        IFACE   rxpck/s   txpck/s    rxkB/s    txkB/s   rxcmp/s   txcmp/s  rxmcst/s   %ifutil
14:19:37           lo      0.00      0.00      0.00      0.00      0.00      0.00      0.00      0.00
14:19:37         ens5    683.00   1022.00    497.44    751.82      0.00      0.00      0.00      0.00

14:19:37        IFACE   rxpck/s   txpck/s    rxkB/s    txkB/s   rxcmp/s   txcmp/s  rxmcst/s   %ifutil
14:19:38           lo      0.00      0.00      0.00      0.00      0.00      0.00      0.00      0.00
14:19:38         ens5    699.00   1041.00    540.97    799.70      0.00      0.00      0.00      0.00

14:19:38        IFACE   rxpck/s   txpck/s    rxkB/s    txkB/s   rxcmp/s   txcmp/s  rxmcst/s   %ifutil
14:19:39           lo      0.00      0.00      0.00      0.00      0.00      0.00      0.00      0.00
14:19:39         ens5    596.00    919.00    470.97    662.97      0.00      0.00      0.00      0.00

14:19:39        IFACE   rxpck/s   txpck/s    rxkB/s    txkB/s   rxcmp/s   txcmp/s  rxmcst/s   %ifutil
14:19:40           lo      0.00      0.00      0.00      0.00      0.00      0.00      0.00      0.00
14:19:40         ens5    599.00    959.00    475.68    697.16      0.00      0.00      0.00      0.00

14:19:40        IFACE   rxpck/s   txpck/s    rxkB/s    txkB/s   rxcmp/s   txcmp/s  rxmcst/s   %ifutil
14:19:41           lo      0.00      0.00      0.00      0.00      0.00      0.00      0.00      0.00
14:19:41         ens5    645.00   1042.00    473.86    779.98      0.00      0.00      0.00      0.00

14:19:41        IFACE   rxpck/s   txpck/s    rxkB/s    txkB/s   rxcmp/s   txcmp/s  rxmcst/s   %ifutil
14:19:42           lo      0.00      0.00      0.00      0.00      0.00      0.00      0.00      0.00
14:19:42         ens5    630.00    989.00    443.25    712.05      0.00      0.00      0.00      0.00

14:19:42        IFACE   rxpck/s   txpck/s    rxkB/s    txkB/s   rxcmp/s   txcmp/s  rxmcst/s   %ifutil
14:19:43           lo      0.00      0.00      0.00      0.00      0.00      0.00      0.00      0.00
14:19:43         ens5    645.00   1032.00    430.97    692.87      0.00      0.00      0.00      0.00

14:19:43        IFACE   rxpck/s   txpck/s    rxkB/s    txkB/s   rxcmp/s   txcmp/s  rxmcst/s   %ifutil
14:19:44           lo      0.00      0.00      0.00      0.00      0.00      0.00      0.00      0.00
14:19:44         ens5    619.00    974.00    417.53    683.67      0.00      0.00      0.00      0.00

14:19:44        IFACE   rxpck/s   txpck/s    rxkB/s    txkB/s   rxcmp/s   txcmp/s  rxmcst/s   %ifutil
14:19:45           lo      0.00      0.00      0.00      0.00      0.00      0.00      0.00      0.00
14:19:45         ens5    657.00   1067.00    464.67    755.78      0.00      0.00      0.00      0.00

14:19:45        IFACE   rxpck/s   txpck/s    rxkB/s    txkB/s   rxcmp/s   txcmp/s  rxmcst/s   %ifutil
14:19:46           lo      0.00      0.00      0.00      0.00      0.00      0.00      0.00      0.00
14:19:46         ens5    711.00   1089.00    479.70    764.57      0.00      0.00      0.00      0.00

14:19:46        IFACE   rxpck/s   txpck/s    rxkB/s    txkB/s   rxcmp/s   txcmp/s  rxmcst/s   %ifutil
14:19:47           lo      0.00      0.00      0.00      0.00      0.00      0.00      0.00      0.00
14:19:47         ens5    665.00    997.00    468.25    699.67      0.00      0.00      0.00      0.00

14:19:47        IFACE   rxpck/s   txpck/s    rxkB/s    txkB/s   rxcmp/s   txcmp/s  rxmcst/s   %ifutil
14:19:48           lo      0.00      0.00      0.00      0.00      0.00      0.00      0.00      0.00
14:19:48         ens5    602.00    949.00    459.07    655.42      0.00      0.00      0.00      0.00

14:19:48        IFACE   rxpck/s   txpck/s    rxkB/s    txkB/s   rxcmp/s   txcmp/s  rxmcst/s   %ifutil
14:19:49           lo      0.00      0.00      0.00      0.00      0.00      0.00      0.00      0.00
14:19:49         ens5    678.00   1044.00    526.26    813.66      0.00      0.00      0.00      0.00

14:19:49        IFACE   rxpck/s   txpck/s    rxkB/s    txkB/s   rxcmp/s   txcmp/s  rxmcst/s   %ifutil
14:19:50           lo      0.00      0.00      0.00      0.00      0.00      0.00      0.00      0.00
14:19:50         ens5    682.00   1061.00    563.78    759.98      0.00      0.00      0.00      0.00

14:19:50        IFACE   rxpck/s   txpck/s    rxkB/s    txkB/s   rxcmp/s   txcmp/s  rxmcst/s   %ifutil
14:19:51           lo      0.00      0.00      0.00      0.00      0.00      0.00      0.00      0.00
14:19:51         ens5    620.00    965.00    421.60    681.72      0.00      0.00      0.00      0.00

14:19:51        IFACE   rxpck/s   txpck/s    rxkB/s    txkB/s   rxcmp/s   txcmp/s  rxmcst/s   %ifutil
14:19:52           lo      0.00      0.00      0.00      0.00      0.00      0.00      0.00      0.00
14:19:52         ens5    618.00    994.00    425.88    689.77      0.00      0.00      0.00      0.00

14:19:52        IFACE   rxpck/s   txpck/s    rxkB/s    txkB/s   rxcmp/s   txcmp/s  rxmcst/s   %ifutil
14:19:53           lo      0.00      0.00      0.00      0.00      0.00      0.00      0.00      0.00
14:19:53         ens5    639.00   1048.00    464.40    751.66      0.00      0.00      0.00      0.00

14:19:53        IFACE   rxpck/s   txpck/s    rxkB/s    txkB/s   rxcmp/s   txcmp/s  rxmcst/s   %ifutil
14:19:54           lo      0.00      0.00      0.00      0.00      0.00      0.00      0.00      0.00
14:19:54         ens5    699.00   1096.00    466.79    762.55      0.00      0.00      0.00      0.00

14:19:54        IFACE   rxpck/s   txpck/s    rxkB/s    txkB/s   rxcmp/s   txcmp/s  rxmcst/s   %ifutil
14:19:55           lo      0.00      0.00      0.00      0.00      0.00      0.00      0.00      0.00
14:19:55         ens5    709.00   1021.00    442.90    712.61      0.00      0.00      0.00      0.00

14:19:55        IFACE   rxpck/s   txpck/s    rxkB/s    txkB/s   rxcmp/s   txcmp/s  rxmcst/s   %ifutil
14:19:56           lo      0.00      0.00      0.00      0.00      0.00      0.00      0.00      0.00
14:19:56         ens5    590.00    953.00    408.40    663.30      0.00      0.00      0.00      0.00

14:19:56        IFACE   rxpck/s   txpck/s    rxkB/s    txkB/s   rxcmp/s   txcmp/s  rxmcst/s   %ifutil
14:19:57           lo      0.00      0.00      0.00      0.00      0.00      0.00      0.00      0.00
14:19:57         ens5    559.00    876.00    426.56    641.02      0.00      0.00      0.00      0.00

14:19:57        IFACE   rxpck/s   txpck/s    rxkB/s    txkB/s   rxcmp/s   txcmp/s  rxmcst/s   %ifutil
14:19:58           lo      0.00      0.00      0.00      0.00      0.00      0.00      0.00      0.00
14:19:58         ens5    679.00   1021.00    540.95    785.09      0.00      0.00      0.00      0.00

14:19:58        IFACE   rxpck/s   txpck/s    rxkB/s    txkB/s   rxcmp/s   txcmp/s  rxmcst/s   %ifutil
14:19:59           lo      0.00      0.00      0.00      0.00      0.00      0.00      0.00      0.00
14:19:59         ens5    720.00   1065.00    548.83    793.32      0.00      0.00      0.00      0.00

14:19:59        IFACE   rxpck/s   txpck/s    rxkB/s    txkB/s   rxcmp/s   txcmp/s  rxmcst/s   %ifutil
14:20:00           lo      0.00      0.00      0.00      0.00      0.00      0.00      0.00      0.00
14:20:00         ens5    579.00    835.00    417.79    591.05      0.00      0.00      0.00      0.00

14:20:00        IFACE   rxpck/s   txpck/s    rxkB/s    txkB/s   rxcmp/s   txcmp/s  rxmcst/s   %ifutil
14:20:01           lo      0.00      0.00      0.00      0.00      0.00      0.00      0.00      0.00
14:20:01         ens5    574.00    872.00    387.59    630.55      0.00      0.00      0.00      0.00

14:20:01        IFACE   rxpck/s   txpck/s    rxkB/s    txkB/s   rxcmp/s   txcmp/s  rxmcst/s   %ifutil
14:20:02           lo      0.00      0.00      0.00      0.00      0.00      0.00      0.00      0.00
14:20:02         ens5    623.00    970.00    446.53    721.96      0.00      0.00      0.00      0.00

14:20:02        IFACE   rxpck/s   txpck/s    rxkB/s    txkB/s   rxcmp/s   txcmp/s  rxmcst/s   %ifutil
14:20:03           lo      0.00      0.00      0.00      0.00      0.00      0.00      0.00      0.00
14:20:03         ens5    632.00    975.00    452.21    713.94      0.00      0.00      0.00      0.00

14:20:03        IFACE   rxpck/s   txpck/s    rxkB/s    txkB/s   rxcmp/s   txcmp/s  rxmcst/s   %ifutil
14:20:04           lo      0.00      0.00      0.00      0.00      0.00      0.00      0.00      0.00
14:20:04         ens5    549.00    813.00    353.28    565.08      0.00      0.00      0.00      0.00

14:20:04        IFACE   rxpck/s   txpck/s    rxkB/s    txkB/s   rxcmp/s   txcmp/s  rxmcst/s   %ifutil
14:20:05           lo      0.00      0.00      0.00      0.00      0.00      0.00      0.00      0.00
14:20:05         ens5    589.00    914.00    437.77    698.21      0.00      0.00      0.00      0.00

14:20:05        IFACE   rxpck/s   txpck/s    rxkB/s    txkB/s   rxcmp/s   txcmp/s  rxmcst/s   %ifutil
14:20:06           lo      0.00      0.00      0.00      0.00      0.00      0.00      0.00      0.00
14:20:06         ens5    695.00   1097.00    484.48    785.79      0.00      0.00      0.00      0.00

14:20:06        IFACE   rxpck/s   txpck/s    rxkB/s    txkB/s   rxcmp/s   txcmp/s  rxmcst/s   %ifutil
14:20:07           lo      0.00      0.00      0.00      0.00      0.00      0.00      0.00      0.00
14:20:07         ens5    551.00    866.00    401.25    599.18      0.00      0.00      0.00      0.00

14:20:07        IFACE   rxpck/s   txpck/s    rxkB/s    txkB/s   rxcmp/s   txcmp/s  rxmcst/s   %ifutil
14:20:08           lo      0.00      0.00      0.00      0.00      0.00      0.00      0.00      0.00
14:20:08         ens5    585.00    942.00    477.26    693.42      0.00      0.00      0.00      0.00

14:20:08        IFACE   rxpck/s   txpck/s    rxkB/s    txkB/s   rxcmp/s   txcmp/s  rxmcst/s   %ifutil
14:20:09           lo      0.00      0.00      0.00      0.00      0.00      0.00      0.00      0.00
14:20:09         ens5    669.00   1022.00    547.58    772.96      0.00      0.00      0.00      0.00

14:20:09        IFACE   rxpck/s   txpck/s    rxkB/s    txkB/s   rxcmp/s   txcmp/s  rxmcst/s   %ifutil
14:20:10           lo      0.00      0.00      0.00      0.00      0.00      0.00      0.00      0.00
14:20:10         ens5    662.00    988.00    481.98    694.41      0.00      0.00      0.00      0.00

14:20:10        IFACE   rxpck/s   txpck/s    rxkB/s    txkB/s   rxcmp/s   txcmp/s  rxmcst/s   %ifutil
14:20:11           lo      0.00      0.00      0.00      0.00      0.00      0.00      0.00      0.00
14:20:11         ens5    639.00   1030.00    451.74    725.52      0.00      0.00      0.00      0.00

14:20:11        IFACE   rxpck/s   txpck/s    rxkB/s    txkB/s   rxcmp/s   txcmp/s  rxmcst/s   %ifutil
14:20:12           lo      0.00      0.00      0.00      0.00      0.00      0.00      0.00      0.00
14:20:12         ens5    555.00    921.00    407.27    645.53      0.00      0.00      0.00      0.00

14:20:12        IFACE   rxpck/s   txpck/s    rxkB/s    txkB/s   rxcmp/s   txcmp/s  rxmcst/s   %ifutil
14:20:13           lo      0.00      0.00      0.00      0.00      0.00      0.00      0.00      0.00
14:20:13         ens5    650.00   1017.00    463.22    747.14      0.00      0.00      0.00      0.00

14:20:13        IFACE   rxpck/s   txpck/s    rxkB/s    txkB/s   rxcmp/s   txcmp/s  rxmcst/s   %ifutil
14:20:14           lo      0.00      0.00      0.00      0.00      0.00      0.00      0.00      0.00
14:20:14         ens5    732.00   1134.00    503.06    811.93      0.00      0.00      0.00      0.00

14:20:14        IFACE   rxpck/s   txpck/s    rxkB/s    txkB/s   rxcmp/s   txcmp/s  rxmcst/s   %ifutil
14:20:15           lo      0.00      0.00      0.00      0.00      0.00      0.00      0.00      0.00
14:20:15         ens5    726.00   1045.00    468.78    754.24      0.00      0.00      0.00      0.00

14:20:15        IFACE   rxpck/s   txpck/s    rxkB/s    txkB/s   rxcmp/s   txcmp/s  rxmcst/s   %ifutil
14:20:16           lo      0.00      0.00      0.00      0.00      0.00      0.00      0.00      0.00
14:20:16         ens5    612.00    943.00    419.77    664.58      0.00      0.00      0.00      0.00

14:20:16        IFACE   rxpck/s   txpck/s    rxkB/s    txkB/s   rxcmp/s   txcmp/s  rxmcst/s   %ifutil
14:20:17           lo      0.00      0.00      0.00      0.00      0.00      0.00      0.00      0.00
14:20:17         ens5    546.00    869.00    414.13    622.96      0.00      0.00      0.00      0.00

14:20:17        IFACE   rxpck/s   txpck/s    rxkB/s    txkB/s   rxcmp/s   txcmp/s  rxmcst/s   %ifutil
14:20:18           lo      0.00      0.00      0.00      0.00      0.00      0.00      0.00      0.00
14:20:18         ens5    642.00    988.00    512.71    750.15      0.00      0.00      0.00      0.00

14:20:18        IFACE   rxpck/s   txpck/s    rxkB/s    txkB/s   rxcmp/s   txcmp/s  rxmcst/s   %ifutil
14:20:19           lo      0.00      0.00      0.00      0.00      0.00      0.00      0.00      0.00
14:20:19         ens5    735.00   1108.00    536.57    849.19      0.00      0.00      0.00      0.00

14:20:19        IFACE   rxpck/s   txpck/s    rxkB/s    txkB/s   rxcmp/s   txcmp/s  rxmcst/s   %ifutil
14:20:20           lo      0.00      0.00      0.00      0.00      0.00      0.00      0.00      0.00
14:20:20         ens5    659.00    963.00    523.36    686.91      0.00      0.00      0.00      0.00

14:20:20        IFACE   rxpck/s   txpck/s    rxkB/s    txkB/s   rxcmp/s   txcmp/s  rxmcst/s   %ifutil
14:20:21           lo      0.00      0.00      0.00      0.00      0.00      0.00      0.00      0.00
14:20:21         ens5    546.00    838.00    368.25    594.35      0.00      0.00      0.00      0.00

14:20:21        IFACE   rxpck/s   txpck/s    rxkB/s    txkB/s   rxcmp/s   txcmp/s  rxmcst/s   %ifutil
14:20:22           lo      0.00      0.00      0.00      0.00      0.00      0.00      0.00      0.00
14:20:22         ens5    592.00    938.00    409.78    660.08      0.00      0.00      0.00      0.00

14:20:22        IFACE   rxpck/s   txpck/s    rxkB/s    txkB/s   rxcmp/s   txcmp/s  rxmcst/s   %ifutil
14:20:23           lo      0.00      0.00      0.00      0.00      0.00      0.00      0.00      0.00
14:20:23         ens5    684.00   1076.00    514.70    812.10      0.00      0.00      0.00      0.00

14:20:23        IFACE   rxpck/s   txpck/s    rxkB/s    txkB/s   rxcmp/s   txcmp/s  rxmcst/s   %ifutil
14:20:24           lo      0.00      0.00      0.00      0.00      0.00      0.00      0.00      0.00
14:20:24         ens5    683.00   1065.00    462.02    732.25      0.00      0.00      0.00      0.00

14:20:24        IFACE   rxpck/s   txpck/s    rxkB/s    txkB/s   rxcmp/s   txcmp/s  rxmcst/s   %ifutil
14:20:25           lo      0.00      0.00      0.00      0.00      0.00      0.00      0.00      0.00
14:20:25         ens5    606.00    950.00    414.94    654.97      0.00      0.00      0.00      0.00

14:20:25        IFACE   rxpck/s   txpck/s    rxkB/s    txkB/s   rxcmp/s   txcmp/s  rxmcst/s   %ifutil
14:20:26           lo      0.00      0.00      0.00      0.00      0.00      0.00      0.00      0.00
14:20:26         ens5    593.00    937.00    413.20    671.04      0.00      0.00      0.00      0.00

14:20:26        IFACE   rxpck/s   txpck/s    rxkB/s    txkB/s   rxcmp/s   txcmp/s  rxmcst/s   %ifutil
14:20:27           lo      0.00      0.00      0.00      0.00      0.00      0.00      0.00      0.00
14:20:27         ens5    684.00   1075.00    502.10    753.97      0.00      0.00      0.00      0.00

14:20:27        IFACE   rxpck/s   txpck/s    rxkB/s    txkB/s   rxcmp/s   txcmp/s  rxmcst/s   %ifutil
14:20:28           lo      0.00      0.00      0.00      0.00      0.00      0.00      0.00      0.00
14:20:28         ens5    538.00    833.00    465.51    651.38      0.00      0.00      0.00      0.00

14:20:28        IFACE   rxpck/s   txpck/s    rxkB/s    txkB/s   rxcmp/s   txcmp/s  rxmcst/s   %ifutil
14:20:29           lo      0.00      0.00      0.00      0.00      0.00      0.00      0.00      0.00
14:20:29         ens5    399.00    613.00    361.09    487.70      0.00      0.00      0.00      0.00

14:20:29        IFACE   rxpck/s   txpck/s    rxkB/s    txkB/s   rxcmp/s   txcmp/s  rxmcst/s   %ifutil
14:20:30           lo      0.00      0.00      0.00      0.00      0.00      0.00      0.00      0.00
14:20:30         ens5    458.00    722.00    388.57    547.56      0.00      0.00      0.00      0.00

14:20:30        IFACE   rxpck/s   txpck/s    rxkB/s    txkB/s   rxcmp/s   txcmp/s  rxmcst/s   %ifutil
14:20:31           lo      0.00      0.00      0.00      0.00      0.00      0.00      0.00      0.00
14:20:31         ens5    668.00   1059.00    480.15    754.81      0.00      0.00      0.00      0.00

14:20:31        IFACE   rxpck/s   txpck/s    rxkB/s    txkB/s   rxcmp/s   txcmp/s  rxmcst/s   %ifutil
14:20:32           lo      0.00      0.00      0.00      0.00      0.00      0.00      0.00      0.00
14:20:32         ens5    565.00    910.00    436.95    685.66      0.00      0.00      0.00      0.00

14:20:32        IFACE   rxpck/s   txpck/s    rxkB/s    txkB/s   rxcmp/s   txcmp/s  rxmcst/s   %ifutil
14:20:33           lo      0.00      0.00      0.00      0.00      0.00      0.00      0.00      0.00
14:20:33         ens5    643.00    967.00    427.05    669.39      0.00      0.00      0.00      0.00

14:20:33        IFACE   rxpck/s   txpck/s    rxkB/s    txkB/s   rxcmp/s   txcmp/s  rxmcst/s   %ifutil
14:20:34           lo      0.00      0.00      0.00      0.00      0.00      0.00      0.00      0.00
14:20:34         ens5    653.00    975.00    448.22    704.18      0.00      0.00      0.00      0.00

14:20:34        IFACE   rxpck/s   txpck/s    rxkB/s    txkB/s   rxcmp/s   txcmp/s  rxmcst/s   %ifutil
14:20:35           lo      0.00      0.00      0.00      0.00      0.00      0.00      0.00      0.00
14:20:35         ens5    709.00   1123.00    522.30    820.25      0.00      0.00      0.00      0.00

14:20:35        IFACE   rxpck/s   txpck/s    rxkB/s    txkB/s   rxcmp/s   txcmp/s  rxmcst/s   %ifutil
14:20:36           lo      0.00      0.00      0.00      0.00      0.00      0.00      0.00      0.00
14:20:36         ens5    689.00   1050.00    484.64    768.22      0.00      0.00      0.00      0.00

14:20:36        IFACE   rxpck/s   txpck/s    rxkB/s    txkB/s   rxcmp/s   txcmp/s  rxmcst/s   %ifutil
14:20:37           lo      0.00      0.00      0.00      0.00      0.00      0.00      0.00      0.00
14:20:37         ens5    644.00   1004.00    462.17    685.97      0.00      0.00      0.00      0.00

14:20:37        IFACE   rxpck/s   txpck/s    rxkB/s    txkB/s   rxcmp/s   txcmp/s  rxmcst/s   %ifutil
14:20:38           lo      0.00      0.00      0.00      0.00      0.00      0.00      0.00      0.00
14:20:38         ens5    655.00    996.00    528.07    752.99      0.00      0.00      0.00      0.00

14:20:38        IFACE   rxpck/s   txpck/s    rxkB/s    txkB/s   rxcmp/s   txcmp/s  rxmcst/s   %ifutil
14:20:39           lo      0.00      0.00      0.00      0.00      0.00      0.00      0.00      0.00
14:20:39         ens5    678.00   1048.00    503.47    756.32      0.00      0.00      0.00      0.00

14:20:39        IFACE   rxpck/s   txpck/s    rxkB/s    txkB/s   rxcmp/s   txcmp/s  rxmcst/s   %ifutil
14:20:40           lo      0.00      0.00      0.00      0.00      0.00      0.00      0.00      0.00
14:20:40         ens5    769.00   1139.00    581.40    783.19      0.00      0.00      0.00      0.00

14:20:40        IFACE   rxpck/s   txpck/s    rxkB/s    txkB/s   rxcmp/s   txcmp/s  rxmcst/s   %ifutil
14:20:41           lo      0.00      0.00      0.00      0.00      0.00      0.00      0.00      0.00
14:20:41         ens5    622.00    887.00    408.85    645.36      0.00      0.00      0.00      0.00

14:20:41        IFACE   rxpck/s   txpck/s    rxkB/s    txkB/s   rxcmp/s   txcmp/s  rxmcst/s   %ifutil
14:20:42           lo      0.00      0.00      0.00      0.00      0.00      0.00      0.00      0.00
14:20:42         ens5    613.00    912.00    390.45    616.21      0.00      0.00      0.00      0.00

14:20:42        IFACE   rxpck/s   txpck/s    rxkB/s    txkB/s   rxcmp/s   txcmp/s  rxmcst/s   %ifutil
14:20:43           lo      0.00      0.00      0.00      0.00      0.00      0.00      0.00      0.00
14:20:43         ens5    628.00    955.00    427.66    689.38      0.00      0.00      0.00      0.00

14:20:43        IFACE   rxpck/s   txpck/s    rxkB/s    txkB/s   rxcmp/s   txcmp/s  rxmcst/s   %ifutil
14:20:44           lo      0.00      0.00      0.00      0.00      0.00      0.00      0.00      0.00
14:20:44         ens5    688.00   1050.00    455.62    728.96      0.00      0.00      0.00      0.00

14:20:44        IFACE   rxpck/s   txpck/s    rxkB/s    txkB/s   rxcmp/s   txcmp/s  rxmcst/s   %ifutil
14:20:45           lo      0.00      0.00      0.00      0.00      0.00      0.00      0.00      0.00
14:20:45         ens5    629.00    972.00    446.00    711.87      0.00      0.00      0.00      0.00

14:20:45        IFACE   rxpck/s   txpck/s    rxkB/s    txkB/s   rxcmp/s   txcmp/s  rxmcst/s   %ifutil
14:20:46           lo      0.00      0.00      0.00      0.00      0.00      0.00      0.00      0.00
14:20:46         ens5    558.00    887.00    391.24    621.20      0.00      0.00      0.00      0.00

14:20:46        IFACE   rxpck/s   txpck/s    rxkB/s    txkB/s   rxcmp/s   txcmp/s  rxmcst/s   %ifutil
14:20:47           lo      0.00      0.00      0.00      0.00      0.00      0.00      0.00      0.00
14:20:47         ens5    603.00    951.00    483.40    707.46      0.00      0.00      0.00      0.00

14:20:47        IFACE   rxpck/s   txpck/s    rxkB/s    txkB/s   rxcmp/s   txcmp/s  rxmcst/s   %ifutil
14:20:48           lo      0.00      0.00      0.00      0.00      0.00      0.00      0.00      0.00
14:20:48         ens5    665.00   1020.00    536.38    787.08      0.00      0.00      0.00      0.00

14:20:48        IFACE   rxpck/s   txpck/s    rxkB/s    txkB/s   rxcmp/s   txcmp/s  rxmcst/s   %ifutil
14:20:49           lo      0.00      0.00      0.00      0.00      0.00      0.00      0.00      0.00
14:20:49         ens5    702.00   1088.00    534.91    757.48      0.00      0.00      0.00      0.00

14:20:49        IFACE   rxpck/s   txpck/s    rxkB/s    txkB/s   rxcmp/s   txcmp/s  rxmcst/s   %ifutil
14:20:50           lo      0.00      0.00      0.00      0.00      0.00      0.00      0.00      0.00
14:20:50         ens5    563.00    887.00    451.81    627.29      0.00      0.00      0.00      0.00

14:20:50        IFACE   rxpck/s   txpck/s    rxkB/s    txkB/s   rxcmp/s   txcmp/s  rxmcst/s   %ifutil
14:20:51           lo      0.00      0.00      0.00      0.00      0.00      0.00      0.00      0.00
14:20:51         ens5    553.00    878.00    382.21    629.66      0.00      0.00      0.00      0.00

14:20:51        IFACE   rxpck/s   txpck/s    rxkB/s    txkB/s   rxcmp/s   txcmp/s  rxmcst/s   %ifutil
14:20:52           lo      0.00      0.00      0.00      0.00      0.00      0.00      0.00      0.00
14:20:52         ens5    639.00   1022.00    489.37    766.84      0.00      0.00      0.00      0.00

14:20:52        IFACE   rxpck/s   txpck/s    rxkB/s    txkB/s   rxcmp/s   txcmp/s  rxmcst/s   %ifutil
14:20:53           lo      0.00      0.00      0.00      0.00      0.00      0.00      0.00      0.00
14:20:53         ens5    662.00   1005.00    480.88    767.03      0.00      0.00      0.00      0.00

14:20:53        IFACE   rxpck/s   txpck/s    rxkB/s    txkB/s   rxcmp/s   txcmp/s  rxmcst/s   %ifutil
14:20:54           lo      0.00      0.00      0.00      0.00      0.00      0.00      0.00      0.00
14:20:54         ens5    734.00   1132.00    494.83    772.18      0.00      0.00      0.00      0.00

14:20:54        IFACE   rxpck/s   txpck/s    rxkB/s    txkB/s   rxcmp/s   txcmp/s  rxmcst/s   %ifutil
14:20:55           lo      0.00      0.00      0.00      0.00      0.00      0.00      0.00      0.00
14:20:55         ens5    600.00    913.00    411.36    664.35      0.00      0.00      0.00      0.00

14:20:55        IFACE   rxpck/s   txpck/s    rxkB/s    txkB/s   rxcmp/s   txcmp/s  rxmcst/s   %ifutil
14:20:56           lo      0.00      0.00      0.00      0.00      0.00      0.00      0.00      0.00
14:20:56         ens5    593.00    948.00    440.67    689.61      0.00      0.00      0.00      0.00

14:20:56        IFACE   rxpck/s   txpck/s    rxkB/s    txkB/s   rxcmp/s   txcmp/s  rxmcst/s   %ifutil
14:20:57           lo      0.00      0.00      0.00      0.00      0.00      0.00      0.00      0.00
14:20:57         ens5    723.00   1118.00    539.81    806.88      0.00      0.00      0.00      0.00

14:20:57        IFACE   rxpck/s   txpck/s    rxkB/s    txkB/s   rxcmp/s   txcmp/s  rxmcst/s   %ifutil
14:20:58           lo      0.00      0.00      0.00      0.00      0.00      0.00      0.00      0.00
14:20:58         ens5    721.00   1069.00    589.83    862.88      0.00      0.00      0.00      0.00

14:20:58        IFACE   rxpck/s   txpck/s    rxkB/s    txkB/s   rxcmp/s   txcmp/s  rxmcst/s   %ifutil
14:20:59           lo      0.00      0.00      0.00      0.00      0.00      0.00      0.00      0.00
14:20:59         ens5    628.00    866.00    499.47    697.02      0.00      0.00      0.00      0.00

14:20:59        IFACE   rxpck/s   txpck/s    rxkB/s    txkB/s   rxcmp/s   txcmp/s  rxmcst/s   %ifutil
14:21:00           lo      0.00      0.00      0.00      0.00      0.00      0.00      0.00      0.00
14:21:00         ens5   1027.00   1267.00    481.67    722.22      0.00      0.00      0.00      0.00
