procs -----------memory---------- ---swap-- -----io---- -system-- ------cpu-----
 r  b   swpd   free   buff  cache   si   so    bi    bo   in   cs us sy id wa st
 0  0      0 5771468   2168 1374584    0    0    25  1048 1972  748  6  1 88  5  0
 0  1      0 5771476   2168 1374664    0    0     0  4812 13684 19723 21  5 54 20  0
 0  1      0 5771224   2168 1374664    0    0     0  4620 14334 20793 20  8 53 19  0
 3  0      0 5768956   2168 1374664    0    0     0  4796 12633 19532 14  2 63 21  0
 1  0      0 5790380   2168 1391388    0    0     0 27940 9049 11912 36  5 38 21  0
 1  0      0 5792144   2168 1377700    0    0     0 30472 10194 14871 24  5 53 18  0
 0  1      0 5791136   2168 1377700    0    0     0  3112 9410 14750 13  2 72 13  0
 0  1      0 5790376   2168 1377700    0    0     0  3556 11516 17617 10  4 68 17  0
 0  0      0 5789116   2168 1377700    0    0     0  4544 14130 21190 18  6 56 19  0
 0  0      0 5787856   2168 1377700    0    0     0  4404 13032 19455 15  6 61 18  0
 1  1      0 5786848   2168 1377700    0    0     0  3716 11958 18193 10  4 68 18  0
 0  0      0 5785588   2168 1377700    0    0     0  4584 14418 21456 18  6 56 20  0
 3  1      0 5784580   2168 1377700    0    0     0  3788 11483 17391 16  5 64 17  0
 0  1      0 5786092   2168 1377700    0    0     0  3792 11904 17655 15  5 63 16  0
 0  0      0 5784580   2168 1377700    0    0     0  5132 16705 25639 18  7 54 21  0
 0  0      0 5782816   2168 1377704    0    0     0  5140 11386 17176 14  3 66 17  0
 1  1      0 5781808   2168 1377704    0    0     0  3820 12262 18636 16  4 62 17  0
 3  1      0 5780548   2168 1377704    0    0     0  4552 14121 21124 21  5 55 19  0
 0  0      0 5779540   2168 1377704    0    0     0  3848 11813 17923 10  3 69 18  0
 0  1      0 5778532   2168 1377704    0    0     0  4088 12790 19475 14  2 64 20  0
 3  0      0 5777272   2168 1377704    0    0     0  4444 13960 21054 12  7 60 21  0
procs -----------memory---------- ---swap-- -----io---- -system-- ------cpu-----
 r  b   swpd   free   buff  cache   si   so    bi    bo   in   cs us sy id wa st
 0  1      0 5776264   2168 1377704    0    0     0  3692 11744 17994 19  4 61 16  0
 0  0      0 5775004   2168 1377704    0    0     0  4176 13387 20305 12  3 64 21  0
 1  1      0 5773744   2168 1377704    0    0     0  4356 13005 19599 13  5 63 20  0
 0  0      0 5772484   2168 1377708    0    0     0  4116 8893 12124 13  4 63 20  0
 0  1      0 5770468   2168 1377708    0    0     0  5844 13211 19700 21  5 55 19  0
 1  1      0 5768956   2168 1377708    0    0     0  4000 12920 19702 16  6 60 18  0
 0  1      0 5767696   2168 1377708    0    0     0  3668 10464 15264 12  4 65 19  0
 3  0      0 5766436   2168 1377712    0    0     0  4716 12830 18340 18  4 56 22  0
 3  0      0 5752260   2168 1377712    0    0     0  3540 10655 15895 19  4 60 17  0
 0  0      0 5750244   2168 1377712    0    0     0  3548 11557 17952 18  5 63 14  0
 2  0      0 5750496   2168 1383728    0    0     0  8796 9948 13686 30  4 50 16  0
 2  1      0 5739412   2168 1380804    0    0     0 35072 9761 12665 29  9 40 22  0
 0  0      0 5738152   2168 1380804    0    0     0  4036 11799 17757 15  4 64 18  0
 3  0      0 5737396   2168 1380804    0    0     0  3280 8836 14000 13  3 72 12  0
 0  0      0 5750500   2168 1380804    0    0     0  4644 9722 14874 15  4 67 14  0
 0  1      0 5757444   2168 1380804    0    0     0  4744 9754 12619 33  4 41 22  0
 0  1      0 5757556   2168 1380804    0    0     0  4592 13910 20523 27  5 51 18  0
 1  1      0 5757556   2168 1380804    0    0     0  3828 8506 10844 18  4 59 19  0
 0  0      0 5765652   2168 1380804    0    0     0  4388 12313 18423 14  5 61 20  0
 0  1      0 5765652   2168 1380804    0    0     0  4096 10020 13622 18  1 60 21  0
 0  1      0 5765652   2168 1380808    0    0     0  3576 11548 17512 16  3 65 16  0
procs -----------memory---------- ---swap-- -----io---- -system-- ------cpu-----
 r  b   swpd   free   buff  cache   si   so    bi    bo   in   cs us sy id wa st
 0  1      0 5765652   2168 1380812    0    0     0  4324 13816 20437 18  4 59 19  0
 0  0      0 5765652   2168 1380816    0    0     0  4112 11981 17988 16  3 64 17  0
 3  1      0 5765652   2168 1380816    0    0     0  3912 11456 17556 15  3 66 17  0
 0  0      0 5765652   2168 1380816    0    0     0  5888 13843 20730 19  6 55 19  0
 3  1      0 5765652   2168 1380816    0    0     0  3968 12678 19355 14  4 63 19  0
 3  1      0 5765652   2168 1380816    0    0     0  3624 11789 18042 13  5 65 17  0
 0  1      0 5765652   2168 1380816    0    0     0  4672 14016 21093 23  6 52 19  0
 0  0      0 5765652   2168 1380816    0    0     0  3596 11523 17352 14  4 65 16  0
 0  0      0 5765652   2168 1380816    0    0     0  4068 13405 20210 21  3 58 18  0
 0  1      0 5765652   2168 1380816    0    0     0  4284 13157 19951 15  4 61 20  0
 1  1      0 5765400   2168 1380816    0    0     0  3560 11346 17145 15  5 65 15  0
 0  0      0 5764140   2168 1380816    0    0     0  4572 13358 20185 15  4 61 21  0
 0  0      0 5762880   2168 1380816    0    0     0  4252 12303 18874 16  5 62 18  0
 0  1      0 5729168   2168 1380820    0    0     0  5104 11057 16781 20  2 62 16  0
 3  0      0 5727908   2168 1380820    0    0     0  4672 14192 21507 16  4 58 22  0
 0  0      0 5726900   2168 1380820    0    0     0  3544 11195 17177 12  3 68 17  0
 0  1      0 5741520   2168 1391376    0    0     0 20408 10503 13941 35  5 40 20  0
 3  0      0 5738500   2168 1383804    0    0     0 27192 13166 18855 31  6 43 20  0
 0  1      0 5738248   2168 1383808    0    0     0  3624 11727 18104 13  4 65 18  0
 0  0      0 5738248   2168 1383808    0    0     0  2812 9377 14592 11  1 75 13  0
 0  1      0 5738248   2168 1383812    0    0     0  3520 11324 17236 11  4 68 17  0
procs -----------memory---------- ---swap-- -----io---- -system-- ------cpu-----
 r  b   swpd   free   buff  cache   si   so    bi    bo   in   cs us sy id wa st
 0  0      0 5738248   2168 1383812    0    0     0  3900 11678 17629 19  4 61 17  0
 2  0      0 5738248   2168 1383820    0    0     0  4692 14727 22514 15  4 60 20  0
 2  1      0 5738252   2168 1383820    0    0     0 10596 11904 18166 12  6 63 19  0
 2  1      0 5738252   2168 1383820    0    0     0  3572 11560 17545 15  5 65 16  0
 3  1      0 5738252   2168 1383820    0    0     0  4608 14220 21314 17  5 57 21  0
 0  1      0 5738252   2168 1383824    0    0     0  3552 11593 17736 11  4 67 17  0
 0  0      0 5738252   2168 1383824    0    0     0  4312 13031 19786 19  5 58 18  0
 0  1      0 5737496   2168 1383824    0    0     0  4144 13158 19863 20  4 58 18  0
 3  0      0 5735732   2168 1383824    0    0     0  3456 11129 17017 13  4 68 16  0
 0  1      0 5733212   2168 1383824    0    0     0  4556 14109 21344 11  7 59 23  0
 4  0      0 5731448   2168 1383824    0    0     0  3416 10746 16527 13  4 68 16  0
 0  0      0 5728676   2168 1383828    0    0     0  4432 12820 19571 11  5 64 20  0
 0  0      0 5724896   2168 1383828    0    0     0  5208 11489 17343 23  4 56 16  0
 0  0      0 5723132   2168 1383828    0    0     0  3588 11430 17550 17  3 65 16  0
 0  1      0 5720612   2168 1383828    0    0     0  4216 13068 19915 14  8 60 19  0
 0  0      0 5718848   2168 1383828    0    0     0  3048 10354 16157 11  1 73 15  0
 0  1      0 5716832   2168 1383828    0    0     0  4132 10819 14920 13  3 63 22  0
 3  0      0 5715068   2168 1383828    0    0     0  3180 10086 15328 10  4 69 17  0
 0  0      0 5712800   2168 1383832    0    0     0  4248 13445 20503 14  4 61 21  0
 0  0      0 5711036   2168 1383832    0    0     0  3144 10091 15507 17  4 65 14  0
 0  0      0 5708768   2168 1383832    0    0     0  4136 12894 19587 18  4 60 19  0
procs -----------memory---------- ---swap-- -----io---- -system-- ------cpu-----
 r  b   swpd   free   buff  cache   si   so    bi    bo   in   cs us sy id wa st
 3  0      0 5706500   2168 1383840    0    0     0  4296 12685 19321 15  5 62 18  0
 1  0      0 5702720   2168 1383840    0    0     0  4760 10149 15632 17  4 65 14  0
 0  1      0 5700452   2168 1383840    0    0     0  4412 13841 20730 19  5 57 20  0
 0  1      0 5711036   2168 1391180    0    0     0 31932 8255 9943 41  7 33 18  0
 1  1      0 5701964   2168 1386632    0    0     0 17372 13174 19328 16  7 56 20  0
 0  0      0 5701232   2168 1386640    0    0     0  6440 12204 18688 11 10 62 17  0
 0  0      0 5701232   2168 1386632    0    0     0  1908 6464 10525  4  1 85  9  0
 1  1      0 5705916   2168 1386632    0    0     0  3952 11311 16089 26  2 55 18  0
 3  1      0 5705916   2168 1386632    0    0     0  3524 11696 17129 24  5 57 14  0
 1  0      0 5705916   2168 1386632    0    0     0  2660 8860 14009 10  1 77 12  0
 0  1      0 5705916   2168 1386676    0    0     0  4488 13037 19999 19  4 57 20  0
 3  0      0 5691552   2168 1386680    0    0     0  4520 10415 15792 21  4 62 13  0
 1  1      0 5691552   2168 1386680    0    0     0  3508 10830 17127 12  3 68 16  0
 0  1      0 5691552   2168 1386680    0    0     0  3336 10684 16469 11  3 71 16  0
 2  0      0 5691552   2168 1386680    0    0     0  4124 13081 19578 18  3 61 18  0
 0  0      0 5691552   2168 1386680    0    0     0  3448 10628 16444  9  3 72 17  0
 0  0      0 5691552   2168 1386680    0    0     0  3948 12441 18890 15  1 65 19  0
 1  1      0 5691552   2168 1386680    0    0     0  4108 12950 19357 15  5 61 19  0
 0  0      0 5691552   2168 1386680    0    0     0  3036 9972 15394  6  4 75 15  0
 0  1      0 5691552   2168 1386680    0    0     0  4404 13239 19990 23  3 57 19  0
 4  0      0 5691552   2168 1386684    0    0     0  7824 11670 17946 13  5 65 17  0
procs -----------memory---------- ---swap-- -----io---- -system-- ------cpu-----
 r  b   swpd   free   buff  cache   si   so    bi    bo   in   cs us sy id wa st
 0  0      0 5690292   2168 1386684    0    0     0  5328 12081 18227 15  7 61 17  0
 1  1      0 5689280   2168 1386684    0    0     0  4068 13069 19850 17  3 60 19  0
 1  1      0 5688272   2168 1386684    0    0     0  3464 11154 16850 15  4 64 16  0
 0  0      0 5687264   2168 1386688    0    0     0  4064 12687 19146 15  6 61 19  0
 0  0      0 5686508   2168 1386688    0    0     0  3064 10183 15637 18  2 67 14  0
 3  1      0 5684996   2168 1386688    0    0     0  4312 13386 20076 14  8 59 18  0
 0  1      0 5683232   2168 1386688    0    0     0  3232 10890 16949 15  4 66 15  0
 0  0      0 5680964   2168 1386688    0    0     0  4324 13129 19872 20  5 57 18  0
 1  0      0 5678696   2168 1386688    0    0     0  3552 10985 16727 12  2 70 16  0
 0  0      0 5676680   2168 1386692    0    0     0  4048 10695 15422 11  3 66 19  0
 0  0      0 5672400   2168 1386692    0    0     0  5816 10218 14397 22  2 53 22  0
 0  1      0 5670384   2168 1386692    0    0     0  3596 11167 15942 20  3 62 17  0
 3  0      0 5707900   2168 1390664    0    0     0 39660 8629 8861 47  8 22 24  0
 2  0      0 5707940   2168 1389580    0    0     0  4788 8442 11469 11  2 67 20  0
 2  1      0 5707940   2168 1389580    0    0     0  4232 13423 20297 12  3 64 21  0
 0  1      0 5707940   2168 1389580    0    0     0  1896 6314 9975  7  4 82  8  0
 2  1      0 5707940   2168 1389584    0    0     0  4332 11927 17842 17  5 61 17  0
