Linux 6.1.166-197.305.amzn2023.x86_64 (ip-172-31-79-52.ec2.internal) 	04/22/26 	_x86_64_	(2 CPU)

14:14:29        IFACE   rxpck/s   txpck/s    rxkB/s    txkB/s   rxcmp/s   txcmp/s  rxmcst/s   %ifutil
14:14:30           lo      0.00      0.00      0.00      0.00      0.00      0.00      0.00      0.00
14:14:30         ens5   2042.00   2212.00    681.17   1099.61      0.00      0.00      0.00      0.00

14:14:30        IFACE   rxpck/s   txpck/s    rxkB/s    txkB/s   rxcmp/s   txcmp/s  rxmcst/s   %ifutil
14:14:31           lo      0.00      0.00      0.00      0.00      0.00      0.00      0.00      0.00
14:14:31         ens5   1382.00   1814.00    553.22    928.22      0.00      0.00      0.00      0.00

14:14:31        IFACE   rxpck/s   txpck/s    rxkB/s    txkB/s   rxcmp/s   txcmp/s  rxmcst/s   %ifutil
14:14:32           lo      0.00      0.00      0.00      0.00      0.00      0.00      0.00      0.00
14:14:32         ens5   1327.00   1723.00    532.78    904.93      0.00      0.00      0.00      0.00

14:14:32        IFACE   rxpck/s   txpck/s    rxkB/s    txkB/s   rxcmp/s   txcmp/s  rxmcst/s   %ifutil
14:14:33           lo      0.00      0.00      0.00      0.00      0.00      0.00      0.00      0.00
14:14:33         ens5   1632.00   2185.00    673.58   1141.99      0.00      0.00      0.00      0.00

14:14:33        IFACE   rxpck/s   txpck/s    rxkB/s    txkB/s   rxcmp/s   txcmp/s  rxmcst/s   %ifutil
14:14:34           lo      0.00      0.00      0.00      0.00      0.00      0.00      0.00      0.00
14:14:34         ens5   1463.00   1960.00    586.39    999.10      0.00      0.00      0.00      0.00

14:14:34        IFACE   rxpck/s   txpck/s    rxkB/s    txkB/s   rxcmp/s   txcmp/s  rxmcst/s   %ifutil
14:14:35           lo      0.00      0.00      0.00      0.00      0.00      0.00      0.00      0.00
14:14:35         ens5   1323.00   1747.00    525.13    888.47      0.00      0.00      0.00      0.00

14:14:35        IFACE   rxpck/s   txpck/s    rxkB/s    txkB/s   rxcmp/s   txcmp/s  rxmcst/s   %ifutil
14:14:36           lo      0.00      0.00      0.00      0.00      0.00      0.00      0.00      0.00
14:14:36         ens5   1475.00   1964.00    590.93   1002.57      0.00      0.00      0.00      0.00

14:14:36        IFACE   rxpck/s   txpck/s    rxkB/s    txkB/s   rxcmp/s   txcmp/s  rxmcst/s   %ifutil
14:14:37           lo      0.00      0.00      0.00      0.00      0.00      0.00      0.00      0.00
14:14:37         ens5   1547.00   2014.00    632.99   1018.45      0.00      0.00      0.00      0.00

14:14:37        IFACE   rxpck/s   txpck/s    rxkB/s    txkB/s   rxcmp/s   txcmp/s  rxmcst/s   %ifutil
14:14:38           lo      0.00      0.00      0.00      0.00      0.00      0.00      0.00      0.00
14:14:38         ens5   1317.00   1705.00    622.01    949.08      0.00      0.00      0.00      0.00

14:14:38        IFACE   rxpck/s   txpck/s    rxkB/s    txkB/s   rxcmp/s   txcmp/s  rxmcst/s   %ifutil
14:14:39           lo      0.00      0.00      0.00      0.00      0.00      0.00      0.00      0.00
14:14:39         ens5   1299.00   1707.00    594.60    898.04      0.00      0.00      0.00      0.00

14:14:39        IFACE   rxpck/s   txpck/s    rxkB/s    txkB/s   rxcmp/s   txcmp/s  rxmcst/s   %ifutil
14:14:40           lo      0.00      0.00      0.00      0.00      0.00      0.00      0.00      0.00
14:14:40         ens5   1536.00   1997.00    663.06   1020.80      0.00      0.00      0.00      0.00

14:14:40        IFACE   rxpck/s   txpck/s    rxkB/s    txkB/s   rxcmp/s   txcmp/s  rxmcst/s   %ifutil
14:14:41           lo      0.00      0.00      0.00      0.00      0.00      0.00      0.00      0.00
14:14:41         ens5   1442.00   1894.00    566.89    953.06      0.00      0.00      0.00      0.00

14:14:41        IFACE   rxpck/s   txpck/s    rxkB/s    txkB/s   rxcmp/s   txcmp/s  rxmcst/s   %ifutil
14:14:42           lo      0.00      0.00      0.00      0.00      0.00      0.00      0.00      0.00
14:14:42         ens5   1239.00   1655.00    483.21    814.29      0.00      0.00      0.00      0.00

14:14:42        IFACE   rxpck/s   txpck/s    rxkB/s    txkB/s   rxcmp/s   txcmp/s  rxmcst/s   %ifutil
14:14:43           lo      0.00      0.00      0.00      0.00      0.00      0.00      0.00      0.00
14:14:43         ens5   1430.00   1923.00    566.98    947.87      0.00      0.00      0.00      0.00

14:14:43        IFACE   rxpck/s   txpck/s    rxkB/s    txkB/s   rxcmp/s   txcmp/s  rxmcst/s   %ifutil
14:14:44           lo      0.00      0.00      0.00      0.00      0.00      0.00      0.00      0.00
14:14:44         ens5   1685.00   2235.00    683.74   1140.62      0.00      0.00      0.00      0.00

14:14:44        IFACE   rxpck/s   txpck/s    rxkB/s    txkB/s   rxcmp/s   txcmp/s  rxmcst/s   %ifutil
14:14:45           lo      0.00      0.00      0.00      0.00      0.00      0.00      0.00      0.00
14:14:45         ens5   1360.00   1785.00    549.82    922.45      0.00      0.00      0.00      0.00

14:14:45        IFACE   rxpck/s   txpck/s    rxkB/s    txkB/s   rxcmp/s   txcmp/s  rxmcst/s   %ifutil
14:14:46           lo      0.00      0.00      0.00      0.00      0.00      0.00      0.00      0.00
14:14:46         ens5   1431.00   1857.00    572.30    942.89      0.00      0.00      0.00      0.00

14:14:46        IFACE   rxpck/s   txpck/s    rxkB/s    txkB/s   rxcmp/s   txcmp/s  rxmcst/s   %ifutil
14:14:47           lo      0.00      0.00      0.00      0.00      0.00      0.00      0.00      0.00
14:14:47         ens5   1582.00   2101.00    681.85   1071.37      0.00      0.00      0.00      0.00

14:14:47        IFACE   rxpck/s   txpck/s    rxkB/s    txkB/s   rxcmp/s   txcmp/s  rxmcst/s   %ifutil
14:14:48           lo      0.00      0.00      0.00      0.00      0.00      0.00      0.00      0.00
14:14:48         ens5   1474.00   2019.00    663.04   1024.00      0.00      0.00      0.00      0.00

14:14:48        IFACE   rxpck/s   txpck/s    rxkB/s    txkB/s   rxcmp/s   txcmp/s  rxmcst/s   %ifutil
14:14:49           lo      0.00      0.00      0.00      0.00      0.00      0.00      0.00      0.00
14:14:49         ens5   1341.00   1764.00    614.59    910.10      0.00      0.00      0.00      0.00

14:14:49        IFACE   rxpck/s   txpck/s    rxkB/s    txkB/s   rxcmp/s   txcmp/s  rxmcst/s   %ifutil
14:14:50           lo      0.00      0.00      0.00      0.00      0.00      0.00      0.00      0.00
14:14:50         ens5   1317.00   1705.00    577.38    886.95      0.00      0.00      0.00      0.00

14:14:50        IFACE   rxpck/s   txpck/s    rxkB/s    txkB/s   rxcmp/s   txcmp/s  rxmcst/s   %ifutil
14:14:51           lo      0.00      0.00      0.00      0.00      0.00      0.00      0.00      0.00
14:14:51         ens5   1502.00   1966.00    591.53    989.77      0.00      0.00      0.00      0.00

14:14:51        IFACE   rxpck/s   txpck/s    rxkB/s    txkB/s   rxcmp/s   txcmp/s  rxmcst/s   %ifutil
14:14:52           lo      0.00      0.00      0.00      0.00      0.00      0.00      0.00      0.00
14:14:52         ens5   1594.00   2073.00    637.19   1057.26      0.00      0.00      0.00      0.00

14:14:52        IFACE   rxpck/s   txpck/s    rxkB/s    txkB/s   rxcmp/s   txcmp/s  rxmcst/s   %ifutil
14:14:53           lo      0.00      0.00      0.00      0.00      0.00      0.00      0.00      0.00
14:14:53         ens5   1375.00   1794.00    564.70    946.13      0.00      0.00      0.00      0.00

14:14:53        IFACE   rxpck/s   txpck/s    rxkB/s    txkB/s   rxcmp/s   txcmp/s  rxmcst/s   %ifutil
14:14:54           lo      0.00      0.00      0.00      0.00      0.00      0.00      0.00      0.00
14:14:54         ens5   1442.00   1858.00    581.82    962.25      0.00      0.00      0.00      0.00

14:14:54        IFACE   rxpck/s   txpck/s    rxkB/s    txkB/s   rxcmp/s   txcmp/s  rxmcst/s   %ifutil
14:14:55           lo      0.00      0.00      0.00      0.00      0.00      0.00      0.00      0.00
14:14:55         ens5   1665.00   2197.00    667.83   1097.94      0.00      0.00      0.00      0.00

14:14:55        IFACE   rxpck/s   txpck/s    rxkB/s    txkB/s   rxcmp/s   txcmp/s  rxmcst/s   %ifutil
14:14:56           lo      0.00      0.00      0.00      0.00      0.00      0.00      0.00      0.00
14:14:56         ens5   1418.00   1868.00    563.50    951.86      0.00      0.00      0.00      0.00

14:14:56        IFACE   rxpck/s   txpck/s    rxkB/s    txkB/s   rxcmp/s   txcmp/s  rxmcst/s   %ifutil
14:14:57           lo      0.00      0.00      0.00      0.00      0.00      0.00      0.00      0.00
14:14:57         ens5   1273.00   1684.00    548.23    873.85      0.00      0.00      0.00      0.00

14:14:57        IFACE   rxpck/s   txpck/s    rxkB/s    txkB/s   rxcmp/s   txcmp/s  rxmcst/s   %ifutil
14:14:58           lo      0.00      0.00      0.00      0.00      0.00      0.00      0.00      0.00
14:14:58         ens5   1508.00   1988.00    685.18   1066.61      0.00      0.00      0.00      0.00

14:14:58        IFACE   rxpck/s   txpck/s    rxkB/s    txkB/s   rxcmp/s   txcmp/s  rxmcst/s   %ifutil
14:14:59           lo      0.00      0.00      0.00      0.00      0.00      0.00      0.00      0.00
14:14:59         ens5   1596.00   2049.00    736.78   1109.63      0.00      0.00      0.00      0.00

14:14:59        IFACE   rxpck/s   txpck/s    rxkB/s    txkB/s   rxcmp/s   txcmp/s  rxmcst/s   %ifutil
14:15:00           lo      0.00      0.00      0.00      0.00      0.00      0.00      0.00      0.00
14:15:00         ens5   1389.00   1839.00    599.95    932.27      0.00      0.00      0.00      0.00

14:15:00        IFACE   rxpck/s   txpck/s    rxkB/s    txkB/s   rxcmp/s   txcmp/s  rxmcst/s   %ifutil
14:15:01           lo      0.00      0.00      0.00      0.00      0.00      0.00      0.00      0.00
14:15:01         ens5   1196.00   1243.00    490.00    740.17      0.00      0.00      0.00      0.00

14:15:01        IFACE   rxpck/s   txpck/s    rxkB/s    txkB/s   rxcmp/s   txcmp/s  rxmcst/s   %ifutil
14:15:02           lo      0.00      0.00      0.00      0.00      0.00      0.00      0.00      0.00
14:15:02         ens5   2095.00   1826.00   5329.54    918.78      0.00      0.00      0.00      0.00

14:15:02        IFACE   rxpck/s   txpck/s    rxkB/s    txkB/s   rxcmp/s   txcmp/s  rxmcst/s   %ifutil
14:15:03           lo      0.00      0.00      0.00      0.00      0.00      0.00      0.00      0.00
14:15:03         ens5   1208.00   1609.00    492.80    823.13      0.00      0.00      0.00      0.00

14:15:03        IFACE   rxpck/s   txpck/s    rxkB/s    txkB/s   rxcmp/s   txcmp/s  rxmcst/s   %ifutil
14:15:04           lo      0.00      0.00      0.00      0.00      0.00      0.00      0.00      0.00
14:15:04         ens5    660.00    866.00    269.01    442.91      0.00      0.00      0.00      0.00

14:15:04        IFACE   rxpck/s   txpck/s    rxkB/s    txkB/s   rxcmp/s   txcmp/s  rxmcst/s   %ifutil
14:15:05           lo      0.00      0.00      0.00      0.00      0.00      0.00      0.00      0.00
14:15:05         ens5   1443.00   1922.00    586.74    984.26      0.00      0.00      0.00      0.00

14:15:05        IFACE   rxpck/s   txpck/s    rxkB/s    txkB/s   rxcmp/s   txcmp/s  rxmcst/s   %ifutil
14:15:06           lo      0.00      0.00      0.00      0.00      0.00      0.00      0.00      0.00
14:15:06         ens5   1480.00   1925.00    607.23    996.42      0.00      0.00      0.00      0.00

14:15:06        IFACE   rxpck/s   txpck/s    rxkB/s    txkB/s   rxcmp/s   txcmp/s  rxmcst/s   %ifutil
14:15:07           lo      0.00      0.00      0.00      0.00      0.00      0.00      0.00      0.00
14:15:07         ens5   1374.00   1787.00    576.05    921.00      0.00      0.00      0.00      0.00

14:15:07        IFACE   rxpck/s   txpck/s    rxkB/s    txkB/s   rxcmp/s   txcmp/s  rxmcst/s   %ifutil
14:15:08           lo      0.00      0.00      0.00      0.00      0.00      0.00      0.00      0.00
14:15:08         ens5   1319.00   1679.00    609.84    938.60      0.00      0.00      0.00      0.00

14:15:08        IFACE   rxpck/s   txpck/s    rxkB/s    txkB/s   rxcmp/s   txcmp/s  rxmcst/s   %ifutil
14:15:09           lo      0.00      0.00      0.00      0.00      0.00      0.00      0.00      0.00
14:15:09         ens5   1548.00   1996.00    715.86   1071.73      0.00      0.00      0.00      0.00

14:15:09        IFACE   rxpck/s   txpck/s    rxkB/s    txkB/s   rxcmp/s   txcmp/s  rxmcst/s   %ifutil
14:15:10           lo      0.00      0.00      0.00      0.00      0.00      0.00      0.00      0.00
14:15:10         ens5   1637.00   2079.00    662.16   1032.78      0.00      0.00      0.00      0.00

14:15:10        IFACE   rxpck/s   txpck/s    rxkB/s    txkB/s   rxcmp/s   txcmp/s  rxmcst/s   %ifutil
14:15:11           lo      0.00      0.00      0.00      0.00      0.00      0.00      0.00      0.00
14:15:11         ens5   1364.00   1762.00    549.03    911.09      0.00      0.00      0.00      0.00

14:15:11        IFACE   rxpck/s   txpck/s    rxkB/s    txkB/s   rxcmp/s   txcmp/s  rxmcst/s   %ifutil
14:15:12           lo      0.00      0.00      0.00      0.00      0.00      0.00      0.00      0.00
14:15:12         ens5   1357.00   1769.00    531.73    888.66      0.00      0.00      0.00      0.00

14:15:12        IFACE   rxpck/s   txpck/s    rxkB/s    txkB/s   rxcmp/s   txcmp/s  rxmcst/s   %ifutil
14:15:13           lo      0.00      0.00      0.00      0.00      0.00      0.00      0.00      0.00
14:15:13         ens5   1546.00   2016.00    626.94   1050.97      0.00      0.00      0.00      0.00

14:15:13        IFACE   rxpck/s   txpck/s    rxkB/s    txkB/s   rxcmp/s   txcmp/s  rxmcst/s   %ifutil
14:15:14           lo      0.00      0.00      0.00      0.00      0.00      0.00      0.00      0.00
14:15:14         ens5   1550.00   2044.00    648.05   1077.76      0.00      0.00      0.00      0.00

14:15:14        IFACE   rxpck/s   txpck/s    rxkB/s    txkB/s   rxcmp/s   txcmp/s  rxmcst/s   %ifutil
14:15:15           lo      0.00      0.00      0.00      0.00      0.00      0.00      0.00      0.00
14:15:15         ens5   1299.00   1697.00    522.41    863.88      0.00      0.00      0.00      0.00

14:15:15        IFACE   rxpck/s   txpck/s    rxkB/s    txkB/s   rxcmp/s   txcmp/s  rxmcst/s   %ifutil
14:15:16           lo      0.00      0.00      0.00      0.00      0.00      0.00      0.00      0.00
14:15:16         ens5   1474.00   1954.00    598.42    999.05      0.00      0.00      0.00      0.00

14:15:16        IFACE   rxpck/s   txpck/s    rxkB/s    txkB/s   rxcmp/s   txcmp/s  rxmcst/s   %ifutil
14:15:17           lo      0.00      0.00      0.00      0.00      0.00      0.00      0.00      0.00
14:15:17         ens5   1537.00   1996.00    645.87   1016.84      0.00      0.00      0.00      0.00

14:15:17        IFACE   rxpck/s   txpck/s    rxkB/s    txkB/s   rxcmp/s   txcmp/s  rxmcst/s   %ifutil
14:15:18           lo      0.00      0.00      0.00      0.00      0.00      0.00      0.00      0.00
14:15:18         ens5   1429.00   1834.00    644.53    989.32      0.00      0.00      0.00      0.00

14:15:18        IFACE   rxpck/s   txpck/s    rxkB/s    txkB/s   rxcmp/s   txcmp/s  rxmcst/s   %ifutil
14:15:19           lo      0.00      0.00      0.00      0.00      0.00      0.00      0.00      0.00
14:15:19         ens5   1374.00   1796.00    645.94    957.71      0.00      0.00      0.00      0.00

14:15:19        IFACE   rxpck/s   txpck/s    rxkB/s    txkB/s   rxcmp/s   txcmp/s  rxmcst/s   %ifutil
14:15:20           lo      0.00      0.00      0.00      0.00      0.00      0.00      0.00      0.00
14:15:20         ens5   1402.00   1839.00    620.57    963.37      0.00      0.00      0.00      0.00

14:15:20        IFACE   rxpck/s   txpck/s    rxkB/s    txkB/s   rxcmp/s   txcmp/s  rxmcst/s   %ifutil
14:15:21           lo      0.00      0.00      0.00      0.00      0.00      0.00      0.00      0.00
14:15:21         ens5   1608.00   2112.00    642.77   1068.49      0.00      0.00      0.00      0.00

14:15:21        IFACE   rxpck/s   txpck/s    rxkB/s    txkB/s   rxcmp/s   txcmp/s  rxmcst/s   %ifutil
14:15:22           lo      0.00      0.00      0.00      0.00      0.00      0.00      0.00      0.00
14:15:22         ens5   1436.00   1894.00    573.13    958.37      0.00      0.00      0.00      0.00

14:15:22        IFACE   rxpck/s   txpck/s    rxkB/s    txkB/s   rxcmp/s   txcmp/s  rxmcst/s   %ifutil
14:15:23           lo      0.00      0.00      0.00      0.00      0.00      0.00      0.00      0.00
14:15:23         ens5   1356.00   1771.00    542.00    899.52      0.00      0.00      0.00      0.00

14:15:23        IFACE   rxpck/s   txpck/s    rxkB/s    txkB/s   rxcmp/s   txcmp/s  rxmcst/s   %ifutil
14:15:24           lo      0.00      0.00      0.00      0.00      0.00      0.00      0.00      0.00
14:15:24         ens5   1512.00   2008.00    616.87   1025.65      0.00      0.00      0.00      0.00

14:15:24        IFACE   rxpck/s   txpck/s    rxkB/s    txkB/s   rxcmp/s   txcmp/s  rxmcst/s   %ifutil
14:15:25           lo      0.00      0.00      0.00      0.00      0.00      0.00      0.00      0.00
14:15:25         ens5   1674.00   2179.00    676.37   1126.54      0.00      0.00      0.00      0.00

14:15:25        IFACE   rxpck/s   txpck/s    rxkB/s    txkB/s   rxcmp/s   txcmp/s  rxmcst/s   %ifutil
14:15:26           lo      0.00      0.00      0.00      0.00      0.00      0.00      0.00      0.00
14:15:26         ens5   1275.00   1456.00    534.01    866.70      0.00      0.00      0.00      0.00

14:15:26        IFACE   rxpck/s   txpck/s    rxkB/s    txkB/s   rxcmp/s   txcmp/s  rxmcst/s   %ifutil
14:15:27           lo      0.00      0.00      0.00      0.00      0.00      0.00      0.00      0.00
14:15:27         ens5   1309.00   1542.00    570.07    875.32      0.00      0.00      0.00      0.00

14:15:27        IFACE   rxpck/s   txpck/s    rxkB/s    txkB/s   rxcmp/s   txcmp/s  rxmcst/s   %ifutil
14:15:28           lo      0.00      0.00      0.00      0.00      0.00      0.00      0.00      0.00
14:15:28         ens5   1552.00   2027.00    702.74   1080.26      0.00      0.00      0.00      0.00

14:15:28        IFACE   rxpck/s   txpck/s    rxkB/s    txkB/s   rxcmp/s   txcmp/s  rxmcst/s   %ifutil
14:15:29           lo      0.00      0.00      0.00      0.00      0.00      0.00      0.00      0.00
14:15:29         ens5   1642.00   2133.00    740.40   1117.97      0.00      0.00      0.00      0.00

14:15:29        IFACE   rxpck/s   txpck/s    rxkB/s    txkB/s   rxcmp/s   txcmp/s  rxmcst/s   %ifutil
14:15:30           lo      0.00      0.00      0.00      0.00      0.00      0.00      0.00      0.00
14:15:30         ens5   1312.00   1712.00    563.77    866.99      0.00      0.00      0.00      0.00

14:15:30        IFACE   rxpck/s   txpck/s    rxkB/s    txkB/s   rxcmp/s   txcmp/s  rxmcst/s   %ifutil
14:15:31           lo      0.00      0.00      0.00      0.00      0.00      0.00      0.00      0.00
14:15:31         ens5   1276.00   1722.00    512.29    851.72      0.00      0.00      0.00      0.00

14:15:31        IFACE   rxpck/s   txpck/s    rxkB/s    txkB/s   rxcmp/s   txcmp/s  rxmcst/s   %ifutil
14:15:32           lo      0.00      0.00      0.00      0.00      0.00      0.00      0.00      0.00
14:15:32         ens5   1570.00   2076.00    644.38   1075.02      0.00      0.00      0.00      0.00

14:15:32        IFACE   rxpck/s   txpck/s    rxkB/s    txkB/s   rxcmp/s   txcmp/s  rxmcst/s   %ifutil
14:15:33           lo      0.00      0.00      0.00      0.00      0.00      0.00      0.00      0.00
14:15:33         ens5   1569.00   2105.00    638.34   1060.38      0.00      0.00      0.00      0.00

14:15:33        IFACE   rxpck/s   txpck/s    rxkB/s    txkB/s   rxcmp/s   txcmp/s  rxmcst/s   %ifutil
14:15:34           lo      0.00      0.00      0.00      0.00      0.00      0.00      0.00      0.00
14:15:34         ens5   1404.00   1854.00    560.87    934.78      0.00      0.00      0.00      0.00

14:15:34        IFACE   rxpck/s   txpck/s    rxkB/s    txkB/s   rxcmp/s   txcmp/s  rxmcst/s   %ifutil
14:15:35           lo      0.00      0.00      0.00      0.00      0.00      0.00      0.00      0.00
14:15:35         ens5   1330.00   1766.00    556.00    927.79      0.00      0.00      0.00      0.00

14:15:35        IFACE   rxpck/s   txpck/s    rxkB/s    txkB/s   rxcmp/s   txcmp/s  rxmcst/s   %ifutil
14:15:36           lo      0.00      0.00      0.00      0.00      0.00      0.00      0.00      0.00
14:15:36         ens5   1495.00   1923.00    609.64   1027.29      0.00      0.00      0.00      0.00

14:15:36        IFACE   rxpck/s   txpck/s    rxkB/s    txkB/s   rxcmp/s   txcmp/s  rxmcst/s   %ifutil
14:15:37           lo      0.00      0.00      0.00      0.00      0.00      0.00      0.00      0.00
14:15:37         ens5   1581.00   2093.00    664.91   1040.39      0.00      0.00      0.00      0.00

14:15:37        IFACE   rxpck/s   txpck/s    rxkB/s    txkB/s   rxcmp/s   txcmp/s  rxmcst/s   %ifutil
14:15:38           lo      0.00      0.00      0.00      0.00      0.00      0.00      0.00      0.00
14:15:38         ens5   1425.00   1856.00    653.54   1007.61      0.00      0.00      0.00      0.00

14:15:38        IFACE   rxpck/s   txpck/s    rxkB/s    txkB/s   rxcmp/s   txcmp/s  rxmcst/s   %ifutil
14:15:39           lo      0.00      0.00      0.00      0.00      0.00      0.00      0.00      0.00
14:15:39         ens5   1378.00   1829.00    643.40    960.07      0.00      0.00      0.00      0.00

14:15:39        IFACE   rxpck/s   txpck/s    rxkB/s    txkB/s   rxcmp/s   txcmp/s  rxmcst/s   %ifutil
14:15:40           lo      0.00      0.00      0.00      0.00      0.00      0.00      0.00      0.00
14:15:40         ens5   1499.00   1960.00    633.42    998.09      0.00      0.00      0.00      0.00

14:15:40        IFACE   rxpck/s   txpck/s    rxkB/s    txkB/s   rxcmp/s   txcmp/s  rxmcst/s   %ifutil
14:15:41           lo      0.00      0.00      0.00      0.00      0.00      0.00      0.00      0.00
14:15:41         ens5   1531.00   2034.00    638.25   1072.31      0.00      0.00      0.00      0.00

14:15:41        IFACE   rxpck/s   txpck/s    rxkB/s    txkB/s   rxcmp/s   txcmp/s  rxmcst/s   %ifutil
14:15:42           lo      0.00      0.00      0.00      0.00      0.00      0.00      0.00      0.00
14:15:42         ens5   1287.00   1655.00    505.46    832.42      0.00      0.00      0.00      0.00

14:15:42        IFACE   rxpck/s   txpck/s    rxkB/s    txkB/s   rxcmp/s   txcmp/s  rxmcst/s   %ifutil
14:15:43           lo      0.00      0.00      0.00      0.00      0.00      0.00      0.00      0.00
14:15:43         ens5   1498.00   2000.00    616.80   1021.19      0.00      0.00      0.00      0.00

14:15:43        IFACE   rxpck/s   txpck/s    rxkB/s    txkB/s   rxcmp/s   txcmp/s  rxmcst/s   %ifutil
14:15:44           lo      0.00      0.00      0.00      0.00      0.00      0.00      0.00      0.00
14:15:44         ens5   1675.00   2182.00    692.63   1144.74      0.00      0.00      0.00      0.00

14:15:44        IFACE   rxpck/s   txpck/s    rxkB/s    txkB/s   rxcmp/s   txcmp/s  rxmcst/s   %ifutil
14:15:45           lo      0.00      0.00      0.00      0.00      0.00      0.00      0.00      0.00
14:15:45         ens5   1497.00   2005.00    612.48   1028.03      0.00      0.00      0.00      0.00

14:15:45        IFACE   rxpck/s   txpck/s    rxkB/s    txkB/s   rxcmp/s   txcmp/s  rxmcst/s   %ifutil
14:15:46           lo      0.00      0.00      0.00      0.00      0.00      0.00      0.00      0.00
14:15:46         ens5   1312.00   1725.00    524.36    870.71      0.00      0.00      0.00      0.00

14:15:46        IFACE   rxpck/s   txpck/s    rxkB/s    txkB/s   rxcmp/s   txcmp/s  rxmcst/s   %ifutil
14:15:47           lo      0.00      0.00      0.00      0.00      0.00      0.00      0.00      0.00
14:15:47         ens5   1466.00   1892.00    615.97    977.34      0.00      0.00      0.00      0.00

14:15:47        IFACE   rxpck/s   txpck/s    rxkB/s    txkB/s   rxcmp/s   txcmp/s  rxmcst/s   %ifutil
14:15:48           lo      0.00      0.00      0.00      0.00      0.00      0.00      0.00      0.00
14:15:48         ens5   1684.00   2180.00    738.56   1153.37      0.00      0.00      0.00      0.00

14:15:48        IFACE   rxpck/s   txpck/s    rxkB/s    txkB/s   rxcmp/s   txcmp/s  rxmcst/s   %ifutil
14:15:49           lo      0.00      0.00      0.00      0.00      0.00      0.00      0.00      0.00
14:15:49         ens5   1341.00   1747.00    608.17    928.34      0.00      0.00      0.00      0.00

14:15:49        IFACE   rxpck/s   txpck/s    rxkB/s    txkB/s   rxcmp/s   txcmp/s  rxmcst/s   %ifutil
14:15:50           lo      0.00      0.00      0.00      0.00      0.00      0.00      0.00      0.00
14:15:50         ens5   1371.00   1812.00    601.87    940.64      0.00      0.00      0.00      0.00

14:15:50        IFACE   rxpck/s   txpck/s    rxkB/s    txkB/s   rxcmp/s   txcmp/s  rxmcst/s   %ifutil
14:15:51           lo      0.00      0.00      0.00      0.00      0.00      0.00      0.00      0.00
14:15:51         ens5   1561.00   2043.00    614.88   1032.85      0.00      0.00      0.00      0.00

14:15:51        IFACE   rxpck/s   txpck/s    rxkB/s    txkB/s   rxcmp/s   txcmp/s  rxmcst/s   %ifutil
14:15:52           lo      0.00      0.00      0.00      0.00      0.00      0.00      0.00      0.00
14:15:52         ens5   1554.00   2016.00    609.06   1026.09      0.00      0.00      0.00      0.00

14:15:52        IFACE   rxpck/s   txpck/s    rxkB/s    txkB/s   rxcmp/s   txcmp/s  rxmcst/s   %ifutil
14:15:53           lo      0.00      0.00      0.00      0.00      0.00      0.00      0.00      0.00
14:15:53         ens5   1292.00   1684.00    510.47    872.19      0.00      0.00      0.00      0.00

14:15:53        IFACE   rxpck/s   txpck/s    rxkB/s    txkB/s   rxcmp/s   txcmp/s  rxmcst/s   %ifutil
14:15:54           lo      0.00      0.00      0.00      0.00      0.00      0.00      0.00      0.00
14:15:54         ens5   1437.00   1916.00    578.76    985.40      0.00      0.00      0.00      0.00

14:15:54        IFACE   rxpck/s   txpck/s    rxkB/s    txkB/s   rxcmp/s   txcmp/s  rxmcst/s   %ifutil
14:15:55           lo      0.00      0.00      0.00      0.00      0.00      0.00      0.00      0.00
14:15:55         ens5   1610.00   2134.00    641.78   1074.18      0.00      0.00      0.00      0.00

14:15:55        IFACE   rxpck/s   txpck/s    rxkB/s    txkB/s   rxcmp/s   txcmp/s  rxmcst/s   %ifutil
14:15:56           lo      0.00      0.00      0.00      0.00      0.00      0.00      0.00      0.00
14:15:56         ens5   1450.00   1917.00    591.44    994.49      0.00      0.00      0.00      0.00

14:15:56        IFACE   rxpck/s   txpck/s    rxkB/s    txkB/s   rxcmp/s   txcmp/s  rxmcst/s   %ifutil
14:15:57           lo      0.00      0.00      0.00      0.00      0.00      0.00      0.00      0.00
14:15:57         ens5   1310.00   1727.00    546.69    874.33      0.00      0.00      0.00      0.00

14:15:57        IFACE   rxpck/s   txpck/s    rxkB/s    txkB/s   rxcmp/s   txcmp/s  rxmcst/s   %ifutil
14:15:58           lo      0.00      0.00      0.00      0.00      0.00      0.00      0.00      0.00
14:15:58         ens5   1511.00   1967.00    683.90   1063.32      0.00      0.00      0.00      0.00

14:15:58        IFACE   rxpck/s   txpck/s    rxkB/s    txkB/s   rxcmp/s   txcmp/s  rxmcst/s   %ifutil
14:15:59           lo      0.00      0.00      0.00      0.00      0.00      0.00      0.00      0.00
14:15:59         ens5   1625.00   2157.00    728.84   1118.96      0.00      0.00      0.00      0.00

14:15:59        IFACE   rxpck/s   txpck/s    rxkB/s    txkB/s   rxcmp/s   txcmp/s  rxmcst/s   %ifutil
14:16:00           lo      0.00      0.00      0.00      0.00      0.00      0.00      0.00      0.00
14:16:00         ens5    717.00    948.00    339.53    500.73      0.00      0.00      0.00      0.00

14:16:00        IFACE   rxpck/s   txpck/s    rxkB/s    txkB/s   rxcmp/s   txcmp/s  rxmcst/s   %ifutil
14:16:01           lo      0.00      0.00      0.00      0.00      0.00      0.00      0.00      0.00
14:16:01         ens5   1077.00   1520.00    468.20    795.83      0.00      0.00      0.00      0.00

14:16:01        IFACE   rxpck/s   txpck/s    rxkB/s    txkB/s   rxcmp/s   txcmp/s  rxmcst/s   %ifutil
14:16:02           lo      0.00      0.00      0.00      0.00      0.00      0.00      0.00      0.00
14:16:02         ens5   1210.00   1558.00    498.53    810.81      0.00      0.00      0.00      0.00

14:16:02        IFACE   rxpck/s   txpck/s    rxkB/s    txkB/s   rxcmp/s   txcmp/s  rxmcst/s   %ifutil
14:16:03           lo      0.00      0.00      0.00      0.00      0.00      0.00      0.00      0.00
14:16:03         ens5   1141.00   1052.00    469.99    737.49      0.00      0.00      0.00      0.00

14:16:03        IFACE   rxpck/s   txpck/s    rxkB/s    txkB/s   rxcmp/s   txcmp/s  rxmcst/s   %ifutil
14:16:04           lo      0.00      0.00      0.00      0.00      0.00      0.00      0.00      0.00
14:16:04         ens5   2398.00   2378.00   5387.37   1083.21      0.00      0.00      0.00      0.00

14:16:04        IFACE   rxpck/s   txpck/s    rxkB/s    txkB/s   rxcmp/s   txcmp/s  rxmcst/s   %ifutil
14:16:05           lo      0.00      0.00      0.00      0.00      0.00      0.00      0.00      0.00
14:16:05         ens5   1503.00   1972.00    605.53   1020.21      0.00      0.00      0.00      0.00

14:16:05        IFACE   rxpck/s   txpck/s    rxkB/s    txkB/s   rxcmp/s   txcmp/s  rxmcst/s   %ifutil
14:16:06           lo      0.00      0.00      0.00      0.00      0.00      0.00      0.00      0.00
14:16:06         ens5   1293.00   1698.00    521.51    873.15      0.00      0.00      0.00      0.00

14:16:06        IFACE   rxpck/s   txpck/s    rxkB/s    txkB/s   rxcmp/s   txcmp/s  rxmcst/s   %ifutil
14:16:07           lo      0.00      0.00      0.00      0.00      0.00      0.00      0.00      0.00
14:16:07         ens5   1454.00   1862.00    594.14    951.63      0.00      0.00      0.00      0.00

14:16:07        IFACE   rxpck/s   txpck/s    rxkB/s    txkB/s   rxcmp/s   txcmp/s  rxmcst/s   %ifutil
14:16:08           lo      0.00      0.00      0.00      0.00      0.00      0.00      0.00      0.00
14:16:08         ens5   1711.00   2215.00    747.11   1184.55      0.00      0.00      0.00      0.00

14:16:08        IFACE   rxpck/s   txpck/s    rxkB/s    txkB/s   rxcmp/s   txcmp/s  rxmcst/s   %ifutil
14:16:09           lo      0.00      0.00      0.00      0.00      0.00      0.00      0.00      0.00
14:16:09         ens5   1390.00   1811.00    631.86    968.81      0.00      0.00      0.00      0.00

14:16:09        IFACE   rxpck/s   txpck/s    rxkB/s    txkB/s   rxcmp/s   txcmp/s  rxmcst/s   %ifutil
14:16:10           lo      0.00      0.00      0.00      0.00      0.00      0.00      0.00      0.00
14:16:10         ens5   1426.00   1872.00    605.91    950.84      0.00      0.00      0.00      0.00

14:16:10        IFACE   rxpck/s   txpck/s    rxkB/s    txkB/s   rxcmp/s   txcmp/s  rxmcst/s   %ifutil
14:16:11           lo      0.00      0.00      0.00      0.00      0.00      0.00      0.00      0.00
14:16:11         ens5   1469.00   1954.00    592.49   1009.42      0.00      0.00      0.00      0.00

14:16:11        IFACE   rxpck/s   txpck/s    rxkB/s    txkB/s   rxcmp/s   txcmp/s  rxmcst/s   %ifutil
14:16:12           lo      0.00      0.00      0.00      0.00      0.00      0.00      0.00      0.00
14:16:12         ens5   1624.00   2129.00    648.24   1088.84      0.00      0.00      0.00      0.00

14:16:12        IFACE   rxpck/s   txpck/s    rxkB/s    txkB/s   rxcmp/s   txcmp/s  rxmcst/s   %ifutil
14:16:13           lo      0.00      0.00      0.00      0.00      0.00      0.00      0.00      0.00
14:16:13         ens5   1378.00   1841.00    549.95    929.30      0.00      0.00      0.00      0.00

14:16:13        IFACE   rxpck/s   txpck/s    rxkB/s    txkB/s   rxcmp/s   txcmp/s  rxmcst/s   %ifutil
14:16:14           lo      0.00      0.00      0.00      0.00      0.00      0.00      0.00      0.00
14:16:14         ens5   1380.00   1826.00    557.78    947.49      0.00      0.00      0.00      0.00

14:16:14        IFACE   rxpck/s   txpck/s    rxkB/s    txkB/s   rxcmp/s   txcmp/s  rxmcst/s   %ifutil
14:16:15           lo      0.00      0.00      0.00      0.00      0.00      0.00      0.00      0.00
14:16:15         ens5   1595.00   2127.00    638.90   1081.50      0.00      0.00      0.00      0.00

14:16:15        IFACE   rxpck/s   txpck/s    rxkB/s    txkB/s   rxcmp/s   txcmp/s  rxmcst/s   %ifutil
14:16:16           lo      0.00      0.00      0.00      0.00      0.00      0.00      0.00      0.00
14:16:16         ens5   1489.00   1992.00    593.06   1014.13      0.00      0.00      0.00      0.00

14:16:16        IFACE   rxpck/s   txpck/s    rxkB/s    txkB/s   rxcmp/s   txcmp/s  rxmcst/s   %ifutil
14:16:17           lo      0.00      0.00      0.00      0.00      0.00      0.00      0.00      0.00
14:16:17         ens5   1345.00   1744.00    571.65    910.59      0.00      0.00      0.00      0.00

14:16:17        IFACE   rxpck/s   txpck/s    rxkB/s    txkB/s   rxcmp/s   txcmp/s  rxmcst/s   %ifutil
14:16:18           lo      0.00      0.00      0.00      0.00      0.00      0.00      0.00      0.00
14:16:18         ens5   1418.00   1833.00    653.93   1009.81      0.00      0.00      0.00      0.00

14:16:18        IFACE   rxpck/s   txpck/s    rxkB/s    txkB/s   rxcmp/s   txcmp/s  rxmcst/s   %ifutil
14:16:19           lo      0.00      0.00      0.00      0.00      0.00      0.00      0.00      0.00
14:16:19         ens5   1658.00   2109.00    734.95   1130.23      0.00      0.00      0.00      0.00

14:16:19        IFACE   rxpck/s   txpck/s    rxkB/s    txkB/s   rxcmp/s   txcmp/s  rxmcst/s   %ifutil
14:16:20           lo      0.00      0.00      0.00      0.00      0.00      0.00      0.00      0.00
14:16:20         ens5   1417.00   1837.00    613.58    962.80      0.00      0.00      0.00      0.00

14:16:20        IFACE   rxpck/s   txpck/s    rxkB/s    txkB/s   rxcmp/s   txcmp/s  rxmcst/s   %ifutil
14:16:21           lo      0.00      0.00      0.00      0.00      0.00      0.00      0.00      0.00
14:16:21         ens5   1306.00   1698.00    525.58    888.63      0.00      0.00      0.00      0.00

14:16:21        IFACE   rxpck/s   txpck/s    rxkB/s    txkB/s   rxcmp/s   txcmp/s  rxmcst/s   %ifutil
14:16:22           lo      0.00      0.00      0.00      0.00      0.00      0.00      0.00      0.00
14:16:22         ens5   1398.00   1816.00    560.21    952.40      0.00      0.00      0.00      0.00

14:16:22        IFACE   rxpck/s   txpck/s    rxkB/s    txkB/s   rxcmp/s   txcmp/s  rxmcst/s   %ifutil
14:16:23           lo      0.00      0.00      0.00      0.00      0.00      0.00      0.00      0.00
14:16:23         ens5   1556.00   1726.00    640.79   1051.66      0.00      0.00      0.00      0.00

14:16:23        IFACE   rxpck/s   txpck/s    rxkB/s    txkB/s   rxcmp/s   txcmp/s  rxmcst/s   %ifutil
14:16:24           lo      0.00      0.00      0.00      0.00      0.00      0.00      0.00      0.00
14:16:24         ens5   1359.00   1766.00    519.29    869.65      0.00      0.00      0.00      0.00

14:16:24        IFACE   rxpck/s   txpck/s    rxkB/s    txkB/s   rxcmp/s   txcmp/s  rxmcst/s   %ifutil
14:16:25           lo      0.00      0.00      0.00      0.00      0.00      0.00      0.00      0.00
14:16:25         ens5   1342.00   1760.00    537.63    919.38      0.00      0.00      0.00      0.00

14:16:25        IFACE   rxpck/s   txpck/s    rxkB/s    txkB/s   rxcmp/s   txcmp/s  rxmcst/s   %ifutil
14:16:26           lo      0.00      0.00      0.00      0.00      0.00      0.00      0.00      0.00
14:16:26         ens5   1563.00   2056.00    616.60   1049.53      0.00      0.00      0.00      0.00

14:16:26        IFACE   rxpck/s   txpck/s    rxkB/s    txkB/s   rxcmp/s   txcmp/s  rxmcst/s   %ifutil
14:16:27           lo      0.00      0.00      0.00      0.00      0.00      0.00      0.00      0.00
14:16:27         ens5   1590.00   2098.00    662.43   1070.96      0.00      0.00      0.00      0.00

14:16:27        IFACE   rxpck/s   txpck/s    rxkB/s    txkB/s   rxcmp/s   txcmp/s  rxmcst/s   %ifutil
14:16:28           lo      0.00      0.00      0.00      0.00      0.00      0.00      0.00      0.00
14:16:28         ens5   1451.00   1885.00    639.44    991.77      0.00      0.00      0.00      0.00

14:16:28        IFACE   rxpck/s   txpck/s    rxkB/s    txkB/s   rxcmp/s   txcmp/s  rxmcst/s   %ifutil
14:16:29           lo      0.00      0.00      0.00      0.00      0.00      0.00      0.00      0.00
14:16:29         ens5   1277.00   1663.00    584.92    885.47      0.00      0.00      0.00      0.00

14:16:29        IFACE   rxpck/s   txpck/s    rxkB/s    txkB/s   rxcmp/s   txcmp/s  rxmcst/s   %ifutil
14:16:30           lo      0.00      0.00      0.00      0.00      0.00      0.00      0.00      0.00
14:16:30         ens5   2283.00   2692.00    783.97   1273.00      0.00      0.00      0.00      0.00
