Linux 6.1.166-197.305.amzn2023.x86_64 (ip-172-31-40-165.ec2.internal) 	04/21/26 	_x86_64_	(2 CPU)

18:10:24        IFACE   rxpck/s   txpck/s    rxkB/s    txkB/s   rxcmp/s   txcmp/s  rxmcst/s   %ifutil
18:10:25           lo      0.00      0.00      0.00      0.00      0.00      0.00      0.00      0.00
18:10:25         ens5   2432.00   2376.00    333.12   1174.77      0.00      0.00      0.00      0.00

18:10:25        IFACE   rxpck/s   txpck/s    rxkB/s    txkB/s   rxcmp/s   txcmp/s  rxmcst/s   %ifutil
18:10:26           lo      0.00      0.00      0.00      0.00      0.00      0.00      0.00      0.00
18:10:26         ens5   3606.00   2698.00   1125.93   1373.51      0.00      0.00      0.00      0.00

18:10:26        IFACE   rxpck/s   txpck/s    rxkB/s    txkB/s   rxcmp/s   txcmp/s  rxmcst/s   %ifutil
18:10:27           lo      0.00      0.00      0.00      0.00      0.00      0.00      0.00      0.00
18:10:27         ens5   2009.00   1505.00    614.96    762.07      0.00      0.00      0.00      0.00

18:10:27        IFACE   rxpck/s   txpck/s    rxkB/s    txkB/s   rxcmp/s   txcmp/s  rxmcst/s   %ifutil
18:10:28           lo      0.00      0.00      0.00      0.00      0.00      0.00      0.00      0.00
18:10:28         ens5   3199.00   2392.00    990.49   1243.03      0.00      0.00      0.00      0.00

18:10:28        IFACE   rxpck/s   txpck/s    rxkB/s    txkB/s   rxcmp/s   txcmp/s  rxmcst/s   %ifutil
18:10:29           lo      0.00      0.00      0.00      0.00      0.00      0.00      0.00      0.00
18:10:29         ens5   3634.00   2674.00   1113.60   1345.22      0.00      0.00      0.00      0.00

18:10:29        IFACE   rxpck/s   txpck/s    rxkB/s    txkB/s   rxcmp/s   txcmp/s  rxmcst/s   %ifutil
18:10:30           lo      0.00      0.00      0.00      0.00      0.00      0.00      0.00      0.00
18:10:30         ens5   1671.00   1304.00    537.46    758.98      0.00      0.00      0.00      0.00

18:10:30        IFACE   rxpck/s   txpck/s    rxkB/s    txkB/s   rxcmp/s   txcmp/s  rxmcst/s   %ifutil
18:10:31           lo      0.00      0.00      0.00      0.00      0.00      0.00      0.00      0.00
18:10:31         ens5   2498.00   2242.00    890.41   1250.01      0.00      0.00      0.00      0.00

18:10:31        IFACE   rxpck/s   txpck/s    rxkB/s    txkB/s   rxcmp/s   txcmp/s  rxmcst/s   %ifutil
18:10:32           lo      0.00      0.00      0.00      0.00      0.00      0.00      0.00      0.00
18:10:32         ens5   3088.00   2532.00   1138.43   1592.06      0.00      0.00      0.00      0.00

18:10:32        IFACE   rxpck/s   txpck/s    rxkB/s    txkB/s   rxcmp/s   txcmp/s  rxmcst/s   %ifutil
18:10:33           lo      0.00      0.00      0.00      0.00      0.00      0.00      0.00      0.00
18:10:33         ens5   2186.00   1731.00    691.33    863.71      0.00      0.00      0.00      0.00

18:10:33        IFACE   rxpck/s   txpck/s    rxkB/s    txkB/s   rxcmp/s   txcmp/s  rxmcst/s   %ifutil
18:10:34           lo      0.00      0.00      0.00      0.00      0.00      0.00      0.00      0.00
18:10:34         ens5   2877.23   2146.53    883.71   1105.01      0.00      0.00      0.00      0.00

18:10:34        IFACE   rxpck/s   txpck/s    rxkB/s    txkB/s   rxcmp/s   txcmp/s  rxmcst/s   %ifutil
18:10:35           lo      0.00      0.00      0.00      0.00      0.00      0.00      0.00      0.00
18:10:35         ens5   3493.00   2644.00   1094.86   1366.04      0.00      0.00      0.00      0.00

18:10:35        IFACE   rxpck/s   txpck/s    rxkB/s    txkB/s   rxcmp/s   txcmp/s  rxmcst/s   %ifutil
18:10:36           lo      0.00      0.00      0.00      0.00      0.00      0.00      0.00      0.00
18:10:36         ens5   2299.00   1725.00    724.30    893.10      0.00      0.00      0.00      0.00

18:10:36        IFACE   rxpck/s   txpck/s    rxkB/s    txkB/s   rxcmp/s   txcmp/s  rxmcst/s   %ifutil
18:10:37           lo      0.00      0.00      0.00      0.00      0.00      0.00      0.00      0.00
18:10:37         ens5   2787.00   2088.00    845.76   1083.96      0.00      0.00      0.00      0.00

18:10:37        IFACE   rxpck/s   txpck/s    rxkB/s    txkB/s   rxcmp/s   txcmp/s  rxmcst/s   %ifutil
18:10:38           lo      0.00      0.00      0.00      0.00      0.00      0.00      0.00      0.00
18:10:38         ens5   3271.00   2495.00   1021.32   1294.77      0.00      0.00      0.00      0.00

18:10:38        IFACE   rxpck/s   txpck/s    rxkB/s    txkB/s   rxcmp/s   txcmp/s  rxmcst/s   %ifutil
18:10:39           lo      0.00      0.00      0.00      0.00      0.00      0.00      0.00      0.00
18:10:39         ens5   2546.00   1890.00    803.59    981.90      0.00      0.00      0.00      0.00

18:10:39        IFACE   rxpck/s   txpck/s    rxkB/s    txkB/s   rxcmp/s   txcmp/s  rxmcst/s   %ifutil
18:10:40           lo      0.00      0.00      0.00      0.00      0.00      0.00      0.00      0.00
18:10:40         ens5   2478.00   1842.00    742.26   1017.79      0.00      0.00      0.00      0.00

18:10:40        IFACE   rxpck/s   txpck/s    rxkB/s    txkB/s   rxcmp/s   txcmp/s  rxmcst/s   %ifutil
18:10:41           lo      0.00      0.00      0.00      0.00      0.00      0.00      0.00      0.00
18:10:41         ens5   3562.00   2636.00   1185.09   1383.98      0.00      0.00      0.00      0.00

18:10:41        IFACE   rxpck/s   txpck/s    rxkB/s    txkB/s   rxcmp/s   txcmp/s  rxmcst/s   %ifutil
18:10:42           lo      0.00      0.00      0.00      0.00      0.00      0.00      0.00      0.00
18:10:42         ens5   1997.00   1621.00    766.23   1159.70      0.00      0.00      0.00      0.00

18:10:42        IFACE   rxpck/s   txpck/s    rxkB/s    txkB/s   rxcmp/s   txcmp/s  rxmcst/s   %ifutil
18:10:43           lo      0.00      0.00      0.00      0.00      0.00      0.00      0.00      0.00
18:10:43         ens5   1180.00    945.00    337.84    511.30      0.00      0.00      0.00      0.00

18:10:43        IFACE   rxpck/s   txpck/s    rxkB/s    txkB/s   rxcmp/s   txcmp/s  rxmcst/s   %ifutil
18:10:44           lo      0.00      0.00      0.00      0.00      0.00      0.00      0.00      0.00
18:10:44         ens5   2948.00   2194.00    908.47   1151.80      0.00      0.00      0.00      0.00

18:10:44        IFACE   rxpck/s   txpck/s    rxkB/s    txkB/s   rxcmp/s   txcmp/s  rxmcst/s   %ifutil
18:10:45           lo      0.00      0.00      0.00      0.00      0.00      0.00      0.00      0.00
18:10:45         ens5   3543.00   2672.00   1114.71   1345.62      0.00      0.00      0.00      0.00

18:10:45        IFACE   rxpck/s   txpck/s    rxkB/s    txkB/s   rxcmp/s   txcmp/s  rxmcst/s   %ifutil
18:10:46           lo      0.00      0.00      0.00      0.00      0.00      0.00      0.00      0.00
18:10:46         ens5   1483.00   1648.00    471.89   5223.11      0.00      0.00      0.00      0.00

18:10:46        IFACE   rxpck/s   txpck/s    rxkB/s    txkB/s   rxcmp/s   txcmp/s  rxmcst/s   %ifutil
18:10:47           lo      0.00      0.00      0.00      0.00      0.00      0.00      0.00      0.00
18:10:47         ens5   3234.00   2465.00   1091.25   1500.57      0.00      0.00      0.00      0.00

18:10:47        IFACE   rxpck/s   txpck/s    rxkB/s    txkB/s   rxcmp/s   txcmp/s  rxmcst/s   %ifutil
18:10:48           lo      0.00      0.00      0.00      0.00      0.00      0.00      0.00      0.00
18:10:48         ens5   3253.00   2494.00   1036.89   1296.85      0.00      0.00      0.00      0.00

18:10:48        IFACE   rxpck/s   txpck/s    rxkB/s    txkB/s   rxcmp/s   txcmp/s  rxmcst/s   %ifutil
18:10:49           lo      0.00      0.00      0.00      0.00      0.00      0.00      0.00      0.00
18:10:49         ens5   1993.00   1519.00    625.02    762.93      0.00      0.00      0.00      0.00

18:10:49        IFACE   rxpck/s   txpck/s    rxkB/s    txkB/s   rxcmp/s   txcmp/s  rxmcst/s   %ifutil
18:10:50           lo      0.00      0.00      0.00      0.00      0.00      0.00      0.00      0.00
18:10:50         ens5   3403.00   2532.00   1042.43   1348.54      0.00      0.00      0.00      0.00

18:10:50        IFACE   rxpck/s   txpck/s    rxkB/s    txkB/s   rxcmp/s   txcmp/s  rxmcst/s   %ifutil
18:10:51           lo      0.00      0.00      0.00      0.00      0.00      0.00      0.00      0.00
18:10:51         ens5   3517.00   2651.00   1162.37   1399.84      0.00      0.00      0.00      0.00

18:10:51        IFACE   rxpck/s   txpck/s    rxkB/s    txkB/s   rxcmp/s   txcmp/s  rxmcst/s   %ifutil
18:10:52           lo      0.00      0.00      0.00      0.00      0.00      0.00      0.00      0.00
18:10:52         ens5   1738.00   1390.00    675.46   1038.30      0.00      0.00      0.00      0.00

18:10:52        IFACE   rxpck/s   txpck/s    rxkB/s    txkB/s   rxcmp/s   txcmp/s  rxmcst/s   %ifutil
18:10:53           lo      0.00      0.00      0.00      0.00      0.00      0.00      0.00      0.00
18:10:53         ens5   3224.00   2428.00    992.71   1230.84      0.00      0.00      0.00      0.00

18:10:53        IFACE   rxpck/s   txpck/s    rxkB/s    txkB/s   rxcmp/s   txcmp/s  rxmcst/s   %ifutil
18:10:54           lo      0.00      0.00      0.00      0.00      0.00      0.00      0.00      0.00
18:10:54         ens5   3268.00   2459.00   1024.30   1293.51      0.00      0.00      0.00      0.00

18:10:54        IFACE   rxpck/s   txpck/s    rxkB/s    txkB/s   rxcmp/s   txcmp/s  rxmcst/s   %ifutil
18:10:55           lo      0.00      0.00      0.00      0.00      0.00      0.00      0.00      0.00
18:10:55         ens5   2061.00   1544.00    630.99    773.64      0.00      0.00      0.00      0.00

18:10:55        IFACE   rxpck/s   txpck/s    rxkB/s    txkB/s   rxcmp/s   txcmp/s  rxmcst/s   %ifutil
18:10:56           lo      0.00      0.00      0.00      0.00      0.00      0.00      0.00      0.00
18:10:56         ens5   3341.00   2467.00   1036.47   1295.12      0.00      0.00      0.00      0.00

18:10:56        IFACE   rxpck/s   txpck/s    rxkB/s    txkB/s   rxcmp/s   txcmp/s  rxmcst/s   %ifutil
18:10:57           lo      0.00      0.00      0.00      0.00      0.00      0.00      0.00      0.00
18:10:57         ens5   3443.00   2661.00   1135.00   1376.19      0.00      0.00      0.00      0.00

18:10:57        IFACE   rxpck/s   txpck/s    rxkB/s    txkB/s   rxcmp/s   txcmp/s  rxmcst/s   %ifutil
18:10:58           lo      0.00      0.00      0.00      0.00      0.00      0.00      0.00      0.00
18:10:58         ens5   2204.00   1639.00    684.01    852.09      0.00      0.00      0.00      0.00

18:10:58        IFACE   rxpck/s   txpck/s    rxkB/s    txkB/s   rxcmp/s   txcmp/s  rxmcst/s   %ifutil
18:10:59           lo      0.00      0.00      0.00      0.00      0.00      0.00      0.00      0.00
18:10:59         ens5   3024.00   2320.00    951.41   1167.69      0.00      0.00      0.00      0.00

18:10:59        IFACE   rxpck/s   txpck/s    rxkB/s    txkB/s   rxcmp/s   txcmp/s  rxmcst/s   %ifutil
18:11:00           lo      0.00      0.00      0.00      0.00      0.00      0.00      0.00      0.00
18:11:00         ens5   3584.00   2721.00   1114.58   1445.11      0.00      0.00      0.00      0.00

18:11:00        IFACE   rxpck/s   txpck/s    rxkB/s    txkB/s   rxcmp/s   txcmp/s  rxmcst/s   %ifutil
18:11:01           lo      0.00      0.00      0.00      0.00      0.00      0.00      0.00      0.00
18:11:01         ens5   2221.00   1658.00    745.78    916.24      0.00      0.00      0.00      0.00

18:11:01        IFACE   rxpck/s   txpck/s    rxkB/s    txkB/s   rxcmp/s   txcmp/s  rxmcst/s   %ifutil
18:11:02           lo      0.00      0.00      0.00      0.00      0.00      0.00      0.00      0.00
18:11:02         ens5   2960.00   2248.00   1032.69   1479.46      0.00      0.00      0.00      0.00

18:11:02        IFACE   rxpck/s   txpck/s    rxkB/s    txkB/s   rxcmp/s   txcmp/s  rxmcst/s   %ifutil
18:11:03           lo      0.00      0.00      0.00      0.00      0.00      0.00      0.00      0.00
18:11:03         ens5   3551.00   2714.00   1113.72   1399.60      0.00      0.00      0.00      0.00

18:11:03        IFACE   rxpck/s   txpck/s    rxkB/s    txkB/s   rxcmp/s   txcmp/s  rxmcst/s   %ifutil
18:11:04           lo      0.00      0.00      0.00      0.00      0.00      0.00      0.00      0.00
18:11:04         ens5   2343.00   1712.00    720.04    863.81      0.00      0.00      0.00      0.00

18:11:04        IFACE   rxpck/s   txpck/s    rxkB/s    txkB/s   rxcmp/s   txcmp/s  rxmcst/s   %ifutil
18:11:05           lo      0.00      0.00      0.00      0.00      0.00      0.00      0.00      0.00
18:11:05         ens5   3135.00   2362.00    959.55   1193.47      0.00      0.00      0.00      0.00

18:11:05        IFACE   rxpck/s   txpck/s    rxkB/s    txkB/s   rxcmp/s   txcmp/s  rxmcst/s   %ifutil
18:11:06           lo      0.00      0.00      0.00      0.00      0.00      0.00      0.00      0.00
18:11:06         ens5   3687.00   2771.00   1140.33   1419.84      0.00      0.00      0.00      0.00

18:11:06        IFACE   rxpck/s   txpck/s    rxkB/s    txkB/s   rxcmp/s   txcmp/s  rxmcst/s   %ifutil
18:11:07           lo      0.00      0.00      0.00      0.00      0.00      0.00      0.00      0.00
18:11:07         ens5   2253.00   1743.00    714.21    920.27      0.00      0.00      0.00      0.00

18:11:07        IFACE   rxpck/s   txpck/s    rxkB/s    txkB/s   rxcmp/s   txcmp/s  rxmcst/s   %ifutil
18:11:08           lo      0.00      0.00      0.00      0.00      0.00      0.00      0.00      0.00
18:11:08         ens5   3055.00   2286.00    935.50   1172.32      0.00      0.00      0.00      0.00

18:11:08        IFACE   rxpck/s   txpck/s    rxkB/s    txkB/s   rxcmp/s   txcmp/s  rxmcst/s   %ifutil
18:11:09           lo      0.00      0.00      0.00      0.00      0.00      0.00      0.00      0.00
18:11:09         ens5   3714.00   2818.00   1157.45   1388.82      0.00      0.00      0.00      0.00

18:11:09        IFACE   rxpck/s   txpck/s    rxkB/s    txkB/s   rxcmp/s   txcmp/s  rxmcst/s   %ifutil
18:11:10           lo      0.00      0.00      0.00      0.00      0.00      0.00      0.00      0.00
18:11:10         ens5   2381.00   1790.00    735.24    970.39      0.00      0.00      0.00      0.00

18:11:10        IFACE   rxpck/s   txpck/s    rxkB/s    txkB/s   rxcmp/s   txcmp/s  rxmcst/s   %ifutil
18:11:11           lo      0.00      0.00      0.00      0.00      0.00      0.00      0.00      0.00
18:11:11         ens5   2756.00   2320.00    955.51   1267.21      0.00      0.00      0.00      0.00

18:11:11        IFACE   rxpck/s   txpck/s    rxkB/s    txkB/s   rxcmp/s   txcmp/s  rxmcst/s   %ifutil
18:11:12           lo      0.00      0.00      0.00      0.00      0.00      0.00      0.00      0.00
18:11:12         ens5   2673.00   2605.00   1042.56   1641.46      0.00      0.00      0.00      0.00

18:11:12        IFACE   rxpck/s   txpck/s    rxkB/s    txkB/s   rxcmp/s   txcmp/s  rxmcst/s   %ifutil
18:11:13           lo      0.00      0.00      0.00      0.00      0.00      0.00      0.00      0.00
18:11:13         ens5   1952.00   1728.00    688.15    910.23      0.00      0.00      0.00      0.00

18:11:13        IFACE   rxpck/s   txpck/s    rxkB/s    txkB/s   rxcmp/s   txcmp/s  rxmcst/s   %ifutil
18:11:14           lo      0.00      0.00      0.00      0.00      0.00      0.00      0.00      0.00
18:11:14         ens5   2812.00   2202.00    903.57   1162.36      0.00      0.00      0.00      0.00

18:11:14        IFACE   rxpck/s   txpck/s    rxkB/s    txkB/s   rxcmp/s   txcmp/s  rxmcst/s   %ifutil
18:11:15           lo      0.00      0.00      0.00      0.00      0.00      0.00      0.00      0.00
18:11:15         ens5   3647.00   2809.00   1160.83   1437.09      0.00      0.00      0.00      0.00

18:11:15        IFACE   rxpck/s   txpck/s    rxkB/s    txkB/s   rxcmp/s   txcmp/s  rxmcst/s   %ifutil
18:11:16           lo      0.00      0.00      0.00      0.00      0.00      0.00      0.00      0.00
18:11:16         ens5   2391.00   1840.00    767.11    972.08      0.00      0.00      0.00      0.00

18:11:16        IFACE   rxpck/s   txpck/s    rxkB/s    txkB/s   rxcmp/s   txcmp/s  rxmcst/s   %ifutil
18:11:17           lo      0.00      0.00      0.00      0.00      0.00      0.00      0.00      0.00
18:11:17         ens5   2965.00   2249.00    930.38   1170.96      0.00      0.00      0.00      0.00

18:11:17        IFACE   rxpck/s   txpck/s    rxkB/s    txkB/s   rxcmp/s   txcmp/s  rxmcst/s   %ifutil
18:11:18           lo      0.00      0.00      0.00      0.00      0.00      0.00      0.00      0.00
18:11:18         ens5   3724.00   2878.00   1172.99   1404.29      0.00      0.00      0.00      0.00

18:11:18        IFACE   rxpck/s   txpck/s    rxkB/s    txkB/s   rxcmp/s   txcmp/s  rxmcst/s   %ifutil
18:11:19           lo      0.00      0.00      0.00      0.00      0.00      0.00      0.00      0.00
18:11:19         ens5   2315.00   1725.00    728.65    895.75      0.00      0.00      0.00      0.00

18:11:19        IFACE   rxpck/s   txpck/s    rxkB/s    txkB/s   rxcmp/s   txcmp/s  rxmcst/s   %ifutil
18:11:20           lo      0.00      0.00      0.00      0.00      0.00      0.00      0.00      0.00
18:11:20         ens5   3155.00   2154.00   1078.06   1270.04      0.00      0.00      0.00      0.00

18:11:20        IFACE   rxpck/s   txpck/s    rxkB/s    txkB/s   rxcmp/s   txcmp/s  rxmcst/s   %ifutil
18:11:21           lo      0.00      0.00      0.00      0.00      0.00      0.00      0.00      0.00
18:11:21         ens5   3854.00   2892.00   1239.86   1528.95      0.00      0.00      0.00      0.00

18:11:21        IFACE   rxpck/s   txpck/s    rxkB/s    txkB/s   rxcmp/s   txcmp/s  rxmcst/s   %ifutil
18:11:22           lo      0.00      0.00      0.00      0.00      0.00      0.00      0.00      0.00
18:11:22         ens5   1486.00   1255.00    604.94    981.08      0.00      0.00      0.00      0.00

18:11:22        IFACE   rxpck/s   txpck/s    rxkB/s    txkB/s   rxcmp/s   txcmp/s  rxmcst/s   %ifutil
18:11:23           lo      0.00      0.00      0.00      0.00      0.00      0.00      0.00      0.00
18:11:23         ens5   1285.00    981.00    414.87    655.57      0.00      0.00      0.00      0.00

18:11:23        IFACE   rxpck/s   txpck/s    rxkB/s    txkB/s   rxcmp/s   txcmp/s  rxmcst/s   %ifutil
18:11:24           lo      0.00      0.00      0.00      0.00      0.00      0.00      0.00      0.00
18:11:24         ens5   3226.00   2511.00   1034.28   1317.14      0.00      0.00      0.00      0.00

18:11:24        IFACE   rxpck/s   txpck/s    rxkB/s    txkB/s   rxcmp/s   txcmp/s  rxmcst/s   %ifutil
18:11:25           lo      0.00      0.00      0.00      0.00      0.00      0.00      0.00      0.00
18:11:25         ens5   2667.00   2002.00    863.15   1068.60      0.00      0.00      0.00      0.00

18:11:25        IFACE   rxpck/s   txpck/s    rxkB/s    txkB/s   rxcmp/s   txcmp/s  rxmcst/s   %ifutil
18:11:26           lo      0.00      0.00      0.00      0.00      0.00      0.00      0.00      0.00
18:11:26         ens5   2817.00   2099.00    868.42   1090.94      0.00      0.00      0.00      0.00

18:11:26        IFACE   rxpck/s   txpck/s    rxkB/s    txkB/s   rxcmp/s   txcmp/s  rxmcst/s   %ifutil
18:11:27           lo      0.00      0.00      0.00      0.00      0.00      0.00      0.00      0.00
18:11:27         ens5   3718.00   2817.00   1153.15   1417.52      0.00      0.00      0.00      0.00

18:11:27        IFACE   rxpck/s   txpck/s    rxkB/s    txkB/s   rxcmp/s   txcmp/s  rxmcst/s   %ifutil
18:11:28           lo      0.00      0.00      0.00      0.00      0.00      0.00      0.00      0.00
18:11:28         ens5   2706.00   2033.00    830.74   1042.18      0.00      0.00      0.00      0.00

18:11:28        IFACE   rxpck/s   txpck/s    rxkB/s    txkB/s   rxcmp/s   txcmp/s  rxmcst/s   %ifutil
18:11:29           lo      0.00      0.00      0.00      0.00      0.00      0.00      0.00      0.00
18:11:29         ens5   2653.00   2082.00    834.04   1073.97      0.00      0.00      0.00      0.00

18:11:29        IFACE   rxpck/s   txpck/s    rxkB/s    txkB/s   rxcmp/s   txcmp/s  rxmcst/s   %ifutil
18:11:30           lo      0.00      0.00      0.00      0.00      0.00      0.00      0.00      0.00
18:11:30         ens5   3677.00   2820.00   1151.54   1474.38      0.00      0.00      0.00      0.00

18:11:30        IFACE   rxpck/s   txpck/s    rxkB/s    txkB/s   rxcmp/s   txcmp/s  rxmcst/s   %ifutil
18:11:31           lo      0.00      0.00      0.00      0.00      0.00      0.00      0.00      0.00
18:11:31         ens5   2722.00   2013.00    899.32   1091.53      0.00      0.00      0.00      0.00

18:11:31        IFACE   rxpck/s   txpck/s    rxkB/s    txkB/s   rxcmp/s   txcmp/s  rxmcst/s   %ifutil
18:11:32           lo      0.00      0.00      0.00      0.00      0.00      0.00      0.00      0.00
18:11:32         ens5   2704.00   2079.00    956.94   1392.71      0.00      0.00      0.00      0.00

18:11:32        IFACE   rxpck/s   txpck/s    rxkB/s    txkB/s   rxcmp/s   txcmp/s  rxmcst/s   %ifutil
18:11:33           lo      0.00      0.00      0.00      0.00      0.00      0.00      0.00      0.00
18:11:33         ens5   3712.00   2851.00   1167.68   1418.45      0.00      0.00      0.00      0.00

18:11:33        IFACE   rxpck/s   txpck/s    rxkB/s    txkB/s   rxcmp/s   txcmp/s  rxmcst/s   %ifutil
18:11:34           lo      0.00      0.00      0.00      0.00      0.00      0.00      0.00      0.00
18:11:34         ens5   2352.00   1785.00    737.84    924.51      0.00      0.00      0.00      0.00

18:11:34        IFACE   rxpck/s   txpck/s    rxkB/s    txkB/s   rxcmp/s   txcmp/s  rxmcst/s   %ifutil
18:11:35           lo      0.00      0.00      0.00      0.00      0.00      0.00      0.00      0.00
18:11:35         ens5   3243.00   2509.00   1017.49   1241.06      0.00      0.00      0.00      0.00

18:11:35        IFACE   rxpck/s   txpck/s    rxkB/s    txkB/s   rxcmp/s   txcmp/s  rxmcst/s   %ifutil
18:11:36           lo      0.00      0.00      0.00      0.00      0.00      0.00      0.00      0.00
18:11:36         ens5   3543.00   2692.00   1082.62   1328.97      0.00      0.00      0.00      0.00

18:11:36        IFACE   rxpck/s   txpck/s    rxkB/s    txkB/s   rxcmp/s   txcmp/s  rxmcst/s   %ifutil
18:11:37           lo      0.00      0.00      0.00      0.00      0.00      0.00      0.00      0.00
18:11:37         ens5   2538.00   1905.00    789.76    967.50      0.00      0.00      0.00      0.00

18:11:37        IFACE   rxpck/s   txpck/s    rxkB/s    txkB/s   rxcmp/s   txcmp/s  rxmcst/s   %ifutil
18:11:38           lo      0.00      0.00      0.00      0.00      0.00      0.00      0.00      0.00
18:11:38         ens5   3065.00   2308.00    942.59   1178.06      0.00      0.00      0.00      0.00

18:11:38        IFACE   rxpck/s   txpck/s    rxkB/s    txkB/s   rxcmp/s   txcmp/s  rxmcst/s   %ifutil
18:11:39           lo      0.00      0.00      0.00      0.00      0.00      0.00      0.00      0.00
18:11:39         ens5   3653.00   2779.00   1154.80   1412.14      0.00      0.00      0.00      0.00

18:11:39        IFACE   rxpck/s   txpck/s    rxkB/s    txkB/s   rxcmp/s   txcmp/s  rxmcst/s   %ifutil
18:11:40           lo      0.00      0.00      0.00      0.00      0.00      0.00      0.00      0.00
18:11:40         ens5   2515.00   1878.00    763.19   1006.10      0.00      0.00      0.00      0.00

18:11:40        IFACE   rxpck/s   txpck/s    rxkB/s    txkB/s   rxcmp/s   txcmp/s  rxmcst/s   %ifutil
18:11:41           lo      0.00      0.00      0.00      0.00      0.00      0.00      0.00      0.00
18:11:41         ens5   3084.00   2347.00   1014.67   1283.31      0.00      0.00      0.00      0.00

18:11:41        IFACE   rxpck/s   txpck/s    rxkB/s    txkB/s   rxcmp/s   txcmp/s  rxmcst/s   %ifutil
18:11:42           lo      0.00      0.00      0.00      0.00      0.00      0.00      0.00      0.00
18:11:42         ens5   3589.00   2768.00   1273.29   1694.40      0.00      0.00      0.00      0.00

18:11:42        IFACE   rxpck/s   txpck/s    rxkB/s    txkB/s   rxcmp/s   txcmp/s  rxmcst/s   %ifutil
18:11:43           lo      0.00      0.00      0.00      0.00      0.00      0.00      0.00      0.00
18:11:43         ens5   2275.00   1674.00    695.68    864.62      0.00      0.00      0.00      0.00

18:11:43        IFACE   rxpck/s   txpck/s    rxkB/s    txkB/s   rxcmp/s   txcmp/s  rxmcst/s   %ifutil
18:11:44           lo      0.00      0.00      0.00      0.00      0.00      0.00      0.00      0.00
18:11:44         ens5   3205.00   2406.00    979.97   1249.02      0.00      0.00      0.00      0.00

18:11:44        IFACE   rxpck/s   txpck/s    rxkB/s    txkB/s   rxcmp/s   txcmp/s  rxmcst/s   %ifutil
18:11:45           lo      0.00      0.00      0.00      0.00      0.00      0.00      0.00      0.00
18:11:45         ens5   3796.00   2852.00   1185.65   1431.38      0.00      0.00      0.00      0.00

18:11:45        IFACE   rxpck/s   txpck/s    rxkB/s    txkB/s   rxcmp/s   txcmp/s  rxmcst/s   %ifutil
18:11:46           lo      0.00      0.00      0.00      0.00      0.00      0.00      0.00      0.00
18:11:46         ens5   2219.00   1644.00    662.44    856.55      0.00      0.00      0.00      0.00

18:11:46        IFACE   rxpck/s   txpck/s    rxkB/s    txkB/s   rxcmp/s   txcmp/s  rxmcst/s   %ifutil
18:11:47           lo      0.00      0.00      0.00      0.00      0.00      0.00      0.00      0.00
18:11:47         ens5   3331.00   2535.00   1043.87   1307.08      0.00      0.00      0.00      0.00

18:11:47        IFACE   rxpck/s   txpck/s    rxkB/s    txkB/s   rxcmp/s   txcmp/s  rxmcst/s   %ifutil
18:11:48           lo      0.00      0.00      0.00      0.00      0.00      0.00      0.00      0.00
18:11:48         ens5   3633.00   2724.00   1142.92   1410.96      0.00      0.00      0.00      0.00

18:11:48        IFACE   rxpck/s   txpck/s    rxkB/s    txkB/s   rxcmp/s   txcmp/s  rxmcst/s   %ifutil
18:11:49           lo      0.00      0.00      0.00      0.00      0.00      0.00      0.00      0.00
18:11:49         ens5   2083.00   1566.00    664.38    819.01      0.00      0.00      0.00      0.00

18:11:49        IFACE   rxpck/s   txpck/s    rxkB/s    txkB/s   rxcmp/s   txcmp/s  rxmcst/s   %ifutil
18:11:50           lo      0.00      0.00      0.00      0.00      0.00      0.00      0.00      0.00
18:11:50         ens5   2461.00   1861.00    804.62   1149.95      0.00      0.00      0.00      0.00

18:11:50        IFACE   rxpck/s   txpck/s    rxkB/s    txkB/s   rxcmp/s   txcmp/s  rxmcst/s   %ifutil
18:11:51           lo      0.00      0.00      0.00      0.00      0.00      0.00      0.00      0.00
18:11:51         ens5   2709.00   2447.00    966.18   1342.45      0.00      0.00      0.00      0.00

18:11:51        IFACE   rxpck/s   txpck/s    rxkB/s    txkB/s   rxcmp/s   txcmp/s  rxmcst/s   %ifutil
18:11:52           lo      0.00      0.00      0.00      0.00      0.00      0.00      0.00      0.00
18:11:52         ens5   1862.00   1653.00    759.67   1195.76      0.00      0.00      0.00      0.00

18:11:52        IFACE   rxpck/s   txpck/s    rxkB/s    txkB/s   rxcmp/s   txcmp/s  rxmcst/s   %ifutil
18:11:53           lo      0.00      0.00      0.00      0.00      0.00      0.00      0.00      0.00
18:11:53         ens5   2992.00   2357.00    971.65   1260.72      0.00      0.00      0.00      0.00

18:11:53        IFACE   rxpck/s   txpck/s    rxkB/s    txkB/s   rxcmp/s   txcmp/s  rxmcst/s   %ifutil
18:11:54           lo      0.00      0.00      0.00      0.00      0.00      0.00      0.00      0.00
18:11:54         ens5   2947.00   2228.00    916.29   1141.37      0.00      0.00      0.00      0.00

18:11:54        IFACE   rxpck/s   txpck/s    rxkB/s    txkB/s   rxcmp/s   txcmp/s  rxmcst/s   %ifutil
18:11:55           lo      0.00      0.00      0.00      0.00      0.00      0.00      0.00      0.00
18:11:55         ens5   1988.00   1486.00    612.96    787.41      0.00      0.00      0.00      0.00

18:11:55        IFACE   rxpck/s   txpck/s    rxkB/s    txkB/s   rxcmp/s   txcmp/s  rxmcst/s   %ifutil
18:11:56           lo      0.00      0.00      0.00      0.00      0.00      0.00      0.00      0.00
18:11:56         ens5   3657.00   2745.00   1151.54   1443.25      0.00      0.00      0.00      0.00

18:11:56        IFACE   rxpck/s   txpck/s    rxkB/s    txkB/s   rxcmp/s   txcmp/s  rxmcst/s   %ifutil
18:11:57           lo      0.00      0.00      0.00      0.00      0.00      0.00      0.00      0.00
18:11:57         ens5   2703.00   2060.00    844.10   1063.61      0.00      0.00      0.00      0.00

18:11:57        IFACE   rxpck/s   txpck/s    rxkB/s    txkB/s   rxcmp/s   txcmp/s  rxmcst/s   %ifutil
18:11:58           lo      0.00      0.00      0.00      0.00      0.00      0.00      0.00      0.00
18:11:58         ens5   2461.00   1868.00    758.91    978.12      0.00      0.00      0.00      0.00

18:11:58        IFACE   rxpck/s   txpck/s    rxkB/s    txkB/s   rxcmp/s   txcmp/s  rxmcst/s   %ifutil
18:11:59           lo      0.00      0.00      0.00      0.00      0.00      0.00      0.00      0.00
18:11:59         ens5   3688.00   2751.00   1147.92   1430.35      0.00      0.00      0.00      0.00

18:11:59        IFACE   rxpck/s   txpck/s    rxkB/s    txkB/s   rxcmp/s   txcmp/s  rxmcst/s   %ifutil
18:12:00           lo      0.00      0.00      0.00      0.00      0.00      0.00      0.00      0.00
18:12:00         ens5   2604.00   2008.00    825.75   1101.90      0.00      0.00      0.00      0.00

18:12:00        IFACE   rxpck/s   txpck/s    rxkB/s    txkB/s   rxcmp/s   txcmp/s  rxmcst/s   %ifutil
18:12:01           lo      0.00      0.00      0.00      0.00      0.00      0.00      0.00      0.00
18:12:01         ens5   2310.00   1749.00    764.12   1029.17      0.00      0.00      0.00      0.00

18:12:01        IFACE   rxpck/s   txpck/s    rxkB/s    txkB/s   rxcmp/s   txcmp/s  rxmcst/s   %ifutil
18:12:02           lo      0.00      0.00      0.00      0.00      0.00      0.00      0.00      0.00
18:12:02         ens5   2482.00   1855.00    896.03   1340.31      0.00      0.00      0.00      0.00

18:12:02        IFACE   rxpck/s   txpck/s    rxkB/s    txkB/s   rxcmp/s   txcmp/s  rxmcst/s   %ifutil
18:12:03           lo      0.00      0.00      0.00      0.00      0.00      0.00      0.00      0.00
18:12:03         ens5   1047.00    839.00    316.65    478.89      0.00      0.00      0.00      0.00

18:12:03        IFACE   rxpck/s   txpck/s    rxkB/s    txkB/s   rxcmp/s   txcmp/s  rxmcst/s   %ifutil
18:12:04           lo      0.00      0.00      0.00      0.00      0.00      0.00      0.00      0.00
18:12:04         ens5   2102.00   1608.00    648.74    844.38      0.00      0.00      0.00      0.00

18:12:04        IFACE   rxpck/s   txpck/s    rxkB/s    txkB/s   rxcmp/s   txcmp/s  rxmcst/s   %ifutil
18:12:05           lo      0.00      0.00      0.00      0.00      0.00      0.00      0.00      0.00
18:12:05         ens5   3356.00   2517.00   1045.23   1268.28      0.00      0.00      0.00      0.00

18:12:05        IFACE   rxpck/s   txpck/s    rxkB/s    txkB/s   rxcmp/s   txcmp/s  rxmcst/s   %ifutil
18:12:06           lo      0.00      0.00      0.00      0.00      0.00      0.00      0.00      0.00
18:12:06         ens5   2864.00   2173.00    892.37   1098.50      0.00      0.00      0.00      0.00

18:12:06        IFACE   rxpck/s   txpck/s    rxkB/s    txkB/s   rxcmp/s   txcmp/s  rxmcst/s   %ifutil
18:12:07           lo      0.00      0.00      0.00      0.00      0.00      0.00      0.00      0.00
18:12:07         ens5   1803.00   1530.00    596.95    780.10      0.00      0.00      0.00      0.00

18:12:07        IFACE   rxpck/s   txpck/s    rxkB/s    txkB/s   rxcmp/s   txcmp/s  rxmcst/s   %ifutil
18:12:08           lo      0.00      0.00      0.00      0.00      0.00      0.00      0.00      0.00
18:12:08         ens5   2858.00   2413.00    948.29   1260.74      0.00      0.00      0.00      0.00

18:12:08        IFACE   rxpck/s   txpck/s    rxkB/s    txkB/s   rxcmp/s   txcmp/s  rxmcst/s   %ifutil
18:12:09           lo      0.00      0.00      0.00      0.00      0.00      0.00      0.00      0.00
18:12:09         ens5   3137.00   2386.00    997.97   1195.02      0.00      0.00      0.00      0.00

18:12:09        IFACE   rxpck/s   txpck/s    rxkB/s    txkB/s   rxcmp/s   txcmp/s  rxmcst/s   %ifutil
18:12:10           lo      0.00      0.00      0.00      0.00      0.00      0.00      0.00      0.00
18:12:10         ens5   1317.00   1076.00    402.64    629.76      0.00      0.00      0.00      0.00

18:12:10        IFACE   rxpck/s   txpck/s    rxkB/s    txkB/s   rxcmp/s   txcmp/s  rxmcst/s   %ifutil
18:12:11           lo      0.00      0.00      0.00      0.00      0.00      0.00      0.00      0.00
18:12:11         ens5   3518.00   2664.00   1157.17   1427.77      0.00      0.00      0.00      0.00

18:12:11        IFACE   rxpck/s   txpck/s    rxkB/s    txkB/s   rxcmp/s   txcmp/s  rxmcst/s   %ifutil
18:12:12           lo      0.00      0.00      0.00      0.00      0.00      0.00      0.00      0.00
18:12:12         ens5   2945.00   2273.00   1047.47   1461.09      0.00      0.00      0.00      0.00

18:12:12        IFACE   rxpck/s   txpck/s    rxkB/s    txkB/s   rxcmp/s   txcmp/s  rxmcst/s   %ifutil
18:12:13           lo      0.00      0.00      0.00      0.00      0.00      0.00      0.00      0.00
18:12:13         ens5   1861.00   1432.00    593.63    778.33      0.00      0.00      0.00      0.00

18:12:13        IFACE   rxpck/s   txpck/s    rxkB/s    txkB/s   rxcmp/s   txcmp/s  rxmcst/s   %ifutil
18:12:14           lo      0.00      0.00      0.00      0.00      0.00      0.00      0.00      0.00
18:12:14         ens5   3118.00   2362.00    987.35   1239.13      0.00      0.00      0.00      0.00

18:12:14        IFACE   rxpck/s   txpck/s    rxkB/s    txkB/s   rxcmp/s   txcmp/s  rxmcst/s   %ifutil
18:12:15           lo      0.00      0.00      0.00      0.00      0.00      0.00      0.00      0.00
18:12:15         ens5   3255.00   2474.00   1002.83   1232.25      0.00      0.00      0.00      0.00

18:12:15        IFACE   rxpck/s   txpck/s    rxkB/s    txkB/s   rxcmp/s   txcmp/s  rxmcst/s   %ifutil
18:12:16           lo      0.00      0.00      0.00      0.00      0.00      0.00      0.00      0.00
18:12:16         ens5   1675.00   1318.00    515.03    662.54      0.00      0.00      0.00      0.00

18:12:16        IFACE   rxpck/s   txpck/s    rxkB/s    txkB/s   rxcmp/s   txcmp/s  rxmcst/s   %ifutil
18:12:17           lo      0.00      0.00      0.00      0.00      0.00      0.00      0.00      0.00
18:12:17         ens5   3358.00   2572.00   1025.12   1286.69      0.00      0.00      0.00      0.00

18:12:17        IFACE   rxpck/s   txpck/s    rxkB/s    txkB/s   rxcmp/s   txcmp/s  rxmcst/s   %ifutil
18:12:18           lo      0.00      0.00      0.00      0.00      0.00      0.00      0.00      0.00
18:12:18         ens5   1295.00   1148.00    454.17    703.92      0.00      0.00      0.00      0.00

18:12:18        IFACE   rxpck/s   txpck/s    rxkB/s    txkB/s   rxcmp/s   txcmp/s  rxmcst/s   %ifutil
18:12:19           lo      0.00      0.00      0.00      0.00      0.00      0.00      0.00      0.00
18:12:19         ens5   1358.00   1073.00    417.65    567.03      0.00      0.00      0.00      0.00

18:12:19        IFACE   rxpck/s   txpck/s    rxkB/s    txkB/s   rxcmp/s   txcmp/s  rxmcst/s   %ifutil
18:12:20           lo      0.00      0.00      0.00      0.00      0.00      0.00      0.00      0.00
18:12:20         ens5   2610.00   1995.00    792.13   1074.06      0.00      0.00      0.00      0.00

18:12:20        IFACE   rxpck/s   txpck/s    rxkB/s    txkB/s   rxcmp/s   txcmp/s  rxmcst/s   %ifutil
18:12:21           lo      0.00      0.00      0.00      0.00      0.00      0.00      0.00      0.00
18:12:21         ens5   3579.00   2724.00   1175.91   1434.72      0.00      0.00      0.00      0.00

18:12:21        IFACE   rxpck/s   txpck/s    rxkB/s    txkB/s   rxcmp/s   txcmp/s  rxmcst/s   %ifutil
18:12:22           lo      0.00      0.00      0.00      0.00      0.00      0.00      0.00      0.00
18:12:22         ens5   1713.00   1427.00    670.85   1051.00      0.00      0.00      0.00      0.00

18:12:22        IFACE   rxpck/s   txpck/s    rxkB/s    txkB/s   rxcmp/s   txcmp/s  rxmcst/s   %ifutil
18:12:23           lo      0.00      0.00      0.00      0.00      0.00      0.00      0.00      0.00
18:12:23         ens5   3105.00   2407.00    976.24   1255.30      0.00      0.00      0.00      0.00

18:12:23        IFACE   rxpck/s   txpck/s    rxkB/s    txkB/s   rxcmp/s   txcmp/s  rxmcst/s   %ifutil
18:12:24           lo      0.00      0.00      0.00      0.00      0.00      0.00      0.00      0.00
18:12:24         ens5   2744.00   2083.00    839.40   1068.78      0.00      0.00      0.00      0.00

18:12:24        IFACE   rxpck/s   txpck/s    rxkB/s    txkB/s   rxcmp/s   txcmp/s  rxmcst/s   %ifutil
18:12:25           lo      0.00      0.00      0.00      0.00      0.00      0.00      0.00      0.00
18:12:25         ens5   2022.00   1560.00    593.00    798.21      0.00      0.00      0.00      0.00
